[0.022s] Invoking command in '/home/migue/tf2_ws/build/learning_tf2_cpp': CMAKE_PREFIX_PATH=${CMAKE_PREFIX_PATH}:/opt/ros/foxy /usr/bin/cmake --build /home/migue/tf2_ws/build/learning_tf2_cpp -- -j12 -l12
[0.054s] -- Found ament_cmake: 0.9.11 (/opt/ros/foxy/share/ament_cmake/cmake)
[0.078s] -- Using PYTHON_EXECUTABLE: /usr/bin/python3
[0.255s] -- Found geometry_msgs: 2.0.5 (/opt/ros/foxy/share/geometry_msgs/cmake)
[0.272s] -- Using all available rosidl_typesupport_c: rosidl_typesupport_fastrtps_c;rosidl_typesupport_introspection_c
[0.275s] -- Found rosidl_adapter: 1.3.0 (/opt/ros/foxy/share/rosidl_adapter/cmake)
[0.403s] -- Using all available rosidl_typesupport_cpp: rosidl_typesupport_fastrtps_cpp;rosidl_typesupport_introspection_cpp
[0.472s] -- Found rclcpp: 2.4.2 (/opt/ros/foxy/share/rclcpp/cmake)
[0.502s] -- Found rmw_implementation_cmake: 1.0.3 (/opt/ros/foxy/share/rmw_implementation_cmake/cmake)
[0.503s] -- Using RMW implementation 'rmw_fastrtps_cpp' as default
[0.617s] -- Found tf2: 0.13.13 (/opt/ros/foxy/share/tf2/cmake)
[0.625s] -- Found tf2_ros: 0.13.13 (/opt/ros/foxy/share/tf2_ros/cmake)
[0.905s] -- Found turtlesim: 1.2.6 (/opt/ros/foxy/share/turtlesim/cmake)
[0.953s] -- Found tf2_geometry_msgs: 0.13.13 (/opt/ros/foxy/share/tf2_geometry_msgs/cmake)
[0.958s] -- Found eigen3_cmake_module: 0.1.1 (/opt/ros/foxy/share/eigen3_cmake_module/cmake)
[0.988s] -- Found ament_lint_auto: 0.9.7 (/opt/ros/foxy/share/ament_lint_auto/cmake)
[1.056s] -- Added test 'copyright' to check source files copyright and LICENSE
[1.057s] -- Added test 'cppcheck' to perform static code analysis on C / C++ code
[1.057s] -- Configured cppcheck include dirs: 
[1.057s] -- Configured cppcheck exclude dirs and/or files: 
[1.058s] -- Added test 'cpplint' to check C / C++ code against the Google style
[1.058s] -- Configured cpplint exclude dirs and/or files: 
[1.058s] -- Added test 'flake8' to check Python code syntax and style conventions
[1.059s] -- Added test 'lint_cmake' to check CMake code style
[1.059s] -- Added test 'pep257' to check Python code against some of the style conventions in PEP 257
[1.059s] -- Added test 'uncrustify' to check C / C++ code style
[1.060s] -- Configured uncrustify additional arguments: 
[1.060s] -- Added test 'xmllint' to check XML markup files
[1.062s] -- Configuring done
[1.065s] CMake Error at CMakeLists.txt:72 (add_executable):
[1.065s]   Cannot find source file:
[1.065s] 
[1.066s]     src/turtle_tf2_listener_debug.cpp
[1.066s] 
[1.066s]   Tried extensions .c .C .c++ .cc .cpp .cxx .cu .m .M .mm .h .hh .h++ .hm
[1.066s]   .hpp .hxx .in .txx
[1.066s] 
[1.066s] 
[1.066s] CMake Error at CMakeLists.txt:72 (add_executable):
[1.067s]   No SOURCES given to target: turtle_tf2_listener_debug
[1.067s] 
[1.067s] 
[1.067s] CMake Generate step failed.  Build files cannot be regenerated correctly.
[1.074s] make: *** [Makefile:486: cmake_check_build_system] Error 1
[1.078s] Invoked command in '/home/migue/tf2_ws/build/learning_tf2_cpp' returned '2': CMAKE_PREFIX_PATH=${CMAKE_PREFIX_PATH}:/opt/ros/foxy /usr/bin/cmake --build /home/migue/tf2_ws/build/learning_tf2_cpp -- -j12 -l12
