[0.284s] DEBUG:colcon:Command line arguments: ['/usr/bin/colcon', 'build']
[0.284s] DEBUG:colcon:Parsed command line arguments: Namespace(allow_overriding=[], ament_cmake_args=None, base_paths=['.'], build_base='build', catkin_cmake_args=None, catkin_skip_building_tests=False, cmake_args=None, cmake_clean_cache=False, cmake_clean_first=False, cmake_force_configure=False, cmake_target=None, cmake_target_skip_unavailable=False, continue_on_error=False, event_handlers=None, executor='parallel', ignore_user_meta=False, install_base='install', log_base=None, log_level=None, main=<bound method BuildVerb.main of <colcon_core.verb.build.BuildVerb object at 0x7f35b5689ca0>>, merge_install=False, metas=['./colcon.meta'], packages_above=None, packages_above_and_dependencies=None, packages_above_depth=None, packages_end=None, packages_ignore=None, packages_ignore_regex=None, packages_select=None, packages_select_build_failed=False, packages_select_by_dep=None, packages_select_regex=None, packages_select_test_failures=False, packages_skip=None, packages_skip_build_finished=False, packages_skip_by_dep=None, packages_skip_regex=None, packages_skip_test_passed=False, packages_skip_up_to=None, packages_start=None, packages_up_to=None, packages_up_to_regex=None, parallel_workers=12, paths=None, symlink_install=False, test_result_base=None, verb_extension=<colcon_core.verb.build.BuildVerb object at 0x7f35b5689ca0>, verb_name='build', verb_parser=<colcon_defaults.argument_parser.defaults.DefaultArgumentsDecorator object at 0x7f35b54ac790>)
[0.324s] Level 1:colcon.colcon_core.package_discovery:discover_packages(colcon_meta) check parameters
[0.324s] Level 1:colcon.colcon_core.package_discovery:discover_packages(recursive) check parameters
[0.324s] Level 1:colcon.colcon_core.package_discovery:discover_packages(ignore) check parameters
[0.324s] Level 1:colcon.colcon_core.package_discovery:discover_packages(path) check parameters
[0.324s] Level 1:colcon.colcon_core.package_discovery:discover_packages(colcon_meta) discover
[0.324s] Level 1:colcon.colcon_core.package_discovery:discover_packages(recursive) discover
[0.324s] INFO:colcon.colcon_core.package_discovery:Crawling recursively for packages in '/home/migue/tf2_ws'
[0.324s] Level 1:colcon.colcon_core.package_identification:_identify(.) by extensions ['ignore', 'ignore_ament_install']
[0.324s] Level 1:colcon.colcon_core.package_identification:_identify(.) by extension 'ignore'
[0.324s] Level 1:colcon.colcon_core.package_identification:_identify(.) by extension 'ignore_ament_install'
[0.324s] Level 1:colcon.colcon_core.package_identification:_identify(.) by extensions ['colcon_pkg']
[0.324s] Level 1:colcon.colcon_core.package_identification:_identify(.) by extension 'colcon_pkg'
[0.324s] Level 1:colcon.colcon_core.package_identification:_identify(.) by extensions ['colcon_meta']
[0.325s] Level 1:colcon.colcon_core.package_identification:_identify(.) by extension 'colcon_meta'
[0.325s] Level 1:colcon.colcon_core.package_identification:_identify(.) by extensions ['ros']
[0.325s] Level 1:colcon.colcon_core.package_identification:_identify(.) by extension 'ros'
[0.335s] Level 1:colcon.colcon_core.package_identification:_identify(.) by extensions ['cmake', 'python']
[0.335s] Level 1:colcon.colcon_core.package_identification:_identify(.) by extension 'cmake'
[0.335s] Level 1:colcon.colcon_core.package_identification:_identify(.) by extension 'python'
[0.335s] Level 1:colcon.colcon_core.package_identification:_identify(.) by extensions ['python_setup_py']
[0.335s] Level 1:colcon.colcon_core.package_identification:_identify(.) by extension 'python_setup_py'
[0.335s] Level 1:colcon.colcon_core.package_identification:_identify(build) by extensions ['ignore', 'ignore_ament_install']
[0.335s] Level 1:colcon.colcon_core.package_identification:_identify(build) by extension 'ignore'
[0.335s] Level 1:colcon.colcon_core.package_identification:_identify(build) ignored
[0.335s] Level 1:colcon.colcon_core.package_identification:_identify(install) by extensions ['ignore', 'ignore_ament_install']
[0.335s] Level 1:colcon.colcon_core.package_identification:_identify(install) by extension 'ignore'
[0.335s] Level 1:colcon.colcon_core.package_identification:_identify(install) ignored
[0.336s] Level 1:colcon.colcon_core.package_identification:_identify(log) by extensions ['ignore', 'ignore_ament_install']
[0.336s] Level 1:colcon.colcon_core.package_identification:_identify(log) by extension 'ignore'
[0.336s] Level 1:colcon.colcon_core.package_identification:_identify(log) ignored
[0.336s] Level 1:colcon.colcon_core.package_identification:_identify(src) by extensions ['ignore', 'ignore_ament_install']
[0.336s] Level 1:colcon.colcon_core.package_identification:_identify(src) by extension 'ignore'
[0.336s] Level 1:colcon.colcon_core.package_identification:_identify(src) by extension 'ignore_ament_install'
[0.336s] Level 1:colcon.colcon_core.package_identification:_identify(src) by extensions ['colcon_pkg']
[0.336s] Level 1:colcon.colcon_core.package_identification:_identify(src) by extension 'colcon_pkg'
[0.336s] Level 1:colcon.colcon_core.package_identification:_identify(src) by extensions ['colcon_meta']
[0.336s] Level 1:colcon.colcon_core.package_identification:_identify(src) by extension 'colcon_meta'
[0.336s] Level 1:colcon.colcon_core.package_identification:_identify(src) by extensions ['ros']
[0.336s] Level 1:colcon.colcon_core.package_identification:_identify(src) by extension 'ros'
[0.336s] Level 1:colcon.colcon_core.package_identification:_identify(src) by extensions ['cmake', 'python']
[0.336s] Level 1:colcon.colcon_core.package_identification:_identify(src) by extension 'cmake'
[0.336s] Level 1:colcon.colcon_core.package_identification:_identify(src) by extension 'python'
[0.336s] Level 1:colcon.colcon_core.package_identification:_identify(src) by extensions ['python_setup_py']
[0.336s] Level 1:colcon.colcon_core.package_identification:_identify(src) by extension 'python_setup_py'
[0.336s] Level 1:colcon.colcon_core.package_identification:_identify(src/learning_tf2_cpp) by extensions ['ignore', 'ignore_ament_install']
[0.336s] Level 1:colcon.colcon_core.package_identification:_identify(src/learning_tf2_cpp) by extension 'ignore'
[0.336s] Level 1:colcon.colcon_core.package_identification:_identify(src/learning_tf2_cpp) by extension 'ignore_ament_install'
[0.336s] Level 1:colcon.colcon_core.package_identification:_identify(src/learning_tf2_cpp) by extensions ['colcon_pkg']
[0.336s] Level 1:colcon.colcon_core.package_identification:_identify(src/learning_tf2_cpp) by extension 'colcon_pkg'
[0.336s] Level 1:colcon.colcon_core.package_identification:_identify(src/learning_tf2_cpp) by extensions ['colcon_meta']
[0.336s] Level 1:colcon.colcon_core.package_identification:_identify(src/learning_tf2_cpp) by extension 'colcon_meta'
[0.337s] Level 1:colcon.colcon_core.package_identification:_identify(src/learning_tf2_cpp) by extensions ['ros']
[0.337s] Level 1:colcon.colcon_core.package_identification:_identify(src/learning_tf2_cpp) by extension 'ros'
[0.339s] DEBUG:colcon.colcon_core.package_identification:Package 'src/learning_tf2_cpp' with type 'ros.ament_cmake' and name 'learning_tf2_cpp'
[0.339s] Level 1:colcon.colcon_core.package_discovery:discover_packages(recursive) using defaults
[0.339s] Level 1:colcon.colcon_core.package_discovery:discover_packages(ignore) discover
[0.339s] Level 1:colcon.colcon_core.package_discovery:discover_packages(ignore) using defaults
[0.339s] Level 1:colcon.colcon_core.package_discovery:discover_packages(path) discover
[0.339s] Level 1:colcon.colcon_core.package_discovery:discover_packages(path) using defaults
[0.359s] Level 1:colcon.colcon_core.package_discovery:discover_packages(prefix_path) check parameters
[0.359s] Level 1:colcon.colcon_core.package_discovery:discover_packages(prefix_path) discover
[0.362s] DEBUG:colcon.colcon_installed_package_information.package_discovery:Found 1 installed packages in /home/migue/tf2_ws/install
[0.364s] DEBUG:colcon.colcon_installed_package_information.package_discovery:Found 265 installed packages in /opt/ros/foxy
[0.365s] Level 1:colcon.colcon_core.package_discovery:discover_packages(prefix_path) using defaults
[0.428s] Level 5:colcon.colcon_core.verb:set package 'learning_tf2_cpp' build argument 'cmake_args' from command line to 'None'
[0.428s] Level 5:colcon.colcon_core.verb:set package 'learning_tf2_cpp' build argument 'cmake_target' from command line to 'None'
[0.428s] Level 5:colcon.colcon_core.verb:set package 'learning_tf2_cpp' build argument 'cmake_target_skip_unavailable' from command line to 'False'
[0.428s] Level 5:colcon.colcon_core.verb:set package 'learning_tf2_cpp' build argument 'cmake_clean_cache' from command line to 'False'
[0.428s] Level 5:colcon.colcon_core.verb:set package 'learning_tf2_cpp' build argument 'cmake_clean_first' from command line to 'False'
[0.428s] Level 5:colcon.colcon_core.verb:set package 'learning_tf2_cpp' build argument 'cmake_force_configure' from command line to 'False'
[0.428s] Level 5:colcon.colcon_core.verb:set package 'learning_tf2_cpp' build argument 'ament_cmake_args' from command line to 'None'
[0.428s] Level 5:colcon.colcon_core.verb:set package 'learning_tf2_cpp' build argument 'catkin_cmake_args' from command line to 'None'
[0.428s] Level 5:colcon.colcon_core.verb:set package 'learning_tf2_cpp' build argument 'catkin_skip_building_tests' from command line to 'False'
[0.428s] DEBUG:colcon.colcon_core.verb:Building package 'learning_tf2_cpp' with the following arguments: {'ament_cmake_args': None, 'build_base': '/home/migue/tf2_ws/build/learning_tf2_cpp', 'catkin_cmake_args': None, 'catkin_skip_building_tests': False, 'cmake_args': None, 'cmake_clean_cache': False, 'cmake_clean_first': False, 'cmake_force_configure': False, 'cmake_target': None, 'cmake_target_skip_unavailable': False, 'install_base': '/home/migue/tf2_ws/install/learning_tf2_cpp', 'merge_install': False, 'path': '/home/migue/tf2_ws/src/learning_tf2_cpp', 'symlink_install': False, 'test_result_base': None}
[0.429s] INFO:colcon.colcon_core.executor:Executing jobs using 'parallel' executor
[0.435s] DEBUG:colcon.colcon_parallel_executor.executor.parallel:run_until_complete
[0.435s] INFO:colcon.colcon_ros.task.ament_cmake.build:Building ROS package in '/home/migue/tf2_ws/src/learning_tf2_cpp' with build type 'ament_cmake'
[0.435s] INFO:colcon.colcon_cmake.task.cmake.build:Building CMake package in '/home/migue/tf2_ws/src/learning_tf2_cpp'
[0.440s] INFO:colcon.colcon_core.plugin_system:Skipping extension 'colcon_core.shell.bat': Not used on non-Windows systems
[0.441s] INFO:colcon.colcon_core.shell:Skip shell extension 'powershell' for command environment: Not usable outside of PowerShell
[0.441s] DEBUG:colcon.colcon_core.shell:Skip shell extension 'dsv' for command environment
[0.458s] DEBUG:colcon.colcon_core.event_handler.log_command:Invoking command in '/home/migue/tf2_ws/build/learning_tf2_cpp': CMAKE_PREFIX_PATH=${CMAKE_PREFIX_PATH}:/opt/ros/foxy /usr/bin/cmake --build /home/migue/tf2_ws/build/learning_tf2_cpp -- -j12 -l12
[4.300s] DEBUG:colcon.colcon_core.event_handler.log_command:Invoked command in '/home/migue/tf2_ws/build/learning_tf2_cpp' returned '0': CMAKE_PREFIX_PATH=${CMAKE_PREFIX_PATH}:/opt/ros/foxy /usr/bin/cmake --build /home/migue/tf2_ws/build/learning_tf2_cpp -- -j12 -l12
[4.343s] DEBUG:colcon.colcon_core.event_handler.log_command:Invoking command in '/home/migue/tf2_ws/build/learning_tf2_cpp': CMAKE_PREFIX_PATH=${CMAKE_PREFIX_PATH}:/opt/ros/foxy /usr/bin/cmake --install /home/migue/tf2_ws/build/learning_tf2_cpp
[4.623s] Level 1:colcon.colcon_core.environment:create_environment_scripts_only(learning_tf2_cpp)
[4.624s] DEBUG:colcon.colcon_core.event_handler.log_command:Invoked command in '/home/migue/tf2_ws/build/learning_tf2_cpp' returned '0': CMAKE_PREFIX_PATH=${CMAKE_PREFIX_PATH}:/opt/ros/foxy /usr/bin/cmake --install /home/migue/tf2_ws/build/learning_tf2_cpp
[4.631s] Level 1:colcon.colcon_core.environment:checking '/home/migue/tf2_ws/install/learning_tf2_cpp' for CMake module files
[4.632s] Level 1:colcon.colcon_core.environment:checking '/home/migue/tf2_ws/install/learning_tf2_cpp' for CMake config files
[4.632s] Level 1:colcon.colcon_core.shell:create_environment_hook('learning_tf2_cpp', 'cmake_prefix_path')
[4.635s] INFO:colcon.colcon_core.shell:Creating environment hook '/home/migue/tf2_ws/install/learning_tf2_cpp/share/learning_tf2_cpp/hook/cmake_prefix_path.ps1'
[4.636s] INFO:colcon.colcon_core.shell:Creating environment descriptor '/home/migue/tf2_ws/install/learning_tf2_cpp/share/learning_tf2_cpp/hook/cmake_prefix_path.dsv'
[4.637s] INFO:colcon.colcon_core.shell:Creating environment hook '/home/migue/tf2_ws/install/learning_tf2_cpp/share/learning_tf2_cpp/hook/cmake_prefix_path.sh'
[4.638s] Level 1:colcon.colcon_core.environment:checking '/home/migue/tf2_ws/install/learning_tf2_cpp/lib'
[4.638s] Level 1:colcon.colcon_core.environment:checking '/home/migue/tf2_ws/install/learning_tf2_cpp/bin'
[4.638s] Level 1:colcon.colcon_core.environment:checking '/home/migue/tf2_ws/install/learning_tf2_cpp/lib/pkgconfig/learning_tf2_cpp.pc'
[4.638s] Level 1:colcon.colcon_core.environment:checking '/home/migue/tf2_ws/install/learning_tf2_cpp/lib/python3.8/site-packages'
[4.638s] Level 1:colcon.colcon_core.environment:checking '/home/migue/tf2_ws/install/learning_tf2_cpp/bin'
[4.641s] INFO:colcon.colcon_core.shell:Creating package script '/home/migue/tf2_ws/install/learning_tf2_cpp/share/learning_tf2_cpp/package.ps1'
[4.642s] INFO:colcon.colcon_core.shell:Creating package descriptor '/home/migue/tf2_ws/install/learning_tf2_cpp/share/learning_tf2_cpp/package.dsv'
[4.642s] INFO:colcon.colcon_core.shell:Creating package script '/home/migue/tf2_ws/install/learning_tf2_cpp/share/learning_tf2_cpp/package.sh'
[4.643s] INFO:colcon.colcon_core.shell:Creating package script '/home/migue/tf2_ws/install/learning_tf2_cpp/share/learning_tf2_cpp/package.bash'
[4.643s] INFO:colcon.colcon_core.shell:Creating package script '/home/migue/tf2_ws/install/learning_tf2_cpp/share/learning_tf2_cpp/package.zsh'
[4.644s] Level 1:colcon.colcon_core.environment:create_file_with_runtime_dependencies(/home/migue/tf2_ws/install/learning_tf2_cpp/share/colcon-core/packages/learning_tf2_cpp)
[4.677s] Level 1:colcon.colcon_core.environment:create_environment_scripts_only(learning_tf2_cpp)
[4.681s] Level 1:colcon.colcon_core.environment:checking '/home/migue/tf2_ws/install/learning_tf2_cpp' for CMake module files
[4.681s] Level 1:colcon.colcon_core.environment:checking '/home/migue/tf2_ws/install/learning_tf2_cpp' for CMake config files
[4.682s] Level 1:colcon.colcon_core.shell:create_environment_hook('learning_tf2_cpp', 'cmake_prefix_path')
[4.684s] INFO:colcon.colcon_core.shell:Creating environment hook '/home/migue/tf2_ws/install/learning_tf2_cpp/share/learning_tf2_cpp/hook/cmake_prefix_path.ps1'
[4.685s] INFO:colcon.colcon_core.shell:Creating environment descriptor '/home/migue/tf2_ws/install/learning_tf2_cpp/share/learning_tf2_cpp/hook/cmake_prefix_path.dsv'
[4.685s] INFO:colcon.colcon_core.shell:Creating environment hook '/home/migue/tf2_ws/install/learning_tf2_cpp/share/learning_tf2_cpp/hook/cmake_prefix_path.sh'
[4.686s] Level 1:colcon.colcon_core.environment:checking '/home/migue/tf2_ws/install/learning_tf2_cpp/lib'
[4.686s] Level 1:colcon.colcon_core.environment:checking '/home/migue/tf2_ws/install/learning_tf2_cpp/bin'
[4.686s] Level 1:colcon.colcon_core.environment:checking '/home/migue/tf2_ws/install/learning_tf2_cpp/lib/pkgconfig/learning_tf2_cpp.pc'
[4.686s] Level 1:colcon.colcon_core.environment:checking '/home/migue/tf2_ws/install/learning_tf2_cpp/lib/python3.8/site-packages'
[4.686s] Level 1:colcon.colcon_core.environment:checking '/home/migue/tf2_ws/install/learning_tf2_cpp/bin'
[4.689s] INFO:colcon.colcon_core.shell:Creating package script '/home/migue/tf2_ws/install/learning_tf2_cpp/share/learning_tf2_cpp/package.ps1'
[4.689s] INFO:colcon.colcon_core.shell:Creating package descriptor '/home/migue/tf2_ws/install/learning_tf2_cpp/share/learning_tf2_cpp/package.dsv'
[4.690s] INFO:colcon.colcon_core.shell:Creating package script '/home/migue/tf2_ws/install/learning_tf2_cpp/share/learning_tf2_cpp/package.sh'
[4.690s] INFO:colcon.colcon_core.shell:Creating package script '/home/migue/tf2_ws/install/learning_tf2_cpp/share/learning_tf2_cpp/package.bash'
[4.691s] INFO:colcon.colcon_core.shell:Creating package script '/home/migue/tf2_ws/install/learning_tf2_cpp/share/learning_tf2_cpp/package.zsh'
[4.691s] Level 1:colcon.colcon_core.environment:create_file_with_runtime_dependencies(/home/migue/tf2_ws/install/learning_tf2_cpp/share/colcon-core/packages/learning_tf2_cpp)
[4.691s] DEBUG:colcon.colcon_parallel_executor.executor.parallel:closing loop
[4.692s] DEBUG:colcon.colcon_parallel_executor.executor.parallel:loop closed
[4.692s] DEBUG:colcon.colcon_parallel_executor.executor.parallel:run_until_complete finished with '0'
[4.692s] DEBUG:colcon.colcon_core.event_reactor:joining thread
[4.697s] INFO:colcon.colcon_core.plugin_system:Skipping extension 'colcon_notification.desktop_notification.terminal_notifier': Not used on non-Darwin systems
[4.698s] INFO:colcon.colcon_core.plugin_system:Skipping extension 'colcon_notification.desktop_notification.win32': Not used on non-Windows systems
[4.698s] INFO:colcon.colcon_notification.desktop_notification:Sending desktop notification using 'notify2'
[4.724s] DEBUG:colcon.colcon_core.event_reactor:joined thread
[4.729s] INFO:colcon.colcon_core.shell:Creating prefix script '/home/migue/tf2_ws/install/local_setup.ps1'
[4.731s] INFO:colcon.colcon_core.shell:Creating prefix util module '/home/migue/tf2_ws/install/_local_setup_util_ps1.py'
[4.734s] INFO:colcon.colcon_core.shell:Creating prefix chain script '/home/migue/tf2_ws/install/setup.ps1'
[4.737s] INFO:colcon.colcon_core.shell:Creating prefix script '/home/migue/tf2_ws/install/local_setup.sh'
[4.737s] INFO:colcon.colcon_core.shell:Creating prefix util module '/home/migue/tf2_ws/install/_local_setup_util_sh.py'
[4.738s] INFO:colcon.colcon_core.shell:Creating prefix chain script '/home/migue/tf2_ws/install/setup.sh'
[4.740s] INFO:colcon.colcon_core.shell:Creating prefix script '/home/migue/tf2_ws/install/local_setup.bash'
[4.741s] INFO:colcon.colcon_core.shell:Creating prefix chain script '/home/migue/tf2_ws/install/setup.bash'
[4.743s] INFO:colcon.colcon_core.shell:Creating prefix script '/home/migue/tf2_ws/install/local_setup.zsh'
[4.743s] INFO:colcon.colcon_core.shell:Creating prefix chain script '/home/migue/tf2_ws/install/setup.zsh'
