[0.024s] Invoking command in '/home/migue/ros2_ws/build/action_tutorials_interfaces': CMAKE_PREFIX_PATH=/opt/ros/foxy /usr/bin/cmake --build /home/migue/ros2_ws/build/action_tutorials_interfaces -- -j12 -l12
[0.083s] [  3%] Built target action_tutorials_interfaces__cpp
[0.085s] [ 12%] Built target action_tutorials_interfaces__rosidl_generator_c
[0.119s] [ 32%] Built target action_tutorials_interfaces__rosidl_typesupport_c
[0.119s] [ 32%] Built target action_tutorials_interfaces__rosidl_typesupport_cpp
[0.120s] [ 51%] Built target action_tutorials_interfaces__rosidl_typesupport_introspection_c
[0.120s] [ 51%] Built target action_tutorials_interfaces__rosidl_typesupport_introspection_cpp
[0.123s] [ 61%] Built target action_tutorials_interfaces__rosidl_typesupport_fastrtps_cpp
[0.156s] [ 70%] Built target action_tutorials_interfaces__rosidl_typesupport_fastrtps_c
[0.179s] [ 70%] Built target action_tutorials_interfaces
[0.201s] [ 74%] Built target action_tutorials_interfaces__py
[0.232s] [ 80%] Built target action_tutorials_interfaces__python
[0.261s] [ 87%] Built target action_tutorials_interfaces__rosidl_typesupport_introspection_c__pyext
[0.261s] [ 93%] Built target action_tutorials_interfaces__rosidl_typesupport_fastrtps_c__pyext
[0.263s] [100%] Built target action_tutorials_interfaces__rosidl_typesupport_c__pyext
[0.278s] Invoked command in '/home/migue/ros2_ws/build/action_tutorials_interfaces' returned '0': CMAKE_PREFIX_PATH=/opt/ros/foxy /usr/bin/cmake --build /home/migue/ros2_ws/build/action_tutorials_interfaces -- -j12 -l12
[0.346s] Invoking command in '/home/migue/ros2_ws/build/action_tutorials_interfaces': CMAKE_PREFIX_PATH=/opt/ros/foxy /usr/bin/cmake --install /home/migue/ros2_ws/build/action_tutorials_interfaces
[0.360s] -- Install configuration: ""
[0.360s] -- Up-to-date: /home/migue/ros2_ws/install/action_tutorials_interfaces/share/ament_index/resource_index/rosidl_interfaces/action_tutorials_interfaces
[0.360s] -- Up-to-date: /home/migue/ros2_ws/install/action_tutorials_interfaces/include/action_tutorials_interfaces
[0.360s] -- Up-to-date: /home/migue/ros2_ws/install/action_tutorials_interfaces/include/action_tutorials_interfaces/action
[0.360s] -- Up-to-date: /home/migue/ros2_ws/install/action_tutorials_interfaces/include/action_tutorials_interfaces/action/detail
[0.361s] -- Up-to-date: /home/migue/ros2_ws/install/action_tutorials_interfaces/include/action_tutorials_interfaces/action/detail/fibonacci__functions.h
[0.361s] -- Up-to-date: /home/migue/ros2_ws/install/action_tutorials_interfaces/include/action_tutorials_interfaces/action/detail/fibonacci__type_support.h
[0.361s] -- Up-to-date: /home/migue/ros2_ws/install/action_tutorials_interfaces/include/action_tutorials_interfaces/action/detail/fibonacci__struct.h
[0.361s] -- Up-to-date: /home/migue/ros2_ws/install/action_tutorials_interfaces/include/action_tutorials_interfaces/action/detail/fibonacci__functions.c
[0.361s] -- Up-to-date: /home/migue/ros2_ws/install/action_tutorials_interfaces/include/action_tutorials_interfaces/action/fibonacci.h
[0.361s] -- Up-to-date: /home/migue/ros2_ws/install/action_tutorials_interfaces/include/action_tutorials_interfaces/msg
[0.361s] -- Up-to-date: /home/migue/ros2_ws/install/action_tutorials_interfaces/include/action_tutorials_interfaces/msg/rosidl_generator_c__visibility_control.h
[0.361s] -- Up-to-date: /home/migue/ros2_ws/install/action_tutorials_interfaces/share/action_tutorials_interfaces/environment/library_path.sh
[0.361s] -- Up-to-date: /home/migue/ros2_ws/install/action_tutorials_interfaces/share/action_tutorials_interfaces/environment/library_path.dsv
[0.361s] -- Up-to-date: /home/migue/ros2_ws/install/action_tutorials_interfaces/lib/libaction_tutorials_interfaces__rosidl_generator_c.so
[0.361s] -- Up-to-date: /home/migue/ros2_ws/install/action_tutorials_interfaces/include/action_tutorials_interfaces
[0.361s] -- Up-to-date: /home/migue/ros2_ws/install/action_tutorials_interfaces/include/action_tutorials_interfaces/action
[0.362s] -- Up-to-date: /home/migue/ros2_ws/install/action_tutorials_interfaces/include/action_tutorials_interfaces/action/detail
[0.362s] -- Up-to-date: /home/migue/ros2_ws/install/action_tutorials_interfaces/include/action_tutorials_interfaces/action/detail/fibonacci__rosidl_typesupport_fastrtps_c.h
[0.362s] -- Up-to-date: /home/migue/ros2_ws/install/action_tutorials_interfaces/include/action_tutorials_interfaces/msg
[0.362s] -- Up-to-date: /home/migue/ros2_ws/install/action_tutorials_interfaces/include/action_tutorials_interfaces/msg/rosidl_typesupport_fastrtps_c__visibility_control.h
[0.362s] -- Up-to-date: /home/migue/ros2_ws/install/action_tutorials_interfaces/lib/libaction_tutorials_interfaces__rosidl_typesupport_fastrtps_c.so
[0.362s] -- Up-to-date: /home/migue/ros2_ws/install/action_tutorials_interfaces/include/action_tutorials_interfaces
[0.362s] -- Up-to-date: /home/migue/ros2_ws/install/action_tutorials_interfaces/include/action_tutorials_interfaces/action
[0.362s] -- Up-to-date: /home/migue/ros2_ws/install/action_tutorials_interfaces/include/action_tutorials_interfaces/action/detail
[0.362s] -- Up-to-date: /home/migue/ros2_ws/install/action_tutorials_interfaces/include/action_tutorials_interfaces/action/detail/dds_fastrtps
[0.362s] -- Up-to-date: /home/migue/ros2_ws/install/action_tutorials_interfaces/include/action_tutorials_interfaces/action/detail/fibonacci__rosidl_typesupport_fastrtps_cpp.hpp
[0.362s] -- Up-to-date: /home/migue/ros2_ws/install/action_tutorials_interfaces/include/action_tutorials_interfaces/msg
[0.362s] -- Up-to-date: /home/migue/ros2_ws/install/action_tutorials_interfaces/include/action_tutorials_interfaces/msg/rosidl_typesupport_fastrtps_cpp__visibility_control.h
[0.362s] -- Up-to-date: /home/migue/ros2_ws/install/action_tutorials_interfaces/lib/libaction_tutorials_interfaces__rosidl_typesupport_fastrtps_cpp.so
[0.362s] -- Up-to-date: /home/migue/ros2_ws/install/action_tutorials_interfaces/include/action_tutorials_interfaces
[0.363s] -- Up-to-date: /home/migue/ros2_ws/install/action_tutorials_interfaces/include/action_tutorials_interfaces/action
[0.363s] -- Up-to-date: /home/migue/ros2_ws/install/action_tutorials_interfaces/include/action_tutorials_interfaces/action/detail
[0.363s] -- Up-to-date: /home/migue/ros2_ws/install/action_tutorials_interfaces/include/action_tutorials_interfaces/action/detail/fibonacci__rosidl_typesupport_introspection_c.h
[0.363s] -- Up-to-date: /home/migue/ros2_ws/install/action_tutorials_interfaces/include/action_tutorials_interfaces/action/detail/fibonacci__type_support.c
[0.363s] -- Up-to-date: /home/migue/ros2_ws/install/action_tutorials_interfaces/include/action_tutorials_interfaces/msg
[0.363s] -- Up-to-date: /home/migue/ros2_ws/install/action_tutorials_interfaces/include/action_tutorials_interfaces/msg/rosidl_typesupport_introspection_c__visibility_control.h
[0.363s] -- Up-to-date: /home/migue/ros2_ws/install/action_tutorials_interfaces/lib/libaction_tutorials_interfaces__rosidl_typesupport_introspection_c.so
[0.363s] -- Up-to-date: /home/migue/ros2_ws/install/action_tutorials_interfaces/lib/libaction_tutorials_interfaces__rosidl_typesupport_c.so
[0.363s] -- Up-to-date: /home/migue/ros2_ws/install/action_tutorials_interfaces/include/action_tutorials_interfaces
[0.363s] -- Up-to-date: /home/migue/ros2_ws/install/action_tutorials_interfaces/include/action_tutorials_interfaces/action
[0.363s] -- Up-to-date: /home/migue/ros2_ws/install/action_tutorials_interfaces/include/action_tutorials_interfaces/action/fibonacci.hpp
[0.363s] -- Up-to-date: /home/migue/ros2_ws/install/action_tutorials_interfaces/include/action_tutorials_interfaces/action/detail
[0.363s] -- Up-to-date: /home/migue/ros2_ws/install/action_tutorials_interfaces/include/action_tutorials_interfaces/action/detail/fibonacci__traits.hpp
[0.364s] -- Up-to-date: /home/migue/ros2_ws/install/action_tutorials_interfaces/include/action_tutorials_interfaces/action/detail/fibonacci__struct.hpp
[0.364s] -- Up-to-date: /home/migue/ros2_ws/install/action_tutorials_interfaces/include/action_tutorials_interfaces/action/detail/fibonacci__builder.hpp
[0.364s] -- Up-to-date: /home/migue/ros2_ws/install/action_tutorials_interfaces/include/action_tutorials_interfaces
[0.364s] -- Up-to-date: /home/migue/ros2_ws/install/action_tutorials_interfaces/include/action_tutorials_interfaces/action
[0.364s] -- Up-to-date: /home/migue/ros2_ws/install/action_tutorials_interfaces/include/action_tutorials_interfaces/action/detail
[0.364s] -- Up-to-date: /home/migue/ros2_ws/install/action_tutorials_interfaces/include/action_tutorials_interfaces/action/detail/fibonacci__type_support.cpp
[0.364s] -- Up-to-date: /home/migue/ros2_ws/install/action_tutorials_interfaces/include/action_tutorials_interfaces/action/detail/fibonacci__rosidl_typesupport_introspection_cpp.hpp
[0.364s] -- Up-to-date: /home/migue/ros2_ws/install/action_tutorials_interfaces/lib/libaction_tutorials_interfaces__rosidl_typesupport_introspection_cpp.so
[0.364s] -- Up-to-date: /home/migue/ros2_ws/install/action_tutorials_interfaces/lib/libaction_tutorials_interfaces__rosidl_typesupport_cpp.so
[0.364s] -- Up-to-date: /home/migue/ros2_ws/install/action_tutorials_interfaces/share/action_tutorials_interfaces/environment/pythonpath.sh
[0.364s] -- Up-to-date: /home/migue/ros2_ws/install/action_tutorials_interfaces/share/action_tutorials_interfaces/environment/pythonpath.dsv
[0.364s] -- Up-to-date: /home/migue/ros2_ws/install/action_tutorials_interfaces/lib/python3.8/site-packages/action_tutorials_interfaces/__init__.py
[0.395s] -- Up-to-date: /home/migue/ros2_ws/install/action_tutorials_interfaces/lib/python3.8/site-packages/action_tutorials_interfaces/action
[0.395s] -- Up-to-date: /home/migue/ros2_ws/install/action_tutorials_interfaces/lib/python3.8/site-packages/action_tutorials_interfaces/action/_fibonacci.py
[0.395s] -- Up-to-date: /home/migue/ros2_ws/install/action_tutorials_interfaces/lib/python3.8/site-packages/action_tutorials_interfaces/action/_fibonacci_s.c
[0.395s] -- Up-to-date: /home/migue/ros2_ws/install/action_tutorials_interfaces/lib/python3.8/site-packages/action_tutorials_interfaces/action/__init__.py
[0.396s] -- Up-to-date: /home/migue/ros2_ws/install/action_tutorials_interfaces/lib/python3.8/site-packages/action_tutorials_interfaces/action_tutorials_interfaces_s__rosidl_typesupport_fastrtps_c.cpython-38-x86_64-linux-gnu.so
[0.398s] -- Up-to-date: /home/migue/ros2_ws/install/action_tutorials_interfaces/lib/python3.8/site-packages/action_tutorials_interfaces/action_tutorials_interfaces_s__rosidl_typesupport_introspection_c.cpython-38-x86_64-linux-gnu.so
[0.399s] -- Up-to-date: /home/migue/ros2_ws/install/action_tutorials_interfaces/lib/python3.8/site-packages/action_tutorials_interfaces/action_tutorials_interfaces_s__rosidl_typesupport_c.cpython-38-x86_64-linux-gnu.so
[0.400s] -- Up-to-date: /home/migue/ros2_ws/install/action_tutorials_interfaces/lib/libaction_tutorials_interfaces__python.so
[0.400s] -- Up-to-date: /home/migue/ros2_ws/install/action_tutorials_interfaces/share/action_tutorials_interfaces/action/Fibonacci.idl
[0.400s] -- Up-to-date: /home/migue/ros2_ws/install/action_tutorials_interfaces/share/action_tutorials_interfaces/action/Fibonacci.action
[0.401s] -- Up-to-date: /home/migue/ros2_ws/install/action_tutorials_interfaces/share/ament_index/resource_index/package_run_dependencies/action_tutorials_interfaces
[0.401s] -- Up-to-date: /home/migue/ros2_ws/install/action_tutorials_interfaces/share/ament_index/resource_index/parent_prefix_path/action_tutorials_interfaces
[0.401s] -- Up-to-date: /home/migue/ros2_ws/install/action_tutorials_interfaces/share/action_tutorials_interfaces/environment/ament_prefix_path.sh
[0.401s] -- Up-to-date: /home/migue/ros2_ws/install/action_tutorials_interfaces/share/action_tutorials_interfaces/environment/ament_prefix_path.dsv
[0.401s] -- Up-to-date: /home/migue/ros2_ws/install/action_tutorials_interfaces/share/action_tutorials_interfaces/environment/path.sh
[0.401s] -- Up-to-date: /home/migue/ros2_ws/install/action_tutorials_interfaces/share/action_tutorials_interfaces/environment/path.dsv
[0.402s] -- Up-to-date: /home/migue/ros2_ws/install/action_tutorials_interfaces/share/action_tutorials_interfaces/local_setup.bash
[0.402s] -- Up-to-date: /home/migue/ros2_ws/install/action_tutorials_interfaces/share/action_tutorials_interfaces/local_setup.sh
[0.402s] -- Up-to-date: /home/migue/ros2_ws/install/action_tutorials_interfaces/share/action_tutorials_interfaces/local_setup.zsh
[0.402s] -- Up-to-date: /home/migue/ros2_ws/install/action_tutorials_interfaces/share/action_tutorials_interfaces/local_setup.dsv
[0.402s] -- Installing: /home/migue/ros2_ws/install/action_tutorials_interfaces/share/action_tutorials_interfaces/package.dsv
[0.402s] -- Up-to-date: /home/migue/ros2_ws/install/action_tutorials_interfaces/share/ament_index/resource_index/packages/action_tutorials_interfaces
[0.402s] -- Up-to-date: /home/migue/ros2_ws/install/action_tutorials_interfaces/share/action_tutorials_interfaces/cmake/action_tutorials_interfaces__rosidl_generator_cExport.cmake
[0.403s] -- Up-to-date: /home/migue/ros2_ws/install/action_tutorials_interfaces/share/action_tutorials_interfaces/cmake/action_tutorials_interfaces__rosidl_generator_cExport-noconfig.cmake
[0.403s] -- Up-to-date: /home/migue/ros2_ws/install/action_tutorials_interfaces/share/action_tutorials_interfaces/cmake/action_tutorials_interfaces__rosidl_typesupport_introspection_cExport.cmake
[0.403s] -- Up-to-date: /home/migue/ros2_ws/install/action_tutorials_interfaces/share/action_tutorials_interfaces/cmake/action_tutorials_interfaces__rosidl_typesupport_introspection_cExport-noconfig.cmake
[0.403s] -- Up-to-date: /home/migue/ros2_ws/install/action_tutorials_interfaces/share/action_tutorials_interfaces/cmake/action_tutorials_interfaces__rosidl_typesupport_cExport.cmake
[0.403s] -- Up-to-date: /home/migue/ros2_ws/install/action_tutorials_interfaces/share/action_tutorials_interfaces/cmake/action_tutorials_interfaces__rosidl_typesupport_cExport-noconfig.cmake
[0.403s] -- Up-to-date: /home/migue/ros2_ws/install/action_tutorials_interfaces/share/action_tutorials_interfaces/cmake/action_tutorials_interfaces__rosidl_generator_cppExport.cmake
[0.404s] -- Up-to-date: /home/migue/ros2_ws/install/action_tutorials_interfaces/share/action_tutorials_interfaces/cmake/action_tutorials_interfaces__rosidl_typesupport_introspection_cppExport.cmake
[0.404s] -- Up-to-date: /home/migue/ros2_ws/install/action_tutorials_interfaces/share/action_tutorials_interfaces/cmake/action_tutorials_interfaces__rosidl_typesupport_introspection_cppExport-noconfig.cmake
[0.404s] -- Up-to-date: /home/migue/ros2_ws/install/action_tutorials_interfaces/share/action_tutorials_interfaces/cmake/action_tutorials_interfaces__rosidl_typesupport_cppExport.cmake
[0.404s] -- Up-to-date: /home/migue/ros2_ws/install/action_tutorials_interfaces/share/action_tutorials_interfaces/cmake/action_tutorials_interfaces__rosidl_typesupport_cppExport-noconfig.cmake
[0.404s] -- Up-to-date: /home/migue/ros2_ws/install/action_tutorials_interfaces/share/action_tutorials_interfaces/cmake/rosidl_cmake-extras.cmake
[0.404s] -- Up-to-date: /home/migue/ros2_ws/install/action_tutorials_interfaces/share/action_tutorials_interfaces/cmake/ament_cmake_export_dependencies-extras.cmake
[0.404s] -- Up-to-date: /home/migue/ros2_ws/install/action_tutorials_interfaces/share/action_tutorials_interfaces/cmake/ament_cmake_export_libraries-extras.cmake
[0.404s] -- Up-to-date: /home/migue/ros2_ws/install/action_tutorials_interfaces/share/action_tutorials_interfaces/cmake/ament_cmake_export_targets-extras.cmake
[0.405s] -- Up-to-date: /home/migue/ros2_ws/install/action_tutorials_interfaces/share/action_tutorials_interfaces/cmake/ament_cmake_export_include_directories-extras.cmake
[0.405s] -- Up-to-date: /home/migue/ros2_ws/install/action_tutorials_interfaces/share/action_tutorials_interfaces/cmake/rosidl_cmake_export_typesupport_libraries-extras.cmake
[0.405s] -- Up-to-date: /home/migue/ros2_ws/install/action_tutorials_interfaces/share/action_tutorials_interfaces/cmake/rosidl_cmake_export_typesupport_targets-extras.cmake
[0.405s] -- Up-to-date: /home/migue/ros2_ws/install/action_tutorials_interfaces/share/action_tutorials_interfaces/cmake/action_tutorials_interfacesConfig.cmake
[0.405s] -- Up-to-date: /home/migue/ros2_ws/install/action_tutorials_interfaces/share/action_tutorials_interfaces/cmake/action_tutorials_interfacesConfig-version.cmake
[0.406s] -- Up-to-date: /home/migue/ros2_ws/install/action_tutorials_interfaces/share/action_tutorials_interfaces/package.xml
[0.407s] Invoked command in '/home/migue/ros2_ws/build/action_tutorials_interfaces' returned '0': CMAKE_PREFIX_PATH=/opt/ros/foxy /usr/bin/cmake --install /home/migue/ros2_ws/build/action_tutorials_interfaces
