-- Found ament_cmake: 0.9.11 (/opt/ros/foxy/share/ament_cmake/cmake)
-- Using PYTHON_EXECUTABLE: /usr/bin/python3
-- Found ament_lint_auto: 0.9.7 (/opt/ros/foxy/share/ament_lint_auto/cmake)
-- Added test 'copyright' to check source files copyright and LICENSE
-- Added test 'lint_cmake' to check CMake code style
-- Added test 'xmllint' to check XML markup files
-- Configuring done
-- Generating done
-- Build files have been written to: /home/migue/ros2_ws/build/tutorial_interfaces
-- Install configuration: ""
-- Installing: /home/migue/ros2_ws/install/tutorial_interfaces/share/ament_index/resource_index/package_run_dependencies/tutorial_interfaces
-- Installing: /home/migue/ros2_ws/install/tutorial_interfaces/share/ament_index/resource_index/parent_prefix_path/tutorial_interfaces
-- Up-to-date: /home/migue/ros2_ws/install/tutorial_interfaces/share/tutorial_interfaces/environment/ament_prefix_path.sh
-- Installing: /home/migue/ros2_ws/install/tutorial_interfaces/share/tutorial_interfaces/environment/ament_prefix_path.dsv
-- Up-to-date: /home/migue/ros2_ws/install/tutorial_interfaces/share/tutorial_interfaces/environment/path.sh
-- Installing: /home/migue/ros2_ws/install/tutorial_interfaces/share/tutorial_interfaces/environment/path.dsv
-- Up-to-date: /home/migue/ros2_ws/install/tutorial_interfaces/share/tutorial_interfaces/local_setup.bash
-- Up-to-date: /home/migue/ros2_ws/install/tutorial_interfaces/share/tutorial_interfaces/local_setup.sh
-- Up-to-date: /home/migue/ros2_ws/install/tutorial_interfaces/share/tutorial_interfaces/local_setup.zsh
-- Installing: /home/migue/ros2_ws/install/tutorial_interfaces/share/tutorial_interfaces/local_setup.dsv
-- Installing: /home/migue/ros2_ws/install/tutorial_interfaces/share/tutorial_interfaces/package.dsv
-- Up-to-date: /home/migue/ros2_ws/install/tutorial_interfaces/share/ament_index/resource_index/packages/tutorial_interfaces
-- Up-to-date: /home/migue/ros2_ws/install/tutorial_interfaces/share/tutorial_interfaces/cmake/tutorial_interfacesConfig.cmake
-- Up-to-date: /home/migue/ros2_ws/install/tutorial_interfaces/share/tutorial_interfaces/cmake/tutorial_interfacesConfig-version.cmake
-- Installing: /home/migue/ros2_ws/install/tutorial_interfaces/share/tutorial_interfaces/package.xml
