[0.020s] Invoking command in '/home/migue/ros2_ws/build/tutorial_interfaces': CMAKE_PREFIX_PATH=${CMAKE_PREFIX_PATH}:/opt/ros/foxy /usr/bin/cmake --build /home/migue/ros2_ws/build/tutorial_interfaces -- -j12 -l12
[0.042s] -- Found ament_cmake: 0.9.11 (/opt/ros/foxy/share/ament_cmake/cmake)
[0.059s] -- Using PYTHON_EXECUTABLE: /usr/bin/python3
[0.218s] -- Found ament_lint_auto: 0.9.7 (/opt/ros/foxy/share/ament_lint_auto/cmake)
[0.275s] -- Added test 'copyright' to check source files copyright and LICENSE
[0.276s] -- Added test 'lint_cmake' to check CMake code style
[0.276s] -- Added test 'xmllint' to check XML markup files
[0.277s] -- Configuring done
[0.279s] -- Generating done
[0.280s] -- Build files have been written to: /home/migue/ros2_ws/build/tutorial_interfaces
[0.298s] Invoked command in '/home/migue/ros2_ws/build/tutorial_interfaces' returned '0': CMAKE_PREFIX_PATH=${CMAKE_PREFIX_PATH}:/opt/ros/foxy /usr/bin/cmake --build /home/migue/ros2_ws/build/tutorial_interfaces -- -j12 -l12
[0.322s] Invoking command in '/home/migue/ros2_ws/build/tutorial_interfaces': CMAKE_PREFIX_PATH=${CMAKE_PREFIX_PATH}:/opt/ros/foxy /usr/bin/cmake --install /home/migue/ros2_ws/build/tutorial_interfaces
[0.330s] -- Install configuration: ""
[0.330s] -- Installing: /home/migue/ros2_ws/install/tutorial_interfaces/share/ament_index/resource_index/package_run_dependencies/tutorial_interfaces
[0.330s] -- Installing: /home/migue/ros2_ws/install/tutorial_interfaces/share/ament_index/resource_index/parent_prefix_path/tutorial_interfaces
[0.330s] -- Up-to-date: /home/migue/ros2_ws/install/tutorial_interfaces/share/tutorial_interfaces/environment/ament_prefix_path.sh
[0.330s] -- Installing: /home/migue/ros2_ws/install/tutorial_interfaces/share/tutorial_interfaces/environment/ament_prefix_path.dsv
[0.331s] -- Up-to-date: /home/migue/ros2_ws/install/tutorial_interfaces/share/tutorial_interfaces/environment/path.sh
[0.331s] -- Installing: /home/migue/ros2_ws/install/tutorial_interfaces/share/tutorial_interfaces/environment/path.dsv
[0.331s] -- Up-to-date: /home/migue/ros2_ws/install/tutorial_interfaces/share/tutorial_interfaces/local_setup.bash
[0.331s] -- Up-to-date: /home/migue/ros2_ws/install/tutorial_interfaces/share/tutorial_interfaces/local_setup.sh
[0.331s] -- Up-to-date: /home/migue/ros2_ws/install/tutorial_interfaces/share/tutorial_interfaces/local_setup.zsh
[0.331s] -- Installing: /home/migue/ros2_ws/install/tutorial_interfaces/share/tutorial_interfaces/local_setup.dsv
[0.331s] -- Installing: /home/migue/ros2_ws/install/tutorial_interfaces/share/tutorial_interfaces/package.dsv
[0.331s] -- Up-to-date: /home/migue/ros2_ws/install/tutorial_interfaces/share/ament_index/resource_index/packages/tutorial_interfaces
[0.331s] -- Up-to-date: /home/migue/ros2_ws/install/tutorial_interfaces/share/tutorial_interfaces/cmake/tutorial_interfacesConfig.cmake
[0.332s] -- Up-to-date: /home/migue/ros2_ws/install/tutorial_interfaces/share/tutorial_interfaces/cmake/tutorial_interfacesConfig-version.cmake
[0.332s] -- Installing: /home/migue/ros2_ws/install/tutorial_interfaces/share/tutorial_interfaces/package.xml
[0.339s] Invoked command in '/home/migue/ros2_ws/build/tutorial_interfaces' returned '0': CMAKE_PREFIX_PATH=${CMAKE_PREFIX_PATH}:/opt/ros/foxy /usr/bin/cmake --install /home/migue/ros2_ws/build/tutorial_interfaces
