[0.022s] Invoking command in '/home/migue/ros2_ws/build/cpp_srvcli': CMAKE_PREFIX_PATH=/home/migue/ros2_ws/install/tutorial_interfaces:/home/migue/ros2_ws/install/cpp_srvcli:/home/migue/ros2_ws/install/cpp_pubsub:/home/migue/ros2_ws/install/action_tutorials_interfaces:/opt/ros/foxy /usr/bin/cmake --build /home/migue/ros2_ws/build/cpp_srvcli -- -j12 -l12
[0.073s] [100%] Built target server
[0.073s] [100%] Built target client
[0.082s] Invoked command in '/home/migue/ros2_ws/build/cpp_srvcli' returned '0': CMAKE_PREFIX_PATH=/home/migue/ros2_ws/install/tutorial_interfaces:/home/migue/ros2_ws/install/cpp_srvcli:/home/migue/ros2_ws/install/cpp_pubsub:/home/migue/ros2_ws/install/action_tutorials_interfaces:/opt/ros/foxy /usr/bin/cmake --build /home/migue/ros2_ws/build/cpp_srvcli -- -j12 -l12
[0.106s] Invoking command in '/home/migue/ros2_ws/build/cpp_srvcli': CMAKE_PREFIX_PATH=/home/migue/ros2_ws/install/tutorial_interfaces:/home/migue/ros2_ws/install/cpp_srvcli:/home/migue/ros2_ws/install/cpp_pubsub:/home/migue/ros2_ws/install/action_tutorials_interfaces:/opt/ros/foxy /usr/bin/cmake --install /home/migue/ros2_ws/build/cpp_srvcli
[0.116s] -- Install configuration: ""
[0.116s] -- Up-to-date: /home/migue/ros2_ws/install/cpp_srvcli/lib/cpp_srvcli/server
[0.117s] -- Up-to-date: /home/migue/ros2_ws/install/cpp_srvcli/lib/cpp_srvcli/client
[0.117s] -- Up-to-date: /home/migue/ros2_ws/install/cpp_srvcli/share/ament_index/resource_index/package_run_dependencies/cpp_srvcli
[0.117s] -- Up-to-date: /home/migue/ros2_ws/install/cpp_srvcli/share/ament_index/resource_index/parent_prefix_path/cpp_srvcli
[0.117s] -- Up-to-date: /home/migue/ros2_ws/install/cpp_srvcli/share/cpp_srvcli/environment/ament_prefix_path.sh
[0.117s] -- Up-to-date: /home/migue/ros2_ws/install/cpp_srvcli/share/cpp_srvcli/environment/ament_prefix_path.dsv
[0.118s] -- Up-to-date: /home/migue/ros2_ws/install/cpp_srvcli/share/cpp_srvcli/environment/path.sh
[0.118s] -- Up-to-date: /home/migue/ros2_ws/install/cpp_srvcli/share/cpp_srvcli/environment/path.dsv
[0.118s] -- Up-to-date: /home/migue/ros2_ws/install/cpp_srvcli/share/cpp_srvcli/local_setup.bash
[0.118s] -- Up-to-date: /home/migue/ros2_ws/install/cpp_srvcli/share/cpp_srvcli/local_setup.sh
[0.118s] -- Up-to-date: /home/migue/ros2_ws/install/cpp_srvcli/share/cpp_srvcli/local_setup.zsh
[0.118s] -- Up-to-date: /home/migue/ros2_ws/install/cpp_srvcli/share/cpp_srvcli/local_setup.dsv
[0.118s] -- Installing: /home/migue/ros2_ws/install/cpp_srvcli/share/cpp_srvcli/package.dsv
[0.118s] -- Up-to-date: /home/migue/ros2_ws/install/cpp_srvcli/share/ament_index/resource_index/packages/cpp_srvcli
[0.118s] -- Up-to-date: /home/migue/ros2_ws/install/cpp_srvcli/share/cpp_srvcli/cmake/cpp_srvcliConfig.cmake
[0.118s] -- Up-to-date: /home/migue/ros2_ws/install/cpp_srvcli/share/cpp_srvcli/cmake/cpp_srvcliConfig-version.cmake
[0.118s] -- Up-to-date: /home/migue/ros2_ws/install/cpp_srvcli/share/cpp_srvcli/package.xml
[0.119s] Invoked command in '/home/migue/ros2_ws/build/cpp_srvcli' returned '0': CMAKE_PREFIX_PATH=/home/migue/ros2_ws/install/tutorial_interfaces:/home/migue/ros2_ws/install/cpp_srvcli:/home/migue/ros2_ws/install/cpp_pubsub:/home/migue/ros2_ws/install/action_tutorials_interfaces:/opt/ros/foxy /usr/bin/cmake --install /home/migue/ros2_ws/build/cpp_srvcli
