[0.062s] Invoking command in '/home/migue/tf2_ws/build/learning_tf2_cpp': CMAKE_PREFIX_PATH=/opt/ros/foxy /usr/bin/cmake /home/migue/tf2_ws/src/learning_tf2_cpp -DCMAKE_INSTALL_PREFIX=/home/migue/tf2_ws/install/learning_tf2_cpp
[1.617s] -- The C compiler identification is GNU 9.4.0
[2.645s] -- The CXX compiler identification is GNU 9.4.0
[2.717s] -- Check for working C compiler: /usr/bin/cc
[2.830s] -- Check for working C compiler: /usr/bin/cc -- works
[2.832s] -- Detecting C compiler ABI info
[2.917s] -- Detecting C compiler ABI info - done
[2.928s] -- Detecting C compile features
[2.958s] -- Detecting C compile features - done
[2.963s] -- Check for working CXX compiler: /usr/bin/c++
[3.063s] -- Check for working CXX compiler: /usr/bin/c++ -- works
[3.065s] -- Detecting CXX compiler ABI info
[3.156s] -- Detecting CXX compiler ABI info - done
[3.171s] -- Detecting CXX compile features
[3.171s] -- Detecting CXX compile features - done
[3.273s] -- Found ament_cmake: 0.9.11 (/opt/ros/foxy/share/ament_cmake/cmake)
[3.370s] -- Found PythonInterp: /usr/bin/python3 (found suitable version "3.8.10", minimum required is "3") 
[3.371s] -- Using PYTHON_EXECUTABLE: /usr/bin/python3
[3.697s] -- Found geometry_msgs: 2.0.5 (/opt/ros/foxy/share/geometry_msgs/cmake)
[3.861s] -- Using all available rosidl_typesupport_c: rosidl_typesupport_fastrtps_c;rosidl_typesupport_introspection_c
[3.930s] -- Found rosidl_adapter: 1.3.0 (/opt/ros/foxy/share/rosidl_adapter/cmake)
[4.389s] -- Found OpenSSL: /usr/lib/x86_64-linux-gnu/libcrypto.so (found version "1.1.1f")  
[4.444s] -- Found FastRTPS: /opt/ros/foxy/include  
[4.616s] -- Using all available rosidl_typesupport_cpp: rosidl_typesupport_fastrtps_cpp;rosidl_typesupport_introspection_cpp
[4.869s] -- Found rclcpp: 2.4.2 (/opt/ros/foxy/share/rclcpp/cmake)
[5.096s] -- Found rmw_implementation_cmake: 1.0.3 (/opt/ros/foxy/share/rmw_implementation_cmake/cmake)
[5.100s] -- Using RMW implementation 'rmw_fastrtps_cpp' as default
[5.130s] -- Looking for pthread.h
[5.254s] -- Looking for pthread.h - found
[5.255s] -- Performing Test CMAKE_HAVE_LIBC_PTHREAD
[5.371s] -- Performing Test CMAKE_HAVE_LIBC_PTHREAD - Failed
[5.371s] -- Looking for pthread_create in pthreads
[5.465s] -- Looking for pthread_create in pthreads - not found
[5.465s] -- Looking for pthread_create in pthread
[5.552s] -- Looking for pthread_create in pthread - found
[5.555s] -- Found Threads: TRUE  
[5.784s] -- Found tf2: 0.13.13 (/opt/ros/foxy/share/tf2/cmake)
[5.842s] -- Found tf2_ros: 0.13.13 (/opt/ros/foxy/share/tf2_ros/cmake)
[6.301s] -- Found turtlesim: 1.2.6 (/opt/ros/foxy/share/turtlesim/cmake)
[6.393s] -- Found ament_lint_auto: 0.9.7 (/opt/ros/foxy/share/ament_lint_auto/cmake)
[6.631s] -- Added test 'copyright' to check source files copyright and LICENSE
[6.632s] -- Added test 'cppcheck' to perform static code analysis on C / C++ code
[6.632s] -- Configured cppcheck include dirs: 
[6.632s] -- Configured cppcheck exclude dirs and/or files: 
[6.633s] -- Added test 'cpplint' to check C / C++ code against the Google style
[6.633s] -- Configured cpplint exclude dirs and/or files: 
[6.634s] -- Added test 'lint_cmake' to check CMake code style
[6.635s] -- Added test 'uncrustify' to check C / C++ code style
[6.635s] -- Configured uncrustify additional arguments: 
[6.635s] -- Added test 'xmllint' to check XML markup files
[6.639s] -- Configuring done
[6.648s] -- Generating done
[6.650s] -- Build files have been written to: /home/migue/tf2_ws/build/learning_tf2_cpp
[6.665s] Invoked command in '/home/migue/tf2_ws/build/learning_tf2_cpp' returned '0': CMAKE_PREFIX_PATH=/opt/ros/foxy /usr/bin/cmake /home/migue/tf2_ws/src/learning_tf2_cpp -DCMAKE_INSTALL_PREFIX=/home/migue/tf2_ws/install/learning_tf2_cpp
[6.671s] Invoking command in '/home/migue/tf2_ws/build/learning_tf2_cpp': CMAKE_PREFIX_PATH=/opt/ros/foxy /usr/bin/cmake --build /home/migue/tf2_ws/build/learning_tf2_cpp -- -j12 -l12
[6.722s] [35m[1mScanning dependencies of target static_turtle_tf2_broadcaster[0m
[7.167s] [ 50%] [32mBuilding CXX object CMakeFiles/static_turtle_tf2_broadcaster.dir/src/static_turtle_tf2_broadcaster.cpp.o[0m
[10.871s] [100%] [32m[1mLinking CXX executable static_turtle_tf2_broadcaster[0m
[11.889s] [100%] Built target static_turtle_tf2_broadcaster
[11.909s] Invoked command in '/home/migue/tf2_ws/build/learning_tf2_cpp' returned '0': CMAKE_PREFIX_PATH=/opt/ros/foxy /usr/bin/cmake --build /home/migue/tf2_ws/build/learning_tf2_cpp -- -j12 -l12
[11.958s] Invoking command in '/home/migue/tf2_ws/build/learning_tf2_cpp': CMAKE_PREFIX_PATH=/opt/ros/foxy /usr/bin/cmake --install /home/migue/tf2_ws/build/learning_tf2_cpp
[11.970s] -- Install configuration: ""
[11.970s] -- Installing: /home/migue/tf2_ws/install/learning_tf2_cpp/lib/learning_tf2_cpp/static_turtle_tf2_broadcaster
[11.971s] -- Set runtime path of "/home/migue/tf2_ws/install/learning_tf2_cpp/lib/learning_tf2_cpp/static_turtle_tf2_broadcaster" to ""
[11.972s] -- Installing: /home/migue/tf2_ws/install/learning_tf2_cpp/share/ament_index/resource_index/package_run_dependencies/learning_tf2_cpp
[11.972s] -- Installing: /home/migue/tf2_ws/install/learning_tf2_cpp/share/ament_index/resource_index/parent_prefix_path/learning_tf2_cpp
[11.972s] -- Installing: /home/migue/tf2_ws/install/learning_tf2_cpp/share/learning_tf2_cpp/environment/ament_prefix_path.sh
[11.972s] -- Installing: /home/migue/tf2_ws/install/learning_tf2_cpp/share/learning_tf2_cpp/environment/ament_prefix_path.dsv
[11.972s] -- Installing: /home/migue/tf2_ws/install/learning_tf2_cpp/share/learning_tf2_cpp/environment/path.sh
[11.972s] -- Installing: /home/migue/tf2_ws/install/learning_tf2_cpp/share/learning_tf2_cpp/environment/path.dsv
[11.972s] -- Installing: /home/migue/tf2_ws/install/learning_tf2_cpp/share/learning_tf2_cpp/local_setup.bash
[11.972s] -- Installing: /home/migue/tf2_ws/install/learning_tf2_cpp/share/learning_tf2_cpp/local_setup.sh
[11.972s] -- Installing: /home/migue/tf2_ws/install/learning_tf2_cpp/share/learning_tf2_cpp/local_setup.zsh
[11.973s] -- Installing: /home/migue/tf2_ws/install/learning_tf2_cpp/share/learning_tf2_cpp/local_setup.dsv
[11.973s] -- Installing: /home/migue/tf2_ws/install/learning_tf2_cpp/share/learning_tf2_cpp/package.dsv
[11.973s] -- Installing: /home/migue/tf2_ws/install/learning_tf2_cpp/share/ament_index/resource_index/packages/learning_tf2_cpp
[11.973s] -- Installing: /home/migue/tf2_ws/install/learning_tf2_cpp/share/learning_tf2_cpp/cmake/learning_tf2_cppConfig.cmake
[11.973s] -- Installing: /home/migue/tf2_ws/install/learning_tf2_cpp/share/learning_tf2_cpp/cmake/learning_tf2_cppConfig-version.cmake
[11.973s] -- Installing: /home/migue/tf2_ws/install/learning_tf2_cpp/share/learning_tf2_cpp/package.xml
[11.977s] Invoked command in '/home/migue/tf2_ws/build/learning_tf2_cpp' returned '0': CMAKE_PREFIX_PATH=/opt/ros/foxy /usr/bin/cmake --install /home/migue/tf2_ws/build/learning_tf2_cpp
