[0.171s] Invoking command in '/home/migue/ros2_ws/build/cpp_srvcli': AMENT_PREFIX_PATH=/home/migue/ros2_ws/install/tutorial_interfaces:${AMENT_PREFIX_PATH} CMAKE_PREFIX_PATH=/home/migue/ros2_ws/install/tutorial_interfaces:/opt/ros/foxy LD_LIBRARY_PATH=/home/migue/ros2_ws/install/tutorial_interfaces/lib:${LD_LIBRARY_PATH} PYTHONPATH=/home/migue/ros2_ws/install/tutorial_interfaces/lib/python3.8/site-packages:${PYTHONPATH} /usr/bin/cmake --build /home/migue/ros2_ws/build/cpp_srvcli -- -j12 -l12
[0.266s] [ 50%] Built target server
[0.393s] [100%] Built target client
[0.403s] Invoked command in '/home/migue/ros2_ws/build/cpp_srvcli' returned '0': AMENT_PREFIX_PATH=/home/migue/ros2_ws/install/tutorial_interfaces:${AMENT_PREFIX_PATH} CMAKE_PREFIX_PATH=/home/migue/ros2_ws/install/tutorial_interfaces:/opt/ros/foxy LD_LIBRARY_PATH=/home/migue/ros2_ws/install/tutorial_interfaces/lib:${LD_LIBRARY_PATH} PYTHONPATH=/home/migue/ros2_ws/install/tutorial_interfaces/lib/python3.8/site-packages:${PYTHONPATH} /usr/bin/cmake --build /home/migue/ros2_ws/build/cpp_srvcli -- -j12 -l12
[0.435s] Invoking command in '/home/migue/ros2_ws/build/cpp_srvcli': AMENT_PREFIX_PATH=/home/migue/ros2_ws/install/tutorial_interfaces:${AMENT_PREFIX_PATH} CMAKE_PREFIX_PATH=/home/migue/ros2_ws/install/tutorial_interfaces:/opt/ros/foxy LD_LIBRARY_PATH=/home/migue/ros2_ws/install/tutorial_interfaces/lib:${LD_LIBRARY_PATH} PYTHONPATH=/home/migue/ros2_ws/install/tutorial_interfaces/lib/python3.8/site-packages:${PYTHONPATH} /usr/bin/cmake --install /home/migue/ros2_ws/build/cpp_srvcli
[0.444s] -- Install configuration: ""
[0.508s] -- Up-to-date: /home/migue/ros2_ws/install/cpp_srvcli/lib/cpp_srvcli/server
[0.595s] -- Up-to-date: /home/migue/ros2_ws/install/cpp_srvcli/lib/cpp_srvcli/client
[0.596s] -- Up-to-date: /home/migue/ros2_ws/install/cpp_srvcli/share/ament_index/resource_index/package_run_dependencies/cpp_srvcli
[0.596s] -- Up-to-date: /home/migue/ros2_ws/install/cpp_srvcli/share/ament_index/resource_index/parent_prefix_path/cpp_srvcli
[0.597s] -- Up-to-date: /home/migue/ros2_ws/install/cpp_srvcli/share/cpp_srvcli/environment/ament_prefix_path.sh
[0.597s] -- Up-to-date: /home/migue/ros2_ws/install/cpp_srvcli/share/cpp_srvcli/environment/ament_prefix_path.dsv
[0.597s] -- Up-to-date: /home/migue/ros2_ws/install/cpp_srvcli/share/cpp_srvcli/environment/path.sh
[0.597s] -- Up-to-date: /home/migue/ros2_ws/install/cpp_srvcli/share/cpp_srvcli/environment/path.dsv
[0.597s] -- Up-to-date: /home/migue/ros2_ws/install/cpp_srvcli/share/cpp_srvcli/local_setup.bash
[0.597s] -- Up-to-date: /home/migue/ros2_ws/install/cpp_srvcli/share/cpp_srvcli/local_setup.sh
[0.597s] -- Up-to-date: /home/migue/ros2_ws/install/cpp_srvcli/share/cpp_srvcli/local_setup.zsh
[0.597s] -- Up-to-date: /home/migue/ros2_ws/install/cpp_srvcli/share/cpp_srvcli/local_setup.dsv
[0.598s] -- Installing: /home/migue/ros2_ws/install/cpp_srvcli/share/cpp_srvcli/package.dsv
[0.598s] -- Up-to-date: /home/migue/ros2_ws/install/cpp_srvcli/share/ament_index/resource_index/packages/cpp_srvcli
[0.599s] -- Up-to-date: /home/migue/ros2_ws/install/cpp_srvcli/share/cpp_srvcli/cmake/cpp_srvcliConfig.cmake
[0.602s] -- Up-to-date: /home/migue/ros2_ws/install/cpp_srvcli/share/cpp_srvcli/cmake/cpp_srvcliConfig-version.cmake
[0.603s] -- Up-to-date: /home/migue/ros2_ws/install/cpp_srvcli/share/cpp_srvcli/package.xml
[0.603s] Invoked command in '/home/migue/ros2_ws/build/cpp_srvcli' returned '0': AMENT_PREFIX_PATH=/home/migue/ros2_ws/install/tutorial_interfaces:${AMENT_PREFIX_PATH} CMAKE_PREFIX_PATH=/home/migue/ros2_ws/install/tutorial_interfaces:/opt/ros/foxy LD_LIBRARY_PATH=/home/migue/ros2_ws/install/tutorial_interfaces/lib:${LD_LIBRARY_PATH} PYTHONPATH=/home/migue/ros2_ws/install/tutorial_interfaces/lib/python3.8/site-packages:${PYTHONPATH} /usr/bin/cmake --install /home/migue/ros2_ws/build/cpp_srvcli
