[0.033s] Invoking command in '/home/migue/ros2_ws/build/cpp_launch_example': CMAKE_PREFIX_PATH=/opt/ros/foxy /usr/bin/cmake --build /home/migue/ros2_ws/build/cpp_launch_example -- -j12 -l12
[0.056s] -- Found ament_cmake: 0.9.11 (/opt/ros/foxy/share/ament_cmake/cmake)
[0.086s] -- Using PYTHON_EXECUTABLE: /usr/bin/python3
[0.280s] -- Found ament_lint_auto: 0.9.7 (/opt/ros/foxy/share/ament_lint_auto/cmake)
[0.355s] -- Added test 'copyright' to check source files copyright and LICENSE
[0.358s] -- Added test 'flake8' to check Python code syntax and style conventions
[0.358s] -- Added test 'lint_cmake' to check CMake code style
[0.359s] -- Added test 'pep257' to check Python code against some of the style conventions in PEP 257
[0.359s] -- Added test 'xmllint' to check XML markup files
[0.361s] -- Configuring done
[0.361s] -- Generating done
[0.362s] -- Build files have been written to: /home/migue/ros2_ws/build/cpp_launch_example
[0.398s] Invoked command in '/home/migue/ros2_ws/build/cpp_launch_example' returned '0': CMAKE_PREFIX_PATH=/opt/ros/foxy /usr/bin/cmake --build /home/migue/ros2_ws/build/cpp_launch_example -- -j12 -l12
[0.449s] Invoking command in '/home/migue/ros2_ws/build/cpp_launch_example': CMAKE_PREFIX_PATH=/opt/ros/foxy /usr/bin/cmake --install /home/migue/ros2_ws/build/cpp_launch_example
[0.459s] -- Install configuration: ""
[0.459s] -- Up-to-date: /home/migue/ros2_ws/install/cpp_launch_example/share/cpp_launch_example//launch
[0.459s] -- Up-to-date: /home/migue/ros2_ws/install/cpp_launch_example/share/cpp_launch_example//launch/my_script_launch.py
[0.459s] -- Installing: /home/migue/ros2_ws/install/cpp_launch_example/share/ament_index/resource_index/package_run_dependencies/cpp_launch_example
[0.459s] -- Up-to-date: /home/migue/ros2_ws/install/cpp_launch_example/share/ament_index/resource_index/parent_prefix_path/cpp_launch_example
[0.460s] -- Up-to-date: /home/migue/ros2_ws/install/cpp_launch_example/share/cpp_launch_example/environment/ament_prefix_path.sh
[0.460s] -- Installing: /home/migue/ros2_ws/install/cpp_launch_example/share/cpp_launch_example/environment/ament_prefix_path.dsv
[0.460s] -- Up-to-date: /home/migue/ros2_ws/install/cpp_launch_example/share/cpp_launch_example/environment/path.sh
[0.460s] -- Installing: /home/migue/ros2_ws/install/cpp_launch_example/share/cpp_launch_example/environment/path.dsv
[0.460s] -- Up-to-date: /home/migue/ros2_ws/install/cpp_launch_example/share/cpp_launch_example/local_setup.bash
[0.460s] -- Up-to-date: /home/migue/ros2_ws/install/cpp_launch_example/share/cpp_launch_example/local_setup.sh
[0.461s] -- Up-to-date: /home/migue/ros2_ws/install/cpp_launch_example/share/cpp_launch_example/local_setup.zsh
[0.461s] -- Installing: /home/migue/ros2_ws/install/cpp_launch_example/share/cpp_launch_example/local_setup.dsv
[0.461s] -- Installing: /home/migue/ros2_ws/install/cpp_launch_example/share/cpp_launch_example/package.dsv
[0.461s] -- Up-to-date: /home/migue/ros2_ws/install/cpp_launch_example/share/ament_index/resource_index/packages/cpp_launch_example
[0.461s] -- Up-to-date: /home/migue/ros2_ws/install/cpp_launch_example/share/cpp_launch_example/cmake/cpp_launch_exampleConfig.cmake
[0.461s] -- Up-to-date: /home/migue/ros2_ws/install/cpp_launch_example/share/cpp_launch_example/cmake/cpp_launch_exampleConfig-version.cmake
[0.461s] -- Installing: /home/migue/ros2_ws/install/cpp_launch_example/share/cpp_launch_example/package.xml
[0.487s] Invoked command in '/home/migue/ros2_ws/build/cpp_launch_example' returned '0': CMAKE_PREFIX_PATH=/opt/ros/foxy /usr/bin/cmake --install /home/migue/ros2_ws/build/cpp_launch_example
