[0.067s] Invoking command in '/home/migue/ros2_ws/build/cpp_pubsub': CMAKE_PREFIX_PATH=${CMAKE_PREFIX_PATH}:/opt/ros/foxy /usr/bin/cmake --build /home/migue/ros2_ws/build/cpp_pubsub -- -j12 -l12
[0.376s] -- Found ament_cmake: 0.9.11 (/opt/ros/foxy/share/ament_cmake/cmake)
[0.401s] -- Using PYTHON_EXECUTABLE: /usr/bin/python3
[0.652s] -- Found rclcpp: 2.4.2 (/opt/ros/foxy/share/rclcpp/cmake)
[0.760s] -- Using all available rosidl_typesupport_c: rosidl_typesupport_fastrtps_c;rosidl_typesupport_introspection_c
[0.764s] -- Found rosidl_adapter: 1.3.0 (/opt/ros/foxy/share/rosidl_adapter/cmake)
[0.914s] -- Using all available rosidl_typesupport_cpp: rosidl_typesupport_fastrtps_cpp;rosidl_typesupport_introspection_cpp
[1.067s] -- Found rmw_implementation_cmake: 1.0.3 (/opt/ros/foxy/share/rmw_implementation_cmake/cmake)
[1.071s] -- Using RMW implementation 'rmw_fastrtps_cpp' as default
[1.283s] -- Found ament_lint_auto: 0.9.7 (/opt/ros/foxy/share/ament_lint_auto/cmake)
[1.341s] -- Added test 'copyright' to check source files copyright and LICENSE
[1.342s] -- Added test 'cppcheck' to perform static code analysis on C / C++ code
[1.343s] -- Configured cppcheck include dirs: 
[1.343s] -- Configured cppcheck exclude dirs and/or files: 
[1.344s] -- Added test 'cpplint' to check C / C++ code against the Google style
[1.344s] -- Configured cpplint exclude dirs and/or files: 
[1.345s] -- Added test 'lint_cmake' to check CMake code style
[1.345s] -- Added test 'uncrustify' to check C / C++ code style
[1.345s] -- Configured uncrustify additional arguments: 
[1.346s] -- Added test 'xmllint' to check XML markup files
[1.348s] -- Configuring done
[1.427s] -- Generating done
[1.430s] -- Build files have been written to: /home/migue/ros2_ws/build/cpp_pubsub
[1.458s] [35m[1mScanning dependencies of target talker[0m
[1.459s] [35m[1mScanning dependencies of target listener[0m
[1.533s] [ 25%] [32mBuilding CXX object CMakeFiles/talker.dir/src/publisher_member_function.cpp.o[0m
[1.546s] [ 50%] [32mBuilding CXX object CMakeFiles/listener.dir/src/subscriber_member_function.cpp.o[0m
[5.269s] [ 75%] [32m[1mLinking CXX executable talker[0m
[6.217s] [ 75%] Built target talker
[6.391s] [100%] [32m[1mLinking CXX executable listener[0m
[6.617s] [100%] Built target listener
[6.630s] Invoked command in '/home/migue/ros2_ws/build/cpp_pubsub' returned '0': CMAKE_PREFIX_PATH=${CMAKE_PREFIX_PATH}:/opt/ros/foxy /usr/bin/cmake --build /home/migue/ros2_ws/build/cpp_pubsub -- -j12 -l12
[6.659s] Invoking command in '/home/migue/ros2_ws/build/cpp_pubsub': CMAKE_PREFIX_PATH=${CMAKE_PREFIX_PATH}:/opt/ros/foxy /usr/bin/cmake --install /home/migue/ros2_ws/build/cpp_pubsub
[6.666s] -- Install configuration: ""
[6.701s] -- Installing: /home/migue/ros2_ws/install/cpp_pubsub/lib/cpp_pubsub/talker
[6.703s] -- Set runtime path of "/home/migue/ros2_ws/install/cpp_pubsub/lib/cpp_pubsub/talker" to ""
[6.735s] -- Installing: /home/migue/ros2_ws/install/cpp_pubsub/lib/cpp_pubsub/listener
[6.739s] -- Set runtime path of "/home/migue/ros2_ws/install/cpp_pubsub/lib/cpp_pubsub/listener" to ""
[6.739s] -- Up-to-date: /home/migue/ros2_ws/install/cpp_pubsub/share/ament_index/resource_index/package_run_dependencies/cpp_pubsub
[6.740s] -- Installing: /home/migue/ros2_ws/install/cpp_pubsub/share/ament_index/resource_index/parent_prefix_path/cpp_pubsub
[6.740s] -- Up-to-date: /home/migue/ros2_ws/install/cpp_pubsub/share/cpp_pubsub/environment/ament_prefix_path.sh
[6.740s] -- Installing: /home/migue/ros2_ws/install/cpp_pubsub/share/cpp_pubsub/environment/ament_prefix_path.dsv
[6.740s] -- Up-to-date: /home/migue/ros2_ws/install/cpp_pubsub/share/cpp_pubsub/environment/path.sh
[6.741s] -- Installing: /home/migue/ros2_ws/install/cpp_pubsub/share/cpp_pubsub/environment/path.dsv
[6.741s] -- Up-to-date: /home/migue/ros2_ws/install/cpp_pubsub/share/cpp_pubsub/local_setup.bash
[6.741s] -- Up-to-date: /home/migue/ros2_ws/install/cpp_pubsub/share/cpp_pubsub/local_setup.sh
[6.741s] -- Up-to-date: /home/migue/ros2_ws/install/cpp_pubsub/share/cpp_pubsub/local_setup.zsh
[6.741s] -- Installing: /home/migue/ros2_ws/install/cpp_pubsub/share/cpp_pubsub/local_setup.dsv
[6.741s] -- Installing: /home/migue/ros2_ws/install/cpp_pubsub/share/cpp_pubsub/package.dsv
[6.741s] -- Up-to-date: /home/migue/ros2_ws/install/cpp_pubsub/share/ament_index/resource_index/packages/cpp_pubsub
[6.742s] -- Up-to-date: /home/migue/ros2_ws/install/cpp_pubsub/share/cpp_pubsub/cmake/cpp_pubsubConfig.cmake
[6.742s] -- Up-to-date: /home/migue/ros2_ws/install/cpp_pubsub/share/cpp_pubsub/cmake/cpp_pubsubConfig-version.cmake
[6.742s] -- Installing: /home/migue/ros2_ws/install/cpp_pubsub/share/cpp_pubsub/package.xml
[6.749s] Invoked command in '/home/migue/ros2_ws/build/cpp_pubsub' returned '0': CMAKE_PREFIX_PATH=${CMAKE_PREFIX_PATH}:/opt/ros/foxy /usr/bin/cmake --install /home/migue/ros2_ws/build/cpp_pubsub
