[0.027s] Invoking command in '/home/migue/ros2_ws/build/cpp_srvcli': CMAKE_PREFIX_PATH=/home/migue/ros2_ws/install/tutorial_interfaces:/home/migue/ros2_ws/install/cpp_srvcli:/home/migue/ros2_ws/install/cpp_pubsub:/opt/ros/foxy /usr/bin/cmake --build /home/migue/ros2_ws/build/cpp_srvcli -- -j12 -l12
[0.073s] [35m[1mScanning dependencies of target client[0m
[0.091s] [ 50%] Built target server
[0.098s] [ 75%] [32mBuilding CXX object CMakeFiles/client.dir/src/add_two_ints_client.cpp.o[0m
[1.293s] [01m[K/home/migue/ros2_ws/src/cpp_srvcli/src/add_two_ints_client.cpp:[m[K In function ‘[01m[Kint main(int, char**)[m[K’:
[1.293s] [01m[K/home/migue/ros2_ws/src/cpp_srvcli/src/add_two_ints_client.cpp:31:61:[m[K [01;31m[Kerror: [m[K‘[01m[KAddTwoInts[m[K’ is not a member of ‘[01m[Ktutorial_interfaces::srv[m[K’; did you mean ‘[01m[KAddThreeInts[m[K’?
[1.293s]    31 |   auto request = std::make_shared<tutorial_interfaces::srv::[01;31m[KAddTwoInts[m[K::Request>();
[1.293s]       |                                                             [01;31m[K^~~~~~~~~~[m[K
[1.293s]       |                                                             [32m[KAddThreeInts[m[K
[1.293s] [01m[K/home/migue/ros2_ws/src/cpp_srvcli/src/add_two_ints_client.cpp:31:61:[m[K [01;31m[Kerror: [m[K‘[01m[KAddTwoInts[m[K’ is not a member of ‘[01m[Ktutorial_interfaces::srv[m[K’; did you mean ‘[01m[KAddThreeInts[m[K’?
[1.294s]    31 |   auto request = std::make_shared<tutorial_interfaces::srv::[01;31m[KAddTwoInts[m[K::Request>();
[1.294s]       |                                                             [01;31m[K^~~~~~~~~~[m[K
[1.294s]       |                                                             [32m[KAddThreeInts[m[K
[1.294s] [01m[K/home/migue/ros2_ws/src/cpp_srvcli/src/add_two_ints_client.cpp:31:23:[m[K [01;31m[Kerror: [m[Kparse error in template argument list
[1.294s]    31 |   auto request = std::[01;31m[Kmake_shared<tutorial_interfaces::srv::AddTwoInts::Request>[m[K();
[1.294s]       |                       [01;31m[K^~~~~~~~~~~~~~~~~~~~~~~~~~~~~~~~~~~~~~~~~~~~~~~~~~~~~~~~~~[m[K
[1.294s] [01m[K/home/migue/ros2_ws/src/cpp_srvcli/src/add_two_ints_client.cpp:31:82:[m[K [01;31m[Kerror: [m[Kno matching function for call to ‘[01m[Kmake_shared<<expression error> >()[m[K’
[1.295s]    31 | ::make_shared<tutorial_interfaces::srv::AddTwoInts::Request>([01;31m[K)[m[K;
[1.295s]       |                                                              [01;31m[K^[m[K
[1.295s] 
[1.295s] In file included from [01m[K/usr/include/c++/9/memory:81[m[K,
[1.295s]                  from [01m[K/opt/ros/foxy/include/rclcpp/rclcpp.hpp:144[m[K,
[1.295s]                  from [01m[K/home/migue/ros2_ws/src/cpp_srvcli/src/add_two_ints_client.cpp:1[m[K:
[1.296s] [01m[K/usr/include/c++/9/bits/shared_ptr.h:714:5:[m[K [01;36m[Knote: [m[Kcandidate: ‘[01m[Ktemplate<class _Tp, class ... _Args> std::shared_ptr<_Tp> std::make_shared(_Args&& ...)[m[K’
[1.296s]   714 |     [01;36m[Kmake_shared[m[K(_Args&&... __args)
[1.296s]       |     [01;36m[K^~~~~~~~~~~[m[K
[1.296s] [01m[K/usr/include/c++/9/bits/shared_ptr.h:714:5:[m[K [01;36m[Knote: [m[K  template argument deduction/substitution failed:
[1.296s] [01m[K/home/migue/ros2_ws/src/cpp_srvcli/src/add_two_ints_client.cpp:31:82:[m[K [01;31m[Kerror: [m[Ktemplate argument 1 is invalid
[1.296s]    31 | ::make_shared<tutorial_interfaces::srv::AddTwoInts::Request>([01;31m[K)[m[K;
[1.296s]       |                                                              [01;31m[K^[m[K
[1.296s] 
[1.668s] make[2]: *** [CMakeFiles/client.dir/build.make:63: CMakeFiles/client.dir/src/add_two_ints_client.cpp.o] Error 1
[1.668s] make[1]: *** [CMakeFiles/Makefile2:80: CMakeFiles/client.dir/all] Error 2
[1.668s] make: *** [Makefile:141: all] Error 2
[1.671s] Invoked command in '/home/migue/ros2_ws/build/cpp_srvcli' returned '2': CMAKE_PREFIX_PATH=/home/migue/ros2_ws/install/tutorial_interfaces:/home/migue/ros2_ws/install/cpp_srvcli:/home/migue/ros2_ws/install/cpp_pubsub:/opt/ros/foxy /usr/bin/cmake --build /home/migue/ros2_ws/build/cpp_srvcli -- -j12 -l12
