[0.103s] Invoking command in '/home/migue/ros2_ws/build/action_tutorials_interfaces': CMAKE_PREFIX_PATH=/opt/ros/foxy /usr/bin/cmake /home/migue/ros2_ws/src/action_tutorials_interfaces -DCMAKE_INSTALL_PREFIX=/home/migue/ros2_ws/install/action_tutorials_interfaces
[3.426s] -- The C compiler identification is GNU 9.4.0
[4.746s] -- The CXX compiler identification is GNU 9.4.0
[4.808s] -- Check for working C compiler: /usr/bin/cc
[4.924s] -- Check for working C compiler: /usr/bin/cc -- works
[4.944s] -- Detecting C compiler ABI info
[5.062s] -- Detecting C compiler ABI info - done
[5.075s] -- Detecting C compile features
[5.076s] -- Detecting C compile features - done
[5.078s] -- Check for working CXX compiler: /usr/bin/c++
[5.151s] -- Check for working CXX compiler: /usr/bin/c++ -- works
[5.152s] -- Detecting CXX compiler ABI info
[5.229s] -- Detecting CXX compiler ABI info - done
[5.242s] -- Detecting CXX compile features
[5.242s] -- Detecting CXX compile features - done
[5.309s] -- Found ament_cmake: 0.9.11 (/opt/ros/foxy/share/ament_cmake/cmake)
[5.372s] -- Found PythonInterp: /usr/bin/python3 (found suitable version "3.8.10", minimum required is "3") 
[5.373s] -- Using PYTHON_EXECUTABLE: /usr/bin/python3
[5.647s] -- Found rosidl_default_generators: 1.0.1 (/opt/ros/foxy/share/rosidl_default_generators/cmake)
[5.701s] -- Using all available rosidl_typesupport_c: rosidl_typesupport_fastrtps_c;rosidl_typesupport_introspection_c
[5.758s] -- Found rosidl_adapter: 1.3.0 (/opt/ros/foxy/share/rosidl_adapter/cmake)
[6.206s] -- Found OpenSSL: /usr/lib/x86_64-linux-gnu/libcrypto.so (found version "1.1.1f")  
[6.235s] -- Found FastRTPS: /opt/ros/foxy/include  
[6.389s] -- Using all available rosidl_typesupport_cpp: rosidl_typesupport_fastrtps_cpp;rosidl_typesupport_introspection_cpp
[6.492s] -- Found PythonInterp: /usr/bin/python3 (found version "3.8.10") 
[6.757s] -- Found ament_cmake_ros: 0.9.2 (/opt/ros/foxy/share/ament_cmake_ros/cmake)
[6.955s] -- Using all available rosidl_typesupport_c: rosidl_typesupport_fastrtps_c;rosidl_typesupport_introspection_c
[6.975s] -- Using all available rosidl_typesupport_cpp: rosidl_typesupport_fastrtps_cpp;rosidl_typesupport_introspection_cpp
[6.996s] -- Found PythonInterp: /usr/bin/python3 (found suitable version "3.8.10", minimum required is "3.5") 
[6.998s] -- Found python_cmake_module: 0.8.1 (/opt/ros/foxy/share/python_cmake_module/cmake)
[7.054s] -- Found PythonLibs: /usr/lib/x86_64-linux-gnu/libpython3.8.so (found suitable version "3.8.10", minimum required is "3.5") 
[7.054s] -- Using PYTHON_EXECUTABLE: /usr/bin/python3
[7.054s] -- Using PYTHON_INCLUDE_DIRS: /usr/include/python3.8
[7.055s] -- Using PYTHON_LIBRARIES: /usr/lib/x86_64-linux-gnu/libpython3.8.so
[7.077s] -- Found PythonExtra: .so  
[7.144s] -- Found ament_lint_auto: 0.9.7 (/opt/ros/foxy/share/ament_lint_auto/cmake)
[7.265s] -- Added test 'copyright' to check source files copyright and LICENSE
[7.267s] -- Added test 'lint_cmake' to check CMake code style
[7.268s] -- Added test 'xmllint' to check XML markup files
[7.272s] -- Configuring done
[7.386s] -- Generating done
[7.388s] -- Build files have been written to: /home/migue/ros2_ws/build/action_tutorials_interfaces
[7.396s] Invoked command in '/home/migue/ros2_ws/build/action_tutorials_interfaces' returned '0': CMAKE_PREFIX_PATH=/opt/ros/foxy /usr/bin/cmake /home/migue/ros2_ws/src/action_tutorials_interfaces -DCMAKE_INSTALL_PREFIX=/home/migue/ros2_ws/install/action_tutorials_interfaces
[7.399s] Invoking command in '/home/migue/ros2_ws/build/action_tutorials_interfaces': CMAKE_PREFIX_PATH=/opt/ros/foxy /usr/bin/cmake --build /home/migue/ros2_ws/build/action_tutorials_interfaces -- -j12 -l12
[7.445s] [  3%] [34m[1mGenerating C code for ROS interfaces[0m
[7.447s] [35m[1mScanning dependencies of target action_tutorials_interfaces__cpp[0m
[7.457s] [  6%] [34m[1mGenerating C++ code for ROS interfaces[0m
[7.878s] [  6%] Built target action_tutorials_interfaces__cpp
[7.884s] [35m[1mScanning dependencies of target action_tutorials_interfaces__rosidl_generator_c[0m
[7.891s] [ 12%] [34m[1mGenerating C++ type support dispatch for ROS interfaces[0m
[7.891s] [ 12%] [34m[1mGenerating C++ type support for eProsima Fast-RTPS[0m
[7.891s] [ 16%] [34m[1mGenerating C++ introspection for ROS interfaces[0m
[7.956s] [ 19%] [32mBuilding C object CMakeFiles/action_tutorials_interfaces__rosidl_generator_c.dir/rosidl_generator_c/action_tutorials_interfaces/action/detail/fibonacci__functions.c.o[0m
[8.103s] [35m[1mScanning dependencies of target action_tutorials_interfaces__rosidl_typesupport_cpp[0m
[8.142s] [35m[1mScanning dependencies of target action_tutorials_interfaces__rosidl_typesupport_introspection_cpp[0m
[8.188s] [35m[1mScanning dependencies of target action_tutorials_interfaces__rosidl_typesupport_fastrtps_cpp[0m
[8.196s] [ 22%] [32mBuilding CXX object CMakeFiles/action_tutorials_interfaces__rosidl_typesupport_introspection_cpp.dir/rosidl_typesupport_introspection_cpp/action_tutorials_interfaces/action/detail/fibonacci__type_support.cpp.o[0m
[8.198s] [ 25%] [32mBuilding CXX object CMakeFiles/action_tutorials_interfaces__rosidl_typesupport_cpp.dir/rosidl_typesupport_cpp/action_tutorials_interfaces/action/fibonacci__type_support.cpp.o[0m
[8.380s] [ 29%] [32mBuilding CXX object CMakeFiles/action_tutorials_interfaces__rosidl_typesupport_fastrtps_cpp.dir/rosidl_typesupport_fastrtps_cpp/action_tutorials_interfaces/action/detail/dds_fastrtps/fibonacci__type_support.cpp.o[0m
[8.390s] [ 32%] [32m[1mLinking C shared library libaction_tutorials_interfaces__rosidl_generator_c.so[0m
[8.515s] [ 32%] Built target action_tutorials_interfaces__rosidl_generator_c
[8.528s] [ 38%] [34m[1mGenerating C introspection for ROS interfaces[0m
[8.528s] [ 38%] [34m[1mGenerating C type support dispatch for ROS interfaces[0m
[8.793s] [ 41%] [32m[1mLinking CXX shared library libaction_tutorials_interfaces__rosidl_typesupport_cpp.so[0m
[8.828s] [ 41%] Built target action_tutorials_interfaces__rosidl_typesupport_cpp
[8.911s] [ 45%] [32m[1mLinking CXX shared library libaction_tutorials_interfaces__rosidl_typesupport_introspection_cpp.so[0m
[9.002s] [ 45%] Built target action_tutorials_interfaces__rosidl_typesupport_introspection_cpp
[9.068s] [35m[1mScanning dependencies of target action_tutorials_interfaces__rosidl_typesupport_c[0m
[9.114s] [35m[1mScanning dependencies of target action_tutorials_interfaces__rosidl_typesupport_introspection_c[0m
[9.221s] [ 48%] [32mBuilding CXX object CMakeFiles/action_tutorials_interfaces__rosidl_typesupport_c.dir/rosidl_typesupport_c/action_tutorials_interfaces/action/fibonacci__type_support.cpp.o[0m
[9.243s] [ 51%] [32mBuilding C object CMakeFiles/action_tutorials_interfaces__rosidl_typesupport_introspection_c.dir/rosidl_typesupport_introspection_c/action_tutorials_interfaces/action/detail/fibonacci__type_support.c.o[0m
[9.263s] [ 54%] [32m[1mLinking CXX shared library libaction_tutorials_interfaces__rosidl_typesupport_c.so[0m
[9.290s] [ 58%] [32m[1mLinking C shared library libaction_tutorials_interfaces__rosidl_typesupport_introspection_c.so[0m
[9.303s] [ 58%] Built target action_tutorials_interfaces__rosidl_typesupport_c
[9.319s] [ 58%] Built target action_tutorials_interfaces__rosidl_typesupport_introspection_c
[9.587s] [ 61%] [32m[1mLinking CXX shared library libaction_tutorials_interfaces__rosidl_typesupport_fastrtps_cpp.so[0m
[9.829s] [ 61%] Built target action_tutorials_interfaces__rosidl_typesupport_fastrtps_cpp
[9.838s] [ 64%] [34m[1mGenerating C type support for eProsima Fast-RTPS[0m
[10.200s] [35m[1mScanning dependencies of target action_tutorials_interfaces__rosidl_typesupport_fastrtps_c[0m
[10.241s] [ 67%] [32mBuilding CXX object CMakeFiles/action_tutorials_interfaces__rosidl_typesupport_fastrtps_c.dir/rosidl_typesupport_fastrtps_c/action_tutorials_interfaces/action/detail/fibonacci__type_support_c.cpp.o[0m
[10.564s] [ 70%] [32m[1mLinking CXX shared library libaction_tutorials_interfaces__rosidl_typesupport_fastrtps_c.so[0m
[10.673s] [ 70%] Built target action_tutorials_interfaces__rosidl_typesupport_fastrtps_c
[10.685s] [35m[1mScanning dependencies of target action_tutorials_interfaces[0m
[10.699s] [ 70%] Built target action_tutorials_interfaces
[10.711s] [35m[1mScanning dependencies of target action_tutorials_interfaces__py[0m
[10.721s] [ 74%] [34m[1mGenerating Python code for ROS interfaces[0m
[12.389s] [ 74%] Built target action_tutorials_interfaces__py
[12.402s] [35m[1mScanning dependencies of target action_tutorials_interfaces__python[0m
[12.578s] [ 77%] [32mBuilding C object CMakeFiles/action_tutorials_interfaces__python.dir/rosidl_generator_py/action_tutorials_interfaces/action/_fibonacci_s.c.o[0m
[13.041s] [ 80%] [32m[1mLinking C shared library rosidl_generator_py/action_tutorials_interfaces/libaction_tutorials_interfaces__python.so[0m
[13.118s] [ 80%] Built target action_tutorials_interfaces__python
[13.127s] [35m[1mScanning dependencies of target action_tutorials_interfaces__rosidl_typesupport_introspection_c__pyext[0m
[13.128s] [35m[1mScanning dependencies of target action_tutorials_interfaces__rosidl_typesupport_c__pyext[0m
[13.131s] [35m[1mScanning dependencies of target action_tutorials_interfaces__rosidl_typesupport_fastrtps_c__pyext[0m
[13.144s] [ 83%] [32mBuilding C object CMakeFiles/action_tutorials_interfaces__rosidl_typesupport_c__pyext.dir/rosidl_generator_py/action_tutorials_interfaces/_action_tutorials_interfaces_s.ep.rosidl_typesupport_c.c.o[0m
[13.145s] [ 87%] [32mBuilding C object CMakeFiles/action_tutorials_interfaces__rosidl_typesupport_introspection_c__pyext.dir/rosidl_generator_py/action_tutorials_interfaces/_action_tutorials_interfaces_s.ep.rosidl_typesupport_introspection_c.c.o[0m
[13.148s] [ 90%] [32mBuilding C object CMakeFiles/action_tutorials_interfaces__rosidl_typesupport_fastrtps_c__pyext.dir/rosidl_generator_py/action_tutorials_interfaces/_action_tutorials_interfaces_s.ep.rosidl_typesupport_fastrtps_c.c.o[0m
[13.230s] [ 96%] [32m[1mLinking C shared library rosidl_generator_py/action_tutorials_interfaces/action_tutorials_interfaces_s__rosidl_typesupport_c.cpython-38-x86_64-linux-gnu.so[0m
[13.230s] [ 96%] [32m[1mLinking C shared library rosidl_generator_py/action_tutorials_interfaces/action_tutorials_interfaces_s__rosidl_typesupport_introspection_c.cpython-38-x86_64-linux-gnu.so[0m
[13.247s] [100%] [32m[1mLinking CXX shared library rosidl_generator_py/action_tutorials_interfaces/action_tutorials_interfaces_s__rosidl_typesupport_fastrtps_c.cpython-38-x86_64-linux-gnu.so[0m
[13.263s] [100%] Built target action_tutorials_interfaces__rosidl_typesupport_introspection_c__pyext
[13.265s] [100%] Built target action_tutorials_interfaces__rosidl_typesupport_c__pyext
[13.313s] [100%] Built target action_tutorials_interfaces__rosidl_typesupport_fastrtps_c__pyext
[13.323s] Invoked command in '/home/migue/ros2_ws/build/action_tutorials_interfaces' returned '0': CMAKE_PREFIX_PATH=/opt/ros/foxy /usr/bin/cmake --build /home/migue/ros2_ws/build/action_tutorials_interfaces -- -j12 -l12
[13.374s] Invoking command in '/home/migue/ros2_ws/build/action_tutorials_interfaces': CMAKE_PREFIX_PATH=/opt/ros/foxy /usr/bin/cmake --install /home/migue/ros2_ws/build/action_tutorials_interfaces
[13.383s] -- Install configuration: ""
[13.384s] -- Installing: /home/migue/ros2_ws/install/action_tutorials_interfaces/share/ament_index/resource_index/rosidl_interfaces/action_tutorials_interfaces
[13.384s] -- Installing: /home/migue/ros2_ws/install/action_tutorials_interfaces/include/action_tutorials_interfaces
[13.384s] -- Installing: /home/migue/ros2_ws/install/action_tutorials_interfaces/include/action_tutorials_interfaces/action
[13.384s] -- Installing: /home/migue/ros2_ws/install/action_tutorials_interfaces/include/action_tutorials_interfaces/action/detail
[13.384s] -- Installing: /home/migue/ros2_ws/install/action_tutorials_interfaces/include/action_tutorials_interfaces/action/detail/fibonacci__functions.h
[13.384s] -- Installing: /home/migue/ros2_ws/install/action_tutorials_interfaces/include/action_tutorials_interfaces/action/detail/fibonacci__type_support.h
[13.384s] -- Installing: /home/migue/ros2_ws/install/action_tutorials_interfaces/include/action_tutorials_interfaces/action/detail/fibonacci__struct.h
[13.384s] -- Installing: /home/migue/ros2_ws/install/action_tutorials_interfaces/include/action_tutorials_interfaces/action/detail/fibonacci__functions.c
[13.384s] -- Installing: /home/migue/ros2_ws/install/action_tutorials_interfaces/include/action_tutorials_interfaces/action/fibonacci.h
[13.384s] -- Installing: /home/migue/ros2_ws/install/action_tutorials_interfaces/include/action_tutorials_interfaces/msg
[13.384s] -- Installing: /home/migue/ros2_ws/install/action_tutorials_interfaces/include/action_tutorials_interfaces/msg/rosidl_generator_c__visibility_control.h
[13.385s] -- Installing: /home/migue/ros2_ws/install/action_tutorials_interfaces/share/action_tutorials_interfaces/environment/library_path.sh
[13.385s] -- Installing: /home/migue/ros2_ws/install/action_tutorials_interfaces/share/action_tutorials_interfaces/environment/library_path.dsv
[13.385s] -- Installing: /home/migue/ros2_ws/install/action_tutorials_interfaces/lib/libaction_tutorials_interfaces__rosidl_generator_c.so
[13.385s] -- Set runtime path of "/home/migue/ros2_ws/install/action_tutorials_interfaces/lib/libaction_tutorials_interfaces__rosidl_generator_c.so" to ""
[13.385s] -- Up-to-date: /home/migue/ros2_ws/install/action_tutorials_interfaces/include/action_tutorials_interfaces
[13.385s] -- Up-to-date: /home/migue/ros2_ws/install/action_tutorials_interfaces/include/action_tutorials_interfaces/action
[13.385s] -- Up-to-date: /home/migue/ros2_ws/install/action_tutorials_interfaces/include/action_tutorials_interfaces/action/detail
[13.385s] -- Installing: /home/migue/ros2_ws/install/action_tutorials_interfaces/include/action_tutorials_interfaces/action/detail/fibonacci__rosidl_typesupport_fastrtps_c.h
[13.385s] -- Up-to-date: /home/migue/ros2_ws/install/action_tutorials_interfaces/include/action_tutorials_interfaces/msg
[13.385s] -- Installing: /home/migue/ros2_ws/install/action_tutorials_interfaces/include/action_tutorials_interfaces/msg/rosidl_typesupport_fastrtps_c__visibility_control.h
[13.385s] -- Installing: /home/migue/ros2_ws/install/action_tutorials_interfaces/lib/libaction_tutorials_interfaces__rosidl_typesupport_fastrtps_c.so
[13.385s] -- Set runtime path of "/home/migue/ros2_ws/install/action_tutorials_interfaces/lib/libaction_tutorials_interfaces__rosidl_typesupport_fastrtps_c.so" to ""
[13.385s] -- Up-to-date: /home/migue/ros2_ws/install/action_tutorials_interfaces/include/action_tutorials_interfaces
[13.386s] -- Up-to-date: /home/migue/ros2_ws/install/action_tutorials_interfaces/include/action_tutorials_interfaces/action
[13.386s] -- Up-to-date: /home/migue/ros2_ws/install/action_tutorials_interfaces/include/action_tutorials_interfaces/action/detail
[13.386s] -- Installing: /home/migue/ros2_ws/install/action_tutorials_interfaces/include/action_tutorials_interfaces/action/detail/dds_fastrtps
[13.386s] -- Installing: /home/migue/ros2_ws/install/action_tutorials_interfaces/include/action_tutorials_interfaces/action/detail/fibonacci__rosidl_typesupport_fastrtps_cpp.hpp
[13.386s] -- Up-to-date: /home/migue/ros2_ws/install/action_tutorials_interfaces/include/action_tutorials_interfaces/msg
[13.386s] -- Installing: /home/migue/ros2_ws/install/action_tutorials_interfaces/include/action_tutorials_interfaces/msg/rosidl_typesupport_fastrtps_cpp__visibility_control.h
[13.386s] -- Installing: /home/migue/ros2_ws/install/action_tutorials_interfaces/lib/libaction_tutorials_interfaces__rosidl_typesupport_fastrtps_cpp.so
[13.386s] -- Set runtime path of "/home/migue/ros2_ws/install/action_tutorials_interfaces/lib/libaction_tutorials_interfaces__rosidl_typesupport_fastrtps_cpp.so" to ""
[13.386s] -- Up-to-date: /home/migue/ros2_ws/install/action_tutorials_interfaces/include/action_tutorials_interfaces
[13.386s] -- Up-to-date: /home/migue/ros2_ws/install/action_tutorials_interfaces/include/action_tutorials_interfaces/action
[13.386s] -- Up-to-date: /home/migue/ros2_ws/install/action_tutorials_interfaces/include/action_tutorials_interfaces/action/detail
[13.386s] -- Installing: /home/migue/ros2_ws/install/action_tutorials_interfaces/include/action_tutorials_interfaces/action/detail/fibonacci__rosidl_typesupport_introspection_c.h
[13.386s] -- Installing: /home/migue/ros2_ws/install/action_tutorials_interfaces/include/action_tutorials_interfaces/action/detail/fibonacci__type_support.c
[13.386s] -- Up-to-date: /home/migue/ros2_ws/install/action_tutorials_interfaces/include/action_tutorials_interfaces/msg
[13.386s] -- Installing: /home/migue/ros2_ws/install/action_tutorials_interfaces/include/action_tutorials_interfaces/msg/rosidl_typesupport_introspection_c__visibility_control.h
[13.387s] -- Installing: /home/migue/ros2_ws/install/action_tutorials_interfaces/lib/libaction_tutorials_interfaces__rosidl_typesupport_introspection_c.so
[13.387s] -- Set runtime path of "/home/migue/ros2_ws/install/action_tutorials_interfaces/lib/libaction_tutorials_interfaces__rosidl_typesupport_introspection_c.so" to ""
[13.387s] -- Installing: /home/migue/ros2_ws/install/action_tutorials_interfaces/lib/libaction_tutorials_interfaces__rosidl_typesupport_c.so
[13.387s] -- Set runtime path of "/home/migue/ros2_ws/install/action_tutorials_interfaces/lib/libaction_tutorials_interfaces__rosidl_typesupport_c.so" to ""
[13.387s] -- Up-to-date: /home/migue/ros2_ws/install/action_tutorials_interfaces/include/action_tutorials_interfaces
[13.387s] -- Up-to-date: /home/migue/ros2_ws/install/action_tutorials_interfaces/include/action_tutorials_interfaces/action
[13.387s] -- Installing: /home/migue/ros2_ws/install/action_tutorials_interfaces/include/action_tutorials_interfaces/action/fibonacci.hpp
[13.387s] -- Up-to-date: /home/migue/ros2_ws/install/action_tutorials_interfaces/include/action_tutorials_interfaces/action/detail
[13.387s] -- Installing: /home/migue/ros2_ws/install/action_tutorials_interfaces/include/action_tutorials_interfaces/action/detail/fibonacci__traits.hpp
[13.388s] -- Installing: /home/migue/ros2_ws/install/action_tutorials_interfaces/include/action_tutorials_interfaces/action/detail/fibonacci__struct.hpp
[13.388s] -- Installing: /home/migue/ros2_ws/install/action_tutorials_interfaces/include/action_tutorials_interfaces/action/detail/fibonacci__builder.hpp
[13.388s] -- Up-to-date: /home/migue/ros2_ws/install/action_tutorials_interfaces/include/action_tutorials_interfaces
[13.388s] -- Up-to-date: /home/migue/ros2_ws/install/action_tutorials_interfaces/include/action_tutorials_interfaces/action
[13.388s] -- Up-to-date: /home/migue/ros2_ws/install/action_tutorials_interfaces/include/action_tutorials_interfaces/action/detail
[13.388s] -- Installing: /home/migue/ros2_ws/install/action_tutorials_interfaces/include/action_tutorials_interfaces/action/detail/fibonacci__type_support.cpp
[13.388s] -- Installing: /home/migue/ros2_ws/install/action_tutorials_interfaces/include/action_tutorials_interfaces/action/detail/fibonacci__rosidl_typesupport_introspection_cpp.hpp
[13.388s] -- Installing: /home/migue/ros2_ws/install/action_tutorials_interfaces/lib/libaction_tutorials_interfaces__rosidl_typesupport_introspection_cpp.so
[13.388s] -- Set runtime path of "/home/migue/ros2_ws/install/action_tutorials_interfaces/lib/libaction_tutorials_interfaces__rosidl_typesupport_introspection_cpp.so" to ""
[13.388s] -- Installing: /home/migue/ros2_ws/install/action_tutorials_interfaces/lib/libaction_tutorials_interfaces__rosidl_typesupport_cpp.so
[13.388s] -- Set runtime path of "/home/migue/ros2_ws/install/action_tutorials_interfaces/lib/libaction_tutorials_interfaces__rosidl_typesupport_cpp.so" to ""
[13.388s] -- Installing: /home/migue/ros2_ws/install/action_tutorials_interfaces/share/action_tutorials_interfaces/environment/pythonpath.sh
[13.389s] -- Installing: /home/migue/ros2_ws/install/action_tutorials_interfaces/share/action_tutorials_interfaces/environment/pythonpath.dsv
[13.389s] -- Installing: /home/migue/ros2_ws/install/action_tutorials_interfaces/lib/python3.8/site-packages/action_tutorials_interfaces/__init__.py
[13.413s] Compiling '/home/migue/ros2_ws/install/action_tutorials_interfaces/lib/python3.8/site-packages/action_tutorials_interfaces/__init__.py'...
[13.417s] -- Installing: /home/migue/ros2_ws/install/action_tutorials_interfaces/lib/python3.8/site-packages/action_tutorials_interfaces/action
[13.417s] -- Installing: /home/migue/ros2_ws/install/action_tutorials_interfaces/lib/python3.8/site-packages/action_tutorials_interfaces/action/_fibonacci.py
[13.417s] -- Installing: /home/migue/ros2_ws/install/action_tutorials_interfaces/lib/python3.8/site-packages/action_tutorials_interfaces/action/_fibonacci_s.c
[13.418s] -- Installing: /home/migue/ros2_ws/install/action_tutorials_interfaces/lib/python3.8/site-packages/action_tutorials_interfaces/action/__init__.py
[13.418s] -- Installing: /home/migue/ros2_ws/install/action_tutorials_interfaces/lib/python3.8/site-packages/action_tutorials_interfaces/action_tutorials_interfaces_s__rosidl_typesupport_fastrtps_c.cpython-38-x86_64-linux-gnu.so
[13.419s] -- Set runtime path of "/home/migue/ros2_ws/install/action_tutorials_interfaces/lib/python3.8/site-packages/action_tutorials_interfaces/action_tutorials_interfaces_s__rosidl_typesupport_fastrtps_c.cpython-38-x86_64-linux-gnu.so" to ""
[13.419s] -- Installing: /home/migue/ros2_ws/install/action_tutorials_interfaces/lib/python3.8/site-packages/action_tutorials_interfaces/action_tutorials_interfaces_s__rosidl_typesupport_introspection_c.cpython-38-x86_64-linux-gnu.so
[13.421s] -- Set runtime path of "/home/migue/ros2_ws/install/action_tutorials_interfaces/lib/python3.8/site-packages/action_tutorials_interfaces/action_tutorials_interfaces_s__rosidl_typesupport_introspection_c.cpython-38-x86_64-linux-gnu.so" to ""
[13.421s] -- Installing: /home/migue/ros2_ws/install/action_tutorials_interfaces/lib/python3.8/site-packages/action_tutorials_interfaces/action_tutorials_interfaces_s__rosidl_typesupport_c.cpython-38-x86_64-linux-gnu.so
[13.422s] -- Set runtime path of "/home/migue/ros2_ws/install/action_tutorials_interfaces/lib/python3.8/site-packages/action_tutorials_interfaces/action_tutorials_interfaces_s__rosidl_typesupport_c.cpython-38-x86_64-linux-gnu.so" to ""
[13.423s] -- Installing: /home/migue/ros2_ws/install/action_tutorials_interfaces/lib/libaction_tutorials_interfaces__python.so
[13.423s] -- Set runtime path of "/home/migue/ros2_ws/install/action_tutorials_interfaces/lib/libaction_tutorials_interfaces__python.so" to ""
[13.423s] -- Installing: /home/migue/ros2_ws/install/action_tutorials_interfaces/share/action_tutorials_interfaces/action/Fibonacci.idl
[13.423s] -- Installing: /home/migue/ros2_ws/install/action_tutorials_interfaces/share/action_tutorials_interfaces/action/Fibonacci.action
[13.423s] -- Installing: /home/migue/ros2_ws/install/action_tutorials_interfaces/share/ament_index/resource_index/package_run_dependencies/action_tutorials_interfaces
[13.423s] -- Installing: /home/migue/ros2_ws/install/action_tutorials_interfaces/share/ament_index/resource_index/parent_prefix_path/action_tutorials_interfaces
[13.424s] -- Installing: /home/migue/ros2_ws/install/action_tutorials_interfaces/share/action_tutorials_interfaces/environment/ament_prefix_path.sh
[13.424s] -- Installing: /home/migue/ros2_ws/install/action_tutorials_interfaces/share/action_tutorials_interfaces/environment/ament_prefix_path.dsv
[13.424s] -- Installing: /home/migue/ros2_ws/install/action_tutorials_interfaces/share/action_tutorials_interfaces/environment/path.sh
[13.424s] -- Installing: /home/migue/ros2_ws/install/action_tutorials_interfaces/share/action_tutorials_interfaces/environment/path.dsv
[13.424s] -- Installing: /home/migue/ros2_ws/install/action_tutorials_interfaces/share/action_tutorials_interfaces/local_setup.bash
[13.424s] -- Installing: /home/migue/ros2_ws/install/action_tutorials_interfaces/share/action_tutorials_interfaces/local_setup.sh
[13.424s] -- Installing: /home/migue/ros2_ws/install/action_tutorials_interfaces/share/action_tutorials_interfaces/local_setup.zsh
[13.425s] -- Installing: /home/migue/ros2_ws/install/action_tutorials_interfaces/share/action_tutorials_interfaces/local_setup.dsv
[13.425s] -- Installing: /home/migue/ros2_ws/install/action_tutorials_interfaces/share/action_tutorials_interfaces/package.dsv
[13.425s] -- Installing: /home/migue/ros2_ws/install/action_tutorials_interfaces/share/ament_index/resource_index/packages/action_tutorials_interfaces
[13.425s] -- Installing: /home/migue/ros2_ws/install/action_tutorials_interfaces/share/action_tutorials_interfaces/cmake/action_tutorials_interfaces__rosidl_generator_cExport.cmake
[13.425s] -- Installing: /home/migue/ros2_ws/install/action_tutorials_interfaces/share/action_tutorials_interfaces/cmake/action_tutorials_interfaces__rosidl_generator_cExport-noconfig.cmake
[13.425s] -- Installing: /home/migue/ros2_ws/install/action_tutorials_interfaces/share/action_tutorials_interfaces/cmake/action_tutorials_interfaces__rosidl_typesupport_introspection_cExport.cmake
[13.425s] -- Installing: /home/migue/ros2_ws/install/action_tutorials_interfaces/share/action_tutorials_interfaces/cmake/action_tutorials_interfaces__rosidl_typesupport_introspection_cExport-noconfig.cmake
[13.426s] -- Installing: /home/migue/ros2_ws/install/action_tutorials_interfaces/share/action_tutorials_interfaces/cmake/action_tutorials_interfaces__rosidl_typesupport_cExport.cmake
[13.426s] -- Installing: /home/migue/ros2_ws/install/action_tutorials_interfaces/share/action_tutorials_interfaces/cmake/action_tutorials_interfaces__rosidl_typesupport_cExport-noconfig.cmake
[13.426s] -- Installing: /home/migue/ros2_ws/install/action_tutorials_interfaces/share/action_tutorials_interfaces/cmake/action_tutorials_interfaces__rosidl_generator_cppExport.cmake
[13.426s] -- Installing: /home/migue/ros2_ws/install/action_tutorials_interfaces/share/action_tutorials_interfaces/cmake/action_tutorials_interfaces__rosidl_typesupport_introspection_cppExport.cmake
[13.426s] -- Installing: /home/migue/ros2_ws/install/action_tutorials_interfaces/share/action_tutorials_interfaces/cmake/action_tutorials_interfaces__rosidl_typesupport_introspection_cppExport-noconfig.cmake
[13.426s] -- Installing: /home/migue/ros2_ws/install/action_tutorials_interfaces/share/action_tutorials_interfaces/cmake/action_tutorials_interfaces__rosidl_typesupport_cppExport.cmake
[13.426s] -- Installing: /home/migue/ros2_ws/install/action_tutorials_interfaces/share/action_tutorials_interfaces/cmake/action_tutorials_interfaces__rosidl_typesupport_cppExport-noconfig.cmake
[13.426s] -- Installing: /home/migue/ros2_ws/install/action_tutorials_interfaces/share/action_tutorials_interfaces/cmake/rosidl_cmake-extras.cmake
[13.426s] -- Installing: /home/migue/ros2_ws/install/action_tutorials_interfaces/share/action_tutorials_interfaces/cmake/ament_cmake_export_dependencies-extras.cmake
[13.426s] -- Installing: /home/migue/ros2_ws/install/action_tutorials_interfaces/share/action_tutorials_interfaces/cmake/ament_cmake_export_libraries-extras.cmake
[13.426s] -- Installing: /home/migue/ros2_ws/install/action_tutorials_interfaces/share/action_tutorials_interfaces/cmake/ament_cmake_export_targets-extras.cmake
[13.426s] -- Installing: /home/migue/ros2_ws/install/action_tutorials_interfaces/share/action_tutorials_interfaces/cmake/ament_cmake_export_include_directories-extras.cmake
[13.426s] -- Installing: /home/migue/ros2_ws/install/action_tutorials_interfaces/share/action_tutorials_interfaces/cmake/rosidl_cmake_export_typesupport_libraries-extras.cmake
[13.427s] -- Installing: /home/migue/ros2_ws/install/action_tutorials_interfaces/share/action_tutorials_interfaces/cmake/rosidl_cmake_export_typesupport_targets-extras.cmake
[13.427s] -- Installing: /home/migue/ros2_ws/install/action_tutorials_interfaces/share/action_tutorials_interfaces/cmake/action_tutorials_interfacesConfig.cmake
[13.427s] -- Installing: /home/migue/ros2_ws/install/action_tutorials_interfaces/share/action_tutorials_interfaces/cmake/action_tutorials_interfacesConfig-version.cmake
[13.427s] -- Installing: /home/migue/ros2_ws/install/action_tutorials_interfaces/share/action_tutorials_interfaces/package.xml
[13.428s] Invoked command in '/home/migue/ros2_ws/build/action_tutorials_interfaces' returned '0': CMAKE_PREFIX_PATH=/opt/ros/foxy /usr/bin/cmake --install /home/migue/ros2_ws/build/action_tutorials_interfaces
