[0.070s] Invoking command in '/home/migue/ros2_ws/build/action_tutorials_cpp': AMENT_PREFIX_PATH=/home/migue/ros2_ws/install/action_tutorials_interfaces:${AMENT_PREFIX_PATH} CMAKE_PREFIX_PATH=/home/migue/ros2_ws/install/action_tutorials_interfaces:/opt/ros/foxy LD_LIBRARY_PATH=/home/migue/ros2_ws/install/action_tutorials_interfaces/lib:${LD_LIBRARY_PATH} PYTHONPATH=/home/migue/ros2_ws/install/action_tutorials_interfaces/lib/python3.8/site-packages:${PYTHONPATH} /usr/bin/cmake --build /home/migue/ros2_ws/build/action_tutorials_cpp -- -j12 -l12
[0.245s] [ 25%] Built target fibonacci_action_client
[0.353s] [ 50%] Built target fibonacci_action_server
[0.363s] [ 75%] Built target action_server
[0.639s] [100%] Built target action_client
[0.655s] Invoked command in '/home/migue/ros2_ws/build/action_tutorials_cpp' returned '0': AMENT_PREFIX_PATH=/home/migue/ros2_ws/install/action_tutorials_interfaces:${AMENT_PREFIX_PATH} CMAKE_PREFIX_PATH=/home/migue/ros2_ws/install/action_tutorials_interfaces:/opt/ros/foxy LD_LIBRARY_PATH=/home/migue/ros2_ws/install/action_tutorials_interfaces/lib:${LD_LIBRARY_PATH} PYTHONPATH=/home/migue/ros2_ws/install/action_tutorials_interfaces/lib/python3.8/site-packages:${PYTHONPATH} /usr/bin/cmake --build /home/migue/ros2_ws/build/action_tutorials_cpp -- -j12 -l12
[0.693s] Invoking command in '/home/migue/ros2_ws/build/action_tutorials_cpp': AMENT_PREFIX_PATH=/home/migue/ros2_ws/install/action_tutorials_interfaces:${AMENT_PREFIX_PATH} CMAKE_PREFIX_PATH=/home/migue/ros2_ws/install/action_tutorials_interfaces:/opt/ros/foxy LD_LIBRARY_PATH=/home/migue/ros2_ws/install/action_tutorials_interfaces/lib:${LD_LIBRARY_PATH} PYTHONPATH=/home/migue/ros2_ws/install/action_tutorials_interfaces/lib/python3.8/site-packages:${PYTHONPATH} /usr/bin/cmake --install /home/migue/ros2_ws/build/action_tutorials_cpp
[0.700s] -- Install configuration: ""
[0.765s] -- Up-to-date: /home/migue/ros2_ws/install/action_tutorials_cpp/lib/action_tutorials_cpp/fibonacci_action_client
[0.780s] -- Up-to-date: /home/migue/ros2_ws/install/action_tutorials_cpp/lib/action_tutorials_cpp/fibonacci_action_server
[0.861s] -- Up-to-date: /home/migue/ros2_ws/install/action_tutorials_cpp/lib/libaction_server.so
[1.023s] -- Up-to-date: /home/migue/ros2_ws/install/action_tutorials_cpp/lib/libaction_client.so
[1.023s] -- Up-to-date: /home/migue/ros2_ws/install/action_tutorials_cpp/share/ament_index/resource_index/package_run_dependencies/action_tutorials_cpp
[1.023s] -- Up-to-date: /home/migue/ros2_ws/install/action_tutorials_cpp/share/ament_index/resource_index/parent_prefix_path/action_tutorials_cpp
[1.024s] -- Up-to-date: /home/migue/ros2_ws/install/action_tutorials_cpp/share/action_tutorials_cpp/environment/ament_prefix_path.sh
[1.024s] -- Up-to-date: /home/migue/ros2_ws/install/action_tutorials_cpp/share/action_tutorials_cpp/environment/ament_prefix_path.dsv
[1.024s] -- Up-to-date: /home/migue/ros2_ws/install/action_tutorials_cpp/share/action_tutorials_cpp/environment/path.sh
[1.024s] -- Up-to-date: /home/migue/ros2_ws/install/action_tutorials_cpp/share/action_tutorials_cpp/environment/path.dsv
[1.024s] -- Up-to-date: /home/migue/ros2_ws/install/action_tutorials_cpp/share/action_tutorials_cpp/local_setup.bash
[1.024s] -- Up-to-date: /home/migue/ros2_ws/install/action_tutorials_cpp/share/action_tutorials_cpp/local_setup.sh
[1.024s] -- Up-to-date: /home/migue/ros2_ws/install/action_tutorials_cpp/share/action_tutorials_cpp/local_setup.zsh
[1.024s] -- Up-to-date: /home/migue/ros2_ws/install/action_tutorials_cpp/share/action_tutorials_cpp/local_setup.dsv
[1.025s] -- Installing: /home/migue/ros2_ws/install/action_tutorials_cpp/share/action_tutorials_cpp/package.dsv
[1.025s] -- Up-to-date: /home/migue/ros2_ws/install/action_tutorials_cpp/share/ament_index/resource_index/packages/action_tutorials_cpp
[1.025s] -- Up-to-date: /home/migue/ros2_ws/install/action_tutorials_cpp/share/ament_index/resource_index/rclcpp_components/action_tutorials_cpp
[1.025s] -- Up-to-date: /home/migue/ros2_ws/install/action_tutorials_cpp/share/action_tutorials_cpp/cmake/action_tutorials_cppConfig.cmake
[1.025s] -- Up-to-date: /home/migue/ros2_ws/install/action_tutorials_cpp/share/action_tutorials_cpp/cmake/action_tutorials_cppConfig-version.cmake
[1.025s] -- Up-to-date: /home/migue/ros2_ws/install/action_tutorials_cpp/share/action_tutorials_cpp/package.xml
[1.034s] Invoked command in '/home/migue/ros2_ws/build/action_tutorials_cpp' returned '0': AMENT_PREFIX_PATH=/home/migue/ros2_ws/install/action_tutorials_interfaces:${AMENT_PREFIX_PATH} CMAKE_PREFIX_PATH=/home/migue/ros2_ws/install/action_tutorials_interfaces:/opt/ros/foxy LD_LIBRARY_PATH=/home/migue/ros2_ws/install/action_tutorials_interfaces/lib:${LD_LIBRARY_PATH} PYTHONPATH=/home/migue/ros2_ws/install/action_tutorials_interfaces/lib/python3.8/site-packages:${PYTHONPATH} /usr/bin/cmake --install /home/migue/ros2_ws/build/action_tutorials_cpp
