running egg_info
creating ../../build/learning_tf2_py/learning_tf2_py.egg-info
writing ../../build/learning_tf2_py/learning_tf2_py.egg-info/PKG-INFO
writing dependency_links to ../../build/learning_tf2_py/learning_tf2_py.egg-info/dependency_links.txt
writing entry points to ../../build/learning_tf2_py/learning_tf2_py.egg-info/entry_points.txt
writing requirements to ../../build/learning_tf2_py/learning_tf2_py.egg-info/requires.txt
writing top-level names to ../../build/learning_tf2_py/learning_tf2_py.egg-info/top_level.txt
writing manifest file '../../build/learning_tf2_py/learning_tf2_py.egg-info/SOURCES.txt'
reading manifest file '../../build/learning_tf2_py/learning_tf2_py.egg-info/SOURCES.txt'
writing manifest file '../../build/learning_tf2_py/learning_tf2_py.egg-info/SOURCES.txt'
running build
running build_py
creating /home/migue/tf2_ws/build/learning_tf2_py/build
creating /home/migue/tf2_ws/build/learning_tf2_py/build/lib
creating /home/migue/tf2_ws/build/learning_tf2_py/build/lib/learning_tf2_py
copying learning_tf2_py/__init__.py -> /home/migue/tf2_ws/build/learning_tf2_py/build/lib/learning_tf2_py
copying learning_tf2_py/turtle_tf2_message_broadcaster.py -> /home/migue/tf2_ws/build/learning_tf2_py/build/lib/learning_tf2_py
running install
running install_lib
creating /home/migue/tf2_ws/install/learning_tf2_py/lib/python3.8/site-packages/learning_tf2_py
copying /home/migue/tf2_ws/build/learning_tf2_py/build/lib/learning_tf2_py/__init__.py -> /home/migue/tf2_ws/install/learning_tf2_py/lib/python3.8/site-packages/learning_tf2_py
copying /home/migue/tf2_ws/build/learning_tf2_py/build/lib/learning_tf2_py/turtle_tf2_message_broadcaster.py -> /home/migue/tf2_ws/install/learning_tf2_py/lib/python3.8/site-packages/learning_tf2_py
byte-compiling /home/migue/tf2_ws/install/learning_tf2_py/lib/python3.8/site-packages/learning_tf2_py/__init__.py to __init__.cpython-38.pyc
byte-compiling /home/migue/tf2_ws/install/learning_tf2_py/lib/python3.8/site-packages/learning_tf2_py/turtle_tf2_message_broadcaster.py to turtle_tf2_message_broadcaster.cpython-38.pyc
running install_data
creating /home/migue/tf2_ws/install/learning_tf2_py/share/ament_index
creating /home/migue/tf2_ws/install/learning_tf2_py/share/ament_index/resource_index
creating /home/migue/tf2_ws/install/learning_tf2_py/share/ament_index/resource_index/packages
copying resource/learning_tf2_py -> /home/migue/tf2_ws/install/learning_tf2_py/share/ament_index/resource_index/packages
copying package.xml -> /home/migue/tf2_ws/install/learning_tf2_py/share/learning_tf2_py
running install_egg_info
Copying ../../build/learning_tf2_py/learning_tf2_py.egg-info to /home/migue/tf2_ws/install/learning_tf2_py/lib/python3.8/site-packages/learning_tf2_py-0.0.0-py3.8.egg-info
running install_scripts
Installing turtle_tf2_message_broadcaster script to /home/migue/tf2_ws/install/learning_tf2_py/lib/learning_tf2_py
writing list of installed files to '/home/migue/tf2_ws/build/learning_tf2_py/install.log'
