[1.348s] Invoking command in '/home/migue/tf2_ws/src/learning_tf2_py': PYTHONPATH=/home/migue/tf2_ws/build/learning_tf2_py/prefix_override:/home/migue/tf2_ws/install/learning_tf2_py/lib/python3.8/site-packages:${PYTHONPATH} /usr/bin/python3 setup.py egg_info --egg-base ../../build/learning_tf2_py build --build-base /home/migue/tf2_ws/build/learning_tf2_py/build install --record /home/migue/tf2_ws/build/learning_tf2_py/install.log --install-scripts $base/lib/learning_tf2_py --single-version-externally-managed
[1.534s] running egg_info
[1.535s] creating ../../build/learning_tf2_py/learning_tf2_py.egg-info
[1.535s] writing ../../build/learning_tf2_py/learning_tf2_py.egg-info/PKG-INFO
[1.535s] writing dependency_links to ../../build/learning_tf2_py/learning_tf2_py.egg-info/dependency_links.txt
[1.535s] writing entry points to ../../build/learning_tf2_py/learning_tf2_py.egg-info/entry_points.txt
[1.535s] writing requirements to ../../build/learning_tf2_py/learning_tf2_py.egg-info/requires.txt
[1.536s] writing top-level names to ../../build/learning_tf2_py/learning_tf2_py.egg-info/top_level.txt
[1.563s] writing manifest file '../../build/learning_tf2_py/learning_tf2_py.egg-info/SOURCES.txt'
[1.594s] reading manifest file '../../build/learning_tf2_py/learning_tf2_py.egg-info/SOURCES.txt'
[1.594s] writing manifest file '../../build/learning_tf2_py/learning_tf2_py.egg-info/SOURCES.txt'
[1.594s] running build
[1.594s] running build_py
[1.594s] creating /home/migue/tf2_ws/build/learning_tf2_py/build
[1.595s] creating /home/migue/tf2_ws/build/learning_tf2_py/build/lib
[1.595s] creating /home/migue/tf2_ws/build/learning_tf2_py/build/lib/learning_tf2_py
[1.595s] copying learning_tf2_py/__init__.py -> /home/migue/tf2_ws/build/learning_tf2_py/build/lib/learning_tf2_py
[1.595s] copying learning_tf2_py/turtle_tf2_message_broadcaster.py -> /home/migue/tf2_ws/build/learning_tf2_py/build/lib/learning_tf2_py
[1.595s] running install
[1.596s] running install_lib
[1.597s] creating /home/migue/tf2_ws/install/learning_tf2_py/lib/python3.8/site-packages/learning_tf2_py
[1.597s] copying /home/migue/tf2_ws/build/learning_tf2_py/build/lib/learning_tf2_py/__init__.py -> /home/migue/tf2_ws/install/learning_tf2_py/lib/python3.8/site-packages/learning_tf2_py
[1.597s] copying /home/migue/tf2_ws/build/learning_tf2_py/build/lib/learning_tf2_py/turtle_tf2_message_broadcaster.py -> /home/migue/tf2_ws/install/learning_tf2_py/lib/python3.8/site-packages/learning_tf2_py
[1.597s] byte-compiling /home/migue/tf2_ws/install/learning_tf2_py/lib/python3.8/site-packages/learning_tf2_py/__init__.py to __init__.cpython-38.pyc
[1.598s] byte-compiling /home/migue/tf2_ws/install/learning_tf2_py/lib/python3.8/site-packages/learning_tf2_py/turtle_tf2_message_broadcaster.py to turtle_tf2_message_broadcaster.cpython-38.pyc
[1.599s] running install_data
[1.600s] creating /home/migue/tf2_ws/install/learning_tf2_py/share/ament_index
[1.600s] creating /home/migue/tf2_ws/install/learning_tf2_py/share/ament_index/resource_index
[1.600s] creating /home/migue/tf2_ws/install/learning_tf2_py/share/ament_index/resource_index/packages
[1.600s] copying resource/learning_tf2_py -> /home/migue/tf2_ws/install/learning_tf2_py/share/ament_index/resource_index/packages
[1.600s] copying package.xml -> /home/migue/tf2_ws/install/learning_tf2_py/share/learning_tf2_py
[1.600s] running install_egg_info
[1.602s] Copying ../../build/learning_tf2_py/learning_tf2_py.egg-info to /home/migue/tf2_ws/install/learning_tf2_py/lib/python3.8/site-packages/learning_tf2_py-0.0.0-py3.8.egg-info
[1.602s] running install_scripts
[1.617s] Installing turtle_tf2_message_broadcaster script to /home/migue/tf2_ws/install/learning_tf2_py/lib/learning_tf2_py
[1.618s] writing list of installed files to '/home/migue/tf2_ws/build/learning_tf2_py/install.log'
[1.652s] Invoked command in '/home/migue/tf2_ws/src/learning_tf2_py' returned '0': PYTHONPATH=/home/migue/tf2_ws/build/learning_tf2_py/prefix_override:/home/migue/tf2_ws/install/learning_tf2_py/lib/python3.8/site-packages:${PYTHONPATH} /usr/bin/python3 setup.py egg_info --egg-base ../../build/learning_tf2_py build --build-base /home/migue/tf2_ws/build/learning_tf2_py/build install --record /home/migue/tf2_ws/build/learning_tf2_py/install.log --install-scripts $base/lib/learning_tf2_py --single-version-externally-managed
