[0.030s] Invoking command in '/home/migue/ros2_ws/build/cpp_pubsub': CMAKE_PREFIX_PATH=${CMAKE_PREFIX_PATH}:/opt/ros/foxy /usr/bin/cmake --build /home/migue/ros2_ws/build/cpp_pubsub -- -j12 -l12
[0.099s] [ 50%] Built target listener
[0.104s] [100%] Built target talker
[0.120s] Invoked command in '/home/migue/ros2_ws/build/cpp_pubsub' returned '0': CMAKE_PREFIX_PATH=${CMAKE_PREFIX_PATH}:/opt/ros/foxy /usr/bin/cmake --build /home/migue/ros2_ws/build/cpp_pubsub -- -j12 -l12
[0.158s] Invoking command in '/home/migue/ros2_ws/build/cpp_pubsub': CMAKE_PREFIX_PATH=${CMAKE_PREFIX_PATH}:/opt/ros/foxy /usr/bin/cmake --install /home/migue/ros2_ws/build/cpp_pubsub
[0.168s] -- Install configuration: ""
[0.171s] -- Up-to-date: /home/migue/ros2_ws/install/cpp_pubsub/lib/cpp_pubsub/talker
[0.171s] -- Up-to-date: /home/migue/ros2_ws/install/cpp_pubsub/lib/cpp_pubsub/listener
[0.171s] -- Up-to-date: /home/migue/ros2_ws/install/cpp_pubsub/share/ament_index/resource_index/package_run_dependencies/cpp_pubsub
[0.171s] -- Up-to-date: /home/migue/ros2_ws/install/cpp_pubsub/share/ament_index/resource_index/parent_prefix_path/cpp_pubsub
[0.171s] -- Up-to-date: /home/migue/ros2_ws/install/cpp_pubsub/share/cpp_pubsub/environment/ament_prefix_path.sh
[0.172s] -- Up-to-date: /home/migue/ros2_ws/install/cpp_pubsub/share/cpp_pubsub/environment/ament_prefix_path.dsv
[0.172s] -- Up-to-date: /home/migue/ros2_ws/install/cpp_pubsub/share/cpp_pubsub/environment/path.sh
[0.172s] -- Up-to-date: /home/migue/ros2_ws/install/cpp_pubsub/share/cpp_pubsub/environment/path.dsv
[0.172s] -- Up-to-date: /home/migue/ros2_ws/install/cpp_pubsub/share/cpp_pubsub/local_setup.bash
[0.172s] -- Up-to-date: /home/migue/ros2_ws/install/cpp_pubsub/share/cpp_pubsub/local_setup.sh
[0.172s] -- Up-to-date: /home/migue/ros2_ws/install/cpp_pubsub/share/cpp_pubsub/local_setup.zsh
[0.173s] -- Up-to-date: /home/migue/ros2_ws/install/cpp_pubsub/share/cpp_pubsub/local_setup.dsv
[0.173s] -- Installing: /home/migue/ros2_ws/install/cpp_pubsub/share/cpp_pubsub/package.dsv
[0.173s] -- Up-to-date: /home/migue/ros2_ws/install/cpp_pubsub/share/ament_index/resource_index/packages/cpp_pubsub
[0.174s] -- Up-to-date: /home/migue/ros2_ws/install/cpp_pubsub/share/cpp_pubsub/cmake/cpp_pubsubConfig.cmake
[0.174s] -- Up-to-date: /home/migue/ros2_ws/install/cpp_pubsub/share/cpp_pubsub/cmake/cpp_pubsubConfig-version.cmake
[0.174s] -- Up-to-date: /home/migue/ros2_ws/install/cpp_pubsub/share/cpp_pubsub/package.xml
[0.184s] Invoked command in '/home/migue/ros2_ws/build/cpp_pubsub' returned '0': CMAKE_PREFIX_PATH=${CMAKE_PREFIX_PATH}:/opt/ros/foxy /usr/bin/cmake --install /home/migue/ros2_ws/build/cpp_pubsub
