[0.019s] Invoking command in '/home/migue/ros2_ws/build/tutorial_interfaces': CMAKE_PREFIX_PATH=${CMAKE_PREFIX_PATH}:/opt/ros/foxy /usr/bin/cmake --build /home/migue/ros2_ws/build/tutorial_interfaces -- -j12 -l12
[0.041s] -- Found ament_cmake: 0.9.11 (/opt/ros/foxy/share/ament_cmake/cmake)
[0.062s] -- Found PythonInterp: /usr/bin/python3 (found suitable version "3.8.10", minimum required is "3") 
[0.063s] -- Using PYTHON_EXECUTABLE: /usr/bin/python3
[0.213s] -- Found geometry_msgs: 2.0.5 (/opt/ros/foxy/share/geometry_msgs/cmake)
[0.230s] -- Using all available rosidl_typesupport_c: rosidl_typesupport_fastrtps_c;rosidl_typesupport_introspection_c
[0.233s] -- Found rosidl_adapter: 1.3.0 (/opt/ros/foxy/share/rosidl_adapter/cmake)
[0.351s] -- Using all available rosidl_typesupport_cpp: rosidl_typesupport_fastrtps_cpp;rosidl_typesupport_introspection_cpp
[0.422s] -- Found rosidl_default_generators: 1.0.1 (/opt/ros/foxy/share/rosidl_default_generators/cmake)
[0.451s] -- Found PythonInterp: /usr/bin/python3 (found version "3.8.10") 
[0.628s] CMake Error at /opt/ros/foxy/share/rosidl_adapter/cmake/rosidl_adapt_interfaces.cmake:60 (message):
[0.628s]   execute_process(/usr/bin/python3 -m rosidl_adapter --package-name
[0.628s]   tutorial_interfaces --arguments-file
[0.628s]   /home/migue/ros2_ws/build/tutorial_interfaces/rosidl_adapter__arguments__tutorial_interfaces.json
[0.628s]   --output-dir
[0.628s]   /home/migue/ros2_ws/build/tutorial_interfaces/rosidl_adapter/tutorial_interfaces
[0.628s]   --output-file
[0.629s]   /home/migue/ros2_ws/build/tutorial_interfaces/rosidl_adapter/tutorial_interfaces.idls)
[0.629s]   returned error code 1:
[0.629s] 
[0.629s]   Error processing ' float64 x' of 'tutorial_interfaces/Sphere': 'string
[0.629s]   index out of range'
[0.629s] 
[0.629s]   Traceback (most recent call last):
[0.629s] 
[0.629s]     File "/usr/lib/python3.8/runpy.py", line 194, in _run_module_as_main
[0.629s]       return _run_code(code, main_globals, None,
[0.629s]     File "/usr/lib/python3.8/runpy.py", line 87, in _run_code
[0.629s]       exec(code, run_globals)
[0.629s]     File "/opt/ros/foxy/lib/python3.8/site-packages/rosidl_adapter/__main__.py", line 19, in <module>
[0.629s]       sys.exit(main())
[0.629s]     File "/opt/ros/foxy/lib/python3.8/site-packages/rosidl_adapter/main.py", line 53, in main
[0.629s]       abs_idl_file = convert_to_idl(
[0.629s]     File "/opt/ros/foxy/lib/python3.8/site-packages/rosidl_adapter/__init__.py", line 19, in convert_to_idl
[0.630s]       return convert_msg_to_idl(
[0.630s]     File "/opt/ros/foxy/lib/python3.8/site-packages/rosidl_adapter/msg/__init__.py", line 28, in convert_msg_to_idl
[0.630s]       msg = parse_message_string(package_name, input_file.stem, content)
[0.630s]     File "/opt/ros/foxy/lib/python3.8/site-packages/rosidl_adapter/parser.py", line 516, in parse_message_string
[0.630s]       Type(type_string, context_package_name=pkg_name),
[0.630s]     File "/opt/ros/foxy/lib/python3.8/site-packages/rosidl_adapter/parser.py", line 240, in __init__
[0.630s]       self.is_array = type_string[-1] == ']'
[0.630s] 
[0.630s]   IndexError: string index out of range
[0.630s] 
[0.630s] Call Stack (most recent call first):
[0.630s]   /opt/ros/foxy/share/rosidl_cmake/cmake/rosidl_generate_interfaces.cmake:130 (rosidl_adapt_interfaces)
[0.630s]   CMakeLists.txt:23 (rosidl_generate_interfaces)
[0.630s] 
[0.631s] 
[0.631s] -- Configuring incomplete, errors occurred!
[0.631s] See also "/home/migue/ros2_ws/build/tutorial_interfaces/CMakeFiles/CMakeOutput.log".
[0.637s] make: *** [Makefile:1228: cmake_check_build_system] Error 1
[0.639s] Invoked command in '/home/migue/ros2_ws/build/tutorial_interfaces' returned '2': CMAKE_PREFIX_PATH=${CMAKE_PREFIX_PATH}:/opt/ros/foxy /usr/bin/cmake --build /home/migue/ros2_ws/build/tutorial_interfaces -- -j12 -l12
