[1.412s] DEBUG:colcon:Command line arguments: ['/usr/bin/colcon', 'build']
[1.413s] DEBUG:colcon:Parsed command line arguments: Namespace(allow_overriding=[], ament_cmake_args=None, base_paths=['.'], build_base='build', catkin_cmake_args=None, catkin_skip_building_tests=False, cmake_args=None, cmake_clean_cache=False, cmake_clean_first=False, cmake_force_configure=False, cmake_target=None, cmake_target_skip_unavailable=False, continue_on_error=False, event_handlers=None, executor='parallel', ignore_user_meta=False, install_base='install', log_base=None, log_level=None, main=<bound method BuildVerb.main of <colcon_core.verb.build.BuildVerb object at 0x7f3d765b3c10>>, merge_install=False, metas=['./colcon.meta'], packages_above=None, packages_above_and_dependencies=None, packages_above_depth=None, packages_end=None, packages_ignore=None, packages_ignore_regex=None, packages_select=None, packages_select_build_failed=False, packages_select_by_dep=None, packages_select_regex=None, packages_select_test_failures=False, packages_skip=None, packages_skip_build_finished=False, packages_skip_by_dep=None, packages_skip_regex=None, packages_skip_test_passed=False, packages_skip_up_to=None, packages_start=None, packages_up_to=None, packages_up_to_regex=None, parallel_workers=12, paths=None, symlink_install=False, test_result_base=None, verb_extension=<colcon_core.verb.build.BuildVerb object at 0x7f3d765b3c10>, verb_name='build', verb_parser=<colcon_defaults.argument_parser.defaults.DefaultArgumentsDecorator object at 0x7f3d764f1490>)
[1.582s] Level 1:colcon.colcon_core.package_discovery:discover_packages(colcon_meta) check parameters
[1.582s] Level 1:colcon.colcon_core.package_discovery:discover_packages(recursive) check parameters
[1.582s] Level 1:colcon.colcon_core.package_discovery:discover_packages(ignore) check parameters
[1.582s] Level 1:colcon.colcon_core.package_discovery:discover_packages(path) check parameters
[1.582s] Level 1:colcon.colcon_core.package_discovery:discover_packages(colcon_meta) discover
[1.582s] Level 1:colcon.colcon_core.package_discovery:discover_packages(recursive) discover
[1.582s] INFO:colcon.colcon_core.package_discovery:Crawling recursively for packages in '/home/migue/tf2_ws'
[1.582s] Level 1:colcon.colcon_core.package_identification:_identify(.) by extensions ['ignore', 'ignore_ament_install']
[1.582s] Level 1:colcon.colcon_core.package_identification:_identify(.) by extension 'ignore'
[1.582s] Level 1:colcon.colcon_core.package_identification:_identify(.) by extension 'ignore_ament_install'
[1.582s] Level 1:colcon.colcon_core.package_identification:_identify(.) by extensions ['colcon_pkg']
[1.582s] Level 1:colcon.colcon_core.package_identification:_identify(.) by extension 'colcon_pkg'
[1.582s] Level 1:colcon.colcon_core.package_identification:_identify(.) by extensions ['colcon_meta']
[1.582s] Level 1:colcon.colcon_core.package_identification:_identify(.) by extension 'colcon_meta'
[1.582s] Level 1:colcon.colcon_core.package_identification:_identify(.) by extensions ['ros']
[1.582s] Level 1:colcon.colcon_core.package_identification:_identify(.) by extension 'ros'
[1.594s] Level 1:colcon.colcon_core.package_identification:_identify(.) by extensions ['cmake', 'python']
[1.594s] Level 1:colcon.colcon_core.package_identification:_identify(.) by extension 'cmake'
[1.594s] Level 1:colcon.colcon_core.package_identification:_identify(.) by extension 'python'
[1.594s] Level 1:colcon.colcon_core.package_identification:_identify(.) by extensions ['python_setup_py']
[1.594s] Level 1:colcon.colcon_core.package_identification:_identify(.) by extension 'python_setup_py'
[1.594s] Level 1:colcon.colcon_core.package_identification:_identify(build) by extensions ['ignore', 'ignore_ament_install']
[1.594s] Level 1:colcon.colcon_core.package_identification:_identify(build) by extension 'ignore'
[1.594s] Level 1:colcon.colcon_core.package_identification:_identify(build) ignored
[1.594s] Level 1:colcon.colcon_core.package_identification:_identify(install) by extensions ['ignore', 'ignore_ament_install']
[1.594s] Level 1:colcon.colcon_core.package_identification:_identify(install) by extension 'ignore'
[1.594s] Level 1:colcon.colcon_core.package_identification:_identify(install) ignored
[1.594s] Level 1:colcon.colcon_core.package_identification:_identify(log) by extensions ['ignore', 'ignore_ament_install']
[1.595s] Level 1:colcon.colcon_core.package_identification:_identify(log) by extension 'ignore'
[1.595s] Level 1:colcon.colcon_core.package_identification:_identify(log) ignored
[1.595s] Level 1:colcon.colcon_core.package_identification:_identify(src) by extensions ['ignore', 'ignore_ament_install']
[1.595s] Level 1:colcon.colcon_core.package_identification:_identify(src) by extension 'ignore'
[1.595s] Level 1:colcon.colcon_core.package_identification:_identify(src) by extension 'ignore_ament_install'
[1.595s] Level 1:colcon.colcon_core.package_identification:_identify(src) by extensions ['colcon_pkg']
[1.595s] Level 1:colcon.colcon_core.package_identification:_identify(src) by extension 'colcon_pkg'
[1.595s] Level 1:colcon.colcon_core.package_identification:_identify(src) by extensions ['colcon_meta']
[1.595s] Level 1:colcon.colcon_core.package_identification:_identify(src) by extension 'colcon_meta'
[1.595s] Level 1:colcon.colcon_core.package_identification:_identify(src) by extensions ['ros']
[1.595s] Level 1:colcon.colcon_core.package_identification:_identify(src) by extension 'ros'
[1.595s] Level 1:colcon.colcon_core.package_identification:_identify(src) by extensions ['cmake', 'python']
[1.595s] Level 1:colcon.colcon_core.package_identification:_identify(src) by extension 'cmake'
[1.595s] Level 1:colcon.colcon_core.package_identification:_identify(src) by extension 'python'
[1.595s] Level 1:colcon.colcon_core.package_identification:_identify(src) by extensions ['python_setup_py']
[1.595s] Level 1:colcon.colcon_core.package_identification:_identify(src) by extension 'python_setup_py'
[1.595s] Level 1:colcon.colcon_core.package_identification:_identify(src/learning_tf2_cpp) by extensions ['ignore', 'ignore_ament_install']
[1.595s] Level 1:colcon.colcon_core.package_identification:_identify(src/learning_tf2_cpp) by extension 'ignore'
[1.595s] Level 1:colcon.colcon_core.package_identification:_identify(src/learning_tf2_cpp) by extension 'ignore_ament_install'
[1.595s] Level 1:colcon.colcon_core.package_identification:_identify(src/learning_tf2_cpp) by extensions ['colcon_pkg']
[1.595s] Level 1:colcon.colcon_core.package_identification:_identify(src/learning_tf2_cpp) by extension 'colcon_pkg'
[1.595s] Level 1:colcon.colcon_core.package_identification:_identify(src/learning_tf2_cpp) by extensions ['colcon_meta']
[1.595s] Level 1:colcon.colcon_core.package_identification:_identify(src/learning_tf2_cpp) by extension 'colcon_meta'
[1.595s] Level 1:colcon.colcon_core.package_identification:_identify(src/learning_tf2_cpp) by extensions ['ros']
[1.595s] Level 1:colcon.colcon_core.package_identification:_identify(src/learning_tf2_cpp) by extension 'ros'
[1.599s] DEBUG:colcon.colcon_core.package_identification:Package 'src/learning_tf2_cpp' with type 'ros.ament_cmake' and name 'learning_tf2_cpp'
[1.599s] Level 1:colcon.colcon_core.package_discovery:discover_packages(recursive) using defaults
[1.599s] Level 1:colcon.colcon_core.package_discovery:discover_packages(ignore) discover
[1.599s] Level 1:colcon.colcon_core.package_discovery:discover_packages(ignore) using defaults
[1.599s] Level 1:colcon.colcon_core.package_discovery:discover_packages(path) discover
[1.599s] Level 1:colcon.colcon_core.package_discovery:discover_packages(path) using defaults
[1.703s] Level 1:colcon.colcon_core.package_discovery:discover_packages(prefix_path) check parameters
[1.703s] Level 1:colcon.colcon_core.package_discovery:discover_packages(prefix_path) discover
[1.707s] DEBUG:colcon.colcon_installed_package_information.package_discovery:Found 0 installed packages in /home/migue/tf2_ws/install
[1.709s] DEBUG:colcon.colcon_installed_package_information.package_discovery:Found 265 installed packages in /opt/ros/foxy
[1.710s] Level 1:colcon.colcon_core.package_discovery:discover_packages(prefix_path) using defaults
[1.948s] Level 5:colcon.colcon_core.verb:set package 'learning_tf2_cpp' build argument 'cmake_args' from command line to 'None'
[1.949s] Level 5:colcon.colcon_core.verb:set package 'learning_tf2_cpp' build argument 'cmake_target' from command line to 'None'
[1.949s] Level 5:colcon.colcon_core.verb:set package 'learning_tf2_cpp' build argument 'cmake_target_skip_unavailable' from command line to 'False'
[1.949s] Level 5:colcon.colcon_core.verb:set package 'learning_tf2_cpp' build argument 'cmake_clean_cache' from command line to 'False'
[1.949s] Level 5:colcon.colcon_core.verb:set package 'learning_tf2_cpp' build argument 'cmake_clean_first' from command line to 'False'
[1.949s] Level 5:colcon.colcon_core.verb:set package 'learning_tf2_cpp' build argument 'cmake_force_configure' from command line to 'False'
[1.949s] Level 5:colcon.colcon_core.verb:set package 'learning_tf2_cpp' build argument 'ament_cmake_args' from command line to 'None'
[1.949s] Level 5:colcon.colcon_core.verb:set package 'learning_tf2_cpp' build argument 'catkin_cmake_args' from command line to 'None'
[1.949s] Level 5:colcon.colcon_core.verb:set package 'learning_tf2_cpp' build argument 'catkin_skip_building_tests' from command line to 'False'
[1.949s] DEBUG:colcon.colcon_core.verb:Building package 'learning_tf2_cpp' with the following arguments: {'ament_cmake_args': None, 'build_base': '/home/migue/tf2_ws/build/learning_tf2_cpp', 'catkin_cmake_args': None, 'catkin_skip_building_tests': False, 'cmake_args': None, 'cmake_clean_cache': False, 'cmake_clean_first': False, 'cmake_force_configure': False, 'cmake_target': None, 'cmake_target_skip_unavailable': False, 'install_base': '/home/migue/tf2_ws/install/learning_tf2_cpp', 'merge_install': False, 'path': '/home/migue/tf2_ws/src/learning_tf2_cpp', 'symlink_install': False, 'test_result_base': None}
[1.951s] INFO:colcon.colcon_core.executor:Executing jobs using 'parallel' executor
[1.957s] DEBUG:colcon.colcon_parallel_executor.executor.parallel:run_until_complete
[1.957s] INFO:colcon.colcon_ros.task.ament_cmake.build:Building ROS package in '/home/migue/tf2_ws/src/learning_tf2_cpp' with build type 'ament_cmake'
[1.957s] INFO:colcon.colcon_cmake.task.cmake.build:Building CMake package in '/home/migue/tf2_ws/src/learning_tf2_cpp'
[1.990s] INFO:colcon.colcon_core.plugin_system:Skipping extension 'colcon_core.shell.bat': Not used on non-Windows systems
[1.990s] INFO:colcon.colcon_core.shell:Skip shell extension 'powershell' for command environment: Not usable outside of PowerShell
[1.990s] DEBUG:colcon.colcon_core.shell:Skip shell extension 'dsv' for command environment
[2.020s] DEBUG:colcon.colcon_core.event_handler.log_command:Invoking command in '/home/migue/tf2_ws/build/learning_tf2_cpp': CMAKE_PREFIX_PATH=/opt/ros/foxy /usr/bin/cmake /home/migue/tf2_ws/src/learning_tf2_cpp -DCMAKE_INSTALL_PREFIX=/home/migue/tf2_ws/install/learning_tf2_cpp
[8.623s] DEBUG:colcon.colcon_core.event_handler.log_command:Invoked command in '/home/migue/tf2_ws/build/learning_tf2_cpp' returned '0': CMAKE_PREFIX_PATH=/opt/ros/foxy /usr/bin/cmake /home/migue/tf2_ws/src/learning_tf2_cpp -DCMAKE_INSTALL_PREFIX=/home/migue/tf2_ws/install/learning_tf2_cpp
[8.629s] DEBUG:colcon.colcon_core.event_handler.log_command:Invoking command in '/home/migue/tf2_ws/build/learning_tf2_cpp': CMAKE_PREFIX_PATH=/opt/ros/foxy /usr/bin/cmake --build /home/migue/tf2_ws/build/learning_tf2_cpp -- -j12 -l12
[13.868s] DEBUG:colcon.colcon_core.event_handler.log_command:Invoked command in '/home/migue/tf2_ws/build/learning_tf2_cpp' returned '0': CMAKE_PREFIX_PATH=/opt/ros/foxy /usr/bin/cmake --build /home/migue/tf2_ws/build/learning_tf2_cpp -- -j12 -l12
[13.917s] DEBUG:colcon.colcon_core.event_handler.log_command:Invoking command in '/home/migue/tf2_ws/build/learning_tf2_cpp': CMAKE_PREFIX_PATH=/opt/ros/foxy /usr/bin/cmake --install /home/migue/tf2_ws/build/learning_tf2_cpp
[13.934s] Level 1:colcon.colcon_core.environment:create_environment_scripts_only(learning_tf2_cpp)
[13.936s] DEBUG:colcon.colcon_core.event_handler.log_command:Invoked command in '/home/migue/tf2_ws/build/learning_tf2_cpp' returned '0': CMAKE_PREFIX_PATH=/opt/ros/foxy /usr/bin/cmake --install /home/migue/tf2_ws/build/learning_tf2_cpp
[14.040s] Level 1:colcon.colcon_core.environment:checking '/home/migue/tf2_ws/install/learning_tf2_cpp' for CMake module files
[14.042s] Level 1:colcon.colcon_core.environment:checking '/home/migue/tf2_ws/install/learning_tf2_cpp' for CMake config files
[14.042s] Level 1:colcon.colcon_core.shell:create_environment_hook('learning_tf2_cpp', 'cmake_prefix_path')
[14.048s] INFO:colcon.colcon_core.shell:Creating environment hook '/home/migue/tf2_ws/install/learning_tf2_cpp/share/learning_tf2_cpp/hook/cmake_prefix_path.ps1'
[14.067s] INFO:colcon.colcon_core.shell:Creating environment descriptor '/home/migue/tf2_ws/install/learning_tf2_cpp/share/learning_tf2_cpp/hook/cmake_prefix_path.dsv'
[14.080s] INFO:colcon.colcon_core.shell:Creating environment hook '/home/migue/tf2_ws/install/learning_tf2_cpp/share/learning_tf2_cpp/hook/cmake_prefix_path.sh'
[14.081s] Level 1:colcon.colcon_core.environment:checking '/home/migue/tf2_ws/install/learning_tf2_cpp/lib'
[14.082s] Level 1:colcon.colcon_core.environment:checking '/home/migue/tf2_ws/install/learning_tf2_cpp/bin'
[14.082s] Level 1:colcon.colcon_core.environment:checking '/home/migue/tf2_ws/install/learning_tf2_cpp/lib/pkgconfig/learning_tf2_cpp.pc'
[14.082s] Level 1:colcon.colcon_core.environment:checking '/home/migue/tf2_ws/install/learning_tf2_cpp/lib/python3.8/site-packages'
[14.082s] Level 1:colcon.colcon_core.environment:checking '/home/migue/tf2_ws/install/learning_tf2_cpp/bin'
[14.085s] INFO:colcon.colcon_core.shell:Creating package script '/home/migue/tf2_ws/install/learning_tf2_cpp/share/learning_tf2_cpp/package.ps1'
[14.086s] INFO:colcon.colcon_core.shell:Creating package descriptor '/home/migue/tf2_ws/install/learning_tf2_cpp/share/learning_tf2_cpp/package.dsv'
[14.086s] INFO:colcon.colcon_core.shell:Creating package script '/home/migue/tf2_ws/install/learning_tf2_cpp/share/learning_tf2_cpp/package.sh'
[14.087s] INFO:colcon.colcon_core.shell:Creating package script '/home/migue/tf2_ws/install/learning_tf2_cpp/share/learning_tf2_cpp/package.bash'
[14.108s] INFO:colcon.colcon_core.shell:Creating package script '/home/migue/tf2_ws/install/learning_tf2_cpp/share/learning_tf2_cpp/package.zsh'
[14.110s] Level 1:colcon.colcon_core.environment:create_file_with_runtime_dependencies(/home/migue/tf2_ws/install/learning_tf2_cpp/share/colcon-core/packages/learning_tf2_cpp)
[14.148s] Level 1:colcon.colcon_core.environment:create_environment_scripts_only(learning_tf2_cpp)
[14.151s] Level 1:colcon.colcon_core.environment:checking '/home/migue/tf2_ws/install/learning_tf2_cpp' for CMake module files
[14.151s] Level 1:colcon.colcon_core.environment:checking '/home/migue/tf2_ws/install/learning_tf2_cpp' for CMake config files
[14.152s] Level 1:colcon.colcon_core.shell:create_environment_hook('learning_tf2_cpp', 'cmake_prefix_path')
[14.154s] INFO:colcon.colcon_core.shell:Creating environment hook '/home/migue/tf2_ws/install/learning_tf2_cpp/share/learning_tf2_cpp/hook/cmake_prefix_path.ps1'
[14.154s] INFO:colcon.colcon_core.shell:Creating environment descriptor '/home/migue/tf2_ws/install/learning_tf2_cpp/share/learning_tf2_cpp/hook/cmake_prefix_path.dsv'
[14.154s] INFO:colcon.colcon_core.shell:Creating environment hook '/home/migue/tf2_ws/install/learning_tf2_cpp/share/learning_tf2_cpp/hook/cmake_prefix_path.sh'
[14.155s] Level 1:colcon.colcon_core.environment:checking '/home/migue/tf2_ws/install/learning_tf2_cpp/lib'
[14.155s] Level 1:colcon.colcon_core.environment:checking '/home/migue/tf2_ws/install/learning_tf2_cpp/bin'
[14.155s] Level 1:colcon.colcon_core.environment:checking '/home/migue/tf2_ws/install/learning_tf2_cpp/lib/pkgconfig/learning_tf2_cpp.pc'
[14.155s] Level 1:colcon.colcon_core.environment:checking '/home/migue/tf2_ws/install/learning_tf2_cpp/lib/python3.8/site-packages'
[14.155s] Level 1:colcon.colcon_core.environment:checking '/home/migue/tf2_ws/install/learning_tf2_cpp/bin'
[14.158s] INFO:colcon.colcon_core.shell:Creating package script '/home/migue/tf2_ws/install/learning_tf2_cpp/share/learning_tf2_cpp/package.ps1'
[14.159s] INFO:colcon.colcon_core.shell:Creating package descriptor '/home/migue/tf2_ws/install/learning_tf2_cpp/share/learning_tf2_cpp/package.dsv'
[14.159s] INFO:colcon.colcon_core.shell:Creating package script '/home/migue/tf2_ws/install/learning_tf2_cpp/share/learning_tf2_cpp/package.sh'
[14.160s] INFO:colcon.colcon_core.shell:Creating package script '/home/migue/tf2_ws/install/learning_tf2_cpp/share/learning_tf2_cpp/package.bash'
[14.160s] INFO:colcon.colcon_core.shell:Creating package script '/home/migue/tf2_ws/install/learning_tf2_cpp/share/learning_tf2_cpp/package.zsh'
[14.160s] Level 1:colcon.colcon_core.environment:create_file_with_runtime_dependencies(/home/migue/tf2_ws/install/learning_tf2_cpp/share/colcon-core/packages/learning_tf2_cpp)
[14.161s] DEBUG:colcon.colcon_parallel_executor.executor.parallel:closing loop
[14.161s] DEBUG:colcon.colcon_parallel_executor.executor.parallel:loop closed
[14.161s] DEBUG:colcon.colcon_parallel_executor.executor.parallel:run_until_complete finished with '0'
[14.161s] DEBUG:colcon.colcon_core.event_reactor:joining thread
[14.252s] INFO:colcon.colcon_core.plugin_system:Skipping extension 'colcon_notification.desktop_notification.terminal_notifier': Not used on non-Darwin systems
[14.252s] INFO:colcon.colcon_core.plugin_system:Skipping extension 'colcon_notification.desktop_notification.win32': Not used on non-Windows systems
[14.252s] INFO:colcon.colcon_notification.desktop_notification:Sending desktop notification using 'notify2'
[14.277s] DEBUG:colcon.colcon_core.event_reactor:joined thread
[14.280s] INFO:colcon.colcon_core.shell:Creating prefix script '/home/migue/tf2_ws/install/local_setup.ps1'
[14.281s] INFO:colcon.colcon_core.shell:Creating prefix util module '/home/migue/tf2_ws/install/_local_setup_util_ps1.py'
[14.282s] INFO:colcon.colcon_core.shell:Creating prefix chain script '/home/migue/tf2_ws/install/setup.ps1'
[14.285s] INFO:colcon.colcon_core.shell:Creating prefix script '/home/migue/tf2_ws/install/local_setup.sh'
[14.285s] INFO:colcon.colcon_core.shell:Creating prefix util module '/home/migue/tf2_ws/install/_local_setup_util_sh.py'
[14.286s] INFO:colcon.colcon_core.shell:Creating prefix chain script '/home/migue/tf2_ws/install/setup.sh'
[14.288s] INFO:colcon.colcon_core.shell:Creating prefix script '/home/migue/tf2_ws/install/local_setup.bash'
[14.289s] INFO:colcon.colcon_core.shell:Creating prefix chain script '/home/migue/tf2_ws/install/setup.bash'
[14.292s] INFO:colcon.colcon_core.shell:Creating prefix script '/home/migue/tf2_ws/install/local_setup.zsh'
[14.293s] INFO:colcon.colcon_core.shell:Creating prefix chain script '/home/migue/tf2_ws/install/setup.zsh'
