[0.024s] Invoking command in '/home/migue/ros2_ws/build/tutorial_interfaces': CMAKE_PREFIX_PATH=${CMAKE_PREFIX_PATH}:/opt/ros/foxy /usr/bin/cmake --build /home/migue/ros2_ws/build/tutorial_interfaces -- -j12 -l12
[0.091s] [ 10%] Built target tutorial_interfaces__rosidl_generator_c
[0.094s] [ 12%] Built target tutorial_interfaces__cpp
[0.120s] [ 23%] Built target tutorial_interfaces__rosidl_typesupport_cpp
[0.122s] [ 44%] Built target tutorial_interfaces__rosidl_typesupport_introspection_c
[0.122s] [ 44%] Built target tutorial_interfaces__rosidl_typesupport_introspection_cpp
[0.123s] [ 55%] Built target tutorial_interfaces__rosidl_typesupport_c
[0.130s] [ 65%] Built target tutorial_interfaces__rosidl_typesupport_fastrtps_cpp
[0.165s] [ 76%] Built target tutorial_interfaces__rosidl_typesupport_fastrtps_c
[0.193s] [ 76%] Built target tutorial_interfaces
[0.218s] [ 78%] Built target tutorial_interfaces__py
[0.264s] [ 87%] Built target tutorial_interfaces__python
[0.293s] [ 91%] Built target tutorial_interfaces__rosidl_typesupport_c__pyext
[0.297s] [ 95%] Built target tutorial_interfaces__rosidl_typesupport_fastrtps_c__pyext
[0.298s] [100%] Built target tutorial_interfaces__rosidl_typesupport_introspection_c__pyext
[0.311s] Invoked command in '/home/migue/ros2_ws/build/tutorial_interfaces' returned '0': CMAKE_PREFIX_PATH=${CMAKE_PREFIX_PATH}:/opt/ros/foxy /usr/bin/cmake --build /home/migue/ros2_ws/build/tutorial_interfaces -- -j12 -l12
[0.416s] Invoking command in '/home/migue/ros2_ws/build/tutorial_interfaces': CMAKE_PREFIX_PATH=${CMAKE_PREFIX_PATH}:/opt/ros/foxy /usr/bin/cmake --install /home/migue/ros2_ws/build/tutorial_interfaces
[0.428s] -- Install configuration: ""
[0.428s] -- Up-to-date: /home/migue/ros2_ws/install/tutorial_interfaces/share/ament_index/resource_index/rosidl_interfaces/tutorial_interfaces
[0.429s] -- Up-to-date: /home/migue/ros2_ws/install/tutorial_interfaces/include/tutorial_interfaces
[0.429s] -- Up-to-date: /home/migue/ros2_ws/install/tutorial_interfaces/include/tutorial_interfaces/srv
[0.429s] -- Up-to-date: /home/migue/ros2_ws/install/tutorial_interfaces/include/tutorial_interfaces/srv/add_three_ints.h
[0.429s] -- Up-to-date: /home/migue/ros2_ws/install/tutorial_interfaces/include/tutorial_interfaces/srv/detail
[0.429s] -- Up-to-date: /home/migue/ros2_ws/install/tutorial_interfaces/include/tutorial_interfaces/srv/detail/add_three_ints__functions.h
[0.429s] -- Up-to-date: /home/migue/ros2_ws/install/tutorial_interfaces/include/tutorial_interfaces/srv/detail/add_three_ints__struct.h
[0.430s] -- Up-to-date: /home/migue/ros2_ws/install/tutorial_interfaces/include/tutorial_interfaces/srv/detail/add_three_ints__type_support.h
[0.430s] -- Up-to-date: /home/migue/ros2_ws/install/tutorial_interfaces/include/tutorial_interfaces/srv/detail/add_three_ints__functions.c
[0.430s] -- Up-to-date: /home/migue/ros2_ws/install/tutorial_interfaces/include/tutorial_interfaces/msg
[0.430s] -- Up-to-date: /home/migue/ros2_ws/install/tutorial_interfaces/include/tutorial_interfaces/msg/sphere.h
[0.430s] -- Up-to-date: /home/migue/ros2_ws/install/tutorial_interfaces/include/tutorial_interfaces/msg/num.h
[0.430s] -- Up-to-date: /home/migue/ros2_ws/install/tutorial_interfaces/include/tutorial_interfaces/msg/detail
[0.430s] -- Up-to-date: /home/migue/ros2_ws/install/tutorial_interfaces/include/tutorial_interfaces/msg/detail/num__type_support.h
[0.430s] -- Up-to-date: /home/migue/ros2_ws/install/tutorial_interfaces/include/tutorial_interfaces/msg/detail/sphere__functions.c
[0.431s] -- Up-to-date: /home/migue/ros2_ws/install/tutorial_interfaces/include/tutorial_interfaces/msg/detail/num__functions.h
[0.431s] -- Up-to-date: /home/migue/ros2_ws/install/tutorial_interfaces/include/tutorial_interfaces/msg/detail/num__functions.c
[0.431s] -- Up-to-date: /home/migue/ros2_ws/install/tutorial_interfaces/include/tutorial_interfaces/msg/detail/num__struct.h
[0.431s] -- Up-to-date: /home/migue/ros2_ws/install/tutorial_interfaces/include/tutorial_interfaces/msg/detail/sphere__type_support.h
[0.431s] -- Up-to-date: /home/migue/ros2_ws/install/tutorial_interfaces/include/tutorial_interfaces/msg/detail/sphere__functions.h
[0.431s] -- Up-to-date: /home/migue/ros2_ws/install/tutorial_interfaces/include/tutorial_interfaces/msg/detail/sphere__struct.h
[0.431s] -- Up-to-date: /home/migue/ros2_ws/install/tutorial_interfaces/include/tutorial_interfaces/msg/rosidl_generator_c__visibility_control.h
[0.431s] -- Up-to-date: /home/migue/ros2_ws/install/tutorial_interfaces/share/tutorial_interfaces/environment/library_path.sh
[0.432s] -- Up-to-date: /home/migue/ros2_ws/install/tutorial_interfaces/share/tutorial_interfaces/environment/library_path.dsv
[0.432s] -- Up-to-date: /home/migue/ros2_ws/install/tutorial_interfaces/lib/libtutorial_interfaces__rosidl_generator_c.so
[0.432s] -- Up-to-date: /home/migue/ros2_ws/install/tutorial_interfaces/include/tutorial_interfaces
[0.432s] -- Up-to-date: /home/migue/ros2_ws/install/tutorial_interfaces/include/tutorial_interfaces/srv
[0.432s] -- Up-to-date: /home/migue/ros2_ws/install/tutorial_interfaces/include/tutorial_interfaces/srv/detail
[0.432s] -- Up-to-date: /home/migue/ros2_ws/install/tutorial_interfaces/include/tutorial_interfaces/srv/detail/add_three_ints__rosidl_typesupport_fastrtps_c.h
[0.432s] -- Up-to-date: /home/migue/ros2_ws/install/tutorial_interfaces/include/tutorial_interfaces/msg
[0.432s] -- Up-to-date: /home/migue/ros2_ws/install/tutorial_interfaces/include/tutorial_interfaces/msg/detail
[0.432s] -- Up-to-date: /home/migue/ros2_ws/install/tutorial_interfaces/include/tutorial_interfaces/msg/detail/num__rosidl_typesupport_fastrtps_c.h
[0.432s] -- Up-to-date: /home/migue/ros2_ws/install/tutorial_interfaces/include/tutorial_interfaces/msg/detail/sphere__rosidl_typesupport_fastrtps_c.h
[0.432s] -- Up-to-date: /home/migue/ros2_ws/install/tutorial_interfaces/include/tutorial_interfaces/msg/rosidl_typesupport_fastrtps_c__visibility_control.h
[0.432s] -- Up-to-date: /home/migue/ros2_ws/install/tutorial_interfaces/lib/libtutorial_interfaces__rosidl_typesupport_fastrtps_c.so
[0.433s] -- Up-to-date: /home/migue/ros2_ws/install/tutorial_interfaces/include/tutorial_interfaces
[0.433s] -- Up-to-date: /home/migue/ros2_ws/install/tutorial_interfaces/include/tutorial_interfaces/srv
[0.433s] -- Up-to-date: /home/migue/ros2_ws/install/tutorial_interfaces/include/tutorial_interfaces/srv/detail
[0.433s] -- Up-to-date: /home/migue/ros2_ws/install/tutorial_interfaces/include/tutorial_interfaces/srv/detail/dds_fastrtps
[0.433s] -- Up-to-date: /home/migue/ros2_ws/install/tutorial_interfaces/include/tutorial_interfaces/srv/detail/add_three_ints__rosidl_typesupport_fastrtps_cpp.hpp
[0.433s] -- Up-to-date: /home/migue/ros2_ws/install/tutorial_interfaces/include/tutorial_interfaces/msg
[0.433s] -- Up-to-date: /home/migue/ros2_ws/install/tutorial_interfaces/include/tutorial_interfaces/msg/rosidl_typesupport_fastrtps_cpp__visibility_control.h
[0.433s] -- Up-to-date: /home/migue/ros2_ws/install/tutorial_interfaces/include/tutorial_interfaces/msg/detail
[0.433s] -- Up-to-date: /home/migue/ros2_ws/install/tutorial_interfaces/include/tutorial_interfaces/msg/detail/num__rosidl_typesupport_fastrtps_cpp.hpp
[0.433s] -- Up-to-date: /home/migue/ros2_ws/install/tutorial_interfaces/include/tutorial_interfaces/msg/detail/sphere__rosidl_typesupport_fastrtps_cpp.hpp
[0.433s] -- Up-to-date: /home/migue/ros2_ws/install/tutorial_interfaces/include/tutorial_interfaces/msg/detail/dds_fastrtps
[0.434s] -- Up-to-date: /home/migue/ros2_ws/install/tutorial_interfaces/lib/libtutorial_interfaces__rosidl_typesupport_fastrtps_cpp.so
[0.434s] -- Up-to-date: /home/migue/ros2_ws/install/tutorial_interfaces/include/tutorial_interfaces
[0.434s] -- Up-to-date: /home/migue/ros2_ws/install/tutorial_interfaces/include/tutorial_interfaces/srv
[0.434s] -- Up-to-date: /home/migue/ros2_ws/install/tutorial_interfaces/include/tutorial_interfaces/srv/detail
[0.434s] -- Up-to-date: /home/migue/ros2_ws/install/tutorial_interfaces/include/tutorial_interfaces/srv/detail/add_three_ints__type_support.c
[0.434s] -- Up-to-date: /home/migue/ros2_ws/install/tutorial_interfaces/include/tutorial_interfaces/srv/detail/add_three_ints__rosidl_typesupport_introspection_c.h
[0.434s] -- Up-to-date: /home/migue/ros2_ws/install/tutorial_interfaces/include/tutorial_interfaces/msg
[0.434s] -- Up-to-date: /home/migue/ros2_ws/install/tutorial_interfaces/include/tutorial_interfaces/msg/rosidl_typesupport_introspection_c__visibility_control.h
[0.434s] -- Up-to-date: /home/migue/ros2_ws/install/tutorial_interfaces/include/tutorial_interfaces/msg/detail
[0.434s] -- Up-to-date: /home/migue/ros2_ws/install/tutorial_interfaces/include/tutorial_interfaces/msg/detail/num__rosidl_typesupport_introspection_c.h
[0.434s] -- Up-to-date: /home/migue/ros2_ws/install/tutorial_interfaces/include/tutorial_interfaces/msg/detail/num__type_support.c
[0.434s] -- Up-to-date: /home/migue/ros2_ws/install/tutorial_interfaces/include/tutorial_interfaces/msg/detail/sphere__rosidl_typesupport_introspection_c.h
[0.434s] -- Up-to-date: /home/migue/ros2_ws/install/tutorial_interfaces/include/tutorial_interfaces/msg/detail/sphere__type_support.c
[0.435s] -- Up-to-date: /home/migue/ros2_ws/install/tutorial_interfaces/lib/libtutorial_interfaces__rosidl_typesupport_introspection_c.so
[0.435s] -- Up-to-date: /home/migue/ros2_ws/install/tutorial_interfaces/lib/libtutorial_interfaces__rosidl_typesupport_c.so
[0.435s] -- Up-to-date: /home/migue/ros2_ws/install/tutorial_interfaces/include/tutorial_interfaces
[0.435s] -- Up-to-date: /home/migue/ros2_ws/install/tutorial_interfaces/include/tutorial_interfaces/srv
[0.435s] -- Up-to-date: /home/migue/ros2_ws/install/tutorial_interfaces/include/tutorial_interfaces/srv/add_three_ints.hpp
[0.435s] -- Up-to-date: /home/migue/ros2_ws/install/tutorial_interfaces/include/tutorial_interfaces/srv/detail
[0.435s] -- Up-to-date: /home/migue/ros2_ws/install/tutorial_interfaces/include/tutorial_interfaces/srv/detail/add_three_ints__builder.hpp
[0.435s] -- Up-to-date: /home/migue/ros2_ws/install/tutorial_interfaces/include/tutorial_interfaces/srv/detail/add_three_ints__struct.hpp
[0.435s] -- Up-to-date: /home/migue/ros2_ws/install/tutorial_interfaces/include/tutorial_interfaces/srv/detail/add_three_ints__traits.hpp
[0.435s] -- Up-to-date: /home/migue/ros2_ws/install/tutorial_interfaces/include/tutorial_interfaces/msg
[0.435s] -- Up-to-date: /home/migue/ros2_ws/install/tutorial_interfaces/include/tutorial_interfaces/msg/sphere.hpp
[0.435s] -- Up-to-date: /home/migue/ros2_ws/install/tutorial_interfaces/include/tutorial_interfaces/msg/detail
[0.435s] -- Up-to-date: /home/migue/ros2_ws/install/tutorial_interfaces/include/tutorial_interfaces/msg/detail/sphere__builder.hpp
[0.436s] -- Up-to-date: /home/migue/ros2_ws/install/tutorial_interfaces/include/tutorial_interfaces/msg/detail/num__traits.hpp
[0.436s] -- Up-to-date: /home/migue/ros2_ws/install/tutorial_interfaces/include/tutorial_interfaces/msg/detail/sphere__traits.hpp
[0.436s] -- Up-to-date: /home/migue/ros2_ws/install/tutorial_interfaces/include/tutorial_interfaces/msg/detail/num__struct.hpp
[0.436s] -- Up-to-date: /home/migue/ros2_ws/install/tutorial_interfaces/include/tutorial_interfaces/msg/detail/sphere__struct.hpp
[0.436s] -- Up-to-date: /home/migue/ros2_ws/install/tutorial_interfaces/include/tutorial_interfaces/msg/detail/num__builder.hpp
[0.436s] -- Up-to-date: /home/migue/ros2_ws/install/tutorial_interfaces/include/tutorial_interfaces/msg/num.hpp
[0.436s] -- Up-to-date: /home/migue/ros2_ws/install/tutorial_interfaces/include/tutorial_interfaces
[0.436s] -- Up-to-date: /home/migue/ros2_ws/install/tutorial_interfaces/include/tutorial_interfaces/srv
[0.436s] -- Up-to-date: /home/migue/ros2_ws/install/tutorial_interfaces/include/tutorial_interfaces/srv/detail
[0.436s] -- Up-to-date: /home/migue/ros2_ws/install/tutorial_interfaces/include/tutorial_interfaces/srv/detail/add_three_ints__type_support.cpp
[0.436s] -- Up-to-date: /home/migue/ros2_ws/install/tutorial_interfaces/include/tutorial_interfaces/srv/detail/add_three_ints__rosidl_typesupport_introspection_cpp.hpp
[0.436s] -- Up-to-date: /home/migue/ros2_ws/install/tutorial_interfaces/include/tutorial_interfaces/msg
[0.436s] -- Up-to-date: /home/migue/ros2_ws/install/tutorial_interfaces/include/tutorial_interfaces/msg/detail
[0.437s] -- Up-to-date: /home/migue/ros2_ws/install/tutorial_interfaces/include/tutorial_interfaces/msg/detail/num__rosidl_typesupport_introspection_cpp.hpp
[0.437s] -- Up-to-date: /home/migue/ros2_ws/install/tutorial_interfaces/include/tutorial_interfaces/msg/detail/sphere__type_support.cpp
[0.437s] -- Up-to-date: /home/migue/ros2_ws/install/tutorial_interfaces/include/tutorial_interfaces/msg/detail/sphere__rosidl_typesupport_introspection_cpp.hpp
[0.437s] -- Up-to-date: /home/migue/ros2_ws/install/tutorial_interfaces/include/tutorial_interfaces/msg/detail/num__type_support.cpp
[0.437s] -- Up-to-date: /home/migue/ros2_ws/install/tutorial_interfaces/lib/libtutorial_interfaces__rosidl_typesupport_introspection_cpp.so
[0.437s] -- Up-to-date: /home/migue/ros2_ws/install/tutorial_interfaces/lib/libtutorial_interfaces__rosidl_typesupport_cpp.so
[0.437s] -- Up-to-date: /home/migue/ros2_ws/install/tutorial_interfaces/share/tutorial_interfaces/environment/pythonpath.sh
[0.437s] -- Up-to-date: /home/migue/ros2_ws/install/tutorial_interfaces/share/tutorial_interfaces/environment/pythonpath.dsv
[0.437s] -- Up-to-date: /home/migue/ros2_ws/install/tutorial_interfaces/lib/python3.8/site-packages/tutorial_interfaces/__init__.py
[0.463s] -- Up-to-date: /home/migue/ros2_ws/install/tutorial_interfaces/lib/python3.8/site-packages/tutorial_interfaces/msg
[0.463s] -- Up-to-date: /home/migue/ros2_ws/install/tutorial_interfaces/lib/python3.8/site-packages/tutorial_interfaces/msg/__init__.py
[0.463s] -- Up-to-date: /home/migue/ros2_ws/install/tutorial_interfaces/lib/python3.8/site-packages/tutorial_interfaces/msg/_sphere_s.c
[0.464s] -- Up-to-date: /home/migue/ros2_ws/install/tutorial_interfaces/lib/python3.8/site-packages/tutorial_interfaces/msg/_num_s.c
[0.464s] -- Up-to-date: /home/migue/ros2_ws/install/tutorial_interfaces/lib/python3.8/site-packages/tutorial_interfaces/msg/_num.py
[0.464s] -- Up-to-date: /home/migue/ros2_ws/install/tutorial_interfaces/lib/python3.8/site-packages/tutorial_interfaces/msg/_sphere.py
[0.464s] -- Up-to-date: /home/migue/ros2_ws/install/tutorial_interfaces/lib/python3.8/site-packages/tutorial_interfaces/srv
[0.464s] -- Up-to-date: /home/migue/ros2_ws/install/tutorial_interfaces/lib/python3.8/site-packages/tutorial_interfaces/srv/_add_three_ints.py
[0.464s] -- Up-to-date: /home/migue/ros2_ws/install/tutorial_interfaces/lib/python3.8/site-packages/tutorial_interfaces/srv/_add_three_ints_s.c
[0.464s] -- Up-to-date: /home/migue/ros2_ws/install/tutorial_interfaces/lib/python3.8/site-packages/tutorial_interfaces/srv/__init__.py
[0.464s] -- Up-to-date: /home/migue/ros2_ws/install/tutorial_interfaces/lib/python3.8/site-packages/tutorial_interfaces/tutorial_interfaces_s__rosidl_typesupport_fastrtps_c.cpython-38-x86_64-linux-gnu.so
[0.465s] -- Up-to-date: /home/migue/ros2_ws/install/tutorial_interfaces/lib/python3.8/site-packages/tutorial_interfaces/tutorial_interfaces_s__rosidl_typesupport_introspection_c.cpython-38-x86_64-linux-gnu.so
[0.466s] -- Up-to-date: /home/migue/ros2_ws/install/tutorial_interfaces/lib/python3.8/site-packages/tutorial_interfaces/tutorial_interfaces_s__rosidl_typesupport_c.cpython-38-x86_64-linux-gnu.so
[0.467s] -- Up-to-date: /home/migue/ros2_ws/install/tutorial_interfaces/lib/libtutorial_interfaces__python.so
[0.468s] -- Up-to-date: /home/migue/ros2_ws/install/tutorial_interfaces/share/tutorial_interfaces/msg/Num.idl
[0.468s] -- Up-to-date: /home/migue/ros2_ws/install/tutorial_interfaces/share/tutorial_interfaces/msg/Sphere.idl
[0.468s] -- Up-to-date: /home/migue/ros2_ws/install/tutorial_interfaces/share/tutorial_interfaces/srv/AddThreeInts.idl
[0.468s] -- Up-to-date: /home/migue/ros2_ws/install/tutorial_interfaces/share/tutorial_interfaces/msg/Num.msg
[0.468s] -- Up-to-date: /home/migue/ros2_ws/install/tutorial_interfaces/share/tutorial_interfaces/msg/Sphere.msg
[0.468s] -- Up-to-date: /home/migue/ros2_ws/install/tutorial_interfaces/share/tutorial_interfaces/srv/AddThreeInts.srv
[0.468s] -- Up-to-date: /home/migue/ros2_ws/install/tutorial_interfaces/share/tutorial_interfaces/srv/AddThreeInts_Request.msg
[0.469s] -- Up-to-date: /home/migue/ros2_ws/install/tutorial_interfaces/share/tutorial_interfaces/srv/AddThreeInts_Response.msg
[0.469s] -- Up-to-date: /home/migue/ros2_ws/install/tutorial_interfaces/share/ament_index/resource_index/package_run_dependencies/tutorial_interfaces
[0.469s] -- Up-to-date: /home/migue/ros2_ws/install/tutorial_interfaces/share/ament_index/resource_index/parent_prefix_path/tutorial_interfaces
[0.469s] -- Up-to-date: /home/migue/ros2_ws/install/tutorial_interfaces/share/tutorial_interfaces/environment/ament_prefix_path.sh
[0.469s] -- Up-to-date: /home/migue/ros2_ws/install/tutorial_interfaces/share/tutorial_interfaces/environment/ament_prefix_path.dsv
[0.469s] -- Up-to-date: /home/migue/ros2_ws/install/tutorial_interfaces/share/tutorial_interfaces/environment/path.sh
[0.469s] -- Up-to-date: /home/migue/ros2_ws/install/tutorial_interfaces/share/tutorial_interfaces/environment/path.dsv
[0.469s] -- Up-to-date: /home/migue/ros2_ws/install/tutorial_interfaces/share/tutorial_interfaces/local_setup.bash
[0.469s] -- Up-to-date: /home/migue/ros2_ws/install/tutorial_interfaces/share/tutorial_interfaces/local_setup.sh
[0.469s] -- Up-to-date: /home/migue/ros2_ws/install/tutorial_interfaces/share/tutorial_interfaces/local_setup.zsh
[0.469s] -- Up-to-date: /home/migue/ros2_ws/install/tutorial_interfaces/share/tutorial_interfaces/local_setup.dsv
[0.470s] -- Installing: /home/migue/ros2_ws/install/tutorial_interfaces/share/tutorial_interfaces/package.dsv
[0.470s] -- Up-to-date: /home/migue/ros2_ws/install/tutorial_interfaces/share/ament_index/resource_index/packages/tutorial_interfaces
[0.470s] -- Up-to-date: /home/migue/ros2_ws/install/tutorial_interfaces/share/tutorial_interfaces/cmake/tutorial_interfaces__rosidl_generator_cExport.cmake
[0.470s] -- Up-to-date: /home/migue/ros2_ws/install/tutorial_interfaces/share/tutorial_interfaces/cmake/tutorial_interfaces__rosidl_generator_cExport-noconfig.cmake
[0.470s] -- Up-to-date: /home/migue/ros2_ws/install/tutorial_interfaces/share/tutorial_interfaces/cmake/tutorial_interfaces__rosidl_typesupport_introspection_cExport.cmake
[0.470s] -- Up-to-date: /home/migue/ros2_ws/install/tutorial_interfaces/share/tutorial_interfaces/cmake/tutorial_interfaces__rosidl_typesupport_introspection_cExport-noconfig.cmake
[0.471s] -- Up-to-date: /home/migue/ros2_ws/install/tutorial_interfaces/share/tutorial_interfaces/cmake/tutorial_interfaces__rosidl_typesupport_cExport.cmake
[0.471s] -- Up-to-date: /home/migue/ros2_ws/install/tutorial_interfaces/share/tutorial_interfaces/cmake/tutorial_interfaces__rosidl_typesupport_cExport-noconfig.cmake
[0.471s] -- Up-to-date: /home/migue/ros2_ws/install/tutorial_interfaces/share/tutorial_interfaces/cmake/tutorial_interfaces__rosidl_generator_cppExport.cmake
[0.471s] -- Up-to-date: /home/migue/ros2_ws/install/tutorial_interfaces/share/tutorial_interfaces/cmake/tutorial_interfaces__rosidl_typesupport_introspection_cppExport.cmake
[0.472s] -- Up-to-date: /home/migue/ros2_ws/install/tutorial_interfaces/share/tutorial_interfaces/cmake/tutorial_interfaces__rosidl_typesupport_introspection_cppExport-noconfig.cmake
[0.472s] -- Up-to-date: /home/migue/ros2_ws/install/tutorial_interfaces/share/tutorial_interfaces/cmake/tutorial_interfaces__rosidl_typesupport_cppExport.cmake
[0.472s] -- Up-to-date: /home/migue/ros2_ws/install/tutorial_interfaces/share/tutorial_interfaces/cmake/tutorial_interfaces__rosidl_typesupport_cppExport-noconfig.cmake
[0.472s] -- Up-to-date: /home/migue/ros2_ws/install/tutorial_interfaces/share/tutorial_interfaces/cmake/rosidl_cmake-extras.cmake
[0.472s] -- Up-to-date: /home/migue/ros2_ws/install/tutorial_interfaces/share/tutorial_interfaces/cmake/ament_cmake_export_dependencies-extras.cmake
[0.472s] -- Up-to-date: /home/migue/ros2_ws/install/tutorial_interfaces/share/tutorial_interfaces/cmake/ament_cmake_export_libraries-extras.cmake
[0.472s] -- Up-to-date: /home/migue/ros2_ws/install/tutorial_interfaces/share/tutorial_interfaces/cmake/ament_cmake_export_targets-extras.cmake
[0.473s] -- Up-to-date: /home/migue/ros2_ws/install/tutorial_interfaces/share/tutorial_interfaces/cmake/ament_cmake_export_include_directories-extras.cmake
[0.473s] -- Up-to-date: /home/migue/ros2_ws/install/tutorial_interfaces/share/tutorial_interfaces/cmake/rosidl_cmake_export_typesupport_libraries-extras.cmake
[0.473s] -- Up-to-date: /home/migue/ros2_ws/install/tutorial_interfaces/share/tutorial_interfaces/cmake/rosidl_cmake_export_typesupport_targets-extras.cmake
[0.473s] -- Up-to-date: /home/migue/ros2_ws/install/tutorial_interfaces/share/tutorial_interfaces/cmake/tutorial_interfacesConfig.cmake
[0.473s] -- Up-to-date: /home/migue/ros2_ws/install/tutorial_interfaces/share/tutorial_interfaces/cmake/tutorial_interfacesConfig-version.cmake
[0.473s] -- Up-to-date: /home/migue/ros2_ws/install/tutorial_interfaces/share/tutorial_interfaces/package.xml
[0.476s] Invoked command in '/home/migue/ros2_ws/build/tutorial_interfaces' returned '0': CMAKE_PREFIX_PATH=${CMAKE_PREFIX_PATH}:/opt/ros/foxy /usr/bin/cmake --install /home/migue/ros2_ws/build/tutorial_interfaces
