[01m[K/home/migue/ros2_ws/src/cpp_srvcli/src/add_two_ints_client.cpp:[m[K In function ‘[01m[Kint main(int, char**)[m[K’:
[01m[K/home/migue/ros2_ws/src/cpp_srvcli/src/add_two_ints_client.cpp:31:35:[m[K [01;31m[Kerror: [m[K‘[01m[Kexample_interfaces[m[K’ was not declared in this scope; did you mean ‘[01m[Krcl_interfaces[m[K’?
   31 |   auto request = std::make_shared<[01;31m[Kexample_interfaces[m[K::srv::AddTwoInts::Request>();
      |                                   [01;31m[K^~~~~~~~~~~~~~~~~~[m[K
      |                                   [32m[Krcl_interfaces[m[K
[01m[K/home/migue/ros2_ws/src/cpp_srvcli/src/add_two_ints_client.cpp:31:23:[m[K [01;31m[Kerror: [m[Kparse error in template argument list
   31 |   auto request = std::[01;31m[Kmake_shared<example_interfaces::srv::AddTwoInts::Request>[m[K();
      |                       [01;31m[K^~~~~~~~~~~~~~~~~~~~~~~~~~~~~~~~~~~~~~~~~~~~~~~~~~~~~~~~~[m[K
[01m[K/home/migue/ros2_ws/src/cpp_srvcli/src/add_two_ints_client.cpp:31:81:[m[K [01;31m[Kerror: [m[Kno matching function for call to ‘[01m[Kmake_shared<<expression error> >()[m[K’
   31 | d::make_shared<example_interfaces::srv::AddTwoInts::Request>([01;31m[K)[m[K;
      |                                                              [01;31m[K^[m[K

In file included from [01m[K/usr/include/c++/9/memory:81[m[K,
                 from [01m[K/opt/ros/foxy/include/rclcpp/rclcpp.hpp:144[m[K,
                 from [01m[K/home/migue/ros2_ws/src/cpp_srvcli/src/add_two_ints_client.cpp:1[m[K:
[01m[K/usr/include/c++/9/bits/shared_ptr.h:714:5:[m[K [01;36m[Knote: [m[Kcandidate: ‘[01m[Ktemplate<class _Tp, class ... _Args> std::shared_ptr<_Tp> std::make_shared(_Args&& ...)[m[K’
  714 |     [01;36m[Kmake_shared[m[K(_Args&&... __args)
      |     [01;36m[K^~~~~~~~~~~[m[K
[01m[K/usr/include/c++/9/bits/shared_ptr.h:714:5:[m[K [01;36m[Knote: [m[K  template argument deduction/substitution failed:
[01m[K/home/migue/ros2_ws/src/cpp_srvcli/src/add_two_ints_client.cpp:31:81:[m[K [01;31m[Kerror: [m[Ktemplate argument 1 is invalid
   31 | d::make_shared<example_interfaces::srv::AddTwoInts::Request>([01;31m[K)[m[K;
      |                                                              [01;31m[K^[m[K

make[2]: *** [CMakeFiles/client.dir/build.make:63: CMakeFiles/client.dir/src/add_two_ints_client.cpp.o] Error 1
make[1]: *** [CMakeFiles/Makefile2:80: CMakeFiles/client.dir/all] Error 2
make: *** [Makefile:141: all] Error 2
