[35m[1mScanning dependencies of target turtle_tf2_listener_debug[0m
[ 50%] Built target static_turtle_tf2_broadcaster
[ 50%] Built target dynamic_frame_tf2_broadcaster
[ 50%] Built target turtle_tf2_broadcaster
[ 66%] Built target fixed_frame_tf2_broadcaster
[ 83%] Built target turtle_tf2_listener
[ 91%] [32mBuilding CXX object CMakeFiles/turtle_tf2_listener_debug.dir/src/turtle_tf2_listener_debug.cpp.o[0m
[100%] [32m[1mLinking CXX executable turtle_tf2_listener_debug[0m
[100%] Built target turtle_tf2_listener_debug
-- Install configuration: ""
-- Up-to-date: /home/migue/tf2_ws/install/learning_tf2_cpp/lib/learning_tf2_cpp/static_turtle_tf2_broadcaster
-- Installing: /home/migue/tf2_ws/install/learning_tf2_cpp/lib/learning_tf2_cpp/turtle_tf2_broadcaster
-- Set runtime path of "/home/migue/tf2_ws/install/learning_tf2_cpp/lib/learning_tf2_cpp/turtle_tf2_broadcaster" to ""
-- Installing: /home/migue/tf2_ws/install/learning_tf2_cpp/lib/learning_tf2_cpp/turtle_tf2_listener
-- Set runtime path of "/home/migue/tf2_ws/install/learning_tf2_cpp/lib/learning_tf2_cpp/turtle_tf2_listener" to ""
-- Up-to-date: /home/migue/tf2_ws/install/learning_tf2_cpp/lib/learning_tf2_cpp/fixed_frame_tf2_broadcaster
-- Up-to-date: /home/migue/tf2_ws/install/learning_tf2_cpp/lib/learning_tf2_cpp/dynamic_frame_tf2_broadcaster
-- Installing: /home/migue/tf2_ws/install/learning_tf2_cpp/lib/learning_tf2_cpp/turtle_tf2_listener_debug
-- Set runtime path of "/home/migue/tf2_ws/install/learning_tf2_cpp/lib/learning_tf2_cpp/turtle_tf2_listener_debug" to ""
-- Up-to-date: /home/migue/tf2_ws/install/learning_tf2_cpp/share/learning_tf2_cpp/launch
-- Up-to-date: /home/migue/tf2_ws/install/learning_tf2_cpp/share/learning_tf2_cpp/launch/turtle_tf2_fixed_frame_demo.launch.py
-- Up-to-date: /home/migue/tf2_ws/install/learning_tf2_cpp/share/learning_tf2_cpp/launch/turtle_tf2_demo.launch.py
-- Up-to-date: /home/migue/tf2_ws/install/learning_tf2_cpp/share/learning_tf2_cpp/launch/turtle_tf2_dynamic_frame_demo.launch.py
-- Installing: /home/migue/tf2_ws/install/learning_tf2_cpp/share/learning_tf2_cpp/launch/start_tf2_debug_demo.launch.py
-- Up-to-date: /home/migue/tf2_ws/install/learning_tf2_cpp/share/ament_index/resource_index/package_run_dependencies/learning_tf2_cpp
-- Up-to-date: /home/migue/tf2_ws/install/learning_tf2_cpp/share/ament_index/resource_index/parent_prefix_path/learning_tf2_cpp
-- Up-to-date: /home/migue/tf2_ws/install/learning_tf2_cpp/share/learning_tf2_cpp/environment/ament_prefix_path.sh
-- Installing: /home/migue/tf2_ws/install/learning_tf2_cpp/share/learning_tf2_cpp/environment/ament_prefix_path.dsv
-- Up-to-date: /home/migue/tf2_ws/install/learning_tf2_cpp/share/learning_tf2_cpp/environment/path.sh
-- Installing: /home/migue/tf2_ws/install/learning_tf2_cpp/share/learning_tf2_cpp/environment/path.dsv
-- Up-to-date: /home/migue/tf2_ws/install/learning_tf2_cpp/share/learning_tf2_cpp/local_setup.bash
-- Up-to-date: /home/migue/tf2_ws/install/learning_tf2_cpp/share/learning_tf2_cpp/local_setup.sh
-- Up-to-date: /home/migue/tf2_ws/install/learning_tf2_cpp/share/learning_tf2_cpp/local_setup.zsh
-- Installing: /home/migue/tf2_ws/install/learning_tf2_cpp/share/learning_tf2_cpp/local_setup.dsv
-- Installing: /home/migue/tf2_ws/install/learning_tf2_cpp/share/learning_tf2_cpp/package.dsv
-- Up-to-date: /home/migue/tf2_ws/install/learning_tf2_cpp/share/ament_index/resource_index/packages/learning_tf2_cpp
-- Up-to-date: /home/migue/tf2_ws/install/learning_tf2_cpp/share/learning_tf2_cpp/cmake/learning_tf2_cppConfig.cmake
-- Up-to-date: /home/migue/tf2_ws/install/learning_tf2_cpp/share/learning_tf2_cpp/cmake/learning_tf2_cppConfig-version.cmake
-- Up-to-date: /home/migue/tf2_ws/install/learning_tf2_cpp/share/learning_tf2_cpp/package.xml
