[0.022s] Invoking command in '/home/migue/tf2_ws/build/learning_tf2_cpp': CMAKE_PREFIX_PATH=${CMAKE_PREFIX_PATH}:/opt/ros/foxy /usr/bin/cmake --build /home/migue/tf2_ws/build/learning_tf2_cpp -- -j12 -l12
[0.069s] [35m[1mScanning dependencies of target turtle_tf2_listener_debug[0m
[0.088s] [ 50%] Built target static_turtle_tf2_broadcaster
[0.088s] [ 50%] Built target dynamic_frame_tf2_broadcaster
[0.088s] [ 50%] Built target turtle_tf2_broadcaster
[0.089s] [ 66%] Built target fixed_frame_tf2_broadcaster
[0.091s] [ 83%] Built target turtle_tf2_listener
[0.141s] [ 91%] [32mBuilding CXX object CMakeFiles/turtle_tf2_listener_debug.dir/src/turtle_tf2_listener_debug.cpp.o[0m
[3.606s] [100%] [32m[1mLinking CXX executable turtle_tf2_listener_debug[0m
[3.853s] [100%] Built target turtle_tf2_listener_debug
[3.864s] Invoked command in '/home/migue/tf2_ws/build/learning_tf2_cpp' returned '0': CMAKE_PREFIX_PATH=${CMAKE_PREFIX_PATH}:/opt/ros/foxy /usr/bin/cmake --build /home/migue/tf2_ws/build/learning_tf2_cpp -- -j12 -l12
[3.906s] Invoking command in '/home/migue/tf2_ws/build/learning_tf2_cpp': CMAKE_PREFIX_PATH=${CMAKE_PREFIX_PATH}:/opt/ros/foxy /usr/bin/cmake --install /home/migue/tf2_ws/build/learning_tf2_cpp
[4.008s] -- Install configuration: ""
[4.035s] -- Up-to-date: /home/migue/tf2_ws/install/learning_tf2_cpp/lib/learning_tf2_cpp/static_turtle_tf2_broadcaster
[4.061s] -- Installing: /home/migue/tf2_ws/install/learning_tf2_cpp/lib/learning_tf2_cpp/turtle_tf2_broadcaster
[4.065s] -- Set runtime path of "/home/migue/tf2_ws/install/learning_tf2_cpp/lib/learning_tf2_cpp/turtle_tf2_broadcaster" to ""
[4.097s] -- Installing: /home/migue/tf2_ws/install/learning_tf2_cpp/lib/learning_tf2_cpp/turtle_tf2_listener
[4.099s] -- Set runtime path of "/home/migue/tf2_ws/install/learning_tf2_cpp/lib/learning_tf2_cpp/turtle_tf2_listener" to ""
[4.117s] -- Up-to-date: /home/migue/tf2_ws/install/learning_tf2_cpp/lib/learning_tf2_cpp/fixed_frame_tf2_broadcaster
[4.129s] -- Up-to-date: /home/migue/tf2_ws/install/learning_tf2_cpp/lib/learning_tf2_cpp/dynamic_frame_tf2_broadcaster
[4.129s] -- Installing: /home/migue/tf2_ws/install/learning_tf2_cpp/lib/learning_tf2_cpp/turtle_tf2_listener_debug
[4.132s] -- Set runtime path of "/home/migue/tf2_ws/install/learning_tf2_cpp/lib/learning_tf2_cpp/turtle_tf2_listener_debug" to ""
[4.132s] -- Up-to-date: /home/migue/tf2_ws/install/learning_tf2_cpp/share/learning_tf2_cpp/launch
[4.132s] -- Up-to-date: /home/migue/tf2_ws/install/learning_tf2_cpp/share/learning_tf2_cpp/launch/turtle_tf2_fixed_frame_demo.launch.py
[4.132s] -- Up-to-date: /home/migue/tf2_ws/install/learning_tf2_cpp/share/learning_tf2_cpp/launch/turtle_tf2_demo.launch.py
[4.132s] -- Up-to-date: /home/migue/tf2_ws/install/learning_tf2_cpp/share/learning_tf2_cpp/launch/turtle_tf2_dynamic_frame_demo.launch.py
[4.132s] -- Installing: /home/migue/tf2_ws/install/learning_tf2_cpp/share/learning_tf2_cpp/launch/start_tf2_debug_demo.launch.py
[4.142s] -- Up-to-date: /home/migue/tf2_ws/install/learning_tf2_cpp/share/ament_index/resource_index/package_run_dependencies/learning_tf2_cpp
[4.142s] -- Up-to-date: /home/migue/tf2_ws/install/learning_tf2_cpp/share/ament_index/resource_index/parent_prefix_path/learning_tf2_cpp
[4.142s] -- Up-to-date: /home/migue/tf2_ws/install/learning_tf2_cpp/share/learning_tf2_cpp/environment/ament_prefix_path.sh
[4.142s] -- Installing: /home/migue/tf2_ws/install/learning_tf2_cpp/share/learning_tf2_cpp/environment/ament_prefix_path.dsv
[4.169s] -- Up-to-date: /home/migue/tf2_ws/install/learning_tf2_cpp/share/learning_tf2_cpp/environment/path.sh
[4.169s] -- Installing: /home/migue/tf2_ws/install/learning_tf2_cpp/share/learning_tf2_cpp/environment/path.dsv
[4.169s] -- Up-to-date: /home/migue/tf2_ws/install/learning_tf2_cpp/share/learning_tf2_cpp/local_setup.bash
[4.170s] -- Up-to-date: /home/migue/tf2_ws/install/learning_tf2_cpp/share/learning_tf2_cpp/local_setup.sh
[4.170s] -- Up-to-date: /home/migue/tf2_ws/install/learning_tf2_cpp/share/learning_tf2_cpp/local_setup.zsh
[4.170s] -- Installing: /home/migue/tf2_ws/install/learning_tf2_cpp/share/learning_tf2_cpp/local_setup.dsv
[4.179s] -- Installing: /home/migue/tf2_ws/install/learning_tf2_cpp/share/learning_tf2_cpp/package.dsv
[4.184s] -- Up-to-date: /home/migue/tf2_ws/install/learning_tf2_cpp/share/ament_index/resource_index/packages/learning_tf2_cpp
[4.185s] -- Up-to-date: /home/migue/tf2_ws/install/learning_tf2_cpp/share/learning_tf2_cpp/cmake/learning_tf2_cppConfig.cmake
[4.185s] -- Up-to-date: /home/migue/tf2_ws/install/learning_tf2_cpp/share/learning_tf2_cpp/cmake/learning_tf2_cppConfig-version.cmake
[4.185s] -- Up-to-date: /home/migue/tf2_ws/install/learning_tf2_cpp/share/learning_tf2_cpp/package.xml
[4.188s] Invoked command in '/home/migue/tf2_ws/build/learning_tf2_cpp' returned '0': CMAKE_PREFIX_PATH=${CMAKE_PREFIX_PATH}:/opt/ros/foxy /usr/bin/cmake --install /home/migue/tf2_ws/build/learning_tf2_cpp
