[0.169s] Invoking command in '/home/migue/ros2_ws/build/action_tutorials_interfaces': CMAKE_PREFIX_PATH=/opt/ros/foxy /usr/bin/cmake --build /home/migue/ros2_ws/build/action_tutorials_interfaces -- -j12 -l12
[0.578s] [  3%] Built target action_tutorials_interfaces__cpp
[0.586s] [ 12%] Built target action_tutorials_interfaces__rosidl_generator_c
[0.659s] [ 22%] Built target action_tutorials_interfaces__rosidl_typesupport_introspection_c
[0.685s] [ 32%] Built target action_tutorials_interfaces__rosidl_typesupport_fastrtps_cpp
[0.697s] [ 41%] Built target action_tutorials_interfaces__rosidl_typesupport_cpp
[0.739s] [ 51%] Built target action_tutorials_interfaces__rosidl_typesupport_fastrtps_c
[0.783s] [ 61%] Built target action_tutorials_interfaces__rosidl_typesupport_c
[0.825s] [ 70%] Built target action_tutorials_interfaces__rosidl_typesupport_introspection_cpp
[0.854s] [ 70%] Built target action_tutorials_interfaces
[0.888s] [ 74%] Built target action_tutorials_interfaces__py
[0.936s] [ 80%] Built target action_tutorials_interfaces__python
[0.989s] [ 87%] Built target action_tutorials_interfaces__rosidl_typesupport_fastrtps_c__pyext
[0.994s] [ 93%] Built target action_tutorials_interfaces__rosidl_typesupport_introspection_c__pyext
[1.004s] [100%] Built target action_tutorials_interfaces__rosidl_typesupport_c__pyext
[1.015s] Invoked command in '/home/migue/ros2_ws/build/action_tutorials_interfaces' returned '0': CMAKE_PREFIX_PATH=/opt/ros/foxy /usr/bin/cmake --build /home/migue/ros2_ws/build/action_tutorials_interfaces -- -j12 -l12
[1.081s] Invoking command in '/home/migue/ros2_ws/build/action_tutorials_interfaces': CMAKE_PREFIX_PATH=/opt/ros/foxy /usr/bin/cmake --install /home/migue/ros2_ws/build/action_tutorials_interfaces
[1.091s] -- Install configuration: ""
[1.091s] -- Up-to-date: /home/migue/ros2_ws/install/action_tutorials_interfaces/share/ament_index/resource_index/rosidl_interfaces/action_tutorials_interfaces
[1.091s] -- Up-to-date: /home/migue/ros2_ws/install/action_tutorials_interfaces/include/action_tutorials_interfaces
[1.092s] -- Up-to-date: /home/migue/ros2_ws/install/action_tutorials_interfaces/include/action_tutorials_interfaces/action
[1.092s] -- Up-to-date: /home/migue/ros2_ws/install/action_tutorials_interfaces/include/action_tutorials_interfaces/action/detail
[1.092s] -- Up-to-date: /home/migue/ros2_ws/install/action_tutorials_interfaces/include/action_tutorials_interfaces/action/detail/fibonacci__functions.h
[1.092s] -- Up-to-date: /home/migue/ros2_ws/install/action_tutorials_interfaces/include/action_tutorials_interfaces/action/detail/fibonacci__type_support.h
[1.092s] -- Up-to-date: /home/migue/ros2_ws/install/action_tutorials_interfaces/include/action_tutorials_interfaces/action/detail/fibonacci__struct.h
[1.092s] -- Up-to-date: /home/migue/ros2_ws/install/action_tutorials_interfaces/include/action_tutorials_interfaces/action/detail/fibonacci__functions.c
[1.093s] -- Up-to-date: /home/migue/ros2_ws/install/action_tutorials_interfaces/include/action_tutorials_interfaces/action/fibonacci.h
[1.093s] -- Up-to-date: /home/migue/ros2_ws/install/action_tutorials_interfaces/include/action_tutorials_interfaces/msg
[1.093s] -- Up-to-date: /home/migue/ros2_ws/install/action_tutorials_interfaces/include/action_tutorials_interfaces/msg/rosidl_generator_c__visibility_control.h
[1.093s] -- Up-to-date: /home/migue/ros2_ws/install/action_tutorials_interfaces/share/action_tutorials_interfaces/environment/library_path.sh
[1.093s] -- Up-to-date: /home/migue/ros2_ws/install/action_tutorials_interfaces/share/action_tutorials_interfaces/environment/library_path.dsv
[1.093s] -- Up-to-date: /home/migue/ros2_ws/install/action_tutorials_interfaces/lib/libaction_tutorials_interfaces__rosidl_generator_c.so
[1.093s] -- Up-to-date: /home/migue/ros2_ws/install/action_tutorials_interfaces/include/action_tutorials_interfaces
[1.093s] -- Up-to-date: /home/migue/ros2_ws/install/action_tutorials_interfaces/include/action_tutorials_interfaces/action
[1.093s] -- Up-to-date: /home/migue/ros2_ws/install/action_tutorials_interfaces/include/action_tutorials_interfaces/action/detail
[1.094s] -- Up-to-date: /home/migue/ros2_ws/install/action_tutorials_interfaces/include/action_tutorials_interfaces/action/detail/fibonacci__rosidl_typesupport_fastrtps_c.h
[1.094s] -- Up-to-date: /home/migue/ros2_ws/install/action_tutorials_interfaces/include/action_tutorials_interfaces/msg
[1.094s] -- Up-to-date: /home/migue/ros2_ws/install/action_tutorials_interfaces/include/action_tutorials_interfaces/msg/rosidl_typesupport_fastrtps_c__visibility_control.h
[1.094s] -- Up-to-date: /home/migue/ros2_ws/install/action_tutorials_interfaces/lib/libaction_tutorials_interfaces__rosidl_typesupport_fastrtps_c.so
[1.094s] -- Up-to-date: /home/migue/ros2_ws/install/action_tutorials_interfaces/include/action_tutorials_interfaces
[1.094s] -- Up-to-date: /home/migue/ros2_ws/install/action_tutorials_interfaces/include/action_tutorials_interfaces/action
[1.094s] -- Up-to-date: /home/migue/ros2_ws/install/action_tutorials_interfaces/include/action_tutorials_interfaces/action/detail
[1.094s] -- Up-to-date: /home/migue/ros2_ws/install/action_tutorials_interfaces/include/action_tutorials_interfaces/action/detail/dds_fastrtps
[1.095s] -- Up-to-date: /home/migue/ros2_ws/install/action_tutorials_interfaces/include/action_tutorials_interfaces/action/detail/fibonacci__rosidl_typesupport_fastrtps_cpp.hpp
[1.095s] -- Up-to-date: /home/migue/ros2_ws/install/action_tutorials_interfaces/include/action_tutorials_interfaces/msg
[1.095s] -- Up-to-date: /home/migue/ros2_ws/install/action_tutorials_interfaces/include/action_tutorials_interfaces/msg/rosidl_typesupport_fastrtps_cpp__visibility_control.h
[1.188s] -- Up-to-date: /home/migue/ros2_ws/install/action_tutorials_interfaces/lib/libaction_tutorials_interfaces__rosidl_typesupport_fastrtps_cpp.so
[1.189s] -- Up-to-date: /home/migue/ros2_ws/install/action_tutorials_interfaces/include/action_tutorials_interfaces
[1.189s] -- Up-to-date: /home/migue/ros2_ws/install/action_tutorials_interfaces/include/action_tutorials_interfaces/action
[1.189s] -- Up-to-date: /home/migue/ros2_ws/install/action_tutorials_interfaces/include/action_tutorials_interfaces/action/detail
[1.189s] -- Up-to-date: /home/migue/ros2_ws/install/action_tutorials_interfaces/include/action_tutorials_interfaces/action/detail/fibonacci__rosidl_typesupport_introspection_c.h
[1.190s] -- Up-to-date: /home/migue/ros2_ws/install/action_tutorials_interfaces/include/action_tutorials_interfaces/action/detail/fibonacci__type_support.c
[1.190s] -- Up-to-date: /home/migue/ros2_ws/install/action_tutorials_interfaces/include/action_tutorials_interfaces/msg
[1.190s] -- Up-to-date: /home/migue/ros2_ws/install/action_tutorials_interfaces/include/action_tutorials_interfaces/msg/rosidl_typesupport_introspection_c__visibility_control.h
[1.225s] -- Up-to-date: /home/migue/ros2_ws/install/action_tutorials_interfaces/lib/libaction_tutorials_interfaces__rosidl_typesupport_introspection_c.so
[1.226s] -- Up-to-date: /home/migue/ros2_ws/install/action_tutorials_interfaces/lib/libaction_tutorials_interfaces__rosidl_typesupport_c.so
[1.227s] -- Up-to-date: /home/migue/ros2_ws/install/action_tutorials_interfaces/include/action_tutorials_interfaces
[1.227s] -- Up-to-date: /home/migue/ros2_ws/install/action_tutorials_interfaces/include/action_tutorials_interfaces/action
[1.227s] -- Up-to-date: /home/migue/ros2_ws/install/action_tutorials_interfaces/include/action_tutorials_interfaces/action/fibonacci.hpp
[1.228s] -- Up-to-date: /home/migue/ros2_ws/install/action_tutorials_interfaces/include/action_tutorials_interfaces/action/detail
[1.228s] -- Up-to-date: /home/migue/ros2_ws/install/action_tutorials_interfaces/include/action_tutorials_interfaces/action/detail/fibonacci__traits.hpp
[1.228s] -- Up-to-date: /home/migue/ros2_ws/install/action_tutorials_interfaces/include/action_tutorials_interfaces/action/detail/fibonacci__struct.hpp
[1.228s] -- Up-to-date: /home/migue/ros2_ws/install/action_tutorials_interfaces/include/action_tutorials_interfaces/action/detail/fibonacci__builder.hpp
[1.228s] -- Up-to-date: /home/migue/ros2_ws/install/action_tutorials_interfaces/include/action_tutorials_interfaces
[1.228s] -- Up-to-date: /home/migue/ros2_ws/install/action_tutorials_interfaces/include/action_tutorials_interfaces/action
[1.228s] -- Up-to-date: /home/migue/ros2_ws/install/action_tutorials_interfaces/include/action_tutorials_interfaces/action/detail
[1.228s] -- Up-to-date: /home/migue/ros2_ws/install/action_tutorials_interfaces/include/action_tutorials_interfaces/action/detail/fibonacci__type_support.cpp
[1.229s] -- Up-to-date: /home/migue/ros2_ws/install/action_tutorials_interfaces/include/action_tutorials_interfaces/action/detail/fibonacci__rosidl_typesupport_introspection_cpp.hpp
[1.300s] -- Up-to-date: /home/migue/ros2_ws/install/action_tutorials_interfaces/lib/libaction_tutorials_interfaces__rosidl_typesupport_introspection_cpp.so
[1.301s] -- Up-to-date: /home/migue/ros2_ws/install/action_tutorials_interfaces/lib/libaction_tutorials_interfaces__rosidl_typesupport_cpp.so
[1.302s] -- Up-to-date: /home/migue/ros2_ws/install/action_tutorials_interfaces/share/action_tutorials_interfaces/environment/pythonpath.sh
[1.302s] -- Up-to-date: /home/migue/ros2_ws/install/action_tutorials_interfaces/share/action_tutorials_interfaces/environment/pythonpath.dsv
[1.303s] -- Up-to-date: /home/migue/ros2_ws/install/action_tutorials_interfaces/lib/python3.8/site-packages/action_tutorials_interfaces/__init__.py
[1.335s] -- Up-to-date: /home/migue/ros2_ws/install/action_tutorials_interfaces/lib/python3.8/site-packages/action_tutorials_interfaces/action
[1.335s] -- Up-to-date: /home/migue/ros2_ws/install/action_tutorials_interfaces/lib/python3.8/site-packages/action_tutorials_interfaces/action/_fibonacci.py
[1.335s] -- Up-to-date: /home/migue/ros2_ws/install/action_tutorials_interfaces/lib/python3.8/site-packages/action_tutorials_interfaces/action/_fibonacci_s.c
[1.335s] -- Up-to-date: /home/migue/ros2_ws/install/action_tutorials_interfaces/lib/python3.8/site-packages/action_tutorials_interfaces/action/__init__.py
[1.336s] -- Up-to-date: /home/migue/ros2_ws/install/action_tutorials_interfaces/lib/python3.8/site-packages/action_tutorials_interfaces/action_tutorials_interfaces_s__rosidl_typesupport_fastrtps_c.cpython-38-x86_64-linux-gnu.so
[1.338s] -- Up-to-date: /home/migue/ros2_ws/install/action_tutorials_interfaces/lib/python3.8/site-packages/action_tutorials_interfaces/action_tutorials_interfaces_s__rosidl_typesupport_introspection_c.cpython-38-x86_64-linux-gnu.so
[1.340s] -- Up-to-date: /home/migue/ros2_ws/install/action_tutorials_interfaces/lib/python3.8/site-packages/action_tutorials_interfaces/action_tutorials_interfaces_s__rosidl_typesupport_c.cpython-38-x86_64-linux-gnu.so
[1.341s] -- Up-to-date: /home/migue/ros2_ws/install/action_tutorials_interfaces/lib/libaction_tutorials_interfaces__python.so
[1.341s] -- Up-to-date: /home/migue/ros2_ws/install/action_tutorials_interfaces/share/action_tutorials_interfaces/action/Fibonacci.idl
[1.341s] -- Up-to-date: /home/migue/ros2_ws/install/action_tutorials_interfaces/share/action_tutorials_interfaces/action/Fibonacci.action
[1.341s] -- Up-to-date: /home/migue/ros2_ws/install/action_tutorials_interfaces/share/ament_index/resource_index/package_run_dependencies/action_tutorials_interfaces
[1.342s] -- Up-to-date: /home/migue/ros2_ws/install/action_tutorials_interfaces/share/ament_index/resource_index/parent_prefix_path/action_tutorials_interfaces
[1.342s] -- Up-to-date: /home/migue/ros2_ws/install/action_tutorials_interfaces/share/action_tutorials_interfaces/environment/ament_prefix_path.sh
[1.342s] -- Up-to-date: /home/migue/ros2_ws/install/action_tutorials_interfaces/share/action_tutorials_interfaces/environment/ament_prefix_path.dsv
[1.342s] -- Up-to-date: /home/migue/ros2_ws/install/action_tutorials_interfaces/share/action_tutorials_interfaces/environment/path.sh
[1.342s] -- Up-to-date: /home/migue/ros2_ws/install/action_tutorials_interfaces/share/action_tutorials_interfaces/environment/path.dsv
[1.342s] -- Up-to-date: /home/migue/ros2_ws/install/action_tutorials_interfaces/share/action_tutorials_interfaces/local_setup.bash
[1.342s] -- Up-to-date: /home/migue/ros2_ws/install/action_tutorials_interfaces/share/action_tutorials_interfaces/local_setup.sh
[1.343s] -- Up-to-date: /home/migue/ros2_ws/install/action_tutorials_interfaces/share/action_tutorials_interfaces/local_setup.zsh
[1.343s] -- Up-to-date: /home/migue/ros2_ws/install/action_tutorials_interfaces/share/action_tutorials_interfaces/local_setup.dsv
[1.343s] -- Installing: /home/migue/ros2_ws/install/action_tutorials_interfaces/share/action_tutorials_interfaces/package.dsv
[1.362s] -- Up-to-date: /home/migue/ros2_ws/install/action_tutorials_interfaces/share/ament_index/resource_index/packages/action_tutorials_interfaces
[1.367s] -- Up-to-date: /home/migue/ros2_ws/install/action_tutorials_interfaces/share/action_tutorials_interfaces/cmake/action_tutorials_interfaces__rosidl_generator_cExport.cmake
[1.367s] -- Up-to-date: /home/migue/ros2_ws/install/action_tutorials_interfaces/share/action_tutorials_interfaces/cmake/action_tutorials_interfaces__rosidl_generator_cExport-noconfig.cmake
[1.367s] -- Up-to-date: /home/migue/ros2_ws/install/action_tutorials_interfaces/share/action_tutorials_interfaces/cmake/action_tutorials_interfaces__rosidl_typesupport_introspection_cExport.cmake
[1.368s] -- Up-to-date: /home/migue/ros2_ws/install/action_tutorials_interfaces/share/action_tutorials_interfaces/cmake/action_tutorials_interfaces__rosidl_typesupport_introspection_cExport-noconfig.cmake
[1.368s] -- Up-to-date: /home/migue/ros2_ws/install/action_tutorials_interfaces/share/action_tutorials_interfaces/cmake/action_tutorials_interfaces__rosidl_typesupport_cExport.cmake
[1.368s] -- Up-to-date: /home/migue/ros2_ws/install/action_tutorials_interfaces/share/action_tutorials_interfaces/cmake/action_tutorials_interfaces__rosidl_typesupport_cExport-noconfig.cmake
[1.368s] -- Up-to-date: /home/migue/ros2_ws/install/action_tutorials_interfaces/share/action_tutorials_interfaces/cmake/action_tutorials_interfaces__rosidl_generator_cppExport.cmake
[1.369s] -- Up-to-date: /home/migue/ros2_ws/install/action_tutorials_interfaces/share/action_tutorials_interfaces/cmake/action_tutorials_interfaces__rosidl_typesupport_introspection_cppExport.cmake
[1.369s] -- Up-to-date: /home/migue/ros2_ws/install/action_tutorials_interfaces/share/action_tutorials_interfaces/cmake/action_tutorials_interfaces__rosidl_typesupport_introspection_cppExport-noconfig.cmake
[1.371s] -- Up-to-date: /home/migue/ros2_ws/install/action_tutorials_interfaces/share/action_tutorials_interfaces/cmake/action_tutorials_interfaces__rosidl_typesupport_cppExport.cmake
[1.371s] -- Up-to-date: /home/migue/ros2_ws/install/action_tutorials_interfaces/share/action_tutorials_interfaces/cmake/action_tutorials_interfaces__rosidl_typesupport_cppExport-noconfig.cmake
[1.371s] -- Up-to-date: /home/migue/ros2_ws/install/action_tutorials_interfaces/share/action_tutorials_interfaces/cmake/rosidl_cmake-extras.cmake
[1.371s] -- Up-to-date: /home/migue/ros2_ws/install/action_tutorials_interfaces/share/action_tutorials_interfaces/cmake/ament_cmake_export_dependencies-extras.cmake
[1.371s] -- Up-to-date: /home/migue/ros2_ws/install/action_tutorials_interfaces/share/action_tutorials_interfaces/cmake/ament_cmake_export_libraries-extras.cmake
[1.371s] -- Up-to-date: /home/migue/ros2_ws/install/action_tutorials_interfaces/share/action_tutorials_interfaces/cmake/ament_cmake_export_targets-extras.cmake
[1.371s] -- Up-to-date: /home/migue/ros2_ws/install/action_tutorials_interfaces/share/action_tutorials_interfaces/cmake/ament_cmake_export_include_directories-extras.cmake
[1.371s] -- Up-to-date: /home/migue/ros2_ws/install/action_tutorials_interfaces/share/action_tutorials_interfaces/cmake/rosidl_cmake_export_typesupport_libraries-extras.cmake
[1.372s] -- Up-to-date: /home/migue/ros2_ws/install/action_tutorials_interfaces/share/action_tutorials_interfaces/cmake/rosidl_cmake_export_typesupport_targets-extras.cmake
[1.372s] -- Up-to-date: /home/migue/ros2_ws/install/action_tutorials_interfaces/share/action_tutorials_interfaces/cmake/action_tutorials_interfacesConfig.cmake
[1.372s] -- Up-to-date: /home/migue/ros2_ws/install/action_tutorials_interfaces/share/action_tutorials_interfaces/cmake/action_tutorials_interfacesConfig-version.cmake
[1.372s] -- Up-to-date: /home/migue/ros2_ws/install/action_tutorials_interfaces/share/action_tutorials_interfaces/package.xml
[1.401s] Invoked command in '/home/migue/ros2_ws/build/action_tutorials_interfaces' returned '0': CMAKE_PREFIX_PATH=/opt/ros/foxy /usr/bin/cmake --install /home/migue/ros2_ws/build/action_tutorials_interfaces
