[0.279s] DEBUG:colcon:Command line arguments: ['/usr/bin/colcon', 'build']
[0.279s] DEBUG:colcon:Parsed command line arguments: Namespace(allow_overriding=[], ament_cmake_args=None, base_paths=['.'], build_base='build', catkin_cmake_args=None, catkin_skip_building_tests=False, cmake_args=None, cmake_clean_cache=False, cmake_clean_first=False, cmake_force_configure=False, cmake_target=None, cmake_target_skip_unavailable=False, continue_on_error=False, event_handlers=None, executor='parallel', ignore_user_meta=False, install_base='install', log_base=None, log_level=None, main=<bound method BuildVerb.main of <colcon_core.verb.build.BuildVerb object at 0x7fbbbce07e20>>, merge_install=False, metas=['./colcon.meta'], packages_above=None, packages_above_and_dependencies=None, packages_above_depth=None, packages_end=None, packages_ignore=None, packages_ignore_regex=None, packages_select=None, packages_select_build_failed=False, packages_select_by_dep=None, packages_select_regex=None, packages_select_test_failures=False, packages_skip=None, packages_skip_build_finished=False, packages_skip_by_dep=None, packages_skip_regex=None, packages_skip_test_passed=False, packages_skip_up_to=None, packages_start=None, packages_up_to=None, packages_up_to_regex=None, parallel_workers=12, paths=None, symlink_install=False, test_result_base=None, verb_extension=<colcon_core.verb.build.BuildVerb object at 0x7fbbbce07e20>, verb_name='build', verb_parser=<colcon_defaults.argument_parser.defaults.DefaultArgumentsDecorator object at 0x7fbbbcdf8af0>)
[0.320s] Level 1:colcon.colcon_core.package_discovery:discover_packages(colcon_meta) check parameters
[0.320s] Level 1:colcon.colcon_core.package_discovery:discover_packages(recursive) check parameters
[0.320s] Level 1:colcon.colcon_core.package_discovery:discover_packages(ignore) check parameters
[0.320s] Level 1:colcon.colcon_core.package_discovery:discover_packages(path) check parameters
[0.320s] Level 1:colcon.colcon_core.package_discovery:discover_packages(colcon_meta) discover
[0.320s] Level 1:colcon.colcon_core.package_discovery:discover_packages(recursive) discover
[0.320s] INFO:colcon.colcon_core.package_discovery:Crawling recursively for packages in '/home/migue/ros2_ws'
[0.320s] Level 1:colcon.colcon_core.package_identification:_identify(.) by extensions ['ignore', 'ignore_ament_install']
[0.320s] Level 1:colcon.colcon_core.package_identification:_identify(.) by extension 'ignore'
[0.320s] Level 1:colcon.colcon_core.package_identification:_identify(.) by extension 'ignore_ament_install'
[0.320s] Level 1:colcon.colcon_core.package_identification:_identify(.) by extensions ['colcon_pkg']
[0.320s] Level 1:colcon.colcon_core.package_identification:_identify(.) by extension 'colcon_pkg'
[0.320s] Level 1:colcon.colcon_core.package_identification:_identify(.) by extensions ['colcon_meta']
[0.320s] Level 1:colcon.colcon_core.package_identification:_identify(.) by extension 'colcon_meta'
[0.321s] Level 1:colcon.colcon_core.package_identification:_identify(.) by extensions ['ros']
[0.321s] Level 1:colcon.colcon_core.package_identification:_identify(.) by extension 'ros'
[0.330s] Level 1:colcon.colcon_core.package_identification:_identify(.) by extensions ['cmake', 'python']
[0.330s] Level 1:colcon.colcon_core.package_identification:_identify(.) by extension 'cmake'
[0.330s] Level 1:colcon.colcon_core.package_identification:_identify(.) by extension 'python'
[0.330s] Level 1:colcon.colcon_core.package_identification:_identify(.) by extensions ['python_setup_py']
[0.330s] Level 1:colcon.colcon_core.package_identification:_identify(.) by extension 'python_setup_py'
[0.330s] Level 1:colcon.colcon_core.package_identification:_identify(build) by extensions ['ignore', 'ignore_ament_install']
[0.330s] Level 1:colcon.colcon_core.package_identification:_identify(build) by extension 'ignore'
[0.330s] Level 1:colcon.colcon_core.package_identification:_identify(build) ignored
[0.331s] Level 1:colcon.colcon_core.package_identification:_identify(install) by extensions ['ignore', 'ignore_ament_install']
[0.331s] Level 1:colcon.colcon_core.package_identification:_identify(install) by extension 'ignore'
[0.331s] Level 1:colcon.colcon_core.package_identification:_identify(install) ignored
[0.331s] Level 1:colcon.colcon_core.package_identification:_identify(log) by extensions ['ignore', 'ignore_ament_install']
[0.331s] Level 1:colcon.colcon_core.package_identification:_identify(log) by extension 'ignore'
[0.331s] Level 1:colcon.colcon_core.package_identification:_identify(log) ignored
[0.331s] Level 1:colcon.colcon_core.package_identification:_identify(src) by extensions ['ignore', 'ignore_ament_install']
[0.331s] Level 1:colcon.colcon_core.package_identification:_identify(src) by extension 'ignore'
[0.331s] Level 1:colcon.colcon_core.package_identification:_identify(src) by extension 'ignore_ament_install'
[0.331s] Level 1:colcon.colcon_core.package_identification:_identify(src) by extensions ['colcon_pkg']
[0.331s] Level 1:colcon.colcon_core.package_identification:_identify(src) by extension 'colcon_pkg'
[0.331s] Level 1:colcon.colcon_core.package_identification:_identify(src) by extensions ['colcon_meta']
[0.331s] Level 1:colcon.colcon_core.package_identification:_identify(src) by extension 'colcon_meta'
[0.331s] Level 1:colcon.colcon_core.package_identification:_identify(src) by extensions ['ros']
[0.331s] Level 1:colcon.colcon_core.package_identification:_identify(src) by extension 'ros'
[0.331s] Level 1:colcon.colcon_core.package_identification:_identify(src) by extensions ['cmake', 'python']
[0.331s] Level 1:colcon.colcon_core.package_identification:_identify(src) by extension 'cmake'
[0.331s] Level 1:colcon.colcon_core.package_identification:_identify(src) by extension 'python'
[0.331s] Level 1:colcon.colcon_core.package_identification:_identify(src) by extensions ['python_setup_py']
[0.331s] Level 1:colcon.colcon_core.package_identification:_identify(src) by extension 'python_setup_py'
[0.332s] Level 1:colcon.colcon_core.package_identification:_identify(src/cpp_pubsub) by extensions ['ignore', 'ignore_ament_install']
[0.332s] Level 1:colcon.colcon_core.package_identification:_identify(src/cpp_pubsub) by extension 'ignore'
[0.332s] Level 1:colcon.colcon_core.package_identification:_identify(src/cpp_pubsub) by extension 'ignore_ament_install'
[0.332s] Level 1:colcon.colcon_core.package_identification:_identify(src/cpp_pubsub) by extensions ['colcon_pkg']
[0.332s] Level 1:colcon.colcon_core.package_identification:_identify(src/cpp_pubsub) by extension 'colcon_pkg'
[0.332s] Level 1:colcon.colcon_core.package_identification:_identify(src/cpp_pubsub) by extensions ['colcon_meta']
[0.332s] Level 1:colcon.colcon_core.package_identification:_identify(src/cpp_pubsub) by extension 'colcon_meta'
[0.332s] Level 1:colcon.colcon_core.package_identification:_identify(src/cpp_pubsub) by extensions ['ros']
[0.332s] Level 1:colcon.colcon_core.package_identification:_identify(src/cpp_pubsub) by extension 'ros'
[0.334s] DEBUG:colcon.colcon_core.package_identification:Package 'src/cpp_pubsub' with type 'ros.ament_cmake' and name 'cpp_pubsub'
[0.334s] Level 1:colcon.colcon_core.package_identification:_identify(src/cpp_srvcli) by extensions ['ignore', 'ignore_ament_install']
[0.334s] Level 1:colcon.colcon_core.package_identification:_identify(src/cpp_srvcli) by extension 'ignore'
[0.335s] Level 1:colcon.colcon_core.package_identification:_identify(src/cpp_srvcli) by extension 'ignore_ament_install'
[0.335s] Level 1:colcon.colcon_core.package_identification:_identify(src/cpp_srvcli) by extensions ['colcon_pkg']
[0.335s] Level 1:colcon.colcon_core.package_identification:_identify(src/cpp_srvcli) by extension 'colcon_pkg'
[0.335s] Level 1:colcon.colcon_core.package_identification:_identify(src/cpp_srvcli) by extensions ['colcon_meta']
[0.335s] Level 1:colcon.colcon_core.package_identification:_identify(src/cpp_srvcli) by extension 'colcon_meta'
[0.335s] Level 1:colcon.colcon_core.package_identification:_identify(src/cpp_srvcli) by extensions ['ros']
[0.335s] Level 1:colcon.colcon_core.package_identification:_identify(src/cpp_srvcli) by extension 'ros'
[0.335s] DEBUG:colcon.colcon_core.package_identification:Package 'src/cpp_srvcli' with type 'ros.ament_cmake' and name 'cpp_srvcli'
[0.335s] Level 1:colcon.colcon_core.package_identification:_identify(src/tutorial_interfaces) by extensions ['ignore', 'ignore_ament_install']
[0.336s] Level 1:colcon.colcon_core.package_identification:_identify(src/tutorial_interfaces) by extension 'ignore'
[0.336s] Level 1:colcon.colcon_core.package_identification:_identify(src/tutorial_interfaces) by extension 'ignore_ament_install'
[0.336s] Level 1:colcon.colcon_core.package_identification:_identify(src/tutorial_interfaces) by extensions ['colcon_pkg']
[0.336s] Level 1:colcon.colcon_core.package_identification:_identify(src/tutorial_interfaces) by extension 'colcon_pkg'
[0.336s] Level 1:colcon.colcon_core.package_identification:_identify(src/tutorial_interfaces) by extensions ['colcon_meta']
[0.336s] Level 1:colcon.colcon_core.package_identification:_identify(src/tutorial_interfaces) by extension 'colcon_meta'
[0.336s] Level 1:colcon.colcon_core.package_identification:_identify(src/tutorial_interfaces) by extensions ['ros']
[0.336s] Level 1:colcon.colcon_core.package_identification:_identify(src/tutorial_interfaces) by extension 'ros'
[0.336s] DEBUG:colcon.colcon_core.package_identification:Package 'src/tutorial_interfaces' with type 'ros.ament_cmake' and name 'tutorial_interfaces'
[0.336s] Level 1:colcon.colcon_core.package_discovery:discover_packages(recursive) using defaults
[0.336s] Level 1:colcon.colcon_core.package_discovery:discover_packages(ignore) discover
[0.336s] Level 1:colcon.colcon_core.package_discovery:discover_packages(ignore) using defaults
[0.336s] Level 1:colcon.colcon_core.package_discovery:discover_packages(path) discover
[0.336s] Level 1:colcon.colcon_core.package_discovery:discover_packages(path) using defaults
[0.358s] Level 1:colcon.colcon_core.package_discovery:discover_packages(prefix_path) check parameters
[0.358s] Level 1:colcon.colcon_core.package_discovery:discover_packages(prefix_path) discover
[0.361s] DEBUG:colcon.colcon_installed_package_information.package_discovery:Found 3 installed packages in /home/migue/ros2_ws/install
[0.363s] DEBUG:colcon.colcon_installed_package_information.package_discovery:Found 263 installed packages in /opt/ros/foxy
[0.365s] Level 1:colcon.colcon_core.package_discovery:discover_packages(prefix_path) using defaults
[0.429s] Level 5:colcon.colcon_core.verb:set package 'tutorial_interfaces' build argument 'cmake_args' from command line to 'None'
[0.429s] Level 5:colcon.colcon_core.verb:set package 'tutorial_interfaces' build argument 'cmake_target' from command line to 'None'
[0.429s] Level 5:colcon.colcon_core.verb:set package 'tutorial_interfaces' build argument 'cmake_target_skip_unavailable' from command line to 'False'
[0.429s] Level 5:colcon.colcon_core.verb:set package 'tutorial_interfaces' build argument 'cmake_clean_cache' from command line to 'False'
[0.429s] Level 5:colcon.colcon_core.verb:set package 'tutorial_interfaces' build argument 'cmake_clean_first' from command line to 'False'
[0.429s] Level 5:colcon.colcon_core.verb:set package 'tutorial_interfaces' build argument 'cmake_force_configure' from command line to 'False'
[0.429s] Level 5:colcon.colcon_core.verb:set package 'tutorial_interfaces' build argument 'ament_cmake_args' from command line to 'None'
[0.429s] Level 5:colcon.colcon_core.verb:set package 'tutorial_interfaces' build argument 'catkin_cmake_args' from command line to 'None'
[0.429s] Level 5:colcon.colcon_core.verb:set package 'tutorial_interfaces' build argument 'catkin_skip_building_tests' from command line to 'False'
[0.429s] DEBUG:colcon.colcon_core.verb:Building package 'tutorial_interfaces' with the following arguments: {'ament_cmake_args': None, 'build_base': '/home/migue/ros2_ws/build/tutorial_interfaces', 'catkin_cmake_args': None, 'catkin_skip_building_tests': False, 'cmake_args': None, 'cmake_clean_cache': False, 'cmake_clean_first': False, 'cmake_force_configure': False, 'cmake_target': None, 'cmake_target_skip_unavailable': False, 'install_base': '/home/migue/ros2_ws/install/tutorial_interfaces', 'merge_install': False, 'path': '/home/migue/ros2_ws/src/tutorial_interfaces', 'symlink_install': False, 'test_result_base': None}
[0.431s] Level 5:colcon.colcon_core.verb:set package 'cpp_pubsub' build argument 'cmake_args' from command line to 'None'
[0.431s] Level 5:colcon.colcon_core.verb:set package 'cpp_pubsub' build argument 'cmake_target' from command line to 'None'
[0.431s] Level 5:colcon.colcon_core.verb:set package 'cpp_pubsub' build argument 'cmake_target_skip_unavailable' from command line to 'False'
[0.431s] Level 5:colcon.colcon_core.verb:set package 'cpp_pubsub' build argument 'cmake_clean_cache' from command line to 'False'
[0.431s] Level 5:colcon.colcon_core.verb:set package 'cpp_pubsub' build argument 'cmake_clean_first' from command line to 'False'
[0.431s] Level 5:colcon.colcon_core.verb:set package 'cpp_pubsub' build argument 'cmake_force_configure' from command line to 'False'
[0.431s] Level 5:colcon.colcon_core.verb:set package 'cpp_pubsub' build argument 'ament_cmake_args' from command line to 'None'
[0.431s] Level 5:colcon.colcon_core.verb:set package 'cpp_pubsub' build argument 'catkin_cmake_args' from command line to 'None'
[0.431s] Level 5:colcon.colcon_core.verb:set package 'cpp_pubsub' build argument 'catkin_skip_building_tests' from command line to 'False'
[0.431s] DEBUG:colcon.colcon_core.verb:Building package 'cpp_pubsub' with the following arguments: {'ament_cmake_args': None, 'build_base': '/home/migue/ros2_ws/build/cpp_pubsub', 'catkin_cmake_args': None, 'catkin_skip_building_tests': False, 'cmake_args': None, 'cmake_clean_cache': False, 'cmake_clean_first': False, 'cmake_force_configure': False, 'cmake_target': None, 'cmake_target_skip_unavailable': False, 'install_base': '/home/migue/ros2_ws/install/cpp_pubsub', 'merge_install': False, 'path': '/home/migue/ros2_ws/src/cpp_pubsub', 'symlink_install': False, 'test_result_base': None}
[0.432s] Level 5:colcon.colcon_core.verb:set package 'cpp_srvcli' build argument 'cmake_args' from command line to 'None'
[0.432s] Level 5:colcon.colcon_core.verb:set package 'cpp_srvcli' build argument 'cmake_target' from command line to 'None'
[0.432s] Level 5:colcon.colcon_core.verb:set package 'cpp_srvcli' build argument 'cmake_target_skip_unavailable' from command line to 'False'
[0.432s] Level 5:colcon.colcon_core.verb:set package 'cpp_srvcli' build argument 'cmake_clean_cache' from command line to 'False'
[0.432s] Level 5:colcon.colcon_core.verb:set package 'cpp_srvcli' build argument 'cmake_clean_first' from command line to 'False'
[0.432s] Level 5:colcon.colcon_core.verb:set package 'cpp_srvcli' build argument 'cmake_force_configure' from command line to 'False'
[0.432s] Level 5:colcon.colcon_core.verb:set package 'cpp_srvcli' build argument 'ament_cmake_args' from command line to 'None'
[0.432s] Level 5:colcon.colcon_core.verb:set package 'cpp_srvcli' build argument 'catkin_cmake_args' from command line to 'None'
[0.432s] Level 5:colcon.colcon_core.verb:set package 'cpp_srvcli' build argument 'catkin_skip_building_tests' from command line to 'False'
[0.432s] DEBUG:colcon.colcon_core.verb:Building package 'cpp_srvcli' with the following arguments: {'ament_cmake_args': None, 'build_base': '/home/migue/ros2_ws/build/cpp_srvcli', 'catkin_cmake_args': None, 'catkin_skip_building_tests': False, 'cmake_args': None, 'cmake_clean_cache': False, 'cmake_clean_first': False, 'cmake_force_configure': False, 'cmake_target': None, 'cmake_target_skip_unavailable': False, 'install_base': '/home/migue/ros2_ws/install/cpp_srvcli', 'merge_install': False, 'path': '/home/migue/ros2_ws/src/cpp_srvcli', 'symlink_install': False, 'test_result_base': None}
[0.434s] INFO:colcon.colcon_core.executor:Executing jobs using 'parallel' executor
[0.440s] DEBUG:colcon.colcon_parallel_executor.executor.parallel:run_until_complete
[0.441s] INFO:colcon.colcon_ros.task.ament_cmake.build:Building ROS package in '/home/migue/ros2_ws/src/tutorial_interfaces' with build type 'ament_cmake'
[0.441s] INFO:colcon.colcon_cmake.task.cmake.build:Building CMake package in '/home/migue/ros2_ws/src/tutorial_interfaces'
[0.446s] INFO:colcon.colcon_core.plugin_system:Skipping extension 'colcon_core.shell.bat': Not used on non-Windows systems
[0.446s] INFO:colcon.colcon_core.shell:Skip shell extension 'powershell' for command environment: Not usable outside of PowerShell
[0.446s] DEBUG:colcon.colcon_core.shell:Skip shell extension 'dsv' for command environment
[0.465s] DEBUG:colcon.colcon_core.event_handler.log_command:Invoking command in '/home/migue/ros2_ws/build/tutorial_interfaces': CMAKE_PREFIX_PATH=${CMAKE_PREFIX_PATH}:/opt/ros/foxy /usr/bin/cmake --build /home/migue/ros2_ws/build/tutorial_interfaces -- -j12 -l12
[0.751s] DEBUG:colcon.colcon_core.event_handler.log_command:Invoked command in '/home/migue/ros2_ws/build/tutorial_interfaces' returned '0': CMAKE_PREFIX_PATH=${CMAKE_PREFIX_PATH}:/opt/ros/foxy /usr/bin/cmake --build /home/migue/ros2_ws/build/tutorial_interfaces -- -j12 -l12
[0.857s] DEBUG:colcon.colcon_core.event_handler.log_command:Invoking command in '/home/migue/ros2_ws/build/tutorial_interfaces': CMAKE_PREFIX_PATH=${CMAKE_PREFIX_PATH}:/opt/ros/foxy /usr/bin/cmake --install /home/migue/ros2_ws/build/tutorial_interfaces
[0.917s] Level 1:colcon.colcon_core.environment:create_environment_scripts_only(tutorial_interfaces)
[0.918s] DEBUG:colcon.colcon_core.event_handler.log_command:Invoked command in '/home/migue/ros2_ws/build/tutorial_interfaces' returned '0': CMAKE_PREFIX_PATH=${CMAKE_PREFIX_PATH}:/opt/ros/foxy /usr/bin/cmake --install /home/migue/ros2_ws/build/tutorial_interfaces
[0.924s] Level 1:colcon.colcon_core.environment:checking '/home/migue/ros2_ws/install/tutorial_interfaces' for CMake module files
[0.924s] Level 1:colcon.colcon_core.environment:checking '/home/migue/ros2_ws/install/tutorial_interfaces' for CMake config files
[0.925s] Level 1:colcon.colcon_core.shell:create_environment_hook('tutorial_interfaces', 'cmake_prefix_path')
[0.927s] INFO:colcon.colcon_core.shell:Creating environment hook '/home/migue/ros2_ws/install/tutorial_interfaces/share/tutorial_interfaces/hook/cmake_prefix_path.ps1'
[0.928s] INFO:colcon.colcon_core.shell:Creating environment descriptor '/home/migue/ros2_ws/install/tutorial_interfaces/share/tutorial_interfaces/hook/cmake_prefix_path.dsv'
[0.928s] INFO:colcon.colcon_core.shell:Creating environment hook '/home/migue/ros2_ws/install/tutorial_interfaces/share/tutorial_interfaces/hook/cmake_prefix_path.sh'
[0.929s] Level 1:colcon.colcon_core.environment:checking '/home/migue/ros2_ws/install/tutorial_interfaces/lib'
[0.929s] Level 1:colcon.colcon_core.shell:create_environment_hook('tutorial_interfaces', 'ld_library_path_lib')
[0.932s] INFO:colcon.colcon_core.shell:Creating environment hook '/home/migue/ros2_ws/install/tutorial_interfaces/share/tutorial_interfaces/hook/ld_library_path_lib.ps1'
[0.933s] INFO:colcon.colcon_core.shell:Creating environment descriptor '/home/migue/ros2_ws/install/tutorial_interfaces/share/tutorial_interfaces/hook/ld_library_path_lib.dsv'
[0.933s] INFO:colcon.colcon_core.shell:Creating environment hook '/home/migue/ros2_ws/install/tutorial_interfaces/share/tutorial_interfaces/hook/ld_library_path_lib.sh'
[0.933s] Level 1:colcon.colcon_core.environment:checking '/home/migue/ros2_ws/install/tutorial_interfaces/bin'
[0.933s] Level 1:colcon.colcon_core.environment:checking '/home/migue/ros2_ws/install/tutorial_interfaces/lib/pkgconfig/tutorial_interfaces.pc'
[0.934s] Level 1:colcon.colcon_core.environment:checking '/home/migue/ros2_ws/install/tutorial_interfaces/lib/python3.8/site-packages'
[0.934s] Level 1:colcon.colcon_core.shell:create_environment_hook('tutorial_interfaces', 'pythonpath')
[0.936s] INFO:colcon.colcon_core.shell:Creating environment hook '/home/migue/ros2_ws/install/tutorial_interfaces/share/tutorial_interfaces/hook/pythonpath.ps1'
[0.937s] INFO:colcon.colcon_core.shell:Creating environment descriptor '/home/migue/ros2_ws/install/tutorial_interfaces/share/tutorial_interfaces/hook/pythonpath.dsv'
[0.937s] INFO:colcon.colcon_core.shell:Creating environment hook '/home/migue/ros2_ws/install/tutorial_interfaces/share/tutorial_interfaces/hook/pythonpath.sh'
[0.938s] Level 1:colcon.colcon_core.environment:checking '/home/migue/ros2_ws/install/tutorial_interfaces/bin'
[0.941s] INFO:colcon.colcon_core.shell:Creating package script '/home/migue/ros2_ws/install/tutorial_interfaces/share/tutorial_interfaces/package.ps1'
[0.942s] INFO:colcon.colcon_core.shell:Creating package descriptor '/home/migue/ros2_ws/install/tutorial_interfaces/share/tutorial_interfaces/package.dsv'
[0.943s] INFO:colcon.colcon_core.shell:Creating package script '/home/migue/ros2_ws/install/tutorial_interfaces/share/tutorial_interfaces/package.sh'
[0.944s] INFO:colcon.colcon_core.shell:Creating package script '/home/migue/ros2_ws/install/tutorial_interfaces/share/tutorial_interfaces/package.bash'
[0.945s] INFO:colcon.colcon_core.shell:Creating package script '/home/migue/ros2_ws/install/tutorial_interfaces/share/tutorial_interfaces/package.zsh'
[0.945s] Level 1:colcon.colcon_core.environment:create_file_with_runtime_dependencies(/home/migue/ros2_ws/install/tutorial_interfaces/share/colcon-core/packages/tutorial_interfaces)
[1.023s] Level 1:colcon.colcon_core.environment:create_environment_scripts_only(tutorial_interfaces)
[1.026s] Level 1:colcon.colcon_core.environment:checking '/home/migue/ros2_ws/install/tutorial_interfaces' for CMake module files
[1.027s] Level 1:colcon.colcon_core.environment:checking '/home/migue/ros2_ws/install/tutorial_interfaces' for CMake config files
[1.027s] Level 1:colcon.colcon_core.shell:create_environment_hook('tutorial_interfaces', 'cmake_prefix_path')
[1.030s] INFO:colcon.colcon_core.shell:Creating environment hook '/home/migue/ros2_ws/install/tutorial_interfaces/share/tutorial_interfaces/hook/cmake_prefix_path.ps1'
[1.030s] INFO:colcon.colcon_core.shell:Creating environment descriptor '/home/migue/ros2_ws/install/tutorial_interfaces/share/tutorial_interfaces/hook/cmake_prefix_path.dsv'
[1.030s] INFO:colcon.colcon_core.shell:Creating environment hook '/home/migue/ros2_ws/install/tutorial_interfaces/share/tutorial_interfaces/hook/cmake_prefix_path.sh'
[1.031s] Level 1:colcon.colcon_core.environment:checking '/home/migue/ros2_ws/install/tutorial_interfaces/lib'
[1.031s] Level 1:colcon.colcon_core.shell:create_environment_hook('tutorial_interfaces', 'ld_library_path_lib')
[1.034s] INFO:colcon.colcon_core.shell:Creating environment hook '/home/migue/ros2_ws/install/tutorial_interfaces/share/tutorial_interfaces/hook/ld_library_path_lib.ps1'
[1.034s] INFO:colcon.colcon_core.shell:Creating environment descriptor '/home/migue/ros2_ws/install/tutorial_interfaces/share/tutorial_interfaces/hook/ld_library_path_lib.dsv'
[1.034s] INFO:colcon.colcon_core.shell:Creating environment hook '/home/migue/ros2_ws/install/tutorial_interfaces/share/tutorial_interfaces/hook/ld_library_path_lib.sh'
[1.035s] Level 1:colcon.colcon_core.environment:checking '/home/migue/ros2_ws/install/tutorial_interfaces/bin'
[1.035s] Level 1:colcon.colcon_core.environment:checking '/home/migue/ros2_ws/install/tutorial_interfaces/lib/pkgconfig/tutorial_interfaces.pc'
[1.035s] Level 1:colcon.colcon_core.environment:checking '/home/migue/ros2_ws/install/tutorial_interfaces/lib/python3.8/site-packages'
[1.035s] Level 1:colcon.colcon_core.shell:create_environment_hook('tutorial_interfaces', 'pythonpath')
[1.037s] INFO:colcon.colcon_core.shell:Creating environment hook '/home/migue/ros2_ws/install/tutorial_interfaces/share/tutorial_interfaces/hook/pythonpath.ps1'
[1.038s] INFO:colcon.colcon_core.shell:Creating environment descriptor '/home/migue/ros2_ws/install/tutorial_interfaces/share/tutorial_interfaces/hook/pythonpath.dsv'
[1.038s] INFO:colcon.colcon_core.shell:Creating environment hook '/home/migue/ros2_ws/install/tutorial_interfaces/share/tutorial_interfaces/hook/pythonpath.sh'
[1.038s] Level 1:colcon.colcon_core.environment:checking '/home/migue/ros2_ws/install/tutorial_interfaces/bin'
[1.041s] INFO:colcon.colcon_core.shell:Creating package script '/home/migue/ros2_ws/install/tutorial_interfaces/share/tutorial_interfaces/package.ps1'
[1.042s] INFO:colcon.colcon_core.shell:Creating package descriptor '/home/migue/ros2_ws/install/tutorial_interfaces/share/tutorial_interfaces/package.dsv'
[1.043s] INFO:colcon.colcon_core.shell:Creating package script '/home/migue/ros2_ws/install/tutorial_interfaces/share/tutorial_interfaces/package.sh'
[1.043s] INFO:colcon.colcon_core.shell:Creating package script '/home/migue/ros2_ws/install/tutorial_interfaces/share/tutorial_interfaces/package.bash'
[1.043s] INFO:colcon.colcon_core.shell:Creating package script '/home/migue/ros2_ws/install/tutorial_interfaces/share/tutorial_interfaces/package.zsh'
[1.044s] Level 1:colcon.colcon_core.environment:create_file_with_runtime_dependencies(/home/migue/ros2_ws/install/tutorial_interfaces/share/colcon-core/packages/tutorial_interfaces)
[1.044s] INFO:colcon.colcon_ros.task.ament_cmake.build:Building ROS package in '/home/migue/ros2_ws/src/cpp_pubsub' with build type 'ament_cmake'
[1.044s] INFO:colcon.colcon_cmake.task.cmake.build:Building CMake package in '/home/migue/ros2_ws/src/cpp_pubsub'
[1.047s] INFO:colcon.colcon_core.shell:Skip shell extension 'powershell' for command environment: Not usable outside of PowerShell
[1.047s] DEBUG:colcon.colcon_core.shell:Skip shell extension 'dsv' for command environment
[1.055s] INFO:colcon.colcon_ros.task.ament_cmake.build:Building ROS package in '/home/migue/ros2_ws/src/cpp_srvcli' with build type 'ament_cmake'
[1.056s] INFO:colcon.colcon_cmake.task.cmake.build:Building CMake package in '/home/migue/ros2_ws/src/cpp_srvcli'
[1.059s] INFO:colcon.colcon_core.shell:Skip shell extension 'powershell' for command environment: Not usable outside of PowerShell
[1.059s] DEBUG:colcon.colcon_core.shell:Skip shell extension 'dsv' for command environment
[1.077s] DEBUG:colcon.colcon_core.event_handler.log_command:Invoking command in '/home/migue/ros2_ws/build/cpp_pubsub': CMAKE_PREFIX_PATH=/home/migue/ros2_ws/install/tutorial_interfaces:/home/migue/ros2_ws/install/cpp_srvcli:/home/migue/ros2_ws/install/cpp_pubsub:/opt/ros/foxy /usr/bin/cmake --build /home/migue/ros2_ws/build/cpp_pubsub -- -j12 -l12
[1.086s] DEBUG:colcon.colcon_core.event_handler.log_command:Invoking command in '/home/migue/ros2_ws/build/cpp_srvcli': CMAKE_PREFIX_PATH=/home/migue/ros2_ws/install/tutorial_interfaces:/home/migue/ros2_ws/install/cpp_srvcli:/home/migue/ros2_ws/install/cpp_pubsub:/opt/ros/foxy /usr/bin/cmake --build /home/migue/ros2_ws/build/cpp_srvcli -- -j12 -l12
[1.167s] DEBUG:colcon.colcon_core.event_handler.log_command:Invoked command in '/home/migue/ros2_ws/build/cpp_pubsub' returned '0': CMAKE_PREFIX_PATH=/home/migue/ros2_ws/install/tutorial_interfaces:/home/migue/ros2_ws/install/cpp_srvcli:/home/migue/ros2_ws/install/cpp_pubsub:/opt/ros/foxy /usr/bin/cmake --build /home/migue/ros2_ws/build/cpp_pubsub -- -j12 -l12
[1.200s] DEBUG:colcon.colcon_core.event_handler.log_command:Invoking command in '/home/migue/ros2_ws/build/cpp_pubsub': CMAKE_PREFIX_PATH=/home/migue/ros2_ws/install/tutorial_interfaces:/home/migue/ros2_ws/install/cpp_srvcli:/home/migue/ros2_ws/install/cpp_pubsub:/opt/ros/foxy /usr/bin/cmake --install /home/migue/ros2_ws/build/cpp_pubsub
[1.212s] Level 1:colcon.colcon_core.environment:create_environment_scripts_only(cpp_pubsub)
[1.213s] DEBUG:colcon.colcon_core.event_handler.log_command:Invoked command in '/home/migue/ros2_ws/build/cpp_pubsub' returned '0': CMAKE_PREFIX_PATH=/home/migue/ros2_ws/install/tutorial_interfaces:/home/migue/ros2_ws/install/cpp_srvcli:/home/migue/ros2_ws/install/cpp_pubsub:/opt/ros/foxy /usr/bin/cmake --install /home/migue/ros2_ws/build/cpp_pubsub
[1.220s] Level 1:colcon.colcon_core.environment:checking '/home/migue/ros2_ws/install/cpp_pubsub' for CMake module files
[1.221s] Level 1:colcon.colcon_core.environment:checking '/home/migue/ros2_ws/install/cpp_pubsub' for CMake config files
[1.221s] Level 1:colcon.colcon_core.shell:create_environment_hook('cpp_pubsub', 'cmake_prefix_path')
[1.223s] INFO:colcon.colcon_core.shell:Creating environment hook '/home/migue/ros2_ws/install/cpp_pubsub/share/cpp_pubsub/hook/cmake_prefix_path.ps1'
[1.224s] INFO:colcon.colcon_core.shell:Creating environment descriptor '/home/migue/ros2_ws/install/cpp_pubsub/share/cpp_pubsub/hook/cmake_prefix_path.dsv'
[1.224s] INFO:colcon.colcon_core.shell:Creating environment hook '/home/migue/ros2_ws/install/cpp_pubsub/share/cpp_pubsub/hook/cmake_prefix_path.sh'
[1.225s] Level 1:colcon.colcon_core.environment:checking '/home/migue/ros2_ws/install/cpp_pubsub/lib'
[1.225s] Level 1:colcon.colcon_core.environment:checking '/home/migue/ros2_ws/install/cpp_pubsub/bin'
[1.225s] Level 1:colcon.colcon_core.environment:checking '/home/migue/ros2_ws/install/cpp_pubsub/lib/pkgconfig/cpp_pubsub.pc'
[1.225s] Level 1:colcon.colcon_core.environment:checking '/home/migue/ros2_ws/install/cpp_pubsub/lib/python3.8/site-packages'
[1.225s] Level 1:colcon.colcon_core.environment:checking '/home/migue/ros2_ws/install/cpp_pubsub/bin'
[1.228s] INFO:colcon.colcon_core.shell:Creating package script '/home/migue/ros2_ws/install/cpp_pubsub/share/cpp_pubsub/package.ps1'
[1.228s] INFO:colcon.colcon_core.shell:Creating package descriptor '/home/migue/ros2_ws/install/cpp_pubsub/share/cpp_pubsub/package.dsv'
[1.229s] INFO:colcon.colcon_core.shell:Creating package script '/home/migue/ros2_ws/install/cpp_pubsub/share/cpp_pubsub/package.sh'
[1.229s] INFO:colcon.colcon_core.shell:Creating package script '/home/migue/ros2_ws/install/cpp_pubsub/share/cpp_pubsub/package.bash'
[1.229s] INFO:colcon.colcon_core.shell:Creating package script '/home/migue/ros2_ws/install/cpp_pubsub/share/cpp_pubsub/package.zsh'
[1.230s] Level 1:colcon.colcon_core.environment:create_file_with_runtime_dependencies(/home/migue/ros2_ws/install/cpp_pubsub/share/colcon-core/packages/cpp_pubsub)
[1.266s] Level 1:colcon.colcon_core.environment:create_environment_scripts_only(cpp_pubsub)
[1.269s] Level 1:colcon.colcon_core.environment:checking '/home/migue/ros2_ws/install/cpp_pubsub' for CMake module files
[1.270s] Level 1:colcon.colcon_core.environment:checking '/home/migue/ros2_ws/install/cpp_pubsub' for CMake config files
[1.270s] Level 1:colcon.colcon_core.shell:create_environment_hook('cpp_pubsub', 'cmake_prefix_path')
[1.273s] INFO:colcon.colcon_core.shell:Creating environment hook '/home/migue/ros2_ws/install/cpp_pubsub/share/cpp_pubsub/hook/cmake_prefix_path.ps1'
[1.274s] INFO:colcon.colcon_core.shell:Creating environment descriptor '/home/migue/ros2_ws/install/cpp_pubsub/share/cpp_pubsub/hook/cmake_prefix_path.dsv'
[1.274s] INFO:colcon.colcon_core.shell:Creating environment hook '/home/migue/ros2_ws/install/cpp_pubsub/share/cpp_pubsub/hook/cmake_prefix_path.sh'
[1.275s] Level 1:colcon.colcon_core.environment:checking '/home/migue/ros2_ws/install/cpp_pubsub/lib'
[1.275s] Level 1:colcon.colcon_core.environment:checking '/home/migue/ros2_ws/install/cpp_pubsub/bin'
[1.275s] Level 1:colcon.colcon_core.environment:checking '/home/migue/ros2_ws/install/cpp_pubsub/lib/pkgconfig/cpp_pubsub.pc'
[1.275s] Level 1:colcon.colcon_core.environment:checking '/home/migue/ros2_ws/install/cpp_pubsub/lib/python3.8/site-packages'
[1.275s] Level 1:colcon.colcon_core.environment:checking '/home/migue/ros2_ws/install/cpp_pubsub/bin'
[1.278s] INFO:colcon.colcon_core.shell:Creating package script '/home/migue/ros2_ws/install/cpp_pubsub/share/cpp_pubsub/package.ps1'
[1.279s] INFO:colcon.colcon_core.shell:Creating package descriptor '/home/migue/ros2_ws/install/cpp_pubsub/share/cpp_pubsub/package.dsv'
[1.279s] INFO:colcon.colcon_core.shell:Creating package script '/home/migue/ros2_ws/install/cpp_pubsub/share/cpp_pubsub/package.sh'
[1.279s] INFO:colcon.colcon_core.shell:Creating package script '/home/migue/ros2_ws/install/cpp_pubsub/share/cpp_pubsub/package.bash'
[1.280s] INFO:colcon.colcon_core.shell:Creating package script '/home/migue/ros2_ws/install/cpp_pubsub/share/cpp_pubsub/package.zsh'
[1.280s] Level 1:colcon.colcon_core.environment:create_file_with_runtime_dependencies(/home/migue/ros2_ws/install/cpp_pubsub/share/colcon-core/packages/cpp_pubsub)
[3.368s] DEBUG:colcon.colcon_core.event_handler.log_command:Invoked command in '/home/migue/ros2_ws/build/cpp_srvcli' returned '0': CMAKE_PREFIX_PATH=/home/migue/ros2_ws/install/tutorial_interfaces:/home/migue/ros2_ws/install/cpp_srvcli:/home/migue/ros2_ws/install/cpp_pubsub:/opt/ros/foxy /usr/bin/cmake --build /home/migue/ros2_ws/build/cpp_srvcli -- -j12 -l12
[3.405s] DEBUG:colcon.colcon_core.event_handler.log_command:Invoking command in '/home/migue/ros2_ws/build/cpp_srvcli': CMAKE_PREFIX_PATH=/home/migue/ros2_ws/install/tutorial_interfaces:/home/migue/ros2_ws/install/cpp_srvcli:/home/migue/ros2_ws/install/cpp_pubsub:/opt/ros/foxy /usr/bin/cmake --install /home/migue/ros2_ws/build/cpp_srvcli
[3.420s] Level 1:colcon.colcon_core.environment:create_environment_scripts_only(cpp_srvcli)
[3.427s] Level 1:colcon.colcon_core.environment:checking '/home/migue/ros2_ws/install/cpp_srvcli' for CMake module files
[3.428s] DEBUG:colcon.colcon_core.event_handler.log_command:Invoked command in '/home/migue/ros2_ws/build/cpp_srvcli' returned '0': CMAKE_PREFIX_PATH=/home/migue/ros2_ws/install/tutorial_interfaces:/home/migue/ros2_ws/install/cpp_srvcli:/home/migue/ros2_ws/install/cpp_pubsub:/opt/ros/foxy /usr/bin/cmake --install /home/migue/ros2_ws/build/cpp_srvcli
[3.428s] Level 1:colcon.colcon_core.environment:checking '/home/migue/ros2_ws/install/cpp_srvcli' for CMake config files
[3.428s] Level 1:colcon.colcon_core.shell:create_environment_hook('cpp_srvcli', 'cmake_prefix_path')
[3.430s] INFO:colcon.colcon_core.shell:Creating environment hook '/home/migue/ros2_ws/install/cpp_srvcli/share/cpp_srvcli/hook/cmake_prefix_path.ps1'
[3.431s] INFO:colcon.colcon_core.shell:Creating environment descriptor '/home/migue/ros2_ws/install/cpp_srvcli/share/cpp_srvcli/hook/cmake_prefix_path.dsv'
[3.431s] INFO:colcon.colcon_core.shell:Creating environment hook '/home/migue/ros2_ws/install/cpp_srvcli/share/cpp_srvcli/hook/cmake_prefix_path.sh'
[3.432s] Level 1:colcon.colcon_core.environment:checking '/home/migue/ros2_ws/install/cpp_srvcli/lib'
[3.432s] Level 1:colcon.colcon_core.environment:checking '/home/migue/ros2_ws/install/cpp_srvcli/bin'
[3.432s] Level 1:colcon.colcon_core.environment:checking '/home/migue/ros2_ws/install/cpp_srvcli/lib/pkgconfig/cpp_srvcli.pc'
[3.432s] Level 1:colcon.colcon_core.environment:checking '/home/migue/ros2_ws/install/cpp_srvcli/lib/python3.8/site-packages'
[3.432s] Level 1:colcon.colcon_core.environment:checking '/home/migue/ros2_ws/install/cpp_srvcli/bin'
[3.434s] INFO:colcon.colcon_core.shell:Creating package script '/home/migue/ros2_ws/install/cpp_srvcli/share/cpp_srvcli/package.ps1'
[3.435s] INFO:colcon.colcon_core.shell:Creating package descriptor '/home/migue/ros2_ws/install/cpp_srvcli/share/cpp_srvcli/package.dsv'
[3.436s] INFO:colcon.colcon_core.shell:Creating package script '/home/migue/ros2_ws/install/cpp_srvcli/share/cpp_srvcli/package.sh'
[3.436s] INFO:colcon.colcon_core.shell:Creating package script '/home/migue/ros2_ws/install/cpp_srvcli/share/cpp_srvcli/package.bash'
[3.437s] INFO:colcon.colcon_core.shell:Creating package script '/home/migue/ros2_ws/install/cpp_srvcli/share/cpp_srvcli/package.zsh'
[3.437s] Level 1:colcon.colcon_core.environment:create_file_with_runtime_dependencies(/home/migue/ros2_ws/install/cpp_srvcli/share/colcon-core/packages/cpp_srvcli)
[3.466s] Level 1:colcon.colcon_core.environment:create_environment_scripts_only(cpp_srvcli)
[3.469s] Level 1:colcon.colcon_core.environment:checking '/home/migue/ros2_ws/install/cpp_srvcli' for CMake module files
[3.470s] Level 1:colcon.colcon_core.environment:checking '/home/migue/ros2_ws/install/cpp_srvcli' for CMake config files
[3.470s] Level 1:colcon.colcon_core.shell:create_environment_hook('cpp_srvcli', 'cmake_prefix_path')
[3.472s] INFO:colcon.colcon_core.shell:Creating environment hook '/home/migue/ros2_ws/install/cpp_srvcli/share/cpp_srvcli/hook/cmake_prefix_path.ps1'
[3.472s] INFO:colcon.colcon_core.shell:Creating environment descriptor '/home/migue/ros2_ws/install/cpp_srvcli/share/cpp_srvcli/hook/cmake_prefix_path.dsv'
[3.473s] INFO:colcon.colcon_core.shell:Creating environment hook '/home/migue/ros2_ws/install/cpp_srvcli/share/cpp_srvcli/hook/cmake_prefix_path.sh'
[3.473s] Level 1:colcon.colcon_core.environment:checking '/home/migue/ros2_ws/install/cpp_srvcli/lib'
[3.473s] Level 1:colcon.colcon_core.environment:checking '/home/migue/ros2_ws/install/cpp_srvcli/bin'
[3.473s] Level 1:colcon.colcon_core.environment:checking '/home/migue/ros2_ws/install/cpp_srvcli/lib/pkgconfig/cpp_srvcli.pc'
[3.473s] Level 1:colcon.colcon_core.environment:checking '/home/migue/ros2_ws/install/cpp_srvcli/lib/python3.8/site-packages'
[3.473s] Level 1:colcon.colcon_core.environment:checking '/home/migue/ros2_ws/install/cpp_srvcli/bin'
[3.476s] INFO:colcon.colcon_core.shell:Creating package script '/home/migue/ros2_ws/install/cpp_srvcli/share/cpp_srvcli/package.ps1'
[3.476s] INFO:colcon.colcon_core.shell:Creating package descriptor '/home/migue/ros2_ws/install/cpp_srvcli/share/cpp_srvcli/package.dsv'
[3.476s] INFO:colcon.colcon_core.shell:Creating package script '/home/migue/ros2_ws/install/cpp_srvcli/share/cpp_srvcli/package.sh'
[3.477s] INFO:colcon.colcon_core.shell:Creating package script '/home/migue/ros2_ws/install/cpp_srvcli/share/cpp_srvcli/package.bash'
[3.477s] INFO:colcon.colcon_core.shell:Creating package script '/home/migue/ros2_ws/install/cpp_srvcli/share/cpp_srvcli/package.zsh'
[3.477s] Level 1:colcon.colcon_core.environment:create_file_with_runtime_dependencies(/home/migue/ros2_ws/install/cpp_srvcli/share/colcon-core/packages/cpp_srvcli)
[3.477s] DEBUG:colcon.colcon_parallel_executor.executor.parallel:closing loop
[3.478s] DEBUG:colcon.colcon_parallel_executor.executor.parallel:loop closed
[3.478s] DEBUG:colcon.colcon_parallel_executor.executor.parallel:run_until_complete finished with '0'
[3.478s] DEBUG:colcon.colcon_core.event_reactor:joining thread
[3.483s] INFO:colcon.colcon_core.plugin_system:Skipping extension 'colcon_notification.desktop_notification.terminal_notifier': Not used on non-Darwin systems
[3.483s] INFO:colcon.colcon_core.plugin_system:Skipping extension 'colcon_notification.desktop_notification.win32': Not used on non-Windows systems
[3.483s] INFO:colcon.colcon_notification.desktop_notification:Sending desktop notification using 'notify2'
[3.498s] DEBUG:colcon.colcon_core.event_reactor:joined thread
[3.503s] INFO:colcon.colcon_core.shell:Creating prefix script '/home/migue/ros2_ws/install/local_setup.ps1'
[3.505s] INFO:colcon.colcon_core.shell:Creating prefix util module '/home/migue/ros2_ws/install/_local_setup_util_ps1.py'
[3.507s] INFO:colcon.colcon_core.shell:Creating prefix chain script '/home/migue/ros2_ws/install/setup.ps1'
[3.510s] INFO:colcon.colcon_core.shell:Creating prefix script '/home/migue/ros2_ws/install/local_setup.sh'
[3.511s] INFO:colcon.colcon_core.shell:Creating prefix util module '/home/migue/ros2_ws/install/_local_setup_util_sh.py'
[3.511s] INFO:colcon.colcon_core.shell:Creating prefix chain script '/home/migue/ros2_ws/install/setup.sh'
[3.512s] INFO:colcon.colcon_core.shell:Creating prefix script '/home/migue/ros2_ws/install/local_setup.bash'
[3.513s] INFO:colcon.colcon_core.shell:Creating prefix chain script '/home/migue/ros2_ws/install/setup.bash'
[3.514s] INFO:colcon.colcon_core.shell:Creating prefix script '/home/migue/ros2_ws/install/local_setup.zsh'
[3.514s] INFO:colcon.colcon_core.shell:Creating prefix chain script '/home/migue/ros2_ws/install/setup.zsh'
