[0.135s] Invoking command in '/home/migue/ros2_ws/build/tutorial_interfaces': CMAKE_PREFIX_PATH=/opt/ros/foxy /usr/bin/cmake --build /home/migue/ros2_ws/build/tutorial_interfaces -- -j12 -l12
[0.675s] [  2%] Built target tutorial_interfaces__cpp
[0.687s] [ 12%] Built target tutorial_interfaces__rosidl_generator_c
[0.742s] [ 23%] Built target tutorial_interfaces__rosidl_typesupport_introspection_cpp
[0.764s] [ 34%] Built target tutorial_interfaces__rosidl_typesupport_fastrtps_cpp
[0.770s] [ 44%] Built target tutorial_interfaces__rosidl_typesupport_cpp
[0.786s] [ 55%] Built target tutorial_interfaces__rosidl_typesupport_introspection_c
[0.820s] [ 65%] Built target tutorial_interfaces__rosidl_typesupport_fastrtps_c
[0.881s] [ 76%] Built target tutorial_interfaces__rosidl_typesupport_c
[0.904s] [ 76%] Built target tutorial_interfaces
[0.938s] [ 78%] Built target tutorial_interfaces__py
[0.971s] [ 87%] Built target tutorial_interfaces__python
[1.028s] [100%] Built target tutorial_interfaces__rosidl_typesupport_fastrtps_c__pyext
[1.028s] [100%] Built target tutorial_interfaces__rosidl_typesupport_introspection_c__pyext
[1.028s] [100%] Built target tutorial_interfaces__rosidl_typesupport_c__pyext
[1.044s] Invoked command in '/home/migue/ros2_ws/build/tutorial_interfaces' returned '0': CMAKE_PREFIX_PATH=/opt/ros/foxy /usr/bin/cmake --build /home/migue/ros2_ws/build/tutorial_interfaces -- -j12 -l12
[1.130s] Invoking command in '/home/migue/ros2_ws/build/tutorial_interfaces': CMAKE_PREFIX_PATH=/opt/ros/foxy /usr/bin/cmake --install /home/migue/ros2_ws/build/tutorial_interfaces
[1.189s] -- Install configuration: ""
[1.189s] -- Up-to-date: /home/migue/ros2_ws/install/tutorial_interfaces/share/ament_index/resource_index/rosidl_interfaces/tutorial_interfaces
[1.190s] -- Up-to-date: /home/migue/ros2_ws/install/tutorial_interfaces/include/tutorial_interfaces
[1.190s] -- Up-to-date: /home/migue/ros2_ws/install/tutorial_interfaces/include/tutorial_interfaces/srv
[1.191s] -- Up-to-date: /home/migue/ros2_ws/install/tutorial_interfaces/include/tutorial_interfaces/srv/add_three_ints.h
[1.191s] -- Up-to-date: /home/migue/ros2_ws/install/tutorial_interfaces/include/tutorial_interfaces/srv/detail
[1.191s] -- Up-to-date: /home/migue/ros2_ws/install/tutorial_interfaces/include/tutorial_interfaces/srv/detail/add_three_ints__functions.h
[1.191s] -- Up-to-date: /home/migue/ros2_ws/install/tutorial_interfaces/include/tutorial_interfaces/srv/detail/add_three_ints__struct.h
[1.191s] -- Up-to-date: /home/migue/ros2_ws/install/tutorial_interfaces/include/tutorial_interfaces/srv/detail/add_three_ints__type_support.h
[1.191s] -- Up-to-date: /home/migue/ros2_ws/install/tutorial_interfaces/include/tutorial_interfaces/srv/detail/add_three_ints__functions.c
[1.191s] -- Up-to-date: /home/migue/ros2_ws/install/tutorial_interfaces/include/tutorial_interfaces/msg
[1.191s] -- Up-to-date: /home/migue/ros2_ws/install/tutorial_interfaces/include/tutorial_interfaces/msg/sphere.h
[1.192s] -- Up-to-date: /home/migue/ros2_ws/install/tutorial_interfaces/include/tutorial_interfaces/msg/num.h
[1.192s] -- Up-to-date: /home/migue/ros2_ws/install/tutorial_interfaces/include/tutorial_interfaces/msg/detail
[1.192s] -- Up-to-date: /home/migue/ros2_ws/install/tutorial_interfaces/include/tutorial_interfaces/msg/detail/num__type_support.h
[1.192s] -- Up-to-date: /home/migue/ros2_ws/install/tutorial_interfaces/include/tutorial_interfaces/msg/detail/sphere__functions.c
[1.192s] -- Up-to-date: /home/migue/ros2_ws/install/tutorial_interfaces/include/tutorial_interfaces/msg/detail/num__functions.h
[1.192s] -- Up-to-date: /home/migue/ros2_ws/install/tutorial_interfaces/include/tutorial_interfaces/msg/detail/num__functions.c
[1.192s] -- Up-to-date: /home/migue/ros2_ws/install/tutorial_interfaces/include/tutorial_interfaces/msg/detail/num__struct.h
[1.192s] -- Up-to-date: /home/migue/ros2_ws/install/tutorial_interfaces/include/tutorial_interfaces/msg/detail/sphere__type_support.h
[1.192s] -- Up-to-date: /home/migue/ros2_ws/install/tutorial_interfaces/include/tutorial_interfaces/msg/detail/sphere__functions.h
[1.193s] -- Up-to-date: /home/migue/ros2_ws/install/tutorial_interfaces/include/tutorial_interfaces/msg/detail/sphere__struct.h
[1.193s] -- Up-to-date: /home/migue/ros2_ws/install/tutorial_interfaces/include/tutorial_interfaces/msg/rosidl_generator_c__visibility_control.h
[1.193s] -- Up-to-date: /home/migue/ros2_ws/install/tutorial_interfaces/share/tutorial_interfaces/environment/library_path.sh
[1.193s] -- Up-to-date: /home/migue/ros2_ws/install/tutorial_interfaces/share/tutorial_interfaces/environment/library_path.dsv
[1.203s] -- Up-to-date: /home/migue/ros2_ws/install/tutorial_interfaces/lib/libtutorial_interfaces__rosidl_generator_c.so
[1.203s] -- Up-to-date: /home/migue/ros2_ws/install/tutorial_interfaces/include/tutorial_interfaces
[1.203s] -- Up-to-date: /home/migue/ros2_ws/install/tutorial_interfaces/include/tutorial_interfaces/srv
[1.203s] -- Up-to-date: /home/migue/ros2_ws/install/tutorial_interfaces/include/tutorial_interfaces/srv/detail
[1.203s] -- Up-to-date: /home/migue/ros2_ws/install/tutorial_interfaces/include/tutorial_interfaces/srv/detail/add_three_ints__rosidl_typesupport_fastrtps_c.h
[1.203s] -- Up-to-date: /home/migue/ros2_ws/install/tutorial_interfaces/include/tutorial_interfaces/msg
[1.203s] -- Up-to-date: /home/migue/ros2_ws/install/tutorial_interfaces/include/tutorial_interfaces/msg/detail
[1.204s] -- Up-to-date: /home/migue/ros2_ws/install/tutorial_interfaces/include/tutorial_interfaces/msg/detail/num__rosidl_typesupport_fastrtps_c.h
[1.204s] -- Up-to-date: /home/migue/ros2_ws/install/tutorial_interfaces/include/tutorial_interfaces/msg/detail/sphere__rosidl_typesupport_fastrtps_c.h
[1.204s] -- Up-to-date: /home/migue/ros2_ws/install/tutorial_interfaces/include/tutorial_interfaces/msg/rosidl_typesupport_fastrtps_c__visibility_control.h
[1.204s] -- Up-to-date: /home/migue/ros2_ws/install/tutorial_interfaces/lib/libtutorial_interfaces__rosidl_typesupport_fastrtps_c.so
[1.204s] -- Up-to-date: /home/migue/ros2_ws/install/tutorial_interfaces/include/tutorial_interfaces
[1.204s] -- Up-to-date: /home/migue/ros2_ws/install/tutorial_interfaces/include/tutorial_interfaces/srv
[1.204s] -- Up-to-date: /home/migue/ros2_ws/install/tutorial_interfaces/include/tutorial_interfaces/srv/detail
[1.204s] -- Up-to-date: /home/migue/ros2_ws/install/tutorial_interfaces/include/tutorial_interfaces/srv/detail/dds_fastrtps
[1.205s] -- Up-to-date: /home/migue/ros2_ws/install/tutorial_interfaces/include/tutorial_interfaces/srv/detail/add_three_ints__rosidl_typesupport_fastrtps_cpp.hpp
[1.205s] -- Up-to-date: /home/migue/ros2_ws/install/tutorial_interfaces/include/tutorial_interfaces/msg
[1.205s] -- Up-to-date: /home/migue/ros2_ws/install/tutorial_interfaces/include/tutorial_interfaces/msg/rosidl_typesupport_fastrtps_cpp__visibility_control.h
[1.205s] -- Up-to-date: /home/migue/ros2_ws/install/tutorial_interfaces/include/tutorial_interfaces/msg/detail
[1.205s] -- Up-to-date: /home/migue/ros2_ws/install/tutorial_interfaces/include/tutorial_interfaces/msg/detail/num__rosidl_typesupport_fastrtps_cpp.hpp
[1.205s] -- Up-to-date: /home/migue/ros2_ws/install/tutorial_interfaces/include/tutorial_interfaces/msg/detail/sphere__rosidl_typesupport_fastrtps_cpp.hpp
[1.205s] -- Up-to-date: /home/migue/ros2_ws/install/tutorial_interfaces/include/tutorial_interfaces/msg/detail/dds_fastrtps
[1.205s] -- Up-to-date: /home/migue/ros2_ws/install/tutorial_interfaces/lib/libtutorial_interfaces__rosidl_typesupport_fastrtps_cpp.so
[1.206s] -- Up-to-date: /home/migue/ros2_ws/install/tutorial_interfaces/include/tutorial_interfaces
[1.206s] -- Up-to-date: /home/migue/ros2_ws/install/tutorial_interfaces/include/tutorial_interfaces/srv
[1.206s] -- Up-to-date: /home/migue/ros2_ws/install/tutorial_interfaces/include/tutorial_interfaces/srv/detail
[1.206s] -- Up-to-date: /home/migue/ros2_ws/install/tutorial_interfaces/include/tutorial_interfaces/srv/detail/add_three_ints__type_support.c
[1.206s] -- Up-to-date: /home/migue/ros2_ws/install/tutorial_interfaces/include/tutorial_interfaces/srv/detail/add_three_ints__rosidl_typesupport_introspection_c.h
[1.206s] -- Up-to-date: /home/migue/ros2_ws/install/tutorial_interfaces/include/tutorial_interfaces/msg
[1.206s] -- Up-to-date: /home/migue/ros2_ws/install/tutorial_interfaces/include/tutorial_interfaces/msg/rosidl_typesupport_introspection_c__visibility_control.h
[1.206s] -- Up-to-date: /home/migue/ros2_ws/install/tutorial_interfaces/include/tutorial_interfaces/msg/detail
[1.206s] -- Up-to-date: /home/migue/ros2_ws/install/tutorial_interfaces/include/tutorial_interfaces/msg/detail/num__rosidl_typesupport_introspection_c.h
[1.206s] -- Up-to-date: /home/migue/ros2_ws/install/tutorial_interfaces/include/tutorial_interfaces/msg/detail/num__type_support.c
[1.206s] -- Up-to-date: /home/migue/ros2_ws/install/tutorial_interfaces/include/tutorial_interfaces/msg/detail/sphere__rosidl_typesupport_introspection_c.h
[1.206s] -- Up-to-date: /home/migue/ros2_ws/install/tutorial_interfaces/include/tutorial_interfaces/msg/detail/sphere__type_support.c
[1.206s] -- Up-to-date: /home/migue/ros2_ws/install/tutorial_interfaces/lib/libtutorial_interfaces__rosidl_typesupport_introspection_c.so
[1.207s] -- Up-to-date: /home/migue/ros2_ws/install/tutorial_interfaces/lib/libtutorial_interfaces__rosidl_typesupport_c.so
[1.207s] -- Up-to-date: /home/migue/ros2_ws/install/tutorial_interfaces/include/tutorial_interfaces
[1.208s] -- Up-to-date: /home/migue/ros2_ws/install/tutorial_interfaces/include/tutorial_interfaces/srv
[1.208s] -- Up-to-date: /home/migue/ros2_ws/install/tutorial_interfaces/include/tutorial_interfaces/srv/add_three_ints.hpp
[1.208s] -- Up-to-date: /home/migue/ros2_ws/install/tutorial_interfaces/include/tutorial_interfaces/srv/detail
[1.208s] -- Up-to-date: /home/migue/ros2_ws/install/tutorial_interfaces/include/tutorial_interfaces/srv/detail/add_three_ints__builder.hpp
[1.208s] -- Up-to-date: /home/migue/ros2_ws/install/tutorial_interfaces/include/tutorial_interfaces/srv/detail/add_three_ints__struct.hpp
[1.208s] -- Up-to-date: /home/migue/ros2_ws/install/tutorial_interfaces/include/tutorial_interfaces/srv/detail/add_three_ints__traits.hpp
[1.208s] -- Up-to-date: /home/migue/ros2_ws/install/tutorial_interfaces/include/tutorial_interfaces/msg
[1.208s] -- Up-to-date: /home/migue/ros2_ws/install/tutorial_interfaces/include/tutorial_interfaces/msg/sphere.hpp
[1.208s] -- Up-to-date: /home/migue/ros2_ws/install/tutorial_interfaces/include/tutorial_interfaces/msg/detail
[1.208s] -- Up-to-date: /home/migue/ros2_ws/install/tutorial_interfaces/include/tutorial_interfaces/msg/detail/sphere__builder.hpp
[1.208s] -- Up-to-date: /home/migue/ros2_ws/install/tutorial_interfaces/include/tutorial_interfaces/msg/detail/num__traits.hpp
[1.208s] -- Up-to-date: /home/migue/ros2_ws/install/tutorial_interfaces/include/tutorial_interfaces/msg/detail/sphere__traits.hpp
[1.208s] -- Up-to-date: /home/migue/ros2_ws/install/tutorial_interfaces/include/tutorial_interfaces/msg/detail/num__struct.hpp
[1.208s] -- Up-to-date: /home/migue/ros2_ws/install/tutorial_interfaces/include/tutorial_interfaces/msg/detail/sphere__struct.hpp
[1.209s] -- Up-to-date: /home/migue/ros2_ws/install/tutorial_interfaces/include/tutorial_interfaces/msg/detail/num__builder.hpp
[1.209s] -- Up-to-date: /home/migue/ros2_ws/install/tutorial_interfaces/include/tutorial_interfaces/msg/num.hpp
[1.209s] -- Up-to-date: /home/migue/ros2_ws/install/tutorial_interfaces/include/tutorial_interfaces
[1.209s] -- Up-to-date: /home/migue/ros2_ws/install/tutorial_interfaces/include/tutorial_interfaces/srv
[1.209s] -- Up-to-date: /home/migue/ros2_ws/install/tutorial_interfaces/include/tutorial_interfaces/srv/detail
[1.209s] -- Up-to-date: /home/migue/ros2_ws/install/tutorial_interfaces/include/tutorial_interfaces/srv/detail/add_three_ints__type_support.cpp
[1.209s] -- Up-to-date: /home/migue/ros2_ws/install/tutorial_interfaces/include/tutorial_interfaces/srv/detail/add_three_ints__rosidl_typesupport_introspection_cpp.hpp
[1.209s] -- Up-to-date: /home/migue/ros2_ws/install/tutorial_interfaces/include/tutorial_interfaces/msg
[1.209s] -- Up-to-date: /home/migue/ros2_ws/install/tutorial_interfaces/include/tutorial_interfaces/msg/detail
[1.209s] -- Up-to-date: /home/migue/ros2_ws/install/tutorial_interfaces/include/tutorial_interfaces/msg/detail/num__rosidl_typesupport_introspection_cpp.hpp
[1.209s] -- Up-to-date: /home/migue/ros2_ws/install/tutorial_interfaces/include/tutorial_interfaces/msg/detail/sphere__type_support.cpp
[1.209s] -- Up-to-date: /home/migue/ros2_ws/install/tutorial_interfaces/include/tutorial_interfaces/msg/detail/sphere__rosidl_typesupport_introspection_cpp.hpp
[1.209s] -- Up-to-date: /home/migue/ros2_ws/install/tutorial_interfaces/include/tutorial_interfaces/msg/detail/num__type_support.cpp
[1.251s] -- Up-to-date: /home/migue/ros2_ws/install/tutorial_interfaces/lib/libtutorial_interfaces__rosidl_typesupport_introspection_cpp.so
[1.252s] -- Up-to-date: /home/migue/ros2_ws/install/tutorial_interfaces/lib/libtutorial_interfaces__rosidl_typesupport_cpp.so
[1.253s] -- Up-to-date: /home/migue/ros2_ws/install/tutorial_interfaces/share/tutorial_interfaces/environment/pythonpath.sh
[1.253s] -- Up-to-date: /home/migue/ros2_ws/install/tutorial_interfaces/share/tutorial_interfaces/environment/pythonpath.dsv
[1.253s] -- Up-to-date: /home/migue/ros2_ws/install/tutorial_interfaces/lib/python3.8/site-packages/tutorial_interfaces/__init__.py
[1.283s] -- Up-to-date: /home/migue/ros2_ws/install/tutorial_interfaces/lib/python3.8/site-packages/tutorial_interfaces/msg
[1.283s] -- Up-to-date: /home/migue/ros2_ws/install/tutorial_interfaces/lib/python3.8/site-packages/tutorial_interfaces/msg/__init__.py
[1.283s] -- Up-to-date: /home/migue/ros2_ws/install/tutorial_interfaces/lib/python3.8/site-packages/tutorial_interfaces/msg/_sphere_s.c
[1.283s] -- Up-to-date: /home/migue/ros2_ws/install/tutorial_interfaces/lib/python3.8/site-packages/tutorial_interfaces/msg/_num_s.c
[1.284s] -- Up-to-date: /home/migue/ros2_ws/install/tutorial_interfaces/lib/python3.8/site-packages/tutorial_interfaces/msg/_num.py
[1.284s] -- Up-to-date: /home/migue/ros2_ws/install/tutorial_interfaces/lib/python3.8/site-packages/tutorial_interfaces/msg/_sphere.py
[1.284s] -- Up-to-date: /home/migue/ros2_ws/install/tutorial_interfaces/lib/python3.8/site-packages/tutorial_interfaces/srv
[1.284s] -- Up-to-date: /home/migue/ros2_ws/install/tutorial_interfaces/lib/python3.8/site-packages/tutorial_interfaces/srv/_add_three_ints.py
[1.284s] -- Up-to-date: /home/migue/ros2_ws/install/tutorial_interfaces/lib/python3.8/site-packages/tutorial_interfaces/srv/_add_three_ints_s.c
[1.284s] -- Up-to-date: /home/migue/ros2_ws/install/tutorial_interfaces/lib/python3.8/site-packages/tutorial_interfaces/srv/__init__.py
[1.285s] -- Up-to-date: /home/migue/ros2_ws/install/tutorial_interfaces/lib/python3.8/site-packages/tutorial_interfaces/tutorial_interfaces_s__rosidl_typesupport_fastrtps_c.cpython-38-x86_64-linux-gnu.so
[1.287s] -- Up-to-date: /home/migue/ros2_ws/install/tutorial_interfaces/lib/python3.8/site-packages/tutorial_interfaces/tutorial_interfaces_s__rosidl_typesupport_introspection_c.cpython-38-x86_64-linux-gnu.so
[1.288s] -- Up-to-date: /home/migue/ros2_ws/install/tutorial_interfaces/lib/python3.8/site-packages/tutorial_interfaces/tutorial_interfaces_s__rosidl_typesupport_c.cpython-38-x86_64-linux-gnu.so
[1.289s] -- Up-to-date: /home/migue/ros2_ws/install/tutorial_interfaces/lib/libtutorial_interfaces__python.so
[1.290s] -- Up-to-date: /home/migue/ros2_ws/install/tutorial_interfaces/share/tutorial_interfaces/msg/Num.idl
[1.290s] -- Up-to-date: /home/migue/ros2_ws/install/tutorial_interfaces/share/tutorial_interfaces/msg/Sphere.idl
[1.290s] -- Up-to-date: /home/migue/ros2_ws/install/tutorial_interfaces/share/tutorial_interfaces/srv/AddThreeInts.idl
[1.290s] -- Up-to-date: /home/migue/ros2_ws/install/tutorial_interfaces/share/tutorial_interfaces/msg/Num.msg
[1.290s] -- Up-to-date: /home/migue/ros2_ws/install/tutorial_interfaces/share/tutorial_interfaces/msg/Sphere.msg
[1.290s] -- Up-to-date: /home/migue/ros2_ws/install/tutorial_interfaces/share/tutorial_interfaces/srv/AddThreeInts.srv
[1.290s] -- Up-to-date: /home/migue/ros2_ws/install/tutorial_interfaces/share/tutorial_interfaces/srv/AddThreeInts_Request.msg
[1.290s] -- Up-to-date: /home/migue/ros2_ws/install/tutorial_interfaces/share/tutorial_interfaces/srv/AddThreeInts_Response.msg
[1.291s] -- Up-to-date: /home/migue/ros2_ws/install/tutorial_interfaces/share/ament_index/resource_index/package_run_dependencies/tutorial_interfaces
[1.291s] -- Up-to-date: /home/migue/ros2_ws/install/tutorial_interfaces/share/ament_index/resource_index/parent_prefix_path/tutorial_interfaces
[1.291s] -- Up-to-date: /home/migue/ros2_ws/install/tutorial_interfaces/share/tutorial_interfaces/environment/ament_prefix_path.sh
[1.291s] -- Up-to-date: /home/migue/ros2_ws/install/tutorial_interfaces/share/tutorial_interfaces/environment/ament_prefix_path.dsv
[1.291s] -- Up-to-date: /home/migue/ros2_ws/install/tutorial_interfaces/share/tutorial_interfaces/environment/path.sh
[1.291s] -- Up-to-date: /home/migue/ros2_ws/install/tutorial_interfaces/share/tutorial_interfaces/environment/path.dsv
[1.291s] -- Up-to-date: /home/migue/ros2_ws/install/tutorial_interfaces/share/tutorial_interfaces/local_setup.bash
[1.291s] -- Up-to-date: /home/migue/ros2_ws/install/tutorial_interfaces/share/tutorial_interfaces/local_setup.sh
[1.291s] -- Up-to-date: /home/migue/ros2_ws/install/tutorial_interfaces/share/tutorial_interfaces/local_setup.zsh
[1.291s] -- Up-to-date: /home/migue/ros2_ws/install/tutorial_interfaces/share/tutorial_interfaces/local_setup.dsv
[1.291s] -- Installing: /home/migue/ros2_ws/install/tutorial_interfaces/share/tutorial_interfaces/package.dsv
[1.319s] -- Up-to-date: /home/migue/ros2_ws/install/tutorial_interfaces/share/ament_index/resource_index/packages/tutorial_interfaces
[1.341s] -- Up-to-date: /home/migue/ros2_ws/install/tutorial_interfaces/share/tutorial_interfaces/cmake/tutorial_interfaces__rosidl_generator_cExport.cmake
[1.342s] -- Up-to-date: /home/migue/ros2_ws/install/tutorial_interfaces/share/tutorial_interfaces/cmake/tutorial_interfaces__rosidl_generator_cExport-noconfig.cmake
[1.342s] -- Up-to-date: /home/migue/ros2_ws/install/tutorial_interfaces/share/tutorial_interfaces/cmake/tutorial_interfaces__rosidl_typesupport_introspection_cExport.cmake
[1.342s] -- Up-to-date: /home/migue/ros2_ws/install/tutorial_interfaces/share/tutorial_interfaces/cmake/tutorial_interfaces__rosidl_typesupport_introspection_cExport-noconfig.cmake
[1.343s] -- Up-to-date: /home/migue/ros2_ws/install/tutorial_interfaces/share/tutorial_interfaces/cmake/tutorial_interfaces__rosidl_typesupport_cExport.cmake
[1.344s] -- Up-to-date: /home/migue/ros2_ws/install/tutorial_interfaces/share/tutorial_interfaces/cmake/tutorial_interfaces__rosidl_typesupport_cExport-noconfig.cmake
[1.344s] -- Up-to-date: /home/migue/ros2_ws/install/tutorial_interfaces/share/tutorial_interfaces/cmake/tutorial_interfaces__rosidl_generator_cppExport.cmake
[1.345s] -- Up-to-date: /home/migue/ros2_ws/install/tutorial_interfaces/share/tutorial_interfaces/cmake/tutorial_interfaces__rosidl_typesupport_introspection_cppExport.cmake
[1.345s] -- Up-to-date: /home/migue/ros2_ws/install/tutorial_interfaces/share/tutorial_interfaces/cmake/tutorial_interfaces__rosidl_typesupport_introspection_cppExport-noconfig.cmake
[1.345s] -- Up-to-date: /home/migue/ros2_ws/install/tutorial_interfaces/share/tutorial_interfaces/cmake/tutorial_interfaces__rosidl_typesupport_cppExport.cmake
[1.345s] -- Up-to-date: /home/migue/ros2_ws/install/tutorial_interfaces/share/tutorial_interfaces/cmake/tutorial_interfaces__rosidl_typesupport_cppExport-noconfig.cmake
[1.345s] -- Up-to-date: /home/migue/ros2_ws/install/tutorial_interfaces/share/tutorial_interfaces/cmake/rosidl_cmake-extras.cmake
[1.346s] -- Up-to-date: /home/migue/ros2_ws/install/tutorial_interfaces/share/tutorial_interfaces/cmake/ament_cmake_export_dependencies-extras.cmake
[1.346s] -- Up-to-date: /home/migue/ros2_ws/install/tutorial_interfaces/share/tutorial_interfaces/cmake/ament_cmake_export_libraries-extras.cmake
[1.346s] -- Up-to-date: /home/migue/ros2_ws/install/tutorial_interfaces/share/tutorial_interfaces/cmake/ament_cmake_export_targets-extras.cmake
[1.346s] -- Up-to-date: /home/migue/ros2_ws/install/tutorial_interfaces/share/tutorial_interfaces/cmake/ament_cmake_export_include_directories-extras.cmake
[1.346s] -- Up-to-date: /home/migue/ros2_ws/install/tutorial_interfaces/share/tutorial_interfaces/cmake/rosidl_cmake_export_typesupport_libraries-extras.cmake
[1.346s] -- Up-to-date: /home/migue/ros2_ws/install/tutorial_interfaces/share/tutorial_interfaces/cmake/rosidl_cmake_export_typesupport_targets-extras.cmake
[1.346s] -- Up-to-date: /home/migue/ros2_ws/install/tutorial_interfaces/share/tutorial_interfaces/cmake/tutorial_interfacesConfig.cmake
[1.346s] -- Up-to-date: /home/migue/ros2_ws/install/tutorial_interfaces/share/tutorial_interfaces/cmake/tutorial_interfacesConfig-version.cmake
[1.346s] -- Up-to-date: /home/migue/ros2_ws/install/tutorial_interfaces/share/tutorial_interfaces/package.xml
[1.351s] Invoked command in '/home/migue/ros2_ws/build/tutorial_interfaces' returned '0': CMAKE_PREFIX_PATH=/opt/ros/foxy /usr/bin/cmake --install /home/migue/ros2_ws/build/tutorial_interfaces
