[0.179s] Invoking command in '/home/migue/ros2_ws/build/tutorial_interfaces': CMAKE_PREFIX_PATH=/opt/ros/foxy /usr/bin/cmake --build /home/migue/ros2_ws/build/tutorial_interfaces -- -j12 -l12
[1.054s] [  2%] Built target tutorial_interfaces__cpp
[1.362s] [ 12%] Built target tutorial_interfaces__rosidl_typesupport_cpp
[1.364s] [ 23%] Built target tutorial_interfaces__rosidl_typesupport_fastrtps_cpp
[1.364s] [ 44%] Built target tutorial_interfaces__rosidl_generator_c
[1.364s] [ 44%] Built target tutorial_interfaces__rosidl_typesupport_introspection_cpp
[1.475s] [ 55%] Built target tutorial_interfaces__rosidl_typesupport_introspection_c
[1.490s] [ 65%] Built target tutorial_interfaces__rosidl_typesupport_c
[1.629s] [ 76%] Built target tutorial_interfaces__rosidl_typesupport_fastrtps_c
[1.711s] [ 76%] Built target tutorial_interfaces
[1.755s] [ 78%] Built target tutorial_interfaces__py
[1.818s] [ 87%] Built target tutorial_interfaces__python
[1.843s] [ 91%] Built target tutorial_interfaces__rosidl_typesupport_introspection_c__pyext
[1.863s] [ 95%] Built target tutorial_interfaces__rosidl_typesupport_fastrtps_c__pyext
[1.881s] [100%] Built target tutorial_interfaces__rosidl_typesupport_c__pyext
[1.892s] Invoked command in '/home/migue/ros2_ws/build/tutorial_interfaces' returned '0': CMAKE_PREFIX_PATH=/opt/ros/foxy /usr/bin/cmake --build /home/migue/ros2_ws/build/tutorial_interfaces -- -j12 -l12
[1.965s] Invoking command in '/home/migue/ros2_ws/build/tutorial_interfaces': CMAKE_PREFIX_PATH=/opt/ros/foxy /usr/bin/cmake --install /home/migue/ros2_ws/build/tutorial_interfaces
[2.078s] -- Install configuration: ""
[2.078s] -- Up-to-date: /home/migue/ros2_ws/install/tutorial_interfaces/share/ament_index/resource_index/rosidl_interfaces/tutorial_interfaces
[2.079s] -- Up-to-date: /home/migue/ros2_ws/install/tutorial_interfaces/include/tutorial_interfaces
[2.079s] -- Up-to-date: /home/migue/ros2_ws/install/tutorial_interfaces/include/tutorial_interfaces/srv
[2.079s] -- Up-to-date: /home/migue/ros2_ws/install/tutorial_interfaces/include/tutorial_interfaces/srv/add_three_ints.h
[2.079s] -- Up-to-date: /home/migue/ros2_ws/install/tutorial_interfaces/include/tutorial_interfaces/srv/detail
[2.080s] -- Up-to-date: /home/migue/ros2_ws/install/tutorial_interfaces/include/tutorial_interfaces/srv/detail/add_three_ints__functions.h
[2.080s] -- Up-to-date: /home/migue/ros2_ws/install/tutorial_interfaces/include/tutorial_interfaces/srv/detail/add_three_ints__struct.h
[2.080s] -- Up-to-date: /home/migue/ros2_ws/install/tutorial_interfaces/include/tutorial_interfaces/srv/detail/add_three_ints__type_support.h
[2.080s] -- Up-to-date: /home/migue/ros2_ws/install/tutorial_interfaces/include/tutorial_interfaces/srv/detail/add_three_ints__functions.c
[2.080s] -- Up-to-date: /home/migue/ros2_ws/install/tutorial_interfaces/include/tutorial_interfaces/msg
[2.080s] -- Up-to-date: /home/migue/ros2_ws/install/tutorial_interfaces/include/tutorial_interfaces/msg/sphere.h
[2.080s] -- Up-to-date: /home/migue/ros2_ws/install/tutorial_interfaces/include/tutorial_interfaces/msg/num.h
[2.081s] -- Up-to-date: /home/migue/ros2_ws/install/tutorial_interfaces/include/tutorial_interfaces/msg/detail
[2.081s] -- Up-to-date: /home/migue/ros2_ws/install/tutorial_interfaces/include/tutorial_interfaces/msg/detail/num__type_support.h
[2.081s] -- Up-to-date: /home/migue/ros2_ws/install/tutorial_interfaces/include/tutorial_interfaces/msg/detail/sphere__functions.c
[2.081s] -- Up-to-date: /home/migue/ros2_ws/install/tutorial_interfaces/include/tutorial_interfaces/msg/detail/num__functions.h
[2.081s] -- Up-to-date: /home/migue/ros2_ws/install/tutorial_interfaces/include/tutorial_interfaces/msg/detail/num__functions.c
[2.081s] -- Up-to-date: /home/migue/ros2_ws/install/tutorial_interfaces/include/tutorial_interfaces/msg/detail/num__struct.h
[2.082s] -- Up-to-date: /home/migue/ros2_ws/install/tutorial_interfaces/include/tutorial_interfaces/msg/detail/sphere__type_support.h
[2.082s] -- Up-to-date: /home/migue/ros2_ws/install/tutorial_interfaces/include/tutorial_interfaces/msg/detail/sphere__functions.h
[2.082s] -- Up-to-date: /home/migue/ros2_ws/install/tutorial_interfaces/include/tutorial_interfaces/msg/detail/sphere__struct.h
[2.082s] -- Up-to-date: /home/migue/ros2_ws/install/tutorial_interfaces/include/tutorial_interfaces/msg/rosidl_generator_c__visibility_control.h
[2.082s] -- Up-to-date: /home/migue/ros2_ws/install/tutorial_interfaces/share/tutorial_interfaces/environment/library_path.sh
[2.082s] -- Up-to-date: /home/migue/ros2_ws/install/tutorial_interfaces/share/tutorial_interfaces/environment/library_path.dsv
[2.102s] -- Up-to-date: /home/migue/ros2_ws/install/tutorial_interfaces/lib/libtutorial_interfaces__rosidl_generator_c.so
[2.103s] -- Up-to-date: /home/migue/ros2_ws/install/tutorial_interfaces/include/tutorial_interfaces
[2.103s] -- Up-to-date: /home/migue/ros2_ws/install/tutorial_interfaces/include/tutorial_interfaces/srv
[2.103s] -- Up-to-date: /home/migue/ros2_ws/install/tutorial_interfaces/include/tutorial_interfaces/srv/detail
[2.103s] -- Up-to-date: /home/migue/ros2_ws/install/tutorial_interfaces/include/tutorial_interfaces/srv/detail/add_three_ints__rosidl_typesupport_fastrtps_c.h
[2.103s] -- Up-to-date: /home/migue/ros2_ws/install/tutorial_interfaces/include/tutorial_interfaces/msg
[2.103s] -- Up-to-date: /home/migue/ros2_ws/install/tutorial_interfaces/include/tutorial_interfaces/msg/detail
[2.104s] -- Up-to-date: /home/migue/ros2_ws/install/tutorial_interfaces/include/tutorial_interfaces/msg/detail/num__rosidl_typesupport_fastrtps_c.h
[2.104s] -- Up-to-date: /home/migue/ros2_ws/install/tutorial_interfaces/include/tutorial_interfaces/msg/detail/sphere__rosidl_typesupport_fastrtps_c.h
[2.104s] -- Up-to-date: /home/migue/ros2_ws/install/tutorial_interfaces/include/tutorial_interfaces/msg/rosidl_typesupport_fastrtps_c__visibility_control.h
[2.104s] -- Up-to-date: /home/migue/ros2_ws/install/tutorial_interfaces/lib/libtutorial_interfaces__rosidl_typesupport_fastrtps_c.so
[2.104s] -- Up-to-date: /home/migue/ros2_ws/install/tutorial_interfaces/include/tutorial_interfaces
[2.104s] -- Up-to-date: /home/migue/ros2_ws/install/tutorial_interfaces/include/tutorial_interfaces/srv
[2.104s] -- Up-to-date: /home/migue/ros2_ws/install/tutorial_interfaces/include/tutorial_interfaces/srv/detail
[2.105s] -- Up-to-date: /home/migue/ros2_ws/install/tutorial_interfaces/include/tutorial_interfaces/srv/detail/dds_fastrtps
[2.105s] -- Up-to-date: /home/migue/ros2_ws/install/tutorial_interfaces/include/tutorial_interfaces/srv/detail/add_three_ints__rosidl_typesupport_fastrtps_cpp.hpp
[2.105s] -- Up-to-date: /home/migue/ros2_ws/install/tutorial_interfaces/include/tutorial_interfaces/msg
[2.105s] -- Up-to-date: /home/migue/ros2_ws/install/tutorial_interfaces/include/tutorial_interfaces/msg/rosidl_typesupport_fastrtps_cpp__visibility_control.h
[2.105s] -- Up-to-date: /home/migue/ros2_ws/install/tutorial_interfaces/include/tutorial_interfaces/msg/detail
[2.105s] -- Up-to-date: /home/migue/ros2_ws/install/tutorial_interfaces/include/tutorial_interfaces/msg/detail/num__rosidl_typesupport_fastrtps_cpp.hpp
[2.105s] -- Up-to-date: /home/migue/ros2_ws/install/tutorial_interfaces/include/tutorial_interfaces/msg/detail/sphere__rosidl_typesupport_fastrtps_cpp.hpp
[2.106s] -- Up-to-date: /home/migue/ros2_ws/install/tutorial_interfaces/include/tutorial_interfaces/msg/detail/dds_fastrtps
[2.106s] -- Up-to-date: /home/migue/ros2_ws/install/tutorial_interfaces/lib/libtutorial_interfaces__rosidl_typesupport_fastrtps_cpp.so
[2.106s] -- Up-to-date: /home/migue/ros2_ws/install/tutorial_interfaces/include/tutorial_interfaces
[2.106s] -- Up-to-date: /home/migue/ros2_ws/install/tutorial_interfaces/include/tutorial_interfaces/srv
[2.106s] -- Up-to-date: /home/migue/ros2_ws/install/tutorial_interfaces/include/tutorial_interfaces/srv/detail
[2.106s] -- Up-to-date: /home/migue/ros2_ws/install/tutorial_interfaces/include/tutorial_interfaces/srv/detail/add_three_ints__type_support.c
[2.107s] -- Up-to-date: /home/migue/ros2_ws/install/tutorial_interfaces/include/tutorial_interfaces/srv/detail/add_three_ints__rosidl_typesupport_introspection_c.h
[2.107s] -- Up-to-date: /home/migue/ros2_ws/install/tutorial_interfaces/include/tutorial_interfaces/msg
[2.107s] -- Up-to-date: /home/migue/ros2_ws/install/tutorial_interfaces/include/tutorial_interfaces/msg/rosidl_typesupport_introspection_c__visibility_control.h
[2.107s] -- Up-to-date: /home/migue/ros2_ws/install/tutorial_interfaces/include/tutorial_interfaces/msg/detail
[2.107s] -- Up-to-date: /home/migue/ros2_ws/install/tutorial_interfaces/include/tutorial_interfaces/msg/detail/num__rosidl_typesupport_introspection_c.h
[2.107s] -- Up-to-date: /home/migue/ros2_ws/install/tutorial_interfaces/include/tutorial_interfaces/msg/detail/num__type_support.c
[2.108s] -- Up-to-date: /home/migue/ros2_ws/install/tutorial_interfaces/include/tutorial_interfaces/msg/detail/sphere__rosidl_typesupport_introspection_c.h
[2.108s] -- Up-to-date: /home/migue/ros2_ws/install/tutorial_interfaces/include/tutorial_interfaces/msg/detail/sphere__type_support.c
[2.108s] -- Up-to-date: /home/migue/ros2_ws/install/tutorial_interfaces/lib/libtutorial_interfaces__rosidl_typesupport_introspection_c.so
[2.108s] -- Up-to-date: /home/migue/ros2_ws/install/tutorial_interfaces/lib/libtutorial_interfaces__rosidl_typesupport_c.so
[2.108s] -- Up-to-date: /home/migue/ros2_ws/install/tutorial_interfaces/include/tutorial_interfaces
[2.108s] -- Up-to-date: /home/migue/ros2_ws/install/tutorial_interfaces/include/tutorial_interfaces/srv
[2.108s] -- Up-to-date: /home/migue/ros2_ws/install/tutorial_interfaces/include/tutorial_interfaces/srv/add_three_ints.hpp
[2.109s] -- Up-to-date: /home/migue/ros2_ws/install/tutorial_interfaces/include/tutorial_interfaces/srv/detail
[2.109s] -- Up-to-date: /home/migue/ros2_ws/install/tutorial_interfaces/include/tutorial_interfaces/srv/detail/add_three_ints__builder.hpp
[2.109s] -- Up-to-date: /home/migue/ros2_ws/install/tutorial_interfaces/include/tutorial_interfaces/srv/detail/add_three_ints__struct.hpp
[2.109s] -- Up-to-date: /home/migue/ros2_ws/install/tutorial_interfaces/include/tutorial_interfaces/srv/detail/add_three_ints__traits.hpp
[2.109s] -- Up-to-date: /home/migue/ros2_ws/install/tutorial_interfaces/include/tutorial_interfaces/msg
[2.109s] -- Up-to-date: /home/migue/ros2_ws/install/tutorial_interfaces/include/tutorial_interfaces/msg/sphere.hpp
[2.109s] -- Up-to-date: /home/migue/ros2_ws/install/tutorial_interfaces/include/tutorial_interfaces/msg/detail
[2.109s] -- Up-to-date: /home/migue/ros2_ws/install/tutorial_interfaces/include/tutorial_interfaces/msg/detail/sphere__builder.hpp
[2.109s] -- Up-to-date: /home/migue/ros2_ws/install/tutorial_interfaces/include/tutorial_interfaces/msg/detail/num__traits.hpp
[2.110s] -- Up-to-date: /home/migue/ros2_ws/install/tutorial_interfaces/include/tutorial_interfaces/msg/detail/sphere__traits.hpp
[2.110s] -- Up-to-date: /home/migue/ros2_ws/install/tutorial_interfaces/include/tutorial_interfaces/msg/detail/num__struct.hpp
[2.110s] -- Up-to-date: /home/migue/ros2_ws/install/tutorial_interfaces/include/tutorial_interfaces/msg/detail/sphere__struct.hpp
[2.110s] -- Up-to-date: /home/migue/ros2_ws/install/tutorial_interfaces/include/tutorial_interfaces/msg/detail/num__builder.hpp
[2.110s] -- Up-to-date: /home/migue/ros2_ws/install/tutorial_interfaces/include/tutorial_interfaces/msg/num.hpp
[2.110s] -- Up-to-date: /home/migue/ros2_ws/install/tutorial_interfaces/include/tutorial_interfaces
[2.110s] -- Up-to-date: /home/migue/ros2_ws/install/tutorial_interfaces/include/tutorial_interfaces/srv
[2.111s] -- Up-to-date: /home/migue/ros2_ws/install/tutorial_interfaces/include/tutorial_interfaces/srv/detail
[2.111s] -- Up-to-date: /home/migue/ros2_ws/install/tutorial_interfaces/include/tutorial_interfaces/srv/detail/add_three_ints__type_support.cpp
[2.111s] -- Up-to-date: /home/migue/ros2_ws/install/tutorial_interfaces/include/tutorial_interfaces/srv/detail/add_three_ints__rosidl_typesupport_introspection_cpp.hpp
[2.111s] -- Up-to-date: /home/migue/ros2_ws/install/tutorial_interfaces/include/tutorial_interfaces/msg
[2.111s] -- Up-to-date: /home/migue/ros2_ws/install/tutorial_interfaces/include/tutorial_interfaces/msg/detail
[2.111s] -- Up-to-date: /home/migue/ros2_ws/install/tutorial_interfaces/include/tutorial_interfaces/msg/detail/num__rosidl_typesupport_introspection_cpp.hpp
[2.111s] -- Up-to-date: /home/migue/ros2_ws/install/tutorial_interfaces/include/tutorial_interfaces/msg/detail/sphere__type_support.cpp
[2.111s] -- Up-to-date: /home/migue/ros2_ws/install/tutorial_interfaces/include/tutorial_interfaces/msg/detail/sphere__rosidl_typesupport_introspection_cpp.hpp
[2.112s] -- Up-to-date: /home/migue/ros2_ws/install/tutorial_interfaces/include/tutorial_interfaces/msg/detail/num__type_support.cpp
[2.112s] -- Up-to-date: /home/migue/ros2_ws/install/tutorial_interfaces/lib/libtutorial_interfaces__rosidl_typesupport_introspection_cpp.so
[2.112s] -- Up-to-date: /home/migue/ros2_ws/install/tutorial_interfaces/lib/libtutorial_interfaces__rosidl_typesupport_cpp.so
[2.112s] -- Up-to-date: /home/migue/ros2_ws/install/tutorial_interfaces/share/tutorial_interfaces/environment/pythonpath.sh
[2.112s] -- Up-to-date: /home/migue/ros2_ws/install/tutorial_interfaces/share/tutorial_interfaces/environment/pythonpath.dsv
[2.112s] -- Up-to-date: /home/migue/ros2_ws/install/tutorial_interfaces/lib/python3.8/site-packages/tutorial_interfaces/__init__.py
[2.175s] -- Up-to-date: /home/migue/ros2_ws/install/tutorial_interfaces/lib/python3.8/site-packages/tutorial_interfaces/msg
[2.175s] -- Up-to-date: /home/migue/ros2_ws/install/tutorial_interfaces/lib/python3.8/site-packages/tutorial_interfaces/msg/__init__.py
[2.175s] -- Up-to-date: /home/migue/ros2_ws/install/tutorial_interfaces/lib/python3.8/site-packages/tutorial_interfaces/msg/_sphere_s.c
[2.175s] -- Up-to-date: /home/migue/ros2_ws/install/tutorial_interfaces/lib/python3.8/site-packages/tutorial_interfaces/msg/_num_s.c
[2.175s] -- Up-to-date: /home/migue/ros2_ws/install/tutorial_interfaces/lib/python3.8/site-packages/tutorial_interfaces/msg/_num.py
[2.175s] -- Up-to-date: /home/migue/ros2_ws/install/tutorial_interfaces/lib/python3.8/site-packages/tutorial_interfaces/msg/_sphere.py
[2.175s] -- Up-to-date: /home/migue/ros2_ws/install/tutorial_interfaces/lib/python3.8/site-packages/tutorial_interfaces/srv
[2.176s] -- Up-to-date: /home/migue/ros2_ws/install/tutorial_interfaces/lib/python3.8/site-packages/tutorial_interfaces/srv/_add_three_ints.py
[2.176s] -- Up-to-date: /home/migue/ros2_ws/install/tutorial_interfaces/lib/python3.8/site-packages/tutorial_interfaces/srv/_add_three_ints_s.c
[2.176s] -- Up-to-date: /home/migue/ros2_ws/install/tutorial_interfaces/lib/python3.8/site-packages/tutorial_interfaces/srv/__init__.py
[2.177s] -- Up-to-date: /home/migue/ros2_ws/install/tutorial_interfaces/lib/python3.8/site-packages/tutorial_interfaces/tutorial_interfaces_s__rosidl_typesupport_fastrtps_c.cpython-38-x86_64-linux-gnu.so
[2.179s] -- Up-to-date: /home/migue/ros2_ws/install/tutorial_interfaces/lib/python3.8/site-packages/tutorial_interfaces/tutorial_interfaces_s__rosidl_typesupport_introspection_c.cpython-38-x86_64-linux-gnu.so
[2.182s] -- Up-to-date: /home/migue/ros2_ws/install/tutorial_interfaces/lib/python3.8/site-packages/tutorial_interfaces/tutorial_interfaces_s__rosidl_typesupport_c.cpython-38-x86_64-linux-gnu.so
[2.184s] -- Up-to-date: /home/migue/ros2_ws/install/tutorial_interfaces/lib/libtutorial_interfaces__python.so
[2.184s] -- Up-to-date: /home/migue/ros2_ws/install/tutorial_interfaces/share/tutorial_interfaces/msg/Num.idl
[2.184s] -- Up-to-date: /home/migue/ros2_ws/install/tutorial_interfaces/share/tutorial_interfaces/msg/Sphere.idl
[2.185s] -- Up-to-date: /home/migue/ros2_ws/install/tutorial_interfaces/share/tutorial_interfaces/srv/AddThreeInts.idl
[2.185s] -- Up-to-date: /home/migue/ros2_ws/install/tutorial_interfaces/share/tutorial_interfaces/msg/Num.msg
[2.185s] -- Up-to-date: /home/migue/ros2_ws/install/tutorial_interfaces/share/tutorial_interfaces/msg/Sphere.msg
[2.185s] -- Up-to-date: /home/migue/ros2_ws/install/tutorial_interfaces/share/tutorial_interfaces/srv/AddThreeInts.srv
[2.185s] -- Up-to-date: /home/migue/ros2_ws/install/tutorial_interfaces/share/tutorial_interfaces/srv/AddThreeInts_Request.msg
[2.185s] -- Up-to-date: /home/migue/ros2_ws/install/tutorial_interfaces/share/tutorial_interfaces/srv/AddThreeInts_Response.msg
[2.185s] -- Up-to-date: /home/migue/ros2_ws/install/tutorial_interfaces/share/ament_index/resource_index/package_run_dependencies/tutorial_interfaces
[2.185s] -- Up-to-date: /home/migue/ros2_ws/install/tutorial_interfaces/share/ament_index/resource_index/parent_prefix_path/tutorial_interfaces
[2.185s] -- Up-to-date: /home/migue/ros2_ws/install/tutorial_interfaces/share/tutorial_interfaces/environment/ament_prefix_path.sh
[2.185s] -- Up-to-date: /home/migue/ros2_ws/install/tutorial_interfaces/share/tutorial_interfaces/environment/ament_prefix_path.dsv
[2.185s] -- Up-to-date: /home/migue/ros2_ws/install/tutorial_interfaces/share/tutorial_interfaces/environment/path.sh
[2.185s] -- Up-to-date: /home/migue/ros2_ws/install/tutorial_interfaces/share/tutorial_interfaces/environment/path.dsv
[2.185s] -- Up-to-date: /home/migue/ros2_ws/install/tutorial_interfaces/share/tutorial_interfaces/local_setup.bash
[2.185s] -- Up-to-date: /home/migue/ros2_ws/install/tutorial_interfaces/share/tutorial_interfaces/local_setup.sh
[2.185s] -- Up-to-date: /home/migue/ros2_ws/install/tutorial_interfaces/share/tutorial_interfaces/local_setup.zsh
[2.185s] -- Up-to-date: /home/migue/ros2_ws/install/tutorial_interfaces/share/tutorial_interfaces/local_setup.dsv
[2.185s] -- Installing: /home/migue/ros2_ws/install/tutorial_interfaces/share/tutorial_interfaces/package.dsv
[2.208s] -- Up-to-date: /home/migue/ros2_ws/install/tutorial_interfaces/share/ament_index/resource_index/packages/tutorial_interfaces
[2.209s] -- Up-to-date: /home/migue/ros2_ws/install/tutorial_interfaces/share/tutorial_interfaces/cmake/tutorial_interfaces__rosidl_generator_cExport.cmake
[2.209s] -- Up-to-date: /home/migue/ros2_ws/install/tutorial_interfaces/share/tutorial_interfaces/cmake/tutorial_interfaces__rosidl_generator_cExport-noconfig.cmake
[2.210s] -- Up-to-date: /home/migue/ros2_ws/install/tutorial_interfaces/share/tutorial_interfaces/cmake/tutorial_interfaces__rosidl_typesupport_introspection_cExport.cmake
[2.210s] -- Up-to-date: /home/migue/ros2_ws/install/tutorial_interfaces/share/tutorial_interfaces/cmake/tutorial_interfaces__rosidl_typesupport_introspection_cExport-noconfig.cmake
[2.211s] -- Up-to-date: /home/migue/ros2_ws/install/tutorial_interfaces/share/tutorial_interfaces/cmake/tutorial_interfaces__rosidl_typesupport_cExport.cmake
[2.211s] -- Up-to-date: /home/migue/ros2_ws/install/tutorial_interfaces/share/tutorial_interfaces/cmake/tutorial_interfaces__rosidl_typesupport_cExport-noconfig.cmake
[2.212s] -- Up-to-date: /home/migue/ros2_ws/install/tutorial_interfaces/share/tutorial_interfaces/cmake/tutorial_interfaces__rosidl_generator_cppExport.cmake
[2.213s] -- Up-to-date: /home/migue/ros2_ws/install/tutorial_interfaces/share/tutorial_interfaces/cmake/tutorial_interfaces__rosidl_typesupport_introspection_cppExport.cmake
[2.213s] -- Up-to-date: /home/migue/ros2_ws/install/tutorial_interfaces/share/tutorial_interfaces/cmake/tutorial_interfaces__rosidl_typesupport_introspection_cppExport-noconfig.cmake
[2.214s] -- Up-to-date: /home/migue/ros2_ws/install/tutorial_interfaces/share/tutorial_interfaces/cmake/tutorial_interfaces__rosidl_typesupport_cppExport.cmake
[2.214s] -- Up-to-date: /home/migue/ros2_ws/install/tutorial_interfaces/share/tutorial_interfaces/cmake/tutorial_interfaces__rosidl_typesupport_cppExport-noconfig.cmake
[2.214s] -- Up-to-date: /home/migue/ros2_ws/install/tutorial_interfaces/share/tutorial_interfaces/cmake/rosidl_cmake-extras.cmake
[2.214s] -- Up-to-date: /home/migue/ros2_ws/install/tutorial_interfaces/share/tutorial_interfaces/cmake/ament_cmake_export_dependencies-extras.cmake
[2.214s] -- Up-to-date: /home/migue/ros2_ws/install/tutorial_interfaces/share/tutorial_interfaces/cmake/ament_cmake_export_libraries-extras.cmake
[2.214s] -- Up-to-date: /home/migue/ros2_ws/install/tutorial_interfaces/share/tutorial_interfaces/cmake/ament_cmake_export_targets-extras.cmake
[2.214s] -- Up-to-date: /home/migue/ros2_ws/install/tutorial_interfaces/share/tutorial_interfaces/cmake/ament_cmake_export_include_directories-extras.cmake
[2.214s] -- Up-to-date: /home/migue/ros2_ws/install/tutorial_interfaces/share/tutorial_interfaces/cmake/rosidl_cmake_export_typesupport_libraries-extras.cmake
[2.214s] -- Up-to-date: /home/migue/ros2_ws/install/tutorial_interfaces/share/tutorial_interfaces/cmake/rosidl_cmake_export_typesupport_targets-extras.cmake
[2.214s] -- Up-to-date: /home/migue/ros2_ws/install/tutorial_interfaces/share/tutorial_interfaces/cmake/tutorial_interfacesConfig.cmake
[2.214s] -- Up-to-date: /home/migue/ros2_ws/install/tutorial_interfaces/share/tutorial_interfaces/cmake/tutorial_interfacesConfig-version.cmake
[2.214s] -- Up-to-date: /home/migue/ros2_ws/install/tutorial_interfaces/share/tutorial_interfaces/package.xml
[2.217s] Invoked command in '/home/migue/ros2_ws/build/tutorial_interfaces' returned '0': CMAKE_PREFIX_PATH=/opt/ros/foxy /usr/bin/cmake --install /home/migue/ros2_ws/build/tutorial_interfaces
