[0.258s] DEBUG:colcon:Command line arguments: ['/usr/bin/colcon', 'build']
[0.258s] DEBUG:colcon:Parsed command line arguments: Namespace(allow_overriding=[], ament_cmake_args=None, base_paths=['.'], build_base='build', catkin_cmake_args=None, catkin_skip_building_tests=False, cmake_args=None, cmake_clean_cache=False, cmake_clean_first=False, cmake_force_configure=False, cmake_target=None, cmake_target_skip_unavailable=False, continue_on_error=False, event_handlers=None, executor='parallel', ignore_user_meta=False, install_base='install', log_base=None, log_level=None, main=<bound method BuildVerb.main of <colcon_core.verb.build.BuildVerb object at 0x7fc8c5cc89a0>>, merge_install=False, metas=['./colcon.meta'], packages_above=None, packages_above_and_dependencies=None, packages_above_depth=None, packages_end=None, packages_ignore=None, packages_ignore_regex=None, packages_select=None, packages_select_build_failed=False, packages_select_by_dep=None, packages_select_regex=None, packages_select_test_failures=False, packages_skip=None, packages_skip_build_finished=False, packages_skip_by_dep=None, packages_skip_regex=None, packages_skip_test_passed=False, packages_skip_up_to=None, packages_start=None, packages_up_to=None, packages_up_to_regex=None, parallel_workers=12, paths=None, symlink_install=False, test_result_base=None, verb_extension=<colcon_core.verb.build.BuildVerb object at 0x7fc8c5cc89a0>, verb_name='build', verb_parser=<colcon_defaults.argument_parser.defaults.DefaultArgumentsDecorator object at 0x7fc8c5cdb340>)
[0.290s] Level 1:colcon.colcon_core.package_discovery:discover_packages(colcon_meta) check parameters
[0.290s] Level 1:colcon.colcon_core.package_discovery:discover_packages(recursive) check parameters
[0.290s] Level 1:colcon.colcon_core.package_discovery:discover_packages(ignore) check parameters
[0.290s] Level 1:colcon.colcon_core.package_discovery:discover_packages(path) check parameters
[0.290s] Level 1:colcon.colcon_core.package_discovery:discover_packages(colcon_meta) discover
[0.290s] Level 1:colcon.colcon_core.package_discovery:discover_packages(recursive) discover
[0.290s] INFO:colcon.colcon_core.package_discovery:Crawling recursively for packages in '/home/migue/ros2_ws'
[0.290s] Level 1:colcon.colcon_core.package_identification:_identify(.) by extensions ['ignore', 'ignore_ament_install']
[0.290s] Level 1:colcon.colcon_core.package_identification:_identify(.) by extension 'ignore'
[0.290s] Level 1:colcon.colcon_core.package_identification:_identify(.) by extension 'ignore_ament_install'
[0.290s] Level 1:colcon.colcon_core.package_identification:_identify(.) by extensions ['colcon_pkg']
[0.290s] Level 1:colcon.colcon_core.package_identification:_identify(.) by extension 'colcon_pkg'
[0.291s] Level 1:colcon.colcon_core.package_identification:_identify(.) by extensions ['colcon_meta']
[0.291s] Level 1:colcon.colcon_core.package_identification:_identify(.) by extension 'colcon_meta'
[0.291s] Level 1:colcon.colcon_core.package_identification:_identify(.) by extensions ['ros']
[0.291s] Level 1:colcon.colcon_core.package_identification:_identify(.) by extension 'ros'
[0.299s] Level 1:colcon.colcon_core.package_identification:_identify(.) by extensions ['cmake', 'python']
[0.299s] Level 1:colcon.colcon_core.package_identification:_identify(.) by extension 'cmake'
[0.299s] Level 1:colcon.colcon_core.package_identification:_identify(.) by extension 'python'
[0.299s] Level 1:colcon.colcon_core.package_identification:_identify(.) by extensions ['python_setup_py']
[0.299s] Level 1:colcon.colcon_core.package_identification:_identify(.) by extension 'python_setup_py'
[0.299s] Level 1:colcon.colcon_core.package_identification:_identify(build) by extensions ['ignore', 'ignore_ament_install']
[0.299s] Level 1:colcon.colcon_core.package_identification:_identify(build) by extension 'ignore'
[0.299s] Level 1:colcon.colcon_core.package_identification:_identify(build) ignored
[0.299s] Level 1:colcon.colcon_core.package_identification:_identify(install) by extensions ['ignore', 'ignore_ament_install']
[0.299s] Level 1:colcon.colcon_core.package_identification:_identify(install) by extension 'ignore'
[0.300s] Level 1:colcon.colcon_core.package_identification:_identify(install) ignored
[0.300s] Level 1:colcon.colcon_core.package_identification:_identify(log) by extensions ['ignore', 'ignore_ament_install']
[0.300s] Level 1:colcon.colcon_core.package_identification:_identify(log) by extension 'ignore'
[0.300s] Level 1:colcon.colcon_core.package_identification:_identify(log) ignored
[0.300s] Level 1:colcon.colcon_core.package_identification:_identify(src) by extensions ['ignore', 'ignore_ament_install']
[0.300s] Level 1:colcon.colcon_core.package_identification:_identify(src) by extension 'ignore'
[0.300s] Level 1:colcon.colcon_core.package_identification:_identify(src) by extension 'ignore_ament_install'
[0.300s] Level 1:colcon.colcon_core.package_identification:_identify(src) by extensions ['colcon_pkg']
[0.300s] Level 1:colcon.colcon_core.package_identification:_identify(src) by extension 'colcon_pkg'
[0.300s] Level 1:colcon.colcon_core.package_identification:_identify(src) by extensions ['colcon_meta']
[0.300s] Level 1:colcon.colcon_core.package_identification:_identify(src) by extension 'colcon_meta'
[0.300s] Level 1:colcon.colcon_core.package_identification:_identify(src) by extensions ['ros']
[0.300s] Level 1:colcon.colcon_core.package_identification:_identify(src) by extension 'ros'
[0.300s] Level 1:colcon.colcon_core.package_identification:_identify(src) by extensions ['cmake', 'python']
[0.300s] Level 1:colcon.colcon_core.package_identification:_identify(src) by extension 'cmake'
[0.300s] Level 1:colcon.colcon_core.package_identification:_identify(src) by extension 'python'
[0.300s] Level 1:colcon.colcon_core.package_identification:_identify(src) by extensions ['python_setup_py']
[0.300s] Level 1:colcon.colcon_core.package_identification:_identify(src) by extension 'python_setup_py'
[0.300s] Level 1:colcon.colcon_core.package_identification:_identify(src/cpp_pubsub) by extensions ['ignore', 'ignore_ament_install']
[0.300s] Level 1:colcon.colcon_core.package_identification:_identify(src/cpp_pubsub) by extension 'ignore'
[0.300s] Level 1:colcon.colcon_core.package_identification:_identify(src/cpp_pubsub) by extension 'ignore_ament_install'
[0.300s] Level 1:colcon.colcon_core.package_identification:_identify(src/cpp_pubsub) by extensions ['colcon_pkg']
[0.301s] Level 1:colcon.colcon_core.package_identification:_identify(src/cpp_pubsub) by extension 'colcon_pkg'
[0.301s] Level 1:colcon.colcon_core.package_identification:_identify(src/cpp_pubsub) by extensions ['colcon_meta']
[0.301s] Level 1:colcon.colcon_core.package_identification:_identify(src/cpp_pubsub) by extension 'colcon_meta'
[0.301s] Level 1:colcon.colcon_core.package_identification:_identify(src/cpp_pubsub) by extensions ['ros']
[0.301s] Level 1:colcon.colcon_core.package_identification:_identify(src/cpp_pubsub) by extension 'ros'
[0.303s] DEBUG:colcon.colcon_core.package_identification:Package 'src/cpp_pubsub' with type 'ros.ament_cmake' and name 'cpp_pubsub'
[0.303s] Level 1:colcon.colcon_core.package_identification:_identify(src/tutorial_interfaces) by extensions ['ignore', 'ignore_ament_install']
[0.303s] Level 1:colcon.colcon_core.package_identification:_identify(src/tutorial_interfaces) by extension 'ignore'
[0.303s] Level 1:colcon.colcon_core.package_identification:_identify(src/tutorial_interfaces) by extension 'ignore_ament_install'
[0.303s] Level 1:colcon.colcon_core.package_identification:_identify(src/tutorial_interfaces) by extensions ['colcon_pkg']
[0.303s] Level 1:colcon.colcon_core.package_identification:_identify(src/tutorial_interfaces) by extension 'colcon_pkg'
[0.303s] Level 1:colcon.colcon_core.package_identification:_identify(src/tutorial_interfaces) by extensions ['colcon_meta']
[0.303s] Level 1:colcon.colcon_core.package_identification:_identify(src/tutorial_interfaces) by extension 'colcon_meta'
[0.303s] Level 1:colcon.colcon_core.package_identification:_identify(src/tutorial_interfaces) by extensions ['ros']
[0.303s] Level 1:colcon.colcon_core.package_identification:_identify(src/tutorial_interfaces) by extension 'ros'
[0.303s] DEBUG:colcon.colcon_core.package_identification:Package 'src/tutorial_interfaces' with type 'ros.ament_cmake' and name 'tutorial_interfaces'
[0.303s] Level 1:colcon.colcon_core.package_discovery:discover_packages(recursive) using defaults
[0.304s] Level 1:colcon.colcon_core.package_discovery:discover_packages(ignore) discover
[0.304s] Level 1:colcon.colcon_core.package_discovery:discover_packages(ignore) using defaults
[0.304s] Level 1:colcon.colcon_core.package_discovery:discover_packages(path) discover
[0.304s] Level 1:colcon.colcon_core.package_discovery:discover_packages(path) using defaults
[0.322s] Level 1:colcon.colcon_core.package_discovery:discover_packages(prefix_path) check parameters
[0.322s] Level 1:colcon.colcon_core.package_discovery:discover_packages(prefix_path) discover
[0.324s] DEBUG:colcon.colcon_installed_package_information.package_discovery:Found 1 installed packages in /home/migue/ros2_ws/install
[0.326s] DEBUG:colcon.colcon_installed_package_information.package_discovery:Found 263 installed packages in /opt/ros/foxy
[0.327s] Level 1:colcon.colcon_core.package_discovery:discover_packages(prefix_path) using defaults
[0.381s] Level 5:colcon.colcon_core.verb:set package 'cpp_pubsub' build argument 'cmake_args' from command line to 'None'
[0.381s] Level 5:colcon.colcon_core.verb:set package 'cpp_pubsub' build argument 'cmake_target' from command line to 'None'
[0.381s] Level 5:colcon.colcon_core.verb:set package 'cpp_pubsub' build argument 'cmake_target_skip_unavailable' from command line to 'False'
[0.381s] Level 5:colcon.colcon_core.verb:set package 'cpp_pubsub' build argument 'cmake_clean_cache' from command line to 'False'
[0.381s] Level 5:colcon.colcon_core.verb:set package 'cpp_pubsub' build argument 'cmake_clean_first' from command line to 'False'
[0.381s] Level 5:colcon.colcon_core.verb:set package 'cpp_pubsub' build argument 'cmake_force_configure' from command line to 'False'
[0.381s] Level 5:colcon.colcon_core.verb:set package 'cpp_pubsub' build argument 'ament_cmake_args' from command line to 'None'
[0.381s] Level 5:colcon.colcon_core.verb:set package 'cpp_pubsub' build argument 'catkin_cmake_args' from command line to 'None'
[0.381s] Level 5:colcon.colcon_core.verb:set package 'cpp_pubsub' build argument 'catkin_skip_building_tests' from command line to 'False'
[0.381s] DEBUG:colcon.colcon_core.verb:Building package 'cpp_pubsub' with the following arguments: {'ament_cmake_args': None, 'build_base': '/home/migue/ros2_ws/build/cpp_pubsub', 'catkin_cmake_args': None, 'catkin_skip_building_tests': False, 'cmake_args': None, 'cmake_clean_cache': False, 'cmake_clean_first': False, 'cmake_force_configure': False, 'cmake_target': None, 'cmake_target_skip_unavailable': False, 'install_base': '/home/migue/ros2_ws/install/cpp_pubsub', 'merge_install': False, 'path': '/home/migue/ros2_ws/src/cpp_pubsub', 'symlink_install': False, 'test_result_base': None}
[0.382s] Level 5:colcon.colcon_core.verb:set package 'tutorial_interfaces' build argument 'cmake_args' from command line to 'None'
[0.382s] Level 5:colcon.colcon_core.verb:set package 'tutorial_interfaces' build argument 'cmake_target' from command line to 'None'
[0.382s] Level 5:colcon.colcon_core.verb:set package 'tutorial_interfaces' build argument 'cmake_target_skip_unavailable' from command line to 'False'
[0.382s] Level 5:colcon.colcon_core.verb:set package 'tutorial_interfaces' build argument 'cmake_clean_cache' from command line to 'False'
[0.382s] Level 5:colcon.colcon_core.verb:set package 'tutorial_interfaces' build argument 'cmake_clean_first' from command line to 'False'
[0.382s] Level 5:colcon.colcon_core.verb:set package 'tutorial_interfaces' build argument 'cmake_force_configure' from command line to 'False'
[0.382s] Level 5:colcon.colcon_core.verb:set package 'tutorial_interfaces' build argument 'ament_cmake_args' from command line to 'None'
[0.382s] Level 5:colcon.colcon_core.verb:set package 'tutorial_interfaces' build argument 'catkin_cmake_args' from command line to 'None'
[0.382s] Level 5:colcon.colcon_core.verb:set package 'tutorial_interfaces' build argument 'catkin_skip_building_tests' from command line to 'False'
[0.382s] DEBUG:colcon.colcon_core.verb:Building package 'tutorial_interfaces' with the following arguments: {'ament_cmake_args': None, 'build_base': '/home/migue/ros2_ws/build/tutorial_interfaces', 'catkin_cmake_args': None, 'catkin_skip_building_tests': False, 'cmake_args': None, 'cmake_clean_cache': False, 'cmake_clean_first': False, 'cmake_force_configure': False, 'cmake_target': None, 'cmake_target_skip_unavailable': False, 'install_base': '/home/migue/ros2_ws/install/tutorial_interfaces', 'merge_install': False, 'path': '/home/migue/ros2_ws/src/tutorial_interfaces', 'symlink_install': False, 'test_result_base': None}
[0.383s] INFO:colcon.colcon_core.executor:Executing jobs using 'parallel' executor
[0.389s] DEBUG:colcon.colcon_parallel_executor.executor.parallel:run_until_complete
[0.389s] INFO:colcon.colcon_ros.task.ament_cmake.build:Building ROS package in '/home/migue/ros2_ws/src/cpp_pubsub' with build type 'ament_cmake'
[0.389s] INFO:colcon.colcon_cmake.task.cmake.build:Building CMake package in '/home/migue/ros2_ws/src/cpp_pubsub'
[0.394s] INFO:colcon.colcon_core.plugin_system:Skipping extension 'colcon_core.shell.bat': Not used on non-Windows systems
[0.394s] INFO:colcon.colcon_core.shell:Skip shell extension 'powershell' for command environment: Not usable outside of PowerShell
[0.394s] DEBUG:colcon.colcon_core.shell:Skip shell extension 'dsv' for command environment
[0.400s] INFO:colcon.colcon_ros.task.ament_cmake.build:Building ROS package in '/home/migue/ros2_ws/src/tutorial_interfaces' with build type 'ament_cmake'
[0.400s] INFO:colcon.colcon_cmake.task.cmake.build:Building CMake package in '/home/migue/ros2_ws/src/tutorial_interfaces'
[0.403s] INFO:colcon.colcon_core.shell:Skip shell extension 'powershell' for command environment: Not usable outside of PowerShell
[0.403s] DEBUG:colcon.colcon_core.shell:Skip shell extension 'dsv' for command environment
[0.416s] DEBUG:colcon.colcon_core.event_handler.log_command:Invoking command in '/home/migue/ros2_ws/build/cpp_pubsub': CMAKE_PREFIX_PATH=${CMAKE_PREFIX_PATH}:/opt/ros/foxy /usr/bin/cmake --build /home/migue/ros2_ws/build/cpp_pubsub -- -j12 -l12
[0.424s] DEBUG:colcon.colcon_core.event_handler.log_command:Invoking command in '/home/migue/ros2_ws/build/tutorial_interfaces': CMAKE_PREFIX_PATH=${CMAKE_PREFIX_PATH}:/opt/ros/foxy /usr/bin/cmake /home/migue/ros2_ws/src/tutorial_interfaces -DCMAKE_INSTALL_PREFIX=/home/migue/ros2_ws/install/tutorial_interfaces
[0.494s] DEBUG:colcon.colcon_core.event_handler.log_command:Invoked command in '/home/migue/ros2_ws/build/cpp_pubsub' returned '0': CMAKE_PREFIX_PATH=${CMAKE_PREFIX_PATH}:/opt/ros/foxy /usr/bin/cmake --build /home/migue/ros2_ws/build/cpp_pubsub -- -j12 -l12
[0.534s] DEBUG:colcon.colcon_core.event_handler.log_command:Invoking command in '/home/migue/ros2_ws/build/cpp_pubsub': CMAKE_PREFIX_PATH=${CMAKE_PREFIX_PATH}:/opt/ros/foxy /usr/bin/cmake --install /home/migue/ros2_ws/build/cpp_pubsub
[0.548s] Level 1:colcon.colcon_core.environment:create_environment_scripts_only(cpp_pubsub)
[0.551s] DEBUG:colcon.colcon_core.event_handler.log_command:Invoked command in '/home/migue/ros2_ws/build/cpp_pubsub' returned '0': CMAKE_PREFIX_PATH=${CMAKE_PREFIX_PATH}:/opt/ros/foxy /usr/bin/cmake --install /home/migue/ros2_ws/build/cpp_pubsub
[0.556s] Level 1:colcon.colcon_core.environment:checking '/home/migue/ros2_ws/install/cpp_pubsub' for CMake module files
[0.556s] Level 1:colcon.colcon_core.environment:checking '/home/migue/ros2_ws/install/cpp_pubsub' for CMake config files
[0.556s] Level 1:colcon.colcon_core.shell:create_environment_hook('cpp_pubsub', 'cmake_prefix_path')
[0.558s] INFO:colcon.colcon_core.shell:Creating environment hook '/home/migue/ros2_ws/install/cpp_pubsub/share/cpp_pubsub/hook/cmake_prefix_path.ps1'
[0.559s] INFO:colcon.colcon_core.shell:Creating environment descriptor '/home/migue/ros2_ws/install/cpp_pubsub/share/cpp_pubsub/hook/cmake_prefix_path.dsv'
[0.560s] INFO:colcon.colcon_core.shell:Creating environment hook '/home/migue/ros2_ws/install/cpp_pubsub/share/cpp_pubsub/hook/cmake_prefix_path.sh'
[0.560s] Level 1:colcon.colcon_core.environment:checking '/home/migue/ros2_ws/install/cpp_pubsub/lib'
[0.561s] Level 1:colcon.colcon_core.environment:checking '/home/migue/ros2_ws/install/cpp_pubsub/bin'
[0.561s] Level 1:colcon.colcon_core.environment:checking '/home/migue/ros2_ws/install/cpp_pubsub/lib/pkgconfig/cpp_pubsub.pc'
[0.561s] Level 1:colcon.colcon_core.environment:checking '/home/migue/ros2_ws/install/cpp_pubsub/lib/python3.8/site-packages'
[0.561s] Level 1:colcon.colcon_core.environment:checking '/home/migue/ros2_ws/install/cpp_pubsub/bin'
[0.563s] INFO:colcon.colcon_core.shell:Creating package script '/home/migue/ros2_ws/install/cpp_pubsub/share/cpp_pubsub/package.ps1'
[0.564s] INFO:colcon.colcon_core.shell:Creating package descriptor '/home/migue/ros2_ws/install/cpp_pubsub/share/cpp_pubsub/package.dsv'
[0.564s] INFO:colcon.colcon_core.shell:Creating package script '/home/migue/ros2_ws/install/cpp_pubsub/share/cpp_pubsub/package.sh'
[0.566s] INFO:colcon.colcon_core.shell:Creating package script '/home/migue/ros2_ws/install/cpp_pubsub/share/cpp_pubsub/package.bash'
[0.566s] INFO:colcon.colcon_core.shell:Creating package script '/home/migue/ros2_ws/install/cpp_pubsub/share/cpp_pubsub/package.zsh'
[0.567s] Level 1:colcon.colcon_core.environment:create_file_with_runtime_dependencies(/home/migue/ros2_ws/install/cpp_pubsub/share/colcon-core/packages/cpp_pubsub)
[0.601s] Level 1:colcon.colcon_core.environment:create_environment_scripts_only(cpp_pubsub)
[0.606s] Level 1:colcon.colcon_core.environment:checking '/home/migue/ros2_ws/install/cpp_pubsub' for CMake module files
[0.607s] Level 1:colcon.colcon_core.environment:checking '/home/migue/ros2_ws/install/cpp_pubsub' for CMake config files
[0.607s] Level 1:colcon.colcon_core.shell:create_environment_hook('cpp_pubsub', 'cmake_prefix_path')
[0.609s] INFO:colcon.colcon_core.shell:Creating environment hook '/home/migue/ros2_ws/install/cpp_pubsub/share/cpp_pubsub/hook/cmake_prefix_path.ps1'
[0.609s] INFO:colcon.colcon_core.shell:Creating environment descriptor '/home/migue/ros2_ws/install/cpp_pubsub/share/cpp_pubsub/hook/cmake_prefix_path.dsv'
[0.610s] INFO:colcon.colcon_core.shell:Creating environment hook '/home/migue/ros2_ws/install/cpp_pubsub/share/cpp_pubsub/hook/cmake_prefix_path.sh'
[0.610s] Level 1:colcon.colcon_core.environment:checking '/home/migue/ros2_ws/install/cpp_pubsub/lib'
[0.610s] Level 1:colcon.colcon_core.environment:checking '/home/migue/ros2_ws/install/cpp_pubsub/bin'
[0.610s] Level 1:colcon.colcon_core.environment:checking '/home/migue/ros2_ws/install/cpp_pubsub/lib/pkgconfig/cpp_pubsub.pc'
[0.610s] Level 1:colcon.colcon_core.environment:checking '/home/migue/ros2_ws/install/cpp_pubsub/lib/python3.8/site-packages'
[0.610s] Level 1:colcon.colcon_core.environment:checking '/home/migue/ros2_ws/install/cpp_pubsub/bin'
[0.613s] INFO:colcon.colcon_core.shell:Creating package script '/home/migue/ros2_ws/install/cpp_pubsub/share/cpp_pubsub/package.ps1'
[0.613s] INFO:colcon.colcon_core.shell:Creating package descriptor '/home/migue/ros2_ws/install/cpp_pubsub/share/cpp_pubsub/package.dsv'
[0.613s] INFO:colcon.colcon_core.shell:Creating package script '/home/migue/ros2_ws/install/cpp_pubsub/share/cpp_pubsub/package.sh'
[0.614s] INFO:colcon.colcon_core.shell:Creating package script '/home/migue/ros2_ws/install/cpp_pubsub/share/cpp_pubsub/package.bash'
[0.614s] INFO:colcon.colcon_core.shell:Creating package script '/home/migue/ros2_ws/install/cpp_pubsub/share/cpp_pubsub/package.zsh'
[0.614s] Level 1:colcon.colcon_core.environment:create_file_with_runtime_dependencies(/home/migue/ros2_ws/install/cpp_pubsub/share/colcon-core/packages/cpp_pubsub)
[4.178s] DEBUG:colcon.colcon_core.event_handler.log_command:Invoked command in '/home/migue/ros2_ws/build/tutorial_interfaces' returned '0': CMAKE_PREFIX_PATH=${CMAKE_PREFIX_PATH}:/opt/ros/foxy /usr/bin/cmake /home/migue/ros2_ws/src/tutorial_interfaces -DCMAKE_INSTALL_PREFIX=/home/migue/ros2_ws/install/tutorial_interfaces
[4.182s] DEBUG:colcon.colcon_core.event_handler.log_command:Invoking command in '/home/migue/ros2_ws/build/tutorial_interfaces': CMAKE_PREFIX_PATH=${CMAKE_PREFIX_PATH}:/opt/ros/foxy /usr/bin/cmake --build /home/migue/ros2_ws/build/tutorial_interfaces -- -j12 -l12
[4.228s] DEBUG:colcon.colcon_core.event_handler.log_command:Invoked command in '/home/migue/ros2_ws/build/tutorial_interfaces' returned '0': CMAKE_PREFIX_PATH=${CMAKE_PREFIX_PATH}:/opt/ros/foxy /usr/bin/cmake --build /home/migue/ros2_ws/build/tutorial_interfaces -- -j12 -l12
[4.261s] DEBUG:colcon.colcon_core.event_handler.log_command:Invoking command in '/home/migue/ros2_ws/build/tutorial_interfaces': CMAKE_PREFIX_PATH=${CMAKE_PREFIX_PATH}:/opt/ros/foxy /usr/bin/cmake --install /home/migue/ros2_ws/build/tutorial_interfaces
[4.277s] Level 1:colcon.colcon_core.environment:create_environment_scripts_only(tutorial_interfaces)
[4.277s] DEBUG:colcon.colcon_core.event_handler.log_command:Invoked command in '/home/migue/ros2_ws/build/tutorial_interfaces' returned '0': CMAKE_PREFIX_PATH=${CMAKE_PREFIX_PATH}:/opt/ros/foxy /usr/bin/cmake --install /home/migue/ros2_ws/build/tutorial_interfaces
[4.280s] Level 1:colcon.colcon_core.environment:checking '/home/migue/ros2_ws/install/tutorial_interfaces' for CMake module files
[4.281s] Level 1:colcon.colcon_core.environment:checking '/home/migue/ros2_ws/install/tutorial_interfaces' for CMake config files
[4.281s] Level 1:colcon.colcon_core.shell:create_environment_hook('tutorial_interfaces', 'cmake_prefix_path')
[4.283s] INFO:colcon.colcon_core.shell:Creating environment hook '/home/migue/ros2_ws/install/tutorial_interfaces/share/tutorial_interfaces/hook/cmake_prefix_path.ps1'
[4.283s] INFO:colcon.colcon_core.shell:Creating environment descriptor '/home/migue/ros2_ws/install/tutorial_interfaces/share/tutorial_interfaces/hook/cmake_prefix_path.dsv'
[4.284s] INFO:colcon.colcon_core.shell:Creating environment hook '/home/migue/ros2_ws/install/tutorial_interfaces/share/tutorial_interfaces/hook/cmake_prefix_path.sh'
[4.284s] Level 1:colcon.colcon_core.environment:checking '/home/migue/ros2_ws/install/tutorial_interfaces/bin'
[4.284s] Level 1:colcon.colcon_core.environment:checking '/home/migue/ros2_ws/install/tutorial_interfaces/lib/pkgconfig/tutorial_interfaces.pc'
[4.284s] Level 1:colcon.colcon_core.environment:checking '/home/migue/ros2_ws/install/tutorial_interfaces/lib/python3.8/site-packages'
[4.284s] Level 1:colcon.colcon_core.environment:checking '/home/migue/ros2_ws/install/tutorial_interfaces/bin'
[4.286s] INFO:colcon.colcon_core.shell:Creating package script '/home/migue/ros2_ws/install/tutorial_interfaces/share/tutorial_interfaces/package.ps1'
[4.287s] INFO:colcon.colcon_core.shell:Creating package descriptor '/home/migue/ros2_ws/install/tutorial_interfaces/share/tutorial_interfaces/package.dsv'
[4.287s] INFO:colcon.colcon_core.shell:Creating package script '/home/migue/ros2_ws/install/tutorial_interfaces/share/tutorial_interfaces/package.sh'
[4.287s] INFO:colcon.colcon_core.shell:Creating package script '/home/migue/ros2_ws/install/tutorial_interfaces/share/tutorial_interfaces/package.bash'
[4.288s] INFO:colcon.colcon_core.shell:Creating package script '/home/migue/ros2_ws/install/tutorial_interfaces/share/tutorial_interfaces/package.zsh'
[4.288s] Level 1:colcon.colcon_core.environment:create_file_with_runtime_dependencies(/home/migue/ros2_ws/install/tutorial_interfaces/share/colcon-core/packages/tutorial_interfaces)
[4.314s] Level 1:colcon.colcon_core.environment:create_environment_scripts_only(tutorial_interfaces)
[4.317s] Level 1:colcon.colcon_core.environment:checking '/home/migue/ros2_ws/install/tutorial_interfaces' for CMake module files
[4.318s] Level 1:colcon.colcon_core.environment:checking '/home/migue/ros2_ws/install/tutorial_interfaces' for CMake config files
[4.318s] Level 1:colcon.colcon_core.shell:create_environment_hook('tutorial_interfaces', 'cmake_prefix_path')
[4.320s] INFO:colcon.colcon_core.shell:Creating environment hook '/home/migue/ros2_ws/install/tutorial_interfaces/share/tutorial_interfaces/hook/cmake_prefix_path.ps1'
[4.321s] INFO:colcon.colcon_core.shell:Creating environment descriptor '/home/migue/ros2_ws/install/tutorial_interfaces/share/tutorial_interfaces/hook/cmake_prefix_path.dsv'
[4.321s] INFO:colcon.colcon_core.shell:Creating environment hook '/home/migue/ros2_ws/install/tutorial_interfaces/share/tutorial_interfaces/hook/cmake_prefix_path.sh'
[4.321s] Level 1:colcon.colcon_core.environment:checking '/home/migue/ros2_ws/install/tutorial_interfaces/bin'
[4.321s] Level 1:colcon.colcon_core.environment:checking '/home/migue/ros2_ws/install/tutorial_interfaces/lib/pkgconfig/tutorial_interfaces.pc'
[4.322s] Level 1:colcon.colcon_core.environment:checking '/home/migue/ros2_ws/install/tutorial_interfaces/lib/python3.8/site-packages'
[4.322s] Level 1:colcon.colcon_core.environment:checking '/home/migue/ros2_ws/install/tutorial_interfaces/bin'
[4.324s] INFO:colcon.colcon_core.shell:Creating package script '/home/migue/ros2_ws/install/tutorial_interfaces/share/tutorial_interfaces/package.ps1'
[4.324s] INFO:colcon.colcon_core.shell:Creating package descriptor '/home/migue/ros2_ws/install/tutorial_interfaces/share/tutorial_interfaces/package.dsv'
[4.325s] INFO:colcon.colcon_core.shell:Creating package script '/home/migue/ros2_ws/install/tutorial_interfaces/share/tutorial_interfaces/package.sh'
[4.325s] INFO:colcon.colcon_core.shell:Creating package script '/home/migue/ros2_ws/install/tutorial_interfaces/share/tutorial_interfaces/package.bash'
[4.325s] INFO:colcon.colcon_core.shell:Creating package script '/home/migue/ros2_ws/install/tutorial_interfaces/share/tutorial_interfaces/package.zsh'
[4.325s] Level 1:colcon.colcon_core.environment:create_file_with_runtime_dependencies(/home/migue/ros2_ws/install/tutorial_interfaces/share/colcon-core/packages/tutorial_interfaces)
[4.326s] DEBUG:colcon.colcon_parallel_executor.executor.parallel:closing loop
[4.326s] DEBUG:colcon.colcon_parallel_executor.executor.parallel:loop closed
[4.326s] DEBUG:colcon.colcon_parallel_executor.executor.parallel:run_until_complete finished with '0'
[4.326s] DEBUG:colcon.colcon_core.event_reactor:joining thread
[4.330s] INFO:colcon.colcon_core.plugin_system:Skipping extension 'colcon_notification.desktop_notification.terminal_notifier': Not used on non-Darwin systems
[4.330s] INFO:colcon.colcon_core.plugin_system:Skipping extension 'colcon_notification.desktop_notification.win32': Not used on non-Windows systems
[4.330s] INFO:colcon.colcon_notification.desktop_notification:Sending desktop notification using 'notify2'
[4.346s] DEBUG:colcon.colcon_core.event_reactor:joined thread
[4.351s] INFO:colcon.colcon_core.shell:Creating prefix script '/home/migue/ros2_ws/install/local_setup.ps1'
[4.353s] INFO:colcon.colcon_core.shell:Creating prefix util module '/home/migue/ros2_ws/install/_local_setup_util_ps1.py'
[4.355s] INFO:colcon.colcon_core.shell:Creating prefix chain script '/home/migue/ros2_ws/install/setup.ps1'
[4.357s] INFO:colcon.colcon_core.shell:Creating prefix script '/home/migue/ros2_ws/install/local_setup.sh'
[4.358s] INFO:colcon.colcon_core.shell:Creating prefix util module '/home/migue/ros2_ws/install/_local_setup_util_sh.py'
[4.358s] INFO:colcon.colcon_core.shell:Creating prefix chain script '/home/migue/ros2_ws/install/setup.sh'
[4.359s] INFO:colcon.colcon_core.shell:Creating prefix script '/home/migue/ros2_ws/install/local_setup.bash'
[4.360s] INFO:colcon.colcon_core.shell:Creating prefix chain script '/home/migue/ros2_ws/install/setup.bash'
[4.362s] INFO:colcon.colcon_core.shell:Creating prefix script '/home/migue/ros2_ws/install/local_setup.zsh'
[4.362s] INFO:colcon.colcon_core.shell:Creating prefix chain script '/home/migue/ros2_ws/install/setup.zsh'
