[0.183s] Invoking command in '/home/migue/ros2_ws/build/action_tutorials_interfaces': CMAKE_PREFIX_PATH=/opt/ros/foxy /usr/bin/cmake --build /home/migue/ros2_ws/build/action_tutorials_interfaces -- -j12 -l12
[1.016s] [  3%] Built target action_tutorials_interfaces__cpp
[1.128s] [ 12%] Built target action_tutorials_interfaces__rosidl_typesupport_introspection_cpp
[1.164s] [ 22%] Built target action_tutorials_interfaces__rosidl_typesupport_fastrtps_cpp
[1.170s] [ 32%] Built target action_tutorials_interfaces__rosidl_generator_c
[1.177s] [ 41%] Built target action_tutorials_interfaces__rosidl_typesupport_cpp
[1.236s] [ 51%] Built target action_tutorials_interfaces__rosidl_typesupport_introspection_c
[1.245s] [ 61%] Built target action_tutorials_interfaces__rosidl_typesupport_fastrtps_c
[1.270s] [ 70%] Built target action_tutorials_interfaces__rosidl_typesupport_c
[1.295s] [ 70%] Built target action_tutorials_interfaces
[1.315s] [ 74%] Built target action_tutorials_interfaces__py
[1.369s] [ 80%] Built target action_tutorials_interfaces__python
[1.465s] [ 87%] Built target action_tutorials_interfaces__rosidl_typesupport_c__pyext
[1.475s] [ 93%] Built target action_tutorials_interfaces__rosidl_typesupport_fastrtps_c__pyext
[1.494s] [100%] Built target action_tutorials_interfaces__rosidl_typesupport_introspection_c__pyext
[1.504s] Invoked command in '/home/migue/ros2_ws/build/action_tutorials_interfaces' returned '0': CMAKE_PREFIX_PATH=/opt/ros/foxy /usr/bin/cmake --build /home/migue/ros2_ws/build/action_tutorials_interfaces -- -j12 -l12
[1.545s] Invoking command in '/home/migue/ros2_ws/build/action_tutorials_interfaces': CMAKE_PREFIX_PATH=/opt/ros/foxy /usr/bin/cmake --install /home/migue/ros2_ws/build/action_tutorials_interfaces
[1.553s] -- Install configuration: ""
[1.554s] -- Up-to-date: /home/migue/ros2_ws/install/action_tutorials_interfaces/share/ament_index/resource_index/rosidl_interfaces/action_tutorials_interfaces
[1.554s] -- Up-to-date: /home/migue/ros2_ws/install/action_tutorials_interfaces/include/action_tutorials_interfaces
[1.554s] -- Up-to-date: /home/migue/ros2_ws/install/action_tutorials_interfaces/include/action_tutorials_interfaces/action
[1.554s] -- Up-to-date: /home/migue/ros2_ws/install/action_tutorials_interfaces/include/action_tutorials_interfaces/action/detail
[1.555s] -- Up-to-date: /home/migue/ros2_ws/install/action_tutorials_interfaces/include/action_tutorials_interfaces/action/detail/fibonacci__functions.h
[1.555s] -- Up-to-date: /home/migue/ros2_ws/install/action_tutorials_interfaces/include/action_tutorials_interfaces/action/detail/fibonacci__type_support.h
[1.555s] -- Up-to-date: /home/migue/ros2_ws/install/action_tutorials_interfaces/include/action_tutorials_interfaces/action/detail/fibonacci__struct.h
[1.555s] -- Up-to-date: /home/migue/ros2_ws/install/action_tutorials_interfaces/include/action_tutorials_interfaces/action/detail/fibonacci__functions.c
[1.555s] -- Up-to-date: /home/migue/ros2_ws/install/action_tutorials_interfaces/include/action_tutorials_interfaces/action/fibonacci.h
[1.555s] -- Up-to-date: /home/migue/ros2_ws/install/action_tutorials_interfaces/include/action_tutorials_interfaces/msg
[1.555s] -- Up-to-date: /home/migue/ros2_ws/install/action_tutorials_interfaces/include/action_tutorials_interfaces/msg/rosidl_generator_c__visibility_control.h
[1.555s] -- Up-to-date: /home/migue/ros2_ws/install/action_tutorials_interfaces/share/action_tutorials_interfaces/environment/library_path.sh
[1.555s] -- Up-to-date: /home/migue/ros2_ws/install/action_tutorials_interfaces/share/action_tutorials_interfaces/environment/library_path.dsv
[1.555s] -- Up-to-date: /home/migue/ros2_ws/install/action_tutorials_interfaces/lib/libaction_tutorials_interfaces__rosidl_generator_c.so
[1.555s] -- Up-to-date: /home/migue/ros2_ws/install/action_tutorials_interfaces/include/action_tutorials_interfaces
[1.555s] -- Up-to-date: /home/migue/ros2_ws/install/action_tutorials_interfaces/include/action_tutorials_interfaces/action
[1.555s] -- Up-to-date: /home/migue/ros2_ws/install/action_tutorials_interfaces/include/action_tutorials_interfaces/action/detail
[1.555s] -- Up-to-date: /home/migue/ros2_ws/install/action_tutorials_interfaces/include/action_tutorials_interfaces/action/detail/fibonacci__rosidl_typesupport_fastrtps_c.h
[1.556s] -- Up-to-date: /home/migue/ros2_ws/install/action_tutorials_interfaces/include/action_tutorials_interfaces/msg
[1.556s] -- Up-to-date: /home/migue/ros2_ws/install/action_tutorials_interfaces/include/action_tutorials_interfaces/msg/rosidl_typesupport_fastrtps_c__visibility_control.h
[1.556s] -- Up-to-date: /home/migue/ros2_ws/install/action_tutorials_interfaces/lib/libaction_tutorials_interfaces__rosidl_typesupport_fastrtps_c.so
[1.556s] -- Up-to-date: /home/migue/ros2_ws/install/action_tutorials_interfaces/include/action_tutorials_interfaces
[1.556s] -- Up-to-date: /home/migue/ros2_ws/install/action_tutorials_interfaces/include/action_tutorials_interfaces/action
[1.556s] -- Up-to-date: /home/migue/ros2_ws/install/action_tutorials_interfaces/include/action_tutorials_interfaces/action/detail
[1.556s] -- Up-to-date: /home/migue/ros2_ws/install/action_tutorials_interfaces/include/action_tutorials_interfaces/action/detail/dds_fastrtps
[1.556s] -- Up-to-date: /home/migue/ros2_ws/install/action_tutorials_interfaces/include/action_tutorials_interfaces/action/detail/fibonacci__rosidl_typesupport_fastrtps_cpp.hpp
[1.556s] -- Up-to-date: /home/migue/ros2_ws/install/action_tutorials_interfaces/include/action_tutorials_interfaces/msg
[1.556s] -- Up-to-date: /home/migue/ros2_ws/install/action_tutorials_interfaces/include/action_tutorials_interfaces/msg/rosidl_typesupport_fastrtps_cpp__visibility_control.h
[1.588s] -- Up-to-date: /home/migue/ros2_ws/install/action_tutorials_interfaces/lib/libaction_tutorials_interfaces__rosidl_typesupport_fastrtps_cpp.so
[1.588s] -- Up-to-date: /home/migue/ros2_ws/install/action_tutorials_interfaces/include/action_tutorials_interfaces
[1.589s] -- Up-to-date: /home/migue/ros2_ws/install/action_tutorials_interfaces/include/action_tutorials_interfaces/action
[1.589s] -- Up-to-date: /home/migue/ros2_ws/install/action_tutorials_interfaces/include/action_tutorials_interfaces/action/detail
[1.589s] -- Up-to-date: /home/migue/ros2_ws/install/action_tutorials_interfaces/include/action_tutorials_interfaces/action/detail/fibonacci__rosidl_typesupport_introspection_c.h
[1.589s] -- Up-to-date: /home/migue/ros2_ws/install/action_tutorials_interfaces/include/action_tutorials_interfaces/action/detail/fibonacci__type_support.c
[1.589s] -- Up-to-date: /home/migue/ros2_ws/install/action_tutorials_interfaces/include/action_tutorials_interfaces/msg
[1.590s] -- Up-to-date: /home/migue/ros2_ws/install/action_tutorials_interfaces/include/action_tutorials_interfaces/msg/rosidl_typesupport_introspection_c__visibility_control.h
[1.618s] -- Up-to-date: /home/migue/ros2_ws/install/action_tutorials_interfaces/lib/libaction_tutorials_interfaces__rosidl_typesupport_introspection_c.so
[1.619s] -- Up-to-date: /home/migue/ros2_ws/install/action_tutorials_interfaces/lib/libaction_tutorials_interfaces__rosidl_typesupport_c.so
[1.620s] -- Up-to-date: /home/migue/ros2_ws/install/action_tutorials_interfaces/include/action_tutorials_interfaces
[1.620s] -- Up-to-date: /home/migue/ros2_ws/install/action_tutorials_interfaces/include/action_tutorials_interfaces/action
[1.620s] -- Up-to-date: /home/migue/ros2_ws/install/action_tutorials_interfaces/include/action_tutorials_interfaces/action/fibonacci.hpp
[1.620s] -- Up-to-date: /home/migue/ros2_ws/install/action_tutorials_interfaces/include/action_tutorials_interfaces/action/detail
[1.620s] -- Up-to-date: /home/migue/ros2_ws/install/action_tutorials_interfaces/include/action_tutorials_interfaces/action/detail/fibonacci__traits.hpp
[1.620s] -- Up-to-date: /home/migue/ros2_ws/install/action_tutorials_interfaces/include/action_tutorials_interfaces/action/detail/fibonacci__struct.hpp
[1.620s] -- Up-to-date: /home/migue/ros2_ws/install/action_tutorials_interfaces/include/action_tutorials_interfaces/action/detail/fibonacci__builder.hpp
[1.620s] -- Up-to-date: /home/migue/ros2_ws/install/action_tutorials_interfaces/include/action_tutorials_interfaces
[1.620s] -- Up-to-date: /home/migue/ros2_ws/install/action_tutorials_interfaces/include/action_tutorials_interfaces/action
[1.620s] -- Up-to-date: /home/migue/ros2_ws/install/action_tutorials_interfaces/include/action_tutorials_interfaces/action/detail
[1.620s] -- Up-to-date: /home/migue/ros2_ws/install/action_tutorials_interfaces/include/action_tutorials_interfaces/action/detail/fibonacci__type_support.cpp
[1.620s] -- Up-to-date: /home/migue/ros2_ws/install/action_tutorials_interfaces/include/action_tutorials_interfaces/action/detail/fibonacci__rosidl_typesupport_introspection_cpp.hpp
[1.722s] -- Up-to-date: /home/migue/ros2_ws/install/action_tutorials_interfaces/lib/libaction_tutorials_interfaces__rosidl_typesupport_introspection_cpp.so
[1.723s] -- Up-to-date: /home/migue/ros2_ws/install/action_tutorials_interfaces/lib/libaction_tutorials_interfaces__rosidl_typesupport_cpp.so
[1.724s] -- Up-to-date: /home/migue/ros2_ws/install/action_tutorials_interfaces/share/action_tutorials_interfaces/environment/pythonpath.sh
[1.724s] -- Up-to-date: /home/migue/ros2_ws/install/action_tutorials_interfaces/share/action_tutorials_interfaces/environment/pythonpath.dsv
[1.724s] -- Up-to-date: /home/migue/ros2_ws/install/action_tutorials_interfaces/lib/python3.8/site-packages/action_tutorials_interfaces/__init__.py
[1.752s] -- Up-to-date: /home/migue/ros2_ws/install/action_tutorials_interfaces/lib/python3.8/site-packages/action_tutorials_interfaces/action
[1.752s] -- Up-to-date: /home/migue/ros2_ws/install/action_tutorials_interfaces/lib/python3.8/site-packages/action_tutorials_interfaces/action/_fibonacci.py
[1.752s] -- Up-to-date: /home/migue/ros2_ws/install/action_tutorials_interfaces/lib/python3.8/site-packages/action_tutorials_interfaces/action/_fibonacci_s.c
[1.752s] -- Up-to-date: /home/migue/ros2_ws/install/action_tutorials_interfaces/lib/python3.8/site-packages/action_tutorials_interfaces/action/__init__.py
[1.753s] -- Up-to-date: /home/migue/ros2_ws/install/action_tutorials_interfaces/lib/python3.8/site-packages/action_tutorials_interfaces/action_tutorials_interfaces_s__rosidl_typesupport_fastrtps_c.cpython-38-x86_64-linux-gnu.so
[1.754s] -- Up-to-date: /home/migue/ros2_ws/install/action_tutorials_interfaces/lib/python3.8/site-packages/action_tutorials_interfaces/action_tutorials_interfaces_s__rosidl_typesupport_introspection_c.cpython-38-x86_64-linux-gnu.so
[1.755s] -- Up-to-date: /home/migue/ros2_ws/install/action_tutorials_interfaces/lib/python3.8/site-packages/action_tutorials_interfaces/action_tutorials_interfaces_s__rosidl_typesupport_c.cpython-38-x86_64-linux-gnu.so
[1.755s] -- Up-to-date: /home/migue/ros2_ws/install/action_tutorials_interfaces/lib/libaction_tutorials_interfaces__python.so
[1.756s] -- Up-to-date: /home/migue/ros2_ws/install/action_tutorials_interfaces/share/action_tutorials_interfaces/action/Fibonacci.idl
[1.756s] -- Up-to-date: /home/migue/ros2_ws/install/action_tutorials_interfaces/share/action_tutorials_interfaces/action/Fibonacci.action
[1.756s] -- Up-to-date: /home/migue/ros2_ws/install/action_tutorials_interfaces/share/ament_index/resource_index/package_run_dependencies/action_tutorials_interfaces
[1.756s] -- Up-to-date: /home/migue/ros2_ws/install/action_tutorials_interfaces/share/ament_index/resource_index/parent_prefix_path/action_tutorials_interfaces
[1.756s] -- Up-to-date: /home/migue/ros2_ws/install/action_tutorials_interfaces/share/action_tutorials_interfaces/environment/ament_prefix_path.sh
[1.756s] -- Up-to-date: /home/migue/ros2_ws/install/action_tutorials_interfaces/share/action_tutorials_interfaces/environment/ament_prefix_path.dsv
[1.756s] -- Up-to-date: /home/migue/ros2_ws/install/action_tutorials_interfaces/share/action_tutorials_interfaces/environment/path.sh
[1.756s] -- Up-to-date: /home/migue/ros2_ws/install/action_tutorials_interfaces/share/action_tutorials_interfaces/environment/path.dsv
[1.756s] -- Up-to-date: /home/migue/ros2_ws/install/action_tutorials_interfaces/share/action_tutorials_interfaces/local_setup.bash
[1.756s] -- Up-to-date: /home/migue/ros2_ws/install/action_tutorials_interfaces/share/action_tutorials_interfaces/local_setup.sh
[1.756s] -- Up-to-date: /home/migue/ros2_ws/install/action_tutorials_interfaces/share/action_tutorials_interfaces/local_setup.zsh
[1.757s] -- Up-to-date: /home/migue/ros2_ws/install/action_tutorials_interfaces/share/action_tutorials_interfaces/local_setup.dsv
[1.757s] -- Installing: /home/migue/ros2_ws/install/action_tutorials_interfaces/share/action_tutorials_interfaces/package.dsv
[1.763s] -- Up-to-date: /home/migue/ros2_ws/install/action_tutorials_interfaces/share/ament_index/resource_index/packages/action_tutorials_interfaces
[1.773s] -- Up-to-date: /home/migue/ros2_ws/install/action_tutorials_interfaces/share/action_tutorials_interfaces/cmake/action_tutorials_interfaces__rosidl_generator_cExport.cmake
[1.773s] -- Up-to-date: /home/migue/ros2_ws/install/action_tutorials_interfaces/share/action_tutorials_interfaces/cmake/action_tutorials_interfaces__rosidl_generator_cExport-noconfig.cmake
[1.774s] -- Up-to-date: /home/migue/ros2_ws/install/action_tutorials_interfaces/share/action_tutorials_interfaces/cmake/action_tutorials_interfaces__rosidl_typesupport_introspection_cExport.cmake
[1.774s] -- Up-to-date: /home/migue/ros2_ws/install/action_tutorials_interfaces/share/action_tutorials_interfaces/cmake/action_tutorials_interfaces__rosidl_typesupport_introspection_cExport-noconfig.cmake
[1.775s] -- Up-to-date: /home/migue/ros2_ws/install/action_tutorials_interfaces/share/action_tutorials_interfaces/cmake/action_tutorials_interfaces__rosidl_typesupport_cExport.cmake
[1.775s] -- Up-to-date: /home/migue/ros2_ws/install/action_tutorials_interfaces/share/action_tutorials_interfaces/cmake/action_tutorials_interfaces__rosidl_typesupport_cExport-noconfig.cmake
[1.776s] -- Up-to-date: /home/migue/ros2_ws/install/action_tutorials_interfaces/share/action_tutorials_interfaces/cmake/action_tutorials_interfaces__rosidl_generator_cppExport.cmake
[1.777s] -- Up-to-date: /home/migue/ros2_ws/install/action_tutorials_interfaces/share/action_tutorials_interfaces/cmake/action_tutorials_interfaces__rosidl_typesupport_introspection_cppExport.cmake
[1.777s] -- Up-to-date: /home/migue/ros2_ws/install/action_tutorials_interfaces/share/action_tutorials_interfaces/cmake/action_tutorials_interfaces__rosidl_typesupport_introspection_cppExport-noconfig.cmake
[1.778s] -- Up-to-date: /home/migue/ros2_ws/install/action_tutorials_interfaces/share/action_tutorials_interfaces/cmake/action_tutorials_interfaces__rosidl_typesupport_cppExport.cmake
[1.778s] -- Up-to-date: /home/migue/ros2_ws/install/action_tutorials_interfaces/share/action_tutorials_interfaces/cmake/action_tutorials_interfaces__rosidl_typesupport_cppExport-noconfig.cmake
[1.778s] -- Up-to-date: /home/migue/ros2_ws/install/action_tutorials_interfaces/share/action_tutorials_interfaces/cmake/rosidl_cmake-extras.cmake
[1.778s] -- Up-to-date: /home/migue/ros2_ws/install/action_tutorials_interfaces/share/action_tutorials_interfaces/cmake/ament_cmake_export_dependencies-extras.cmake
[1.778s] -- Up-to-date: /home/migue/ros2_ws/install/action_tutorials_interfaces/share/action_tutorials_interfaces/cmake/ament_cmake_export_libraries-extras.cmake
[1.778s] -- Up-to-date: /home/migue/ros2_ws/install/action_tutorials_interfaces/share/action_tutorials_interfaces/cmake/ament_cmake_export_targets-extras.cmake
[1.779s] -- Up-to-date: /home/migue/ros2_ws/install/action_tutorials_interfaces/share/action_tutorials_interfaces/cmake/ament_cmake_export_include_directories-extras.cmake
[1.779s] -- Up-to-date: /home/migue/ros2_ws/install/action_tutorials_interfaces/share/action_tutorials_interfaces/cmake/rosidl_cmake_export_typesupport_libraries-extras.cmake
[1.779s] -- Up-to-date: /home/migue/ros2_ws/install/action_tutorials_interfaces/share/action_tutorials_interfaces/cmake/rosidl_cmake_export_typesupport_targets-extras.cmake
[1.779s] -- Up-to-date: /home/migue/ros2_ws/install/action_tutorials_interfaces/share/action_tutorials_interfaces/cmake/action_tutorials_interfacesConfig.cmake
[1.779s] -- Up-to-date: /home/migue/ros2_ws/install/action_tutorials_interfaces/share/action_tutorials_interfaces/cmake/action_tutorials_interfacesConfig-version.cmake
[1.779s] -- Up-to-date: /home/migue/ros2_ws/install/action_tutorials_interfaces/share/action_tutorials_interfaces/package.xml
[1.789s] Invoked command in '/home/migue/ros2_ws/build/action_tutorials_interfaces' returned '0': CMAKE_PREFIX_PATH=/opt/ros/foxy /usr/bin/cmake --install /home/migue/ros2_ws/build/action_tutorials_interfaces
