[0.031s] Invoking command in '/home/migue/ros2_ws/build/cpp_launch_example': CMAKE_PREFIX_PATH=/opt/ros/foxy /usr/bin/cmake /home/migue/ros2_ws/src/cpp_launch_example -DCMAKE_INSTALL_PREFIX=/home/migue/ros2_ws/install/cpp_launch_example
[1.080s] -- The C compiler identification is GNU 9.4.0
[1.196s] -- The CXX compiler identification is GNU 9.4.0
[1.245s] -- Check for working C compiler: /usr/bin/cc
[1.393s] -- Check for working C compiler: /usr/bin/cc -- works
[1.395s] -- Detecting C compiler ABI info
[1.481s] -- Detecting C compiler ABI info - done
[1.494s] -- Detecting C compile features
[1.530s] -- Detecting C compile features - done
[1.534s] -- Check for working CXX compiler: /usr/bin/c++
[1.623s] -- Check for working CXX compiler: /usr/bin/c++ -- works
[1.624s] -- Detecting CXX compiler ABI info
[1.714s] -- Detecting CXX compiler ABI info - done
[1.729s] -- Detecting CXX compile features
[1.729s] -- Detecting CXX compile features - done
[1.801s] -- Found ament_cmake: 0.9.11 (/opt/ros/foxy/share/ament_cmake/cmake)
[1.887s] -- Found PythonInterp: /usr/bin/python3 (found suitable version "3.8.10", minimum required is "3") 
[1.887s] -- Using PYTHON_EXECUTABLE: /usr/bin/python3
[2.236s] -- Found ament_lint_auto: 0.9.7 (/opt/ros/foxy/share/ament_lint_auto/cmake)
[2.406s] -- Added test 'copyright' to check source files copyright and LICENSE
[2.408s] -- Added test 'flake8' to check Python code syntax and style conventions
[2.409s] -- Added test 'lint_cmake' to check CMake code style
[2.410s] -- Added test 'pep257' to check Python code against some of the style conventions in PEP 257
[2.411s] -- Added test 'xmllint' to check XML markup files
[2.484s] -- Configuring done
[2.489s] -- Generating done
[2.491s] -- Build files have been written to: /home/migue/ros2_ws/build/cpp_launch_example
[2.496s] Invoked command in '/home/migue/ros2_ws/build/cpp_launch_example' returned '0': CMAKE_PREFIX_PATH=/opt/ros/foxy /usr/bin/cmake /home/migue/ros2_ws/src/cpp_launch_example -DCMAKE_INSTALL_PREFIX=/home/migue/ros2_ws/install/cpp_launch_example
[2.500s] Invoking command in '/home/migue/ros2_ws/build/cpp_launch_example': CMAKE_PREFIX_PATH=/opt/ros/foxy /usr/bin/cmake --build /home/migue/ros2_ws/build/cpp_launch_example -- -j12 -l12
[2.547s] Invoked command in '/home/migue/ros2_ws/build/cpp_launch_example' returned '0': CMAKE_PREFIX_PATH=/opt/ros/foxy /usr/bin/cmake --build /home/migue/ros2_ws/build/cpp_launch_example -- -j12 -l12
[2.576s] Invoking command in '/home/migue/ros2_ws/build/cpp_launch_example': CMAKE_PREFIX_PATH=/opt/ros/foxy /usr/bin/cmake --install /home/migue/ros2_ws/build/cpp_launch_example
[2.583s] -- Install configuration: ""
[2.584s] -- Installing: /home/migue/ros2_ws/install/cpp_launch_example/share/cpp_launch_example//launch
[2.584s] -- Installing: /home/migue/ros2_ws/install/cpp_launch_example/share/cpp_launch_example//launch/my_script_launch.py
[2.584s] -- Installing: /home/migue/ros2_ws/install/cpp_launch_example/share/ament_index/resource_index/package_run_dependencies/cpp_launch_example
[2.584s] -- Installing: /home/migue/ros2_ws/install/cpp_launch_example/share/ament_index/resource_index/parent_prefix_path/cpp_launch_example
[2.584s] -- Installing: /home/migue/ros2_ws/install/cpp_launch_example/share/cpp_launch_example/environment/ament_prefix_path.sh
[2.585s] -- Installing: /home/migue/ros2_ws/install/cpp_launch_example/share/cpp_launch_example/environment/ament_prefix_path.dsv
[2.585s] -- Installing: /home/migue/ros2_ws/install/cpp_launch_example/share/cpp_launch_example/environment/path.sh
[2.585s] -- Installing: /home/migue/ros2_ws/install/cpp_launch_example/share/cpp_launch_example/environment/path.dsv
[2.585s] -- Installing: /home/migue/ros2_ws/install/cpp_launch_example/share/cpp_launch_example/local_setup.bash
[2.585s] -- Installing: /home/migue/ros2_ws/install/cpp_launch_example/share/cpp_launch_example/local_setup.sh
[2.585s] -- Installing: /home/migue/ros2_ws/install/cpp_launch_example/share/cpp_launch_example/local_setup.zsh
[2.585s] -- Installing: /home/migue/ros2_ws/install/cpp_launch_example/share/cpp_launch_example/local_setup.dsv
[2.585s] -- Installing: /home/migue/ros2_ws/install/cpp_launch_example/share/cpp_launch_example/package.dsv
[2.586s] -- Installing: /home/migue/ros2_ws/install/cpp_launch_example/share/ament_index/resource_index/packages/cpp_launch_example
[2.586s] -- Installing: /home/migue/ros2_ws/install/cpp_launch_example/share/cpp_launch_example/cmake/cpp_launch_exampleConfig.cmake
[2.586s] -- Installing: /home/migue/ros2_ws/install/cpp_launch_example/share/cpp_launch_example/cmake/cpp_launch_exampleConfig-version.cmake
[2.586s] -- Installing: /home/migue/ros2_ws/install/cpp_launch_example/share/cpp_launch_example/package.xml
[2.587s] Invoked command in '/home/migue/ros2_ws/build/cpp_launch_example' returned '0': CMAKE_PREFIX_PATH=/opt/ros/foxy /usr/bin/cmake --install /home/migue/ros2_ws/build/cpp_launch_example
