[0.066s] Invoking command in '/home/migue/ros2_ws/build/action_tutorials_cpp': AMENT_PREFIX_PATH=/home/migue/ros2_ws/install/action_tutorials_interfaces:${AMENT_PREFIX_PATH} CMAKE_PREFIX_PATH=/home/migue/ros2_ws/install/action_tutorials_interfaces:/opt/ros/foxy LD_LIBRARY_PATH=/home/migue/ros2_ws/install/action_tutorials_interfaces/lib:${LD_LIBRARY_PATH} PYTHONPATH=/home/migue/ros2_ws/install/action_tutorials_interfaces/lib/python3.8/site-packages:${PYTHONPATH} /usr/bin/cmake --build /home/migue/ros2_ws/build/action_tutorials_cpp -- -j12 -l12
[0.125s] [ 50%] Built target action_server
[0.126s] [ 50%] Built target fibonacci_action_server
[0.130s] [ 75%] Built target action_client
[0.130s] [100%] Built target fibonacci_action_client
[0.146s] Invoked command in '/home/migue/ros2_ws/build/action_tutorials_cpp' returned '0': AMENT_PREFIX_PATH=/home/migue/ros2_ws/install/action_tutorials_interfaces:${AMENT_PREFIX_PATH} CMAKE_PREFIX_PATH=/home/migue/ros2_ws/install/action_tutorials_interfaces:/opt/ros/foxy LD_LIBRARY_PATH=/home/migue/ros2_ws/install/action_tutorials_interfaces/lib:${LD_LIBRARY_PATH} PYTHONPATH=/home/migue/ros2_ws/install/action_tutorials_interfaces/lib/python3.8/site-packages:${PYTHONPATH} /usr/bin/cmake --build /home/migue/ros2_ws/build/action_tutorials_cpp -- -j12 -l12
[0.190s] Invoking command in '/home/migue/ros2_ws/build/action_tutorials_cpp': AMENT_PREFIX_PATH=/home/migue/ros2_ws/install/action_tutorials_interfaces:${AMENT_PREFIX_PATH} CMAKE_PREFIX_PATH=/home/migue/ros2_ws/install/action_tutorials_interfaces:/opt/ros/foxy LD_LIBRARY_PATH=/home/migue/ros2_ws/install/action_tutorials_interfaces/lib:${LD_LIBRARY_PATH} PYTHONPATH=/home/migue/ros2_ws/install/action_tutorials_interfaces/lib/python3.8/site-packages:${PYTHONPATH} /usr/bin/cmake --install /home/migue/ros2_ws/build/action_tutorials_cpp
[0.199s] -- Install configuration: ""
[0.200s] -- Up-to-date: /home/migue/ros2_ws/install/action_tutorials_cpp/lib/action_tutorials_cpp/fibonacci_action_client
[0.200s] -- Up-to-date: /home/migue/ros2_ws/install/action_tutorials_cpp/lib/action_tutorials_cpp/fibonacci_action_server
[0.200s] -- Up-to-date: /home/migue/ros2_ws/install/action_tutorials_cpp/lib/libaction_server.so
[0.201s] -- Up-to-date: /home/migue/ros2_ws/install/action_tutorials_cpp/lib/libaction_client.so
[0.201s] -- Up-to-date: /home/migue/ros2_ws/install/action_tutorials_cpp/share/ament_index/resource_index/package_run_dependencies/action_tutorials_cpp
[0.204s] -- Up-to-date: /home/migue/ros2_ws/install/action_tutorials_cpp/share/ament_index/resource_index/parent_prefix_path/action_tutorials_cpp
[0.204s] -- Up-to-date: /home/migue/ros2_ws/install/action_tutorials_cpp/share/action_tutorials_cpp/environment/ament_prefix_path.sh
[0.205s] -- Up-to-date: /home/migue/ros2_ws/install/action_tutorials_cpp/share/action_tutorials_cpp/environment/ament_prefix_path.dsv
[0.205s] -- Up-to-date: /home/migue/ros2_ws/install/action_tutorials_cpp/share/action_tutorials_cpp/environment/path.sh
[0.205s] -- Up-to-date: /home/migue/ros2_ws/install/action_tutorials_cpp/share/action_tutorials_cpp/environment/path.dsv
[0.205s] -- Up-to-date: /home/migue/ros2_ws/install/action_tutorials_cpp/share/action_tutorials_cpp/local_setup.bash
[0.205s] -- Up-to-date: /home/migue/ros2_ws/install/action_tutorials_cpp/share/action_tutorials_cpp/local_setup.sh
[0.205s] -- Up-to-date: /home/migue/ros2_ws/install/action_tutorials_cpp/share/action_tutorials_cpp/local_setup.zsh
[0.211s] -- Up-to-date: /home/migue/ros2_ws/install/action_tutorials_cpp/share/action_tutorials_cpp/local_setup.dsv
[0.211s] -- Installing: /home/migue/ros2_ws/install/action_tutorials_cpp/share/action_tutorials_cpp/package.dsv
[0.211s] -- Up-to-date: /home/migue/ros2_ws/install/action_tutorials_cpp/share/ament_index/resource_index/packages/action_tutorials_cpp
[0.212s] -- Up-to-date: /home/migue/ros2_ws/install/action_tutorials_cpp/share/ament_index/resource_index/rclcpp_components/action_tutorials_cpp
[0.212s] -- Up-to-date: /home/migue/ros2_ws/install/action_tutorials_cpp/share/action_tutorials_cpp/cmake/action_tutorials_cppConfig.cmake
[0.212s] -- Up-to-date: /home/migue/ros2_ws/install/action_tutorials_cpp/share/action_tutorials_cpp/cmake/action_tutorials_cppConfig-version.cmake
[0.212s] -- Up-to-date: /home/migue/ros2_ws/install/action_tutorials_cpp/share/action_tutorials_cpp/package.xml
[0.212s] Invoked command in '/home/migue/ros2_ws/build/action_tutorials_cpp' returned '0': AMENT_PREFIX_PATH=/home/migue/ros2_ws/install/action_tutorials_interfaces:${AMENT_PREFIX_PATH} CMAKE_PREFIX_PATH=/home/migue/ros2_ws/install/action_tutorials_interfaces:/opt/ros/foxy LD_LIBRARY_PATH=/home/migue/ros2_ws/install/action_tutorials_interfaces/lib:${LD_LIBRARY_PATH} PYTHONPATH=/home/migue/ros2_ws/install/action_tutorials_interfaces/lib/python3.8/site-packages:${PYTHONPATH} /usr/bin/cmake --install /home/migue/ros2_ws/build/action_tutorials_cpp
