[0.022s] Invoking command in '/home/migue/tf2_ws/build/learning_tf2_cpp': CMAKE_PREFIX_PATH=${CMAKE_PREFIX_PATH}:/opt/ros/foxy /usr/bin/cmake --build /home/migue/tf2_ws/build/learning_tf2_cpp -- -j12 -l12
[0.092s] [ 66%] Built target turtle_tf2_broadcaster
[0.092s] [ 66%] Built target static_turtle_tf2_broadcaster
[0.096s] [100%] Built target turtle_tf2_listener
[0.110s] Invoked command in '/home/migue/tf2_ws/build/learning_tf2_cpp' returned '0': CMAKE_PREFIX_PATH=${CMAKE_PREFIX_PATH}:/opt/ros/foxy /usr/bin/cmake --build /home/migue/tf2_ws/build/learning_tf2_cpp -- -j12 -l12
[0.162s] Invoking command in '/home/migue/tf2_ws/build/learning_tf2_cpp': CMAKE_PREFIX_PATH=${CMAKE_PREFIX_PATH}:/opt/ros/foxy /usr/bin/cmake --install /home/migue/tf2_ws/build/learning_tf2_cpp
[0.176s] -- Install configuration: ""
[0.176s] -- Up-to-date: /home/migue/tf2_ws/install/learning_tf2_cpp/lib/learning_tf2_cpp/static_turtle_tf2_broadcaster
[0.176s] -- Up-to-date: /home/migue/tf2_ws/install/learning_tf2_cpp/lib/learning_tf2_cpp/turtle_tf2_broadcaster
[0.177s] -- Up-to-date: /home/migue/tf2_ws/install/learning_tf2_cpp/lib/learning_tf2_cpp/turtle_tf2_listener
[0.177s] -- Up-to-date: /home/migue/tf2_ws/install/learning_tf2_cpp/share/learning_tf2_cpp/launch
[0.177s] -- Installing: /home/migue/tf2_ws/install/learning_tf2_cpp/share/learning_tf2_cpp/launch/turtle_tf2_demo.launch.py
[0.177s] -- Up-to-date: /home/migue/tf2_ws/install/learning_tf2_cpp/share/ament_index/resource_index/package_run_dependencies/learning_tf2_cpp
[0.178s] -- Up-to-date: /home/migue/tf2_ws/install/learning_tf2_cpp/share/ament_index/resource_index/parent_prefix_path/learning_tf2_cpp
[0.178s] -- Up-to-date: /home/migue/tf2_ws/install/learning_tf2_cpp/share/learning_tf2_cpp/environment/ament_prefix_path.sh
[0.178s] -- Up-to-date: /home/migue/tf2_ws/install/learning_tf2_cpp/share/learning_tf2_cpp/environment/ament_prefix_path.dsv
[0.178s] -- Up-to-date: /home/migue/tf2_ws/install/learning_tf2_cpp/share/learning_tf2_cpp/environment/path.sh
[0.178s] -- Up-to-date: /home/migue/tf2_ws/install/learning_tf2_cpp/share/learning_tf2_cpp/environment/path.dsv
[0.178s] -- Up-to-date: /home/migue/tf2_ws/install/learning_tf2_cpp/share/learning_tf2_cpp/local_setup.bash
[0.179s] -- Up-to-date: /home/migue/tf2_ws/install/learning_tf2_cpp/share/learning_tf2_cpp/local_setup.sh
[0.179s] -- Up-to-date: /home/migue/tf2_ws/install/learning_tf2_cpp/share/learning_tf2_cpp/local_setup.zsh
[0.179s] -- Up-to-date: /home/migue/tf2_ws/install/learning_tf2_cpp/share/learning_tf2_cpp/local_setup.dsv
[0.179s] -- Installing: /home/migue/tf2_ws/install/learning_tf2_cpp/share/learning_tf2_cpp/package.dsv
[0.179s] -- Up-to-date: /home/migue/tf2_ws/install/learning_tf2_cpp/share/ament_index/resource_index/packages/learning_tf2_cpp
[0.179s] -- Up-to-date: /home/migue/tf2_ws/install/learning_tf2_cpp/share/learning_tf2_cpp/cmake/learning_tf2_cppConfig.cmake
[0.179s] -- Up-to-date: /home/migue/tf2_ws/install/learning_tf2_cpp/share/learning_tf2_cpp/cmake/learning_tf2_cppConfig-version.cmake
[0.180s] -- Up-to-date: /home/migue/tf2_ws/install/learning_tf2_cpp/share/learning_tf2_cpp/package.xml
[0.181s] Invoked command in '/home/migue/tf2_ws/build/learning_tf2_cpp' returned '0': CMAKE_PREFIX_PATH=${CMAKE_PREFIX_PATH}:/opt/ros/foxy /usr/bin/cmake --install /home/migue/tf2_ws/build/learning_tf2_cpp
