[0.027s] Invoking command in '/home/migue/ros2_ws/build/cpp_pubsub': AMENT_PREFIX_PATH=/home/migue/ros2_ws/install/tutorial_interfaces:${AMENT_PREFIX_PATH} CMAKE_PREFIX_PATH=/home/migue/ros2_ws/install/tutorial_interfaces:/opt/ros/foxy LD_LIBRARY_PATH=/home/migue/ros2_ws/install/tutorial_interfaces/lib:${LD_LIBRARY_PATH} PYTHONPATH=/home/migue/ros2_ws/install/tutorial_interfaces/lib/python3.8/site-packages:${PYTHONPATH} /usr/bin/cmake --build /home/migue/ros2_ws/build/cpp_pubsub -- -j12 -l12
[0.091s] [ 50%] Built target listener
[0.096s] [100%] Built target talker
[0.109s] Invoked command in '/home/migue/ros2_ws/build/cpp_pubsub' returned '0': AMENT_PREFIX_PATH=/home/migue/ros2_ws/install/tutorial_interfaces:${AMENT_PREFIX_PATH} CMAKE_PREFIX_PATH=/home/migue/ros2_ws/install/tutorial_interfaces:/opt/ros/foxy LD_LIBRARY_PATH=/home/migue/ros2_ws/install/tutorial_interfaces/lib:${LD_LIBRARY_PATH} PYTHONPATH=/home/migue/ros2_ws/install/tutorial_interfaces/lib/python3.8/site-packages:${PYTHONPATH} /usr/bin/cmake --build /home/migue/ros2_ws/build/cpp_pubsub -- -j12 -l12
[0.141s] Invoking command in '/home/migue/ros2_ws/build/cpp_pubsub': AMENT_PREFIX_PATH=/home/migue/ros2_ws/install/tutorial_interfaces:${AMENT_PREFIX_PATH} CMAKE_PREFIX_PATH=/home/migue/ros2_ws/install/tutorial_interfaces:/opt/ros/foxy LD_LIBRARY_PATH=/home/migue/ros2_ws/install/tutorial_interfaces/lib:${LD_LIBRARY_PATH} PYTHONPATH=/home/migue/ros2_ws/install/tutorial_interfaces/lib/python3.8/site-packages:${PYTHONPATH} /usr/bin/cmake --install /home/migue/ros2_ws/build/cpp_pubsub
[0.149s] -- Install configuration: ""
[0.150s] -- Up-to-date: /home/migue/ros2_ws/install/cpp_pubsub/lib/cpp_pubsub/talker
[0.150s] -- Up-to-date: /home/migue/ros2_ws/install/cpp_pubsub/lib/cpp_pubsub/listener
[0.150s] -- Up-to-date: /home/migue/ros2_ws/install/cpp_pubsub/share/ament_index/resource_index/package_run_dependencies/cpp_pubsub
[0.150s] -- Up-to-date: /home/migue/ros2_ws/install/cpp_pubsub/share/ament_index/resource_index/parent_prefix_path/cpp_pubsub
[0.150s] -- Up-to-date: /home/migue/ros2_ws/install/cpp_pubsub/share/cpp_pubsub/environment/ament_prefix_path.sh
[0.150s] -- Up-to-date: /home/migue/ros2_ws/install/cpp_pubsub/share/cpp_pubsub/environment/ament_prefix_path.dsv
[0.150s] -- Up-to-date: /home/migue/ros2_ws/install/cpp_pubsub/share/cpp_pubsub/environment/path.sh
[0.150s] -- Up-to-date: /home/migue/ros2_ws/install/cpp_pubsub/share/cpp_pubsub/environment/path.dsv
[0.150s] -- Up-to-date: /home/migue/ros2_ws/install/cpp_pubsub/share/cpp_pubsub/local_setup.bash
[0.151s] -- Up-to-date: /home/migue/ros2_ws/install/cpp_pubsub/share/cpp_pubsub/local_setup.sh
[0.151s] -- Up-to-date: /home/migue/ros2_ws/install/cpp_pubsub/share/cpp_pubsub/local_setup.zsh
[0.151s] -- Up-to-date: /home/migue/ros2_ws/install/cpp_pubsub/share/cpp_pubsub/local_setup.dsv
[0.151s] -- Installing: /home/migue/ros2_ws/install/cpp_pubsub/share/cpp_pubsub/package.dsv
[0.151s] -- Up-to-date: /home/migue/ros2_ws/install/cpp_pubsub/share/ament_index/resource_index/packages/cpp_pubsub
[0.151s] -- Up-to-date: /home/migue/ros2_ws/install/cpp_pubsub/share/cpp_pubsub/cmake/cpp_pubsubConfig.cmake
[0.151s] -- Up-to-date: /home/migue/ros2_ws/install/cpp_pubsub/share/cpp_pubsub/cmake/cpp_pubsubConfig-version.cmake
[0.151s] -- Up-to-date: /home/migue/ros2_ws/install/cpp_pubsub/share/cpp_pubsub/package.xml
[0.153s] Invoked command in '/home/migue/ros2_ws/build/cpp_pubsub' returned '0': AMENT_PREFIX_PATH=/home/migue/ros2_ws/install/tutorial_interfaces:${AMENT_PREFIX_PATH} CMAKE_PREFIX_PATH=/home/migue/ros2_ws/install/tutorial_interfaces:/opt/ros/foxy LD_LIBRARY_PATH=/home/migue/ros2_ws/install/tutorial_interfaces/lib:${LD_LIBRARY_PATH} PYTHONPATH=/home/migue/ros2_ws/install/tutorial_interfaces/lib/python3.8/site-packages:${PYTHONPATH} /usr/bin/cmake --install /home/migue/ros2_ws/build/cpp_pubsub
