[0.020s] Invoking command in '/home/migue/ros2_ws/build/tutorial_interfaces': CMAKE_PREFIX_PATH=${CMAKE_PREFIX_PATH}:/opt/ros/foxy /usr/bin/cmake --build /home/migue/ros2_ws/build/tutorial_interfaces -- -j12 -l12
[0.044s] -- Found ament_cmake: 0.9.11 (/opt/ros/foxy/share/ament_cmake/cmake)
[0.064s] -- Found PythonInterp: /usr/bin/python3 (found suitable version "3.8.10", minimum required is "3") 
[0.065s] -- Using PYTHON_EXECUTABLE: /usr/bin/python3
[0.218s] -- Found geometry_msgs: 2.0.5 (/opt/ros/foxy/share/geometry_msgs/cmake)
[0.235s] -- Using all available rosidl_typesupport_c: rosidl_typesupport_fastrtps_c;rosidl_typesupport_introspection_c
[0.238s] -- Found rosidl_adapter: 1.3.0 (/opt/ros/foxy/share/rosidl_adapter/cmake)
[0.349s] -- Using all available rosidl_typesupport_cpp: rosidl_typesupport_fastrtps_cpp;rosidl_typesupport_introspection_cpp
[0.417s] -- Found rosidl_default_generators: 1.0.1 (/opt/ros/foxy/share/rosidl_default_generators/cmake)
[0.445s] -- Found PythonInterp: /usr/bin/python3 (found version "3.8.10") 
[0.603s] -- Found ament_cmake_ros: 0.9.2 (/opt/ros/foxy/share/ament_cmake_ros/cmake)
[0.831s] -- Using all available rosidl_typesupport_c: rosidl_typesupport_fastrtps_c;rosidl_typesupport_introspection_c
[0.924s] -- Using all available rosidl_typesupport_cpp: rosidl_typesupport_fastrtps_cpp;rosidl_typesupport_introspection_cpp
[0.949s] -- Found PythonInterp: /usr/bin/python3 (found suitable version "3.8.10", minimum required is "3.5") 
[0.949s] -- Found python_cmake_module: 0.8.1 (/opt/ros/foxy/share/python_cmake_module/cmake)
[0.977s] -- Using PYTHON_EXECUTABLE: /usr/bin/python3
[0.977s] -- Using PYTHON_INCLUDE_DIRS: /usr/include/python3.8
[0.977s] -- Using PYTHON_LIBRARIES: /usr/lib/x86_64-linux-gnu/libpython3.8.so
[1.023s] -- Found ament_lint_auto: 0.9.7 (/opt/ros/foxy/share/ament_lint_auto/cmake)
[1.031s] -- Added test 'copyright' to check source files copyright and LICENSE
[1.032s] -- Added test 'lint_cmake' to check CMake code style
[1.032s] -- Added test 'xmllint' to check XML markup files
[1.035s] -- Configuring done
[1.080s] -- Generating done
[1.085s] -- Build files have been written to: /home/migue/ros2_ws/build/tutorial_interfaces
[1.132s] [  2%] Built target tutorial_interfaces__cpp
[1.135s] [ 12%] Built target tutorial_interfaces__rosidl_generator_c
[1.153s] [ 34%] Built target tutorial_interfaces__rosidl_typesupport_introspection_cpp
[1.153s] [ 34%] Built target tutorial_interfaces__rosidl_typesupport_cpp
[1.155s] [ 44%] Built target tutorial_interfaces__rosidl_typesupport_introspection_c
[1.156s] [ 55%] Built target tutorial_interfaces__rosidl_typesupport_c
[1.158s] [ 65%] Built target tutorial_interfaces__rosidl_typesupport_fastrtps_cpp
[1.189s] [ 76%] Built target tutorial_interfaces__rosidl_typesupport_fastrtps_c
[1.211s] [ 76%] Built target tutorial_interfaces
[1.233s] [ 78%] Built target tutorial_interfaces__py
[1.260s] [ 87%] Built target tutorial_interfaces__python
[1.283s] [ 91%] Built target tutorial_interfaces__rosidl_typesupport_c__pyext
[1.292s] [ 95%] Built target tutorial_interfaces__rosidl_typesupport_fastrtps_c__pyext
[1.292s] [100%] Built target tutorial_interfaces__rosidl_typesupport_introspection_c__pyext
[1.304s] Invoked command in '/home/migue/ros2_ws/build/tutorial_interfaces' returned '0': CMAKE_PREFIX_PATH=${CMAKE_PREFIX_PATH}:/opt/ros/foxy /usr/bin/cmake --build /home/migue/ros2_ws/build/tutorial_interfaces -- -j12 -l12
[1.369s] Invoking command in '/home/migue/ros2_ws/build/tutorial_interfaces': CMAKE_PREFIX_PATH=${CMAKE_PREFIX_PATH}:/opt/ros/foxy /usr/bin/cmake --install /home/migue/ros2_ws/build/tutorial_interfaces
[1.377s] -- Install configuration: ""
[1.377s] -- Up-to-date: /home/migue/ros2_ws/install/tutorial_interfaces/share/ament_index/resource_index/rosidl_interfaces/tutorial_interfaces
[1.377s] -- Up-to-date: /home/migue/ros2_ws/install/tutorial_interfaces/include/tutorial_interfaces
[1.377s] -- Up-to-date: /home/migue/ros2_ws/install/tutorial_interfaces/include/tutorial_interfaces/srv
[1.377s] -- Up-to-date: /home/migue/ros2_ws/install/tutorial_interfaces/include/tutorial_interfaces/srv/add_three_ints.h
[1.378s] -- Up-to-date: /home/migue/ros2_ws/install/tutorial_interfaces/include/tutorial_interfaces/srv/detail
[1.378s] -- Up-to-date: /home/migue/ros2_ws/install/tutorial_interfaces/include/tutorial_interfaces/srv/detail/add_three_ints__functions.h
[1.378s] -- Up-to-date: /home/migue/ros2_ws/install/tutorial_interfaces/include/tutorial_interfaces/srv/detail/add_three_ints__struct.h
[1.378s] -- Up-to-date: /home/migue/ros2_ws/install/tutorial_interfaces/include/tutorial_interfaces/srv/detail/add_three_ints__type_support.h
[1.378s] -- Up-to-date: /home/migue/ros2_ws/install/tutorial_interfaces/include/tutorial_interfaces/srv/detail/add_three_ints__functions.c
[1.379s] -- Up-to-date: /home/migue/ros2_ws/install/tutorial_interfaces/include/tutorial_interfaces/msg
[1.379s] -- Up-to-date: /home/migue/ros2_ws/install/tutorial_interfaces/include/tutorial_interfaces/msg/sphere.h
[1.379s] -- Up-to-date: /home/migue/ros2_ws/install/tutorial_interfaces/include/tutorial_interfaces/msg/num.h
[1.379s] -- Up-to-date: /home/migue/ros2_ws/install/tutorial_interfaces/include/tutorial_interfaces/msg/detail
[1.379s] -- Up-to-date: /home/migue/ros2_ws/install/tutorial_interfaces/include/tutorial_interfaces/msg/detail/num__type_support.h
[1.379s] -- Up-to-date: /home/migue/ros2_ws/install/tutorial_interfaces/include/tutorial_interfaces/msg/detail/sphere__functions.c
[1.379s] -- Up-to-date: /home/migue/ros2_ws/install/tutorial_interfaces/include/tutorial_interfaces/msg/detail/num__functions.h
[1.379s] -- Up-to-date: /home/migue/ros2_ws/install/tutorial_interfaces/include/tutorial_interfaces/msg/detail/num__functions.c
[1.379s] -- Up-to-date: /home/migue/ros2_ws/install/tutorial_interfaces/include/tutorial_interfaces/msg/detail/num__struct.h
[1.379s] -- Up-to-date: /home/migue/ros2_ws/install/tutorial_interfaces/include/tutorial_interfaces/msg/detail/sphere__type_support.h
[1.379s] -- Up-to-date: /home/migue/ros2_ws/install/tutorial_interfaces/include/tutorial_interfaces/msg/detail/sphere__functions.h
[1.379s] -- Up-to-date: /home/migue/ros2_ws/install/tutorial_interfaces/include/tutorial_interfaces/msg/detail/sphere__struct.h
[1.379s] -- Up-to-date: /home/migue/ros2_ws/install/tutorial_interfaces/include/tutorial_interfaces/msg/rosidl_generator_c__visibility_control.h
[1.380s] -- Up-to-date: /home/migue/ros2_ws/install/tutorial_interfaces/share/tutorial_interfaces/environment/library_path.sh
[1.380s] -- Installing: /home/migue/ros2_ws/install/tutorial_interfaces/share/tutorial_interfaces/environment/library_path.dsv
[1.380s] -- Up-to-date: /home/migue/ros2_ws/install/tutorial_interfaces/lib/libtutorial_interfaces__rosidl_generator_c.so
[1.380s] -- Up-to-date: /home/migue/ros2_ws/install/tutorial_interfaces/include/tutorial_interfaces
[1.380s] -- Up-to-date: /home/migue/ros2_ws/install/tutorial_interfaces/include/tutorial_interfaces/srv
[1.380s] -- Up-to-date: /home/migue/ros2_ws/install/tutorial_interfaces/include/tutorial_interfaces/srv/detail
[1.380s] -- Up-to-date: /home/migue/ros2_ws/install/tutorial_interfaces/include/tutorial_interfaces/srv/detail/add_three_ints__rosidl_typesupport_fastrtps_c.h
[1.380s] -- Up-to-date: /home/migue/ros2_ws/install/tutorial_interfaces/include/tutorial_interfaces/msg
[1.380s] -- Up-to-date: /home/migue/ros2_ws/install/tutorial_interfaces/include/tutorial_interfaces/msg/detail
[1.380s] -- Up-to-date: /home/migue/ros2_ws/install/tutorial_interfaces/include/tutorial_interfaces/msg/detail/num__rosidl_typesupport_fastrtps_c.h
[1.380s] -- Up-to-date: /home/migue/ros2_ws/install/tutorial_interfaces/include/tutorial_interfaces/msg/detail/sphere__rosidl_typesupport_fastrtps_c.h
[1.380s] -- Up-to-date: /home/migue/ros2_ws/install/tutorial_interfaces/include/tutorial_interfaces/msg/rosidl_typesupport_fastrtps_c__visibility_control.h
[1.380s] -- Up-to-date: /home/migue/ros2_ws/install/tutorial_interfaces/lib/libtutorial_interfaces__rosidl_typesupport_fastrtps_c.so
[1.380s] -- Up-to-date: /home/migue/ros2_ws/install/tutorial_interfaces/include/tutorial_interfaces
[1.380s] -- Up-to-date: /home/migue/ros2_ws/install/tutorial_interfaces/include/tutorial_interfaces/srv
[1.380s] -- Up-to-date: /home/migue/ros2_ws/install/tutorial_interfaces/include/tutorial_interfaces/srv/detail
[1.381s] -- Up-to-date: /home/migue/ros2_ws/install/tutorial_interfaces/include/tutorial_interfaces/srv/detail/dds_fastrtps
[1.381s] -- Up-to-date: /home/migue/ros2_ws/install/tutorial_interfaces/include/tutorial_interfaces/srv/detail/add_three_ints__rosidl_typesupport_fastrtps_cpp.hpp
[1.381s] -- Up-to-date: /home/migue/ros2_ws/install/tutorial_interfaces/include/tutorial_interfaces/msg
[1.381s] -- Up-to-date: /home/migue/ros2_ws/install/tutorial_interfaces/include/tutorial_interfaces/msg/rosidl_typesupport_fastrtps_cpp__visibility_control.h
[1.381s] -- Up-to-date: /home/migue/ros2_ws/install/tutorial_interfaces/include/tutorial_interfaces/msg/detail
[1.381s] -- Up-to-date: /home/migue/ros2_ws/install/tutorial_interfaces/include/tutorial_interfaces/msg/detail/num__rosidl_typesupport_fastrtps_cpp.hpp
[1.381s] -- Up-to-date: /home/migue/ros2_ws/install/tutorial_interfaces/include/tutorial_interfaces/msg/detail/sphere__rosidl_typesupport_fastrtps_cpp.hpp
[1.381s] -- Up-to-date: /home/migue/ros2_ws/install/tutorial_interfaces/include/tutorial_interfaces/msg/detail/dds_fastrtps
[1.381s] -- Up-to-date: /home/migue/ros2_ws/install/tutorial_interfaces/lib/libtutorial_interfaces__rosidl_typesupport_fastrtps_cpp.so
[1.381s] -- Up-to-date: /home/migue/ros2_ws/install/tutorial_interfaces/include/tutorial_interfaces
[1.381s] -- Up-to-date: /home/migue/ros2_ws/install/tutorial_interfaces/include/tutorial_interfaces/srv
[1.381s] -- Up-to-date: /home/migue/ros2_ws/install/tutorial_interfaces/include/tutorial_interfaces/srv/detail
[1.381s] -- Up-to-date: /home/migue/ros2_ws/install/tutorial_interfaces/include/tutorial_interfaces/srv/detail/add_three_ints__type_support.c
[1.381s] -- Up-to-date: /home/migue/ros2_ws/install/tutorial_interfaces/include/tutorial_interfaces/srv/detail/add_three_ints__rosidl_typesupport_introspection_c.h
[1.381s] -- Up-to-date: /home/migue/ros2_ws/install/tutorial_interfaces/include/tutorial_interfaces/msg
[1.381s] -- Up-to-date: /home/migue/ros2_ws/install/tutorial_interfaces/include/tutorial_interfaces/msg/rosidl_typesupport_introspection_c__visibility_control.h
[1.381s] -- Up-to-date: /home/migue/ros2_ws/install/tutorial_interfaces/include/tutorial_interfaces/msg/detail
[1.381s] -- Up-to-date: /home/migue/ros2_ws/install/tutorial_interfaces/include/tutorial_interfaces/msg/detail/num__rosidl_typesupport_introspection_c.h
[1.382s] -- Up-to-date: /home/migue/ros2_ws/install/tutorial_interfaces/include/tutorial_interfaces/msg/detail/num__type_support.c
[1.382s] -- Up-to-date: /home/migue/ros2_ws/install/tutorial_interfaces/include/tutorial_interfaces/msg/detail/sphere__rosidl_typesupport_introspection_c.h
[1.382s] -- Up-to-date: /home/migue/ros2_ws/install/tutorial_interfaces/include/tutorial_interfaces/msg/detail/sphere__type_support.c
[1.382s] -- Up-to-date: /home/migue/ros2_ws/install/tutorial_interfaces/lib/libtutorial_interfaces__rosidl_typesupport_introspection_c.so
[1.382s] -- Up-to-date: /home/migue/ros2_ws/install/tutorial_interfaces/lib/libtutorial_interfaces__rosidl_typesupport_c.so
[1.382s] -- Up-to-date: /home/migue/ros2_ws/install/tutorial_interfaces/include/tutorial_interfaces
[1.382s] -- Up-to-date: /home/migue/ros2_ws/install/tutorial_interfaces/include/tutorial_interfaces/srv
[1.382s] -- Up-to-date: /home/migue/ros2_ws/install/tutorial_interfaces/include/tutorial_interfaces/srv/add_three_ints.hpp
[1.382s] -- Up-to-date: /home/migue/ros2_ws/install/tutorial_interfaces/include/tutorial_interfaces/srv/detail
[1.382s] -- Up-to-date: /home/migue/ros2_ws/install/tutorial_interfaces/include/tutorial_interfaces/srv/detail/add_three_ints__builder.hpp
[1.382s] -- Up-to-date: /home/migue/ros2_ws/install/tutorial_interfaces/include/tutorial_interfaces/srv/detail/add_three_ints__struct.hpp
[1.382s] -- Up-to-date: /home/migue/ros2_ws/install/tutorial_interfaces/include/tutorial_interfaces/srv/detail/add_three_ints__traits.hpp
[1.382s] -- Up-to-date: /home/migue/ros2_ws/install/tutorial_interfaces/include/tutorial_interfaces/msg
[1.382s] -- Up-to-date: /home/migue/ros2_ws/install/tutorial_interfaces/include/tutorial_interfaces/msg/sphere.hpp
[1.382s] -- Up-to-date: /home/migue/ros2_ws/install/tutorial_interfaces/include/tutorial_interfaces/msg/detail
[1.382s] -- Up-to-date: /home/migue/ros2_ws/install/tutorial_interfaces/include/tutorial_interfaces/msg/detail/sphere__builder.hpp
[1.382s] -- Up-to-date: /home/migue/ros2_ws/install/tutorial_interfaces/include/tutorial_interfaces/msg/detail/num__traits.hpp
[1.382s] -- Up-to-date: /home/migue/ros2_ws/install/tutorial_interfaces/include/tutorial_interfaces/msg/detail/sphere__traits.hpp
[1.382s] -- Up-to-date: /home/migue/ros2_ws/install/tutorial_interfaces/include/tutorial_interfaces/msg/detail/num__struct.hpp
[1.383s] -- Up-to-date: /home/migue/ros2_ws/install/tutorial_interfaces/include/tutorial_interfaces/msg/detail/sphere__struct.hpp
[1.383s] -- Up-to-date: /home/migue/ros2_ws/install/tutorial_interfaces/include/tutorial_interfaces/msg/detail/num__builder.hpp
[1.383s] -- Up-to-date: /home/migue/ros2_ws/install/tutorial_interfaces/include/tutorial_interfaces/msg/num.hpp
[1.383s] -- Up-to-date: /home/migue/ros2_ws/install/tutorial_interfaces/include/tutorial_interfaces
[1.383s] -- Up-to-date: /home/migue/ros2_ws/install/tutorial_interfaces/include/tutorial_interfaces/srv
[1.383s] -- Up-to-date: /home/migue/ros2_ws/install/tutorial_interfaces/include/tutorial_interfaces/srv/detail
[1.383s] -- Up-to-date: /home/migue/ros2_ws/install/tutorial_interfaces/include/tutorial_interfaces/srv/detail/add_three_ints__type_support.cpp
[1.383s] -- Up-to-date: /home/migue/ros2_ws/install/tutorial_interfaces/include/tutorial_interfaces/srv/detail/add_three_ints__rosidl_typesupport_introspection_cpp.hpp
[1.383s] -- Up-to-date: /home/migue/ros2_ws/install/tutorial_interfaces/include/tutorial_interfaces/msg
[1.383s] -- Up-to-date: /home/migue/ros2_ws/install/tutorial_interfaces/include/tutorial_interfaces/msg/detail
[1.383s] -- Up-to-date: /home/migue/ros2_ws/install/tutorial_interfaces/include/tutorial_interfaces/msg/detail/num__rosidl_typesupport_introspection_cpp.hpp
[1.383s] -- Up-to-date: /home/migue/ros2_ws/install/tutorial_interfaces/include/tutorial_interfaces/msg/detail/sphere__type_support.cpp
[1.383s] -- Up-to-date: /home/migue/ros2_ws/install/tutorial_interfaces/include/tutorial_interfaces/msg/detail/sphere__rosidl_typesupport_introspection_cpp.hpp
[1.383s] -- Up-to-date: /home/migue/ros2_ws/install/tutorial_interfaces/include/tutorial_interfaces/msg/detail/num__type_support.cpp
[1.383s] -- Up-to-date: /home/migue/ros2_ws/install/tutorial_interfaces/lib/libtutorial_interfaces__rosidl_typesupport_introspection_cpp.so
[1.383s] -- Up-to-date: /home/migue/ros2_ws/install/tutorial_interfaces/lib/libtutorial_interfaces__rosidl_typesupport_cpp.so
[1.383s] -- Up-to-date: /home/migue/ros2_ws/install/tutorial_interfaces/share/tutorial_interfaces/environment/pythonpath.sh
[1.383s] -- Installing: /home/migue/ros2_ws/install/tutorial_interfaces/share/tutorial_interfaces/environment/pythonpath.dsv
[1.384s] -- Installing: /home/migue/ros2_ws/install/tutorial_interfaces/lib/python3.8/site-packages/tutorial_interfaces/__init__.py
[1.406s] Compiling '/home/migue/ros2_ws/install/tutorial_interfaces/lib/python3.8/site-packages/tutorial_interfaces/__init__.py'...
[1.409s] -- Up-to-date: /home/migue/ros2_ws/install/tutorial_interfaces/lib/python3.8/site-packages/tutorial_interfaces/msg
[1.410s] -- Up-to-date: /home/migue/ros2_ws/install/tutorial_interfaces/lib/python3.8/site-packages/tutorial_interfaces/msg/__init__.py
[1.410s] -- Up-to-date: /home/migue/ros2_ws/install/tutorial_interfaces/lib/python3.8/site-packages/tutorial_interfaces/msg/_sphere_s.c
[1.410s] -- Up-to-date: /home/migue/ros2_ws/install/tutorial_interfaces/lib/python3.8/site-packages/tutorial_interfaces/msg/_num_s.c
[1.410s] -- Up-to-date: /home/migue/ros2_ws/install/tutorial_interfaces/lib/python3.8/site-packages/tutorial_interfaces/msg/_num.py
[1.410s] -- Up-to-date: /home/migue/ros2_ws/install/tutorial_interfaces/lib/python3.8/site-packages/tutorial_interfaces/msg/_sphere.py
[1.411s] -- Up-to-date: /home/migue/ros2_ws/install/tutorial_interfaces/lib/python3.8/site-packages/tutorial_interfaces/srv
[1.411s] -- Up-to-date: /home/migue/ros2_ws/install/tutorial_interfaces/lib/python3.8/site-packages/tutorial_interfaces/srv/_add_three_ints.py
[1.411s] -- Up-to-date: /home/migue/ros2_ws/install/tutorial_interfaces/lib/python3.8/site-packages/tutorial_interfaces/srv/_add_three_ints_s.c
[1.411s] -- Up-to-date: /home/migue/ros2_ws/install/tutorial_interfaces/lib/python3.8/site-packages/tutorial_interfaces/srv/__init__.py
[1.412s] -- Up-to-date: /home/migue/ros2_ws/install/tutorial_interfaces/lib/python3.8/site-packages/tutorial_interfaces/tutorial_interfaces_s__rosidl_typesupport_fastrtps_c.cpython-38-x86_64-linux-gnu.so
[1.413s] -- Up-to-date: /home/migue/ros2_ws/install/tutorial_interfaces/lib/python3.8/site-packages/tutorial_interfaces/tutorial_interfaces_s__rosidl_typesupport_introspection_c.cpython-38-x86_64-linux-gnu.so
[1.414s] -- Up-to-date: /home/migue/ros2_ws/install/tutorial_interfaces/lib/python3.8/site-packages/tutorial_interfaces/tutorial_interfaces_s__rosidl_typesupport_c.cpython-38-x86_64-linux-gnu.so
[1.414s] -- Up-to-date: /home/migue/ros2_ws/install/tutorial_interfaces/lib/libtutorial_interfaces__python.so
[1.415s] -- Up-to-date: /home/migue/ros2_ws/install/tutorial_interfaces/share/tutorial_interfaces/msg/Num.idl
[1.415s] -- Up-to-date: /home/migue/ros2_ws/install/tutorial_interfaces/share/tutorial_interfaces/msg/Sphere.idl
[1.415s] -- Up-to-date: /home/migue/ros2_ws/install/tutorial_interfaces/share/tutorial_interfaces/srv/AddThreeInts.idl
[1.415s] -- Up-to-date: /home/migue/ros2_ws/install/tutorial_interfaces/share/tutorial_interfaces/msg/Num.msg
[1.415s] -- Installing: /home/migue/ros2_ws/install/tutorial_interfaces/share/tutorial_interfaces/msg/Sphere.msg
[1.415s] -- Up-to-date: /home/migue/ros2_ws/install/tutorial_interfaces/share/tutorial_interfaces/srv/AddThreeInts.srv
[1.415s] -- Up-to-date: /home/migue/ros2_ws/install/tutorial_interfaces/share/tutorial_interfaces/srv/AddThreeInts_Request.msg
[1.416s] -- Up-to-date: /home/migue/ros2_ws/install/tutorial_interfaces/share/tutorial_interfaces/srv/AddThreeInts_Response.msg
[1.416s] -- Up-to-date: /home/migue/ros2_ws/install/tutorial_interfaces/share/ament_index/resource_index/package_run_dependencies/tutorial_interfaces
[1.416s] -- Up-to-date: /home/migue/ros2_ws/install/tutorial_interfaces/share/ament_index/resource_index/parent_prefix_path/tutorial_interfaces
[1.416s] -- Up-to-date: /home/migue/ros2_ws/install/tutorial_interfaces/share/tutorial_interfaces/environment/ament_prefix_path.sh
[1.416s] -- Installing: /home/migue/ros2_ws/install/tutorial_interfaces/share/tutorial_interfaces/environment/ament_prefix_path.dsv
[1.416s] -- Up-to-date: /home/migue/ros2_ws/install/tutorial_interfaces/share/tutorial_interfaces/environment/path.sh
[1.416s] -- Installing: /home/migue/ros2_ws/install/tutorial_interfaces/share/tutorial_interfaces/environment/path.dsv
[1.416s] -- Up-to-date: /home/migue/ros2_ws/install/tutorial_interfaces/share/tutorial_interfaces/local_setup.bash
[1.416s] -- Up-to-date: /home/migue/ros2_ws/install/tutorial_interfaces/share/tutorial_interfaces/local_setup.sh
[1.417s] -- Up-to-date: /home/migue/ros2_ws/install/tutorial_interfaces/share/tutorial_interfaces/local_setup.zsh
[1.417s] -- Installing: /home/migue/ros2_ws/install/tutorial_interfaces/share/tutorial_interfaces/local_setup.dsv
[1.417s] -- Installing: /home/migue/ros2_ws/install/tutorial_interfaces/share/tutorial_interfaces/package.dsv
[1.417s] -- Up-to-date: /home/migue/ros2_ws/install/tutorial_interfaces/share/ament_index/resource_index/packages/tutorial_interfaces
[1.417s] -- Up-to-date: /home/migue/ros2_ws/install/tutorial_interfaces/share/tutorial_interfaces/cmake/tutorial_interfaces__rosidl_generator_cExport.cmake
[1.417s] -- Installing: /home/migue/ros2_ws/install/tutorial_interfaces/share/tutorial_interfaces/cmake/tutorial_interfaces__rosidl_generator_cExport-noconfig.cmake
[1.417s] -- Up-to-date: /home/migue/ros2_ws/install/tutorial_interfaces/share/tutorial_interfaces/cmake/tutorial_interfaces__rosidl_typesupport_introspection_cExport.cmake
[1.417s] -- Installing: /home/migue/ros2_ws/install/tutorial_interfaces/share/tutorial_interfaces/cmake/tutorial_interfaces__rosidl_typesupport_introspection_cExport-noconfig.cmake
[1.418s] -- Up-to-date: /home/migue/ros2_ws/install/tutorial_interfaces/share/tutorial_interfaces/cmake/tutorial_interfaces__rosidl_typesupport_cExport.cmake
[1.418s] -- Installing: /home/migue/ros2_ws/install/tutorial_interfaces/share/tutorial_interfaces/cmake/tutorial_interfaces__rosidl_typesupport_cExport-noconfig.cmake
[1.418s] -- Up-to-date: /home/migue/ros2_ws/install/tutorial_interfaces/share/tutorial_interfaces/cmake/tutorial_interfaces__rosidl_generator_cppExport.cmake
[1.418s] -- Up-to-date: /home/migue/ros2_ws/install/tutorial_interfaces/share/tutorial_interfaces/cmake/tutorial_interfaces__rosidl_typesupport_introspection_cppExport.cmake
[1.418s] -- Installing: /home/migue/ros2_ws/install/tutorial_interfaces/share/tutorial_interfaces/cmake/tutorial_interfaces__rosidl_typesupport_introspection_cppExport-noconfig.cmake
[1.418s] -- Up-to-date: /home/migue/ros2_ws/install/tutorial_interfaces/share/tutorial_interfaces/cmake/tutorial_interfaces__rosidl_typesupport_cppExport.cmake
[1.418s] -- Installing: /home/migue/ros2_ws/install/tutorial_interfaces/share/tutorial_interfaces/cmake/tutorial_interfaces__rosidl_typesupport_cppExport-noconfig.cmake
[1.419s] -- Up-to-date: /home/migue/ros2_ws/install/tutorial_interfaces/share/tutorial_interfaces/cmake/rosidl_cmake-extras.cmake
[1.419s] -- Up-to-date: /home/migue/ros2_ws/install/tutorial_interfaces/share/tutorial_interfaces/cmake/ament_cmake_export_dependencies-extras.cmake
[1.419s] -- Up-to-date: /home/migue/ros2_ws/install/tutorial_interfaces/share/tutorial_interfaces/cmake/ament_cmake_export_libraries-extras.cmake
[1.419s] -- Up-to-date: /home/migue/ros2_ws/install/tutorial_interfaces/share/tutorial_interfaces/cmake/ament_cmake_export_targets-extras.cmake
[1.419s] -- Up-to-date: /home/migue/ros2_ws/install/tutorial_interfaces/share/tutorial_interfaces/cmake/ament_cmake_export_include_directories-extras.cmake
[1.419s] -- Up-to-date: /home/migue/ros2_ws/install/tutorial_interfaces/share/tutorial_interfaces/cmake/rosidl_cmake_export_typesupport_libraries-extras.cmake
[1.419s] -- Up-to-date: /home/migue/ros2_ws/install/tutorial_interfaces/share/tutorial_interfaces/cmake/rosidl_cmake_export_typesupport_targets-extras.cmake
[1.419s] -- Up-to-date: /home/migue/ros2_ws/install/tutorial_interfaces/share/tutorial_interfaces/cmake/tutorial_interfacesConfig.cmake
[1.419s] -- Up-to-date: /home/migue/ros2_ws/install/tutorial_interfaces/share/tutorial_interfaces/cmake/tutorial_interfacesConfig-version.cmake
[1.420s] -- Up-to-date: /home/migue/ros2_ws/install/tutorial_interfaces/share/tutorial_interfaces/package.xml
[1.424s] Invoked command in '/home/migue/ros2_ws/build/tutorial_interfaces' returned '0': CMAKE_PREFIX_PATH=${CMAKE_PREFIX_PATH}:/opt/ros/foxy /usr/bin/cmake --install /home/migue/ros2_ws/build/tutorial_interfaces
