[0.016s] Invoking command in '/home/migue/ros2_ws/build/action_tutorials_cpp': CMAKE_PREFIX_PATH=/home/migue/ros2_ws/install/action_tutorials_interfaces:/home/migue/ros2_ws/install/cpp_srvcli:/home/migue/ros2_ws/install/cpp_pubsub:/home/migue/ros2_ws/install/tutorial_interfaces:/home/migue/ros2_ws/install/cpp_launch_example:/home/migue/ros2_ws/install/action_tutorials_cpp:/opt/ros/foxy LD_LIBRARY_PATH=/home/migue/ros2_ws/install/action_tutorials_interfaces/lib:/home/migue/ros2_ws/install/tutorial_interfaces/lib:/home/migue/ros2_ws/install/action_tutorials_cpp/lib:/opt/ros/foxy/opt/yaml_cpp_vendor/lib:/opt/ros/foxy/opt/rviz_ogre_vendor/lib:/opt/ros/foxy/lib/x86_64-linux-gnu:/opt/ros/foxy/lib PYTHONPATH=/home/migue/ros2_ws/install/action_tutorials_interfaces/lib/python3.8/site-packages:/home/migue/ros2_ws/install/tutorial_interfaces/lib/python3.8/site-packages:/opt/ros/foxy/lib/python3.8/site-packages /usr/bin/cmake --build /home/migue/ros2_ws/build/action_tutorials_cpp -- -j12 -l12
[0.082s] [ 50%] Built target fibonacci_action_client
[0.082s] [ 50%] Built target action_client
[0.082s] [100%] Built target fibonacci_action_server
[0.082s] [100%] Built target action_server
[0.115s] Invoked command in '/home/migue/ros2_ws/build/action_tutorials_cpp' returned '0': CMAKE_PREFIX_PATH=/home/migue/ros2_ws/install/action_tutorials_interfaces:/home/migue/ros2_ws/install/cpp_srvcli:/home/migue/ros2_ws/install/cpp_pubsub:/home/migue/ros2_ws/install/tutorial_interfaces:/home/migue/ros2_ws/install/cpp_launch_example:/home/migue/ros2_ws/install/action_tutorials_cpp:/opt/ros/foxy LD_LIBRARY_PATH=/home/migue/ros2_ws/install/action_tutorials_interfaces/lib:/home/migue/ros2_ws/install/tutorial_interfaces/lib:/home/migue/ros2_ws/install/action_tutorials_cpp/lib:/opt/ros/foxy/opt/yaml_cpp_vendor/lib:/opt/ros/foxy/opt/rviz_ogre_vendor/lib:/opt/ros/foxy/lib/x86_64-linux-gnu:/opt/ros/foxy/lib PYTHONPATH=/home/migue/ros2_ws/install/action_tutorials_interfaces/lib/python3.8/site-packages:/home/migue/ros2_ws/install/tutorial_interfaces/lib/python3.8/site-packages:/opt/ros/foxy/lib/python3.8/site-packages /usr/bin/cmake --build /home/migue/ros2_ws/build/action_tutorials_cpp -- -j12 -l12
[0.154s] Invoking command in '/home/migue/ros2_ws/build/action_tutorials_cpp': CMAKE_PREFIX_PATH=/home/migue/ros2_ws/install/action_tutorials_interfaces:/home/migue/ros2_ws/install/cpp_srvcli:/home/migue/ros2_ws/install/cpp_pubsub:/home/migue/ros2_ws/install/tutorial_interfaces:/home/migue/ros2_ws/install/cpp_launch_example:/home/migue/ros2_ws/install/action_tutorials_cpp:/opt/ros/foxy LD_LIBRARY_PATH=/home/migue/ros2_ws/install/action_tutorials_interfaces/lib:/home/migue/ros2_ws/install/tutorial_interfaces/lib:/home/migue/ros2_ws/install/action_tutorials_cpp/lib:/opt/ros/foxy/opt/yaml_cpp_vendor/lib:/opt/ros/foxy/opt/rviz_ogre_vendor/lib:/opt/ros/foxy/lib/x86_64-linux-gnu:/opt/ros/foxy/lib PYTHONPATH=/home/migue/ros2_ws/install/action_tutorials_interfaces/lib/python3.8/site-packages:/home/migue/ros2_ws/install/tutorial_interfaces/lib/python3.8/site-packages:/opt/ros/foxy/lib/python3.8/site-packages /usr/bin/cmake --install /home/migue/ros2_ws/build/action_tutorials_cpp
[0.166s] -- Install configuration: ""
[0.166s] -- Up-to-date: /home/migue/ros2_ws/install/action_tutorials_cpp/lib/action_tutorials_cpp/fibonacci_action_client
[0.166s] -- Up-to-date: /home/migue/ros2_ws/install/action_tutorials_cpp/lib/action_tutorials_cpp/fibonacci_action_server
[0.166s] -- Up-to-date: /home/migue/ros2_ws/install/action_tutorials_cpp/lib/libaction_server.so
[0.166s] -- Up-to-date: /home/migue/ros2_ws/install/action_tutorials_cpp/lib/libaction_client.so
[0.167s] -- Up-to-date: /home/migue/ros2_ws/install/action_tutorials_cpp/share/ament_index/resource_index/package_run_dependencies/action_tutorials_cpp
[0.167s] -- Up-to-date: /home/migue/ros2_ws/install/action_tutorials_cpp/share/ament_index/resource_index/parent_prefix_path/action_tutorials_cpp
[0.167s] -- Up-to-date: /home/migue/ros2_ws/install/action_tutorials_cpp/share/action_tutorials_cpp/environment/ament_prefix_path.sh
[0.167s] -- Up-to-date: /home/migue/ros2_ws/install/action_tutorials_cpp/share/action_tutorials_cpp/environment/ament_prefix_path.dsv
[0.167s] -- Up-to-date: /home/migue/ros2_ws/install/action_tutorials_cpp/share/action_tutorials_cpp/environment/path.sh
[0.167s] -- Up-to-date: /home/migue/ros2_ws/install/action_tutorials_cpp/share/action_tutorials_cpp/environment/path.dsv
[0.167s] -- Up-to-date: /home/migue/ros2_ws/install/action_tutorials_cpp/share/action_tutorials_cpp/local_setup.bash
[0.168s] -- Up-to-date: /home/migue/ros2_ws/install/action_tutorials_cpp/share/action_tutorials_cpp/local_setup.sh
[0.168s] -- Up-to-date: /home/migue/ros2_ws/install/action_tutorials_cpp/share/action_tutorials_cpp/local_setup.zsh
[0.168s] -- Up-to-date: /home/migue/ros2_ws/install/action_tutorials_cpp/share/action_tutorials_cpp/local_setup.dsv
[0.168s] -- Installing: /home/migue/ros2_ws/install/action_tutorials_cpp/share/action_tutorials_cpp/package.dsv
[0.168s] -- Up-to-date: /home/migue/ros2_ws/install/action_tutorials_cpp/share/ament_index/resource_index/packages/action_tutorials_cpp
[0.168s] -- Up-to-date: /home/migue/ros2_ws/install/action_tutorials_cpp/share/ament_index/resource_index/rclcpp_components/action_tutorials_cpp
[0.168s] -- Up-to-date: /home/migue/ros2_ws/install/action_tutorials_cpp/share/action_tutorials_cpp/cmake/action_tutorials_cppConfig.cmake
[0.168s] -- Up-to-date: /home/migue/ros2_ws/install/action_tutorials_cpp/share/action_tutorials_cpp/cmake/action_tutorials_cppConfig-version.cmake
[0.168s] -- Up-to-date: /home/migue/ros2_ws/install/action_tutorials_cpp/share/action_tutorials_cpp/package.xml
[0.177s] Invoked command in '/home/migue/ros2_ws/build/action_tutorials_cpp' returned '0': CMAKE_PREFIX_PATH=/home/migue/ros2_ws/install/action_tutorials_interfaces:/home/migue/ros2_ws/install/cpp_srvcli:/home/migue/ros2_ws/install/cpp_pubsub:/home/migue/ros2_ws/install/tutorial_interfaces:/home/migue/ros2_ws/install/cpp_launch_example:/home/migue/ros2_ws/install/action_tutorials_cpp:/opt/ros/foxy LD_LIBRARY_PATH=/home/migue/ros2_ws/install/action_tutorials_interfaces/lib:/home/migue/ros2_ws/install/tutorial_interfaces/lib:/home/migue/ros2_ws/install/action_tutorials_cpp/lib:/opt/ros/foxy/opt/yaml_cpp_vendor/lib:/opt/ros/foxy/opt/rviz_ogre_vendor/lib:/opt/ros/foxy/lib/x86_64-linux-gnu:/opt/ros/foxy/lib PYTHONPATH=/home/migue/ros2_ws/install/action_tutorials_interfaces/lib/python3.8/site-packages:/home/migue/ros2_ws/install/tutorial_interfaces/lib/python3.8/site-packages:/opt/ros/foxy/lib/python3.8/site-packages /usr/bin/cmake --install /home/migue/ros2_ws/build/action_tutorials_cpp
