[0.024s] Invoking command in '/home/migue/ros2_ws/build/cpp_pubsub': CMAKE_PREFIX_PATH=${CMAKE_PREFIX_PATH}:/opt/ros/foxy /usr/bin/cmake --build /home/migue/ros2_ws/build/cpp_pubsub -- -j12 -l12
[0.049s] -- Found ament_cmake: 0.9.11 (/opt/ros/foxy/share/ament_cmake/cmake)
[0.074s] -- Using PYTHON_EXECUTABLE: /usr/bin/python3
[0.236s] -- Found rclcpp: 2.4.2 (/opt/ros/foxy/share/rclcpp/cmake)
[0.262s] -- Using all available rosidl_typesupport_c: rosidl_typesupport_fastrtps_c;rosidl_typesupport_introspection_c
[0.265s] -- Found rosidl_adapter: 1.3.0 (/opt/ros/foxy/share/rosidl_adapter/cmake)
[0.379s] -- Using all available rosidl_typesupport_cpp: rosidl_typesupport_fastrtps_cpp;rosidl_typesupport_introspection_cpp
[0.420s] -- Found rmw_implementation_cmake: 1.0.3 (/opt/ros/foxy/share/rmw_implementation_cmake/cmake)
[0.421s] -- Using RMW implementation 'rmw_fastrtps_cpp' as default
[0.546s] -- Found ament_lint_auto: 0.9.7 (/opt/ros/foxy/share/ament_lint_auto/cmake)
[0.610s] -- Added test 'copyright' to check source files copyright and LICENSE
[0.611s] -- Added test 'cppcheck' to perform static code analysis on C / C++ code
[0.611s] -- Configured cppcheck include dirs: 
[0.611s] -- Configured cppcheck exclude dirs and/or files: 
[0.611s] -- Added test 'cpplint' to check C / C++ code against the Google style
[0.612s] -- Configured cpplint exclude dirs and/or files: 
[0.612s] -- Added test 'lint_cmake' to check CMake code style
[0.612s] -- Added test 'uncrustify' to check C / C++ code style
[0.613s] -- Configured uncrustify additional arguments: 
[0.613s] -- Added test 'xmllint' to check XML markup files
[0.615s] -- Configuring done
[0.623s] -- Generating done
[0.624s] -- Build files have been written to: /home/migue/ros2_ws/build/cpp_pubsub
[0.659s] [35m[1mScanning dependencies of target listener[0m
[0.662s] [35m[1mScanning dependencies of target talker[0m
[0.686s] [ 25%] [32mBuilding CXX object CMakeFiles/talker.dir/src/publisher_member_function.cpp.o[0m
[0.695s] [ 50%] [32mBuilding CXX object CMakeFiles/listener.dir/src/subscriber_member_function.cpp.o[0m
[3.281s] [ 75%] [32m[1mLinking CXX executable talker[0m
[3.434s] [ 75%] Built target talker
[4.788s] [100%] [32m[1mLinking CXX executable listener[0m
[5.001s] [100%] Built target listener
[5.016s] Invoked command in '/home/migue/ros2_ws/build/cpp_pubsub' returned '0': CMAKE_PREFIX_PATH=${CMAKE_PREFIX_PATH}:/opt/ros/foxy /usr/bin/cmake --build /home/migue/ros2_ws/build/cpp_pubsub -- -j12 -l12
[5.057s] Invoking command in '/home/migue/ros2_ws/build/cpp_pubsub': CMAKE_PREFIX_PATH=${CMAKE_PREFIX_PATH}:/opt/ros/foxy /usr/bin/cmake --install /home/migue/ros2_ws/build/cpp_pubsub
[5.063s] -- Install configuration: ""
[5.063s] -- Installing: /home/migue/ros2_ws/install/cpp_pubsub/lib/cpp_pubsub/talker
[5.064s] -- Set runtime path of "/home/migue/ros2_ws/install/cpp_pubsub/lib/cpp_pubsub/talker" to ""
[5.064s] -- Installing: /home/migue/ros2_ws/install/cpp_pubsub/lib/cpp_pubsub/listener
[5.065s] -- Set runtime path of "/home/migue/ros2_ws/install/cpp_pubsub/lib/cpp_pubsub/listener" to ""
[5.065s] -- Up-to-date: /home/migue/ros2_ws/install/cpp_pubsub/share/ament_index/resource_index/package_run_dependencies/cpp_pubsub
[5.065s] -- Up-to-date: /home/migue/ros2_ws/install/cpp_pubsub/share/ament_index/resource_index/parent_prefix_path/cpp_pubsub
[5.065s] -- Up-to-date: /home/migue/ros2_ws/install/cpp_pubsub/share/cpp_pubsub/environment/ament_prefix_path.sh
[5.066s] -- Installing: /home/migue/ros2_ws/install/cpp_pubsub/share/cpp_pubsub/environment/ament_prefix_path.dsv
[5.066s] -- Up-to-date: /home/migue/ros2_ws/install/cpp_pubsub/share/cpp_pubsub/environment/path.sh
[5.066s] -- Installing: /home/migue/ros2_ws/install/cpp_pubsub/share/cpp_pubsub/environment/path.dsv
[5.066s] -- Up-to-date: /home/migue/ros2_ws/install/cpp_pubsub/share/cpp_pubsub/local_setup.bash
[5.066s] -- Up-to-date: /home/migue/ros2_ws/install/cpp_pubsub/share/cpp_pubsub/local_setup.sh
[5.066s] -- Up-to-date: /home/migue/ros2_ws/install/cpp_pubsub/share/cpp_pubsub/local_setup.zsh
[5.066s] -- Installing: /home/migue/ros2_ws/install/cpp_pubsub/share/cpp_pubsub/local_setup.dsv
[5.066s] -- Installing: /home/migue/ros2_ws/install/cpp_pubsub/share/cpp_pubsub/package.dsv
[5.066s] -- Up-to-date: /home/migue/ros2_ws/install/cpp_pubsub/share/ament_index/resource_index/packages/cpp_pubsub
[5.066s] -- Up-to-date: /home/migue/ros2_ws/install/cpp_pubsub/share/cpp_pubsub/cmake/cpp_pubsubConfig.cmake
[5.066s] -- Up-to-date: /home/migue/ros2_ws/install/cpp_pubsub/share/cpp_pubsub/cmake/cpp_pubsubConfig-version.cmake
[5.066s] -- Installing: /home/migue/ros2_ws/install/cpp_pubsub/share/cpp_pubsub/package.xml
[5.068s] Invoked command in '/home/migue/ros2_ws/build/cpp_pubsub' returned '0': CMAKE_PREFIX_PATH=${CMAKE_PREFIX_PATH}:/opt/ros/foxy /usr/bin/cmake --install /home/migue/ros2_ws/build/cpp_pubsub
