-- The C compiler identification is GNU 9.4.0
-- The CXX compiler identification is GNU 9.4.0
-- Check for working C compiler: /usr/bin/cc
-- Check for working C compiler: /usr/bin/cc -- works
-- Detecting C compiler ABI info
-- Detecting C compiler ABI info - done
-- Detecting C compile features
-- Detecting C compile features - done
-- Check for working CXX compiler: /usr/bin/c++
-- Check for working CXX compiler: /usr/bin/c++ -- works
-- Detecting CXX compiler ABI info
-- Detecting CXX compiler ABI info - done
-- Detecting CXX compile features
-- Detecting CXX compile features - done
-- Found ament_cmake: 0.9.11 (/opt/ros/foxy/share/ament_cmake/cmake)
-- Found PythonInterp: /usr/bin/python3 (found suitable version "3.8.10", minimum required is "3") 
-- Using PYTHON_EXECUTABLE: /usr/bin/python3
-- Found action_tutorials_interfaces: 0.0.0 (/home/migue/ros2_ws/install/action_tutorials_interfaces/share/action_tutorials_interfaces/cmake)
-- Using all available rosidl_typesupport_c: rosidl_typesupport_fastrtps_c;rosidl_typesupport_introspection_c
-- Found rosidl_adapter: 1.3.0 (/opt/ros/foxy/share/rosidl_adapter/cmake)
-- Found OpenSSL: /usr/lib/x86_64-linux-gnu/libcrypto.so (found version "1.1.1f")  
-- Found FastRTPS: /opt/ros/foxy/include  
-- Using all available rosidl_typesupport_cpp: rosidl_typesupport_fastrtps_cpp;rosidl_typesupport_introspection_cpp
-- Found rclcpp: 2.4.2 (/opt/ros/foxy/share/rclcpp/cmake)
-- Found rmw_implementation_cmake: 1.0.3 (/opt/ros/foxy/share/rmw_implementation_cmake/cmake)
-- Using RMW implementation 'rmw_fastrtps_cpp' as default
-- Looking for pthread.h
-- Looking for pthread.h - found
-- Performing Test CMAKE_HAVE_LIBC_PTHREAD
-- Performing Test CMAKE_HAVE_LIBC_PTHREAD - Failed
-- Looking for pthread_create in pthreads
-- Looking for pthread_create in pthreads - not found
-- Looking for pthread_create in pthread
-- Looking for pthread_create in pthread - found
-- Found Threads: TRUE  
-- Found rclcpp_action: 2.4.2 (/opt/ros/foxy/share/rclcpp_action/cmake)
-- Found rclcpp_components: 2.4.2 (/opt/ros/foxy/share/rclcpp_components/cmake)
-- Found ament_lint_auto: 0.9.7 (/opt/ros/foxy/share/ament_lint_auto/cmake)
-- Added test 'copyright' to check source files copyright and LICENSE
-- Added test 'cppcheck' to perform static code analysis on C / C++ code
-- Configured cppcheck include dirs: $<BUILD_INTERFACE:/home/migue/ros2_ws/src/action_tutorials_cpp/include>
-- Configured cppcheck exclude dirs and/or files: 
-- Added test 'cpplint' to check C / C++ code against the Google style
-- Configured cpplint exclude dirs and/or files: 
-- Added test 'lint_cmake' to check CMake code style
-- Added test 'uncrustify' to check C / C++ code style
-- Configured uncrustify additional arguments: 
-- Added test 'xmllint' to check XML markup files
-- Configuring done
-- Generating done
-- Build files have been written to: /home/migue/ros2_ws/build/action_tutorials_cpp
[35m[1mScanning dependencies of target action_server[0m
[35m[1mScanning dependencies of target fibonacci_action_server[0m
[ 25%] [32mBuilding CXX object CMakeFiles/fibonacci_action_server.dir/rclcpp_components/node_main_fibonacci_action_server.cpp.o[0m
[ 50%] [32mBuilding CXX object CMakeFiles/action_server.dir/src/fibonacci_action_server.cpp.o[0m
[ 75%] [32m[1mLinking CXX executable fibonacci_action_server[0m
[100%] [32m[1mLinking CXX shared library libaction_server.so[0m
[100%] Built target fibonacci_action_server
[100%] Built target action_server
-- Install configuration: ""
-- Installing: /home/migue/ros2_ws/install/action_tutorials_cpp/lib/action_tutorials_cpp/fibonacci_action_server
-- Set runtime path of "/home/migue/ros2_ws/install/action_tutorials_cpp/lib/action_tutorials_cpp/fibonacci_action_server" to ""
-- Installing: /home/migue/ros2_ws/install/action_tutorials_cpp/lib/libaction_server.so
-- Set runtime path of "/home/migue/ros2_ws/install/action_tutorials_cpp/lib/libaction_server.so" to ""
-- Installing: /home/migue/ros2_ws/install/action_tutorials_cpp/share/ament_index/resource_index/package_run_dependencies/action_tutorials_cpp
-- Installing: /home/migue/ros2_ws/install/action_tutorials_cpp/share/ament_index/resource_index/parent_prefix_path/action_tutorials_cpp
-- Installing: /home/migue/ros2_ws/install/action_tutorials_cpp/share/action_tutorials_cpp/environment/ament_prefix_path.sh
-- Installing: /home/migue/ros2_ws/install/action_tutorials_cpp/share/action_tutorials_cpp/environment/ament_prefix_path.dsv
-- Installing: /home/migue/ros2_ws/install/action_tutorials_cpp/share/action_tutorials_cpp/environment/path.sh
-- Installing: /home/migue/ros2_ws/install/action_tutorials_cpp/share/action_tutorials_cpp/environment/path.dsv
-- Installing: /home/migue/ros2_ws/install/action_tutorials_cpp/share/action_tutorials_cpp/local_setup.bash
-- Installing: /home/migue/ros2_ws/install/action_tutorials_cpp/share/action_tutorials_cpp/local_setup.sh
-- Installing: /home/migue/ros2_ws/install/action_tutorials_cpp/share/action_tutorials_cpp/local_setup.zsh
-- Installing: /home/migue/ros2_ws/install/action_tutorials_cpp/share/action_tutorials_cpp/local_setup.dsv
-- Installing: /home/migue/ros2_ws/install/action_tutorials_cpp/share/action_tutorials_cpp/package.dsv
-- Installing: /home/migue/ros2_ws/install/action_tutorials_cpp/share/ament_index/resource_index/packages/action_tutorials_cpp
-- Installing: /home/migue/ros2_ws/install/action_tutorials_cpp/share/ament_index/resource_index/rclcpp_components/action_tutorials_cpp
-- Installing: /home/migue/ros2_ws/install/action_tutorials_cpp/share/action_tutorials_cpp/cmake/action_tutorials_cppConfig.cmake
-- Installing: /home/migue/ros2_ws/install/action_tutorials_cpp/share/action_tutorials_cpp/cmake/action_tutorials_cppConfig-version.cmake
-- Installing: /home/migue/ros2_ws/install/action_tutorials_cpp/share/action_tutorials_cpp/package.xml
