[0.234s] Invoking command in '/home/migue/ros2_ws/build/cpp_launch_example': CMAKE_PREFIX_PATH=/opt/ros/foxy /usr/bin/cmake --build /home/migue/ros2_ws/build/cpp_launch_example -- -j12 -l12
[0.937s] Invoked command in '/home/migue/ros2_ws/build/cpp_launch_example' returned '0': CMAKE_PREFIX_PATH=/opt/ros/foxy /usr/bin/cmake --build /home/migue/ros2_ws/build/cpp_launch_example -- -j12 -l12
[0.966s] Invoking command in '/home/migue/ros2_ws/build/cpp_launch_example': CMAKE_PREFIX_PATH=/opt/ros/foxy /usr/bin/cmake --install /home/migue/ros2_ws/build/cpp_launch_example
[0.973s] -- Install configuration: ""
[0.974s] -- Up-to-date: /home/migue/ros2_ws/install/cpp_launch_example/share/cpp_launch_example//launch
[0.974s] -- Installing: /home/migue/ros2_ws/install/cpp_launch_example/share/cpp_launch_example//launch/my_script_launch.py
[0.974s] -- Up-to-date: /home/migue/ros2_ws/install/cpp_launch_example/share/ament_index/resource_index/package_run_dependencies/cpp_launch_example
[0.974s] -- Up-to-date: /home/migue/ros2_ws/install/cpp_launch_example/share/ament_index/resource_index/parent_prefix_path/cpp_launch_example
[0.974s] -- Up-to-date: /home/migue/ros2_ws/install/cpp_launch_example/share/cpp_launch_example/environment/ament_prefix_path.sh
[0.974s] -- Up-to-date: /home/migue/ros2_ws/install/cpp_launch_example/share/cpp_launch_example/environment/ament_prefix_path.dsv
[0.974s] -- Up-to-date: /home/migue/ros2_ws/install/cpp_launch_example/share/cpp_launch_example/environment/path.sh
[0.974s] -- Up-to-date: /home/migue/ros2_ws/install/cpp_launch_example/share/cpp_launch_example/environment/path.dsv
[0.974s] -- Up-to-date: /home/migue/ros2_ws/install/cpp_launch_example/share/cpp_launch_example/local_setup.bash
[0.974s] -- Up-to-date: /home/migue/ros2_ws/install/cpp_launch_example/share/cpp_launch_example/local_setup.sh
[0.974s] -- Up-to-date: /home/migue/ros2_ws/install/cpp_launch_example/share/cpp_launch_example/local_setup.zsh
[0.975s] -- Up-to-date: /home/migue/ros2_ws/install/cpp_launch_example/share/cpp_launch_example/local_setup.dsv
[0.975s] -- Installing: /home/migue/ros2_ws/install/cpp_launch_example/share/cpp_launch_example/package.dsv
[0.975s] -- Up-to-date: /home/migue/ros2_ws/install/cpp_launch_example/share/ament_index/resource_index/packages/cpp_launch_example
[0.975s] -- Up-to-date: /home/migue/ros2_ws/install/cpp_launch_example/share/cpp_launch_example/cmake/cpp_launch_exampleConfig.cmake
[0.975s] -- Up-to-date: /home/migue/ros2_ws/install/cpp_launch_example/share/cpp_launch_example/cmake/cpp_launch_exampleConfig-version.cmake
[0.975s] -- Up-to-date: /home/migue/ros2_ws/install/cpp_launch_example/share/cpp_launch_example/package.xml
[0.976s] Invoked command in '/home/migue/ros2_ws/build/cpp_launch_example' returned '0': CMAKE_PREFIX_PATH=/opt/ros/foxy /usr/bin/cmake --install /home/migue/ros2_ws/build/cpp_launch_example
